000 (368.014.000) 12/07 15:15:16 Job submitted from host: <128.104.190.61:58455?addrs=128.104.190.61-58455>
...
001 (368.014.000) 12/07 15:15:17 Job executing on host: <128.104.190.42:38951?addrs=128.104.190.42-38951>
...
006 (368.014.000) 12/07 15:15:26 Image size of job updated: 81816
	26  -  MemoryUsage of job (MB)
	25620  -  ResidentSetSize of job (KB)
...
006 (368.014.000) 12/07 15:20:27 Image size of job updated: 2266564
	447  -  MemoryUsage of job (MB)
	457020  -  ResidentSetSize of job (KB)
...
006 (368.014.000) 12/07 15:25:28 Image size of job updated: 2266564
	451  -  MemoryUsage of job (MB)
	461116  -  ResidentSetSize of job (KB)
...
006 (368.014.000) 12/07 15:30:28 Image size of job updated: 2266564
	457  -  MemoryUsage of job (MB)
	467260  -  ResidentSetSize of job (KB)
...
006 (368.014.000) 12/07 15:35:28 Image size of job updated: 2266828
	459  -  MemoryUsage of job (MB)
	469684  -  ResidentSetSize of job (KB)
...
006 (368.014.000) 12/07 17:10:39 Image size of job updated: 2266828
	459  -  MemoryUsage of job (MB)
	469708  -  ResidentSetSize of job (KB)
...
006 (368.014.000) 12/07 17:50:43 Image size of job updated: 2266828
	459  -  MemoryUsage of job (MB)
	469980  -  ResidentSetSize of job (KB)
...
006 (368.014.000) 12/07 17:55:44 Image size of job updated: 2267120
	462  -  MemoryUsage of job (MB)
	472252  -  ResidentSetSize of job (KB)
...
005 (368.014.000) 12/07 19:48:14 Job terminated.
	(1) Normal termination (return value 0)
		Usr 0 04:32:31, Sys 0 00:00:02  -  Run Remote Usage
		Usr 0 00:00:00, Sys 0 00:00:00  -  Run Local Usage
		Usr 0 04:32:31, Sys 0 00:00:02  -  Total Remote Usage
		Usr 0 00:00:00, Sys 0 00:00:00  -  Total Local Usage
	0  -  Run Bytes Sent By Job
	0  -  Run Bytes Received By Job
	0  -  Total Bytes Sent By Job
	0  -  Total Bytes Received By Job
	Partitionable Resources :    Usage  Request Allocated
	   Cpus                 :                 1         1
	   Disk (KB)            :      175      175  12112497
	   Memory (MB)          :      462        1      2012
...
