000 (368.006.000) 12/07 15:15:16 Job submitted from host: <128.104.190.61:58455?addrs=128.104.190.61-58455>
...
001 (368.006.000) 12/07 15:15:17 Job executing on host: <128.104.190.58:56194?addrs=128.104.190.58-56194>
...
006 (368.006.000) 12/07 15:15:25 Image size of job updated: 175
	4  -  MemoryUsage of job (MB)
	3688  -  ResidentSetSize of job (KB)
...
006 (368.006.000) 12/07 15:20:25 Image size of job updated: 2244868
	90  -  MemoryUsage of job (MB)
	91656  -  ResidentSetSize of job (KB)
...
006 (368.006.000) 12/07 15:25:26 Image size of job updated: 2252792
	100  -  MemoryUsage of job (MB)
	101964  -  ResidentSetSize of job (KB)
...
006 (368.006.000) 12/07 15:30:27 Image size of job updated: 2252792
	106  -  MemoryUsage of job (MB)
	108364  -  ResidentSetSize of job (KB)
...
006 (368.006.000) 12/07 15:35:27 Image size of job updated: 2252928
	110  -  MemoryUsage of job (MB)
	112460  -  ResidentSetSize of job (KB)
...
006 (368.006.000) 12/07 15:40:27 Image size of job updated: 2253192
	111  -  MemoryUsage of job (MB)
	112736  -  ResidentSetSize of job (KB)
...
006 (368.006.000) 12/07 15:50:28 Image size of job updated: 2253720
	111  -  MemoryUsage of job (MB)
	113384  -  ResidentSetSize of job (KB)
...
006 (368.006.000) 12/07 16:15:31 Image size of job updated: 2253720
	111  -  MemoryUsage of job (MB)
	113648  -  ResidentSetSize of job (KB)
...
006 (368.006.000) 12/07 16:45:34 Image size of job updated: 2253852
	112  -  MemoryUsage of job (MB)
	113792  -  ResidentSetSize of job (KB)
...
006 (368.006.000) 12/07 16:55:36 Image size of job updated: 2253852
	118  -  MemoryUsage of job (MB)
	119936  -  ResidentSetSize of job (KB)
...
006 (368.006.000) 12/07 18:15:44 Image size of job updated: 2253984
	118  -  MemoryUsage of job (MB)
	119936  -  ResidentSetSize of job (KB)
...
006 (368.006.000) 12/07 18:40:47 Image size of job updated: 2253984
	118  -  MemoryUsage of job (MB)
	120244  -  ResidentSetSize of job (KB)
...
005 (368.006.000) 12/07 18:51:43 Job terminated.
	(1) Normal termination (return value 0)
		Usr 0 03:36:09, Sys 0 00:00:01  -  Run Remote Usage
		Usr 0 00:00:00, Sys 0 00:00:00  -  Run Local Usage
		Usr 0 03:36:09, Sys 0 00:00:01  -  Total Remote Usage
		Usr 0 00:00:00, Sys 0 00:00:00  -  Total Local Usage
	0  -  Run Bytes Sent By Job
	0  -  Run Bytes Received By Job
	0  -  Total Bytes Sent By Job
	0  -  Total Bytes Received By Job
	Partitionable Resources :    Usage  Request Allocated
	   Cpus                 :                 1         1
	   Disk (KB)            :      175      175 111219945
	   Memory (MB)          :      118        1      2002
...
