000 (364.020.000) 12/04 18:34:30 Job submitted from host: <128.104.190.61:58455?addrs=128.104.190.61-58455>
...
001 (364.020.000) 12/04 18:34:35 Job executing on host: <128.104.190.42:38951?addrs=128.104.190.42-38951>
...
006 (364.020.000) 12/04 18:34:44 Image size of job updated: 71784
	14  -  MemoryUsage of job (MB)
	13684  -  ResidentSetSize of job (KB)
...
006 (364.020.000) 12/04 18:39:45 Image size of job updated: 2249300
	95  -  MemoryUsage of job (MB)
	96268  -  ResidentSetSize of job (KB)
...
006 (364.020.000) 12/04 18:44:46 Image size of job updated: 2262028
	111  -  MemoryUsage of job (MB)
	113420  -  ResidentSetSize of job (KB)
...
006 (364.020.000) 12/04 18:49:46 Image size of job updated: 2262424
	112  -  MemoryUsage of job (MB)
	113972  -  ResidentSetSize of job (KB)
...
006 (364.020.000) 12/04 18:54:47 Image size of job updated: 2264020
	114  -  MemoryUsage of job (MB)
	115880  -  ResidentSetSize of job (KB)
...
006 (364.020.000) 12/04 18:59:48 Image size of job updated: 2264020
	114  -  MemoryUsage of job (MB)
	116032  -  ResidentSetSize of job (KB)
...
006 (364.020.000) 12/04 19:04:48 Image size of job updated: 2264020
	114  -  MemoryUsage of job (MB)
	116048  -  ResidentSetSize of job (KB)
...
006 (364.020.000) 12/04 19:09:48 Image size of job updated: 2264020
	114  -  MemoryUsage of job (MB)
	116060  -  ResidentSetSize of job (KB)
...
006 (364.020.000) 12/04 19:34:51 Image size of job updated: 2264152
	114  -  MemoryUsage of job (MB)
	116120  -  ResidentSetSize of job (KB)
...
006 (364.020.000) 12/04 19:39:52 Image size of job updated: 2264152
	114  -  MemoryUsage of job (MB)
	116140  -  ResidentSetSize of job (KB)
...
006 (364.020.000) 12/04 19:49:54 Image size of job updated: 2264152
	114  -  MemoryUsage of job (MB)
	116152  -  ResidentSetSize of job (KB)
...
006 (364.020.000) 12/04 20:19:57 Image size of job updated: 2264152
	114  -  MemoryUsage of job (MB)
	116156  -  ResidentSetSize of job (KB)
...
006 (364.020.000) 12/04 20:29:58 Image size of job updated: 2264152
	114  -  MemoryUsage of job (MB)
	116172  -  ResidentSetSize of job (KB)
...
005 (364.020.000) 12/04 21:10:09 Job terminated.
	(1) Normal termination (return value 0)
		Usr 0 02:35:23, Sys 0 00:00:01  -  Run Remote Usage
		Usr 0 00:00:00, Sys 0 00:00:00  -  Run Local Usage
		Usr 0 02:35:23, Sys 0 00:00:01  -  Total Remote Usage
		Usr 0 00:00:00, Sys 0 00:00:00  -  Total Local Usage
	0  -  Run Bytes Sent By Job
	0  -  Run Bytes Received By Job
	0  -  Total Bytes Sent By Job
	0  -  Total Bytes Received By Job
	Partitionable Resources :    Usage  Request Allocated
	   Cpus                 :                 1         1
	   Disk (KB)            :      175      175  12112339
	   Memory (MB)          :      114        1      2012
...
