000 (365.009.000) 12/05 11:45:19 Job submitted from host: <128.104.190.61:58455?addrs=128.104.190.61-58455>
...
001 (365.009.000) 12/05 11:45:20 Job executing on host: <128.104.190.42:38951?addrs=128.104.190.42-38951>
...
006 (365.009.000) 12/05 11:45:28 Image size of job updated: 93244
	26  -  MemoryUsage of job (MB)
	25660  -  ResidentSetSize of job (KB)
...
006 (365.009.000) 12/05 11:50:28 Image size of job updated: 2252428
	504  -  MemoryUsage of job (MB)
	515200  -  ResidentSetSize of job (KB)
...
006 (365.009.000) 12/05 11:55:29 Image size of job updated: 2253492
	505  -  MemoryUsage of job (MB)
	516556  -  ResidentSetSize of job (KB)
...
006 (365.009.000) 12/05 12:05:30 Image size of job updated: 2253756
	505  -  MemoryUsage of job (MB)
	517028  -  ResidentSetSize of job (KB)
...
006 (365.009.000) 12/05 12:30:33 Image size of job updated: 2253756
	506  -  MemoryUsage of job (MB)
	517436  -  ResidentSetSize of job (KB)
...
006 (365.009.000) 12/05 12:35:34 Image size of job updated: 2253756
	506  -  MemoryUsage of job (MB)
	517464  -  ResidentSetSize of job (KB)
...
005 (365.009.000) 12/05 15:13:23 Job terminated.
	(1) Normal termination (return value 0)
		Usr 0 03:27:49, Sys 0 00:00:01  -  Run Remote Usage
		Usr 0 00:00:00, Sys 0 00:00:00  -  Run Local Usage
		Usr 0 03:27:49, Sys 0 00:00:01  -  Total Remote Usage
		Usr 0 00:00:00, Sys 0 00:00:00  -  Total Local Usage
	0  -  Run Bytes Sent By Job
	0  -  Run Bytes Received By Job
	0  -  Total Bytes Sent By Job
	0  -  Total Bytes Received By Job
	Partitionable Resources :    Usage  Request Allocated
	   Cpus                 :                 1         1
	   Disk (KB)            :      175      175  12112297
	   Memory (MB)          :      506        1      2012
...
