000 (365.023.000) 12/05 11:45:19 Job submitted from host: <128.104.190.61:58455?addrs=128.104.190.61-58455>
...
001 (365.023.000) 12/05 11:45:20 Job executing on host: <128.104.190.42:38951?addrs=128.104.190.42-38951>
...
006 (365.023.000) 12/05 11:45:28 Image size of job updated: 81816
	26  -  MemoryUsage of job (MB)
	25800  -  ResidentSetSize of job (KB)
...
006 (365.023.000) 12/05 11:50:28 Image size of job updated: 2243848
	101  -  MemoryUsage of job (MB)
	103340  -  ResidentSetSize of job (KB)
...
006 (365.023.000) 12/05 11:55:28 Image size of job updated: 2243848
	101  -  MemoryUsage of job (MB)
	103344  -  ResidentSetSize of job (KB)
...
006 (365.023.000) 12/05 12:00:29 Image size of job updated: 2244132
	102  -  MemoryUsage of job (MB)
	103928  -  ResidentSetSize of job (KB)
...
006 (365.023.000) 12/05 12:05:30 Image size of job updated: 2244132
	102  -  MemoryUsage of job (MB)
	103940  -  ResidentSetSize of job (KB)
...
006 (365.023.000) 12/05 12:10:30 Image size of job updated: 2244264
	102  -  MemoryUsage of job (MB)
	103944  -  ResidentSetSize of job (KB)
...
006 (365.023.000) 12/05 12:15:30 Image size of job updated: 2244264
	102  -  MemoryUsage of job (MB)
	103968  -  ResidentSetSize of job (KB)
...
006 (365.023.000) 12/05 12:50:33 Image size of job updated: 2244264
	102  -  MemoryUsage of job (MB)
	103976  -  ResidentSetSize of job (KB)
...
006 (365.023.000) 12/05 13:10:35 Image size of job updated: 2244264
	102  -  MemoryUsage of job (MB)
	103984  -  ResidentSetSize of job (KB)
...
006 (365.023.000) 12/05 13:20:36 Image size of job updated: 2244264
	102  -  MemoryUsage of job (MB)
	103988  -  ResidentSetSize of job (KB)
...
006 (365.023.000) 12/05 13:25:37 Image size of job updated: 2244264
	102  -  MemoryUsage of job (MB)
	104000  -  ResidentSetSize of job (KB)
...
006 (365.023.000) 12/05 13:30:37 Image size of job updated: 2244264
	102  -  MemoryUsage of job (MB)
	104016  -  ResidentSetSize of job (KB)
...
006 (365.023.000) 12/05 13:50:39 Image size of job updated: 2244264
	102  -  MemoryUsage of job (MB)
	104020  -  ResidentSetSize of job (KB)
...
005 (365.023.000) 12/05 15:41:47 Job terminated.
	(1) Normal termination (return value 0)
		Usr 0 03:56:09, Sys 0 00:00:00  -  Run Remote Usage
		Usr 0 00:00:00, Sys 0 00:00:00  -  Run Local Usage
		Usr 0 03:56:09, Sys 0 00:00:00  -  Total Remote Usage
		Usr 0 00:00:00, Sys 0 00:00:00  -  Total Local Usage
	0  -  Run Bytes Sent By Job
	0  -  Run Bytes Received By Job
	0  -  Total Bytes Sent By Job
	0  -  Total Bytes Received By Job
	Partitionable Resources :    Usage  Request Allocated
	   Cpus                 :                 1         1
	   Disk (KB)            :      175      175  12112297
	   Memory (MB)          :      102        1      2012
...
