000 (363.001.000) 12/04 13:22:52 Job submitted from host: <128.104.190.61:58455?addrs=128.104.190.61-58455>
...
001 (363.001.000) 12/04 13:22:57 Job executing on host: <128.104.190.58:56194?addrs=128.104.190.58-56194>
...
006 (363.001.000) 12/04 13:23:06 Image size of job updated: 72368
	14  -  MemoryUsage of job (MB)
	14076  -  ResidentSetSize of job (KB)
...
006 (363.001.000) 12/04 13:28:07 Image size of job updated: 2251664
	96  -  MemoryUsage of job (MB)
	97776  -  ResidentSetSize of job (KB)
...
006 (363.001.000) 12/04 13:38:08 Image size of job updated: 2251796
	96  -  MemoryUsage of job (MB)
	97776  -  ResidentSetSize of job (KB)
...
006 (363.001.000) 12/04 13:43:09 Image size of job updated: 2252100
	96  -  MemoryUsage of job (MB)
	98040  -  ResidentSetSize of job (KB)
...
006 (363.001.000) 12/04 13:48:09 Image size of job updated: 2252760
	97  -  MemoryUsage of job (MB)
	99304  -  ResidentSetSize of job (KB)
...
006 (363.001.000) 12/04 13:53:09 Image size of job updated: 2253024
	98  -  MemoryUsage of job (MB)
	99568  -  ResidentSetSize of job (KB)
...
006 (363.001.000) 12/04 13:58:10 Image size of job updated: 2253420
	98  -  MemoryUsage of job (MB)
	100096  -  ResidentSetSize of job (KB)
...
006 (363.001.000) 12/04 14:03:10 Image size of job updated: 2253684
	98  -  MemoryUsage of job (MB)
	100096  -  ResidentSetSize of job (KB)
...
006 (363.001.000) 12/04 14:08:10 Image size of job updated: 2253816
	99  -  MemoryUsage of job (MB)
	100360  -  ResidentSetSize of job (KB)
...
006 (363.001.000) 12/04 14:13:11 Image size of job updated: 2253948
	99  -  MemoryUsage of job (MB)
	100360  -  ResidentSetSize of job (KB)
...
006 (363.001.000) 12/04 14:18:12 Image size of job updated: 2254080
	99  -  MemoryUsage of job (MB)
	100624  -  ResidentSetSize of job (KB)
...
006 (363.001.000) 12/04 14:23:12 Image size of job updated: 2254212
	99  -  MemoryUsage of job (MB)
	100888  -  ResidentSetSize of job (KB)
...
006 (363.001.000) 12/04 14:28:12 Image size of job updated: 2254344
	99  -  MemoryUsage of job (MB)
	100888  -  ResidentSetSize of job (KB)
...
006 (363.001.000) 12/04 14:33:13 Image size of job updated: 2254476
	99  -  MemoryUsage of job (MB)
	101152  -  ResidentSetSize of job (KB)
...
006 (363.001.000) 12/04 14:43:13 Image size of job updated: 2254608
	99  -  MemoryUsage of job (MB)
	101152  -  ResidentSetSize of job (KB)
...
006 (363.001.000) 12/04 14:48:14 Image size of job updated: 2254964
	100  -  MemoryUsage of job (MB)
	101740  -  ResidentSetSize of job (KB)
...
006 (363.001.000) 12/04 14:53:15 Image size of job updated: 2255096
	100  -  MemoryUsage of job (MB)
	101740  -  ResidentSetSize of job (KB)
...
006 (363.001.000) 12/04 15:03:16 Image size of job updated: 2255228
	100  -  MemoryUsage of job (MB)
	102004  -  ResidentSetSize of job (KB)
...
006 (363.001.000) 12/04 15:08:17 Image size of job updated: 2255360
	100  -  MemoryUsage of job (MB)
	102004  -  ResidentSetSize of job (KB)
...
006 (363.001.000) 12/04 15:13:17 Image size of job updated: 2255492
	100  -  MemoryUsage of job (MB)
	102004  -  ResidentSetSize of job (KB)
...
006 (363.001.000) 12/04 15:23:18 Image size of job updated: 2255624
	100  -  MemoryUsage of job (MB)
	102268  -  ResidentSetSize of job (KB)
...
006 (363.001.000) 12/04 15:33:19 Image size of job updated: 2255888
	101  -  MemoryUsage of job (MB)
	102532  -  ResidentSetSize of job (KB)
...
006 (363.001.000) 12/04 15:38:20 Image size of job updated: 2256020
	101  -  MemoryUsage of job (MB)
	102532  -  ResidentSetSize of job (KB)
...
006 (363.001.000) 12/04 16:03:23 Image size of job updated: 2256152
	101  -  MemoryUsage of job (MB)
	102796  -  ResidentSetSize of job (KB)
...
006 (363.001.000) 12/04 16:23:25 Image size of job updated: 2256284
	101  -  MemoryUsage of job (MB)
	102796  -  ResidentSetSize of job (KB)
...
006 (363.001.000) 12/04 16:38:27 Image size of job updated: 2256284
	101  -  MemoryUsage of job (MB)
	103060  -  ResidentSetSize of job (KB)
...
006 (363.001.000) 12/04 16:43:27 Image size of job updated: 2256416
	101  -  MemoryUsage of job (MB)
	103060  -  ResidentSetSize of job (KB)
...
006 (363.001.000) 12/04 16:48:28 Image size of job updated: 2256680
	101  -  MemoryUsage of job (MB)
	103316  -  ResidentSetSize of job (KB)
...
006 (363.001.000) 12/04 17:03:29 Image size of job updated: 2256812
	101  -  MemoryUsage of job (MB)
	103316  -  ResidentSetSize of job (KB)
...
006 (363.001.000) 12/04 17:13:31 Image size of job updated: 2256944
	102  -  MemoryUsage of job (MB)
	103580  -  ResidentSetSize of job (KB)
...
006 (363.001.000) 12/04 17:23:31 Image size of job updated: 2257076
	102  -  MemoryUsage of job (MB)
	103580  -  ResidentSetSize of job (KB)
...
005 (363.001.000) 12/04 17:23:35 Job terminated.
	(1) Normal termination (return value 0)
		Usr 0 04:00:26, Sys 0 00:00:01  -  Run Remote Usage
		Usr 0 00:00:00, Sys 0 00:00:00  -  Run Local Usage
		Usr 0 04:00:26, Sys 0 00:00:01  -  Total Remote Usage
		Usr 0 00:00:00, Sys 0 00:00:00  -  Total Local Usage
	0  -  Run Bytes Sent By Job
	0  -  Run Bytes Received By Job
	0  -  Total Bytes Sent By Job
	0  -  Total Bytes Received By Job
	Partitionable Resources :    Usage  Request Allocated
	   Cpus                 :                 1         1
	   Disk (KB)            :      175      175 111269420
	   Memory (MB)          :      102        1      2002
...
