000 (371.019.000) 12/08 15:23:44 Job submitted from host: <128.104.190.61:58455?addrs=128.104.190.61-58455>
...
001 (371.019.000) 12/08 15:23:49 Job executing on host: <128.104.190.42:38951?addrs=128.104.190.42-38951>
...
006 (371.019.000) 12/08 15:23:58 Image size of job updated: 72348
	15  -  MemoryUsage of job (MB)
	14592  -  ResidentSetSize of job (KB)
...
006 (371.019.000) 12/08 15:28:59 Image size of job updated: 2241260
	121  -  MemoryUsage of job (MB)
	123060  -  ResidentSetSize of job (KB)
...
006 (371.019.000) 12/08 15:33:59 Image size of job updated: 2241260
	121  -  MemoryUsage of job (MB)
	123104  -  ResidentSetSize of job (KB)
...
006 (371.019.000) 12/08 15:39:00 Image size of job updated: 2267660
	146  -  MemoryUsage of job (MB)
	149444  -  ResidentSetSize of job (KB)
...
006 (371.019.000) 12/08 15:44:01 Image size of job updated: 2311088
	189  -  MemoryUsage of job (MB)
	192824  -  ResidentSetSize of job (KB)
...
006 (371.019.000) 12/08 15:49:02 Image size of job updated: 2348840
	226  -  MemoryUsage of job (MB)
	230708  -  ResidentSetSize of job (KB)
...
006 (371.019.000) 12/08 15:54:02 Image size of job updated: 2372072
	249  -  MemoryUsage of job (MB)
	254056  -  ResidentSetSize of job (KB)
...
006 (371.019.000) 12/08 15:59:03 Image size of job updated: 2396888
	273  -  MemoryUsage of job (MB)
	278804  -  ResidentSetSize of job (KB)
...
006 (371.019.000) 12/08 16:04:04 Image size of job updated: 2420252
	296  -  MemoryUsage of job (MB)
	302172  -  ResidentSetSize of job (KB)
...
006 (371.019.000) 12/08 16:09:04 Image size of job updated: 2452460
	327  -  MemoryUsage of job (MB)
	334296  -  ResidentSetSize of job (KB)
...
006 (371.019.000) 12/08 16:14:04 Image size of job updated: 2487572
	361  -  MemoryUsage of job (MB)
	369536  -  ResidentSetSize of job (KB)
...
006 (371.019.000) 12/08 16:19:05 Image size of job updated: 2526776
	400  -  MemoryUsage of job (MB)
	408708  -  ResidentSetSize of job (KB)
...
006 (371.019.000) 12/08 16:24:06 Image size of job updated: 2564528
	436  -  MemoryUsage of job (MB)
	446320  -  ResidentSetSize of job (KB)
...
006 (371.019.000) 12/08 16:29:06 Image size of job updated: 2603600
	475  -  MemoryUsage of job (MB)
	485500  -  ResidentSetSize of job (KB)
...
006 (371.019.000) 12/08 16:34:06 Image size of job updated: 2639900
	510  -  MemoryUsage of job (MB)
	521716  -  ResidentSetSize of job (KB)
...
006 (371.019.000) 12/08 16:39:07 Image size of job updated: 2676728
	546  -  MemoryUsage of job (MB)
	558640  -  ResidentSetSize of job (KB)
...
006 (371.019.000) 12/08 16:44:07 Image size of job updated: 2713952
	582  -  MemoryUsage of job (MB)
	595800  -  ResidentSetSize of job (KB)
...
006 (371.019.000) 12/08 16:49:07 Image size of job updated: 2750912
	618  -  MemoryUsage of job (MB)
	632740  -  ResidentSetSize of job (KB)
...
006 (371.019.000) 12/08 16:54:07 Image size of job updated: 2789324
	656  -  MemoryUsage of job (MB)
	671168  -  ResidentSetSize of job (KB)
...
006 (371.019.000) 12/08 16:59:08 Image size of job updated: 2828924
	695  -  MemoryUsage of job (MB)
	710732  -  ResidentSetSize of job (KB)
...
006 (371.019.000) 12/08 17:04:08 Image size of job updated: 2847536
	713  -  MemoryUsage of job (MB)
	729516  -  ResidentSetSize of job (KB)
...
006 (371.019.000) 12/08 17:09:08 Image size of job updated: 2866016
	731  -  MemoryUsage of job (MB)
	747948  -  ResidentSetSize of job (KB)
...
006 (371.019.000) 12/08 17:14:09 Image size of job updated: 2883044
	748  -  MemoryUsage of job (MB)
	764964  -  ResidentSetSize of job (KB)
...
006 (371.019.000) 12/08 17:19:10 Image size of job updated: 2902316
	766  -  MemoryUsage of job (MB)
	784232  -  ResidentSetSize of job (KB)
...
006 (371.019.000) 12/08 17:24:10 Image size of job updated: 2920928
	784  -  MemoryUsage of job (MB)
	802704  -  ResidentSetSize of job (KB)
...
006 (371.019.000) 12/08 17:29:10 Image size of job updated: 2938484
	802  -  MemoryUsage of job (MB)
	820372  -  ResidentSetSize of job (KB)
...
006 (371.019.000) 12/08 17:34:11 Image size of job updated: 2954456
	817  -  MemoryUsage of job (MB)
	836204  -  ResidentSetSize of job (KB)
...
006 (371.019.000) 12/08 17:39:12 Image size of job updated: 2972012
	834  -  MemoryUsage of job (MB)
	853808  -  ResidentSetSize of job (KB)
...
006 (371.019.000) 12/08 17:44:12 Image size of job updated: 2990756
	853  -  MemoryUsage of job (MB)
	872600  -  ResidentSetSize of job (KB)
...
006 (371.019.000) 12/08 17:49:13 Image size of job updated: 3010952
	872  -  MemoryUsage of job (MB)
	892836  -  ResidentSetSize of job (KB)
...
006 (371.019.000) 12/08 17:54:14 Image size of job updated: 3030356
	891  -  MemoryUsage of job (MB)
	912284  -  ResidentSetSize of job (KB)
...
006 (371.019.000) 12/08 17:59:14 Image size of job updated: 3050948
	911  -  MemoryUsage of job (MB)
	932788  -  ResidentSetSize of job (KB)
...
006 (371.019.000) 12/08 18:04:14 Image size of job updated: 3072068
	932  -  MemoryUsage of job (MB)
	953912  -  ResidentSetSize of job (KB)
...
006 (371.019.000) 12/08 18:09:15 Image size of job updated: 3093848
	953  -  MemoryUsage of job (MB)
	975572  -  ResidentSetSize of job (KB)
...
006 (371.019.000) 12/08 18:14:16 Image size of job updated: 3115100
	974  -  MemoryUsage of job (MB)
	997000  -  ResidentSetSize of job (KB)
...
006 (371.019.000) 12/08 18:19:16 Image size of job updated: 3136484
	995  -  MemoryUsage of job (MB)
	1018376  -  ResidentSetSize of job (KB)
...
006 (371.019.000) 12/08 18:24:16 Image size of job updated: 3159056
	1017  -  MemoryUsage of job (MB)
	1040836  -  ResidentSetSize of job (KB)
...
006 (371.019.000) 12/08 18:29:17 Image size of job updated: 3183344
	1041  -  MemoryUsage of job (MB)
	1065188  -  ResidentSetSize of job (KB)
...
006 (371.019.000) 12/08 18:34:18 Image size of job updated: 3210008
	1067  -  MemoryUsage of job (MB)
	1091976  -  ResidentSetSize of job (KB)
...
006 (371.019.000) 12/08 18:39:18 Image size of job updated: 3248816
	1105  -  MemoryUsage of job (MB)
	1130924  -  ResidentSetSize of job (KB)
...
006 (371.019.000) 12/08 18:44:18 Image size of job updated: 3287228
	1142  -  MemoryUsage of job (MB)
	1169200  -  ResidentSetSize of job (KB)
...
006 (371.019.000) 12/08 18:49:19 Image size of job updated: 3326828
	1181  -  MemoryUsage of job (MB)
	1208904  -  ResidentSetSize of job (KB)
...
006 (371.019.000) 12/08 18:54:19 Image size of job updated: 3367484
	1221  -  MemoryUsage of job (MB)
	1249548  -  ResidentSetSize of job (KB)
...
006 (371.019.000) 12/08 18:59:19 Image size of job updated: 3407876
	1260  -  MemoryUsage of job (MB)
	1289976  -  ResidentSetSize of job (KB)
...
006 (371.019.000) 12/08 19:04:20 Image size of job updated: 3447212
	1299  -  MemoryUsage of job (MB)
	1329372  -  ResidentSetSize of job (KB)
...
006 (371.019.000) 12/08 19:09:21 Image size of job updated: 3484832
	1335  -  MemoryUsage of job (MB)
	1366868  -  ResidentSetSize of job (KB)
...
006 (371.019.000) 12/08 19:14:21 Image size of job updated: 3522584
	1372  -  MemoryUsage of job (MB)
	1404720  -  ResidentSetSize of job (KB)
...
006 (371.019.000) 12/08 19:19:22 Image size of job updated: 3560072
	1409  -  MemoryUsage of job (MB)
	1442112  -  ResidentSetSize of job (KB)
...
006 (371.019.000) 12/08 19:24:23 Image size of job updated: 3597560
	1445  -  MemoryUsage of job (MB)
	1479572  -  ResidentSetSize of job (KB)
...
006 (371.019.000) 12/08 19:29:23 Image size of job updated: 3637556
	1485  -  MemoryUsage of job (MB)
	1519740  -  ResidentSetSize of job (KB)
...
006 (371.019.000) 12/08 19:34:23 Image size of job updated: 3676496
	1523  -  MemoryUsage of job (MB)
	1558588  -  ResidentSetSize of job (KB)
...
006 (371.019.000) 12/08 19:39:24 Image size of job updated: 3713192
	1558  -  MemoryUsage of job (MB)
	1595248  -  ResidentSetSize of job (KB)
...
006 (371.019.000) 12/08 19:44:25 Image size of job updated: 3753056
	1597  -  MemoryUsage of job (MB)
	1635188  -  ResidentSetSize of job (KB)
...
006 (371.019.000) 12/08 19:49:25 Image size of job updated: 3767972
	1612  -  MemoryUsage of job (MB)
	1650092  -  ResidentSetSize of job (KB)
...
006 (371.019.000) 12/08 19:54:26 Image size of job updated: 3779984
	1624  -  MemoryUsage of job (MB)
	1662024  -  ResidentSetSize of job (KB)
...
006 (371.019.000) 12/08 19:59:27 Image size of job updated: 3796748
	1640  -  MemoryUsage of job (MB)
	1678864  -  ResidentSetSize of job (KB)
...
006 (371.019.000) 12/08 20:04:27 Image size of job updated: 3816812
	1660  -  MemoryUsage of job (MB)
	1698840  -  ResidentSetSize of job (KB)
...
006 (371.019.000) 12/08 20:09:27 Image size of job updated: 3840176
	1682  -  MemoryUsage of job (MB)
	1722348  -  ResidentSetSize of job (KB)
...
006 (371.019.000) 12/08 20:14:28 Image size of job updated: 3864068
	1706  -  MemoryUsage of job (MB)
	1746200  -  ResidentSetSize of job (KB)
...
006 (371.019.000) 12/08 20:19:29 Image size of job updated: 3887696
	1729  -  MemoryUsage of job (MB)
	1769812  -  ResidentSetSize of job (KB)
...
006 (371.019.000) 12/08 20:24:29 Image size of job updated: 3911984
	1753  -  MemoryUsage of job (MB)
	1794060  -  ResidentSetSize of job (KB)
...
006 (371.019.000) 12/08 20:29:29 Image size of job updated: 3937064
	1777  -  MemoryUsage of job (MB)
	1819324  -  ResidentSetSize of job (KB)
...
006 (371.019.000) 12/08 20:34:30 Image size of job updated: 3959240
	1799  -  MemoryUsage of job (MB)
	1841416  -  ResidentSetSize of job (KB)
...
006 (371.019.000) 12/08 20:39:31 Image size of job updated: 3980492
	1820  -  MemoryUsage of job (MB)
	1862764  -  ResidentSetSize of job (KB)
...
006 (371.019.000) 12/08 20:44:31 Image size of job updated: 4001348
	1840  -  MemoryUsage of job (MB)
	1883696  -  ResidentSetSize of job (KB)
...
006 (371.019.000) 12/08 20:49:32 Image size of job updated: 4021808
	1860  -  MemoryUsage of job (MB)
	1904180  -  ResidentSetSize of job (KB)
...
006 (371.019.000) 12/08 20:54:33 Image size of job updated: 4043456
	1881  -  MemoryUsage of job (MB)
	1926016  -  ResidentSetSize of job (KB)
...
006 (371.019.000) 12/08 20:59:33 Image size of job updated: 4065500
	1903  -  MemoryUsage of job (MB)
	1948056  -  ResidentSetSize of job (KB)
...
006 (371.019.000) 12/08 21:04:33 Image size of job updated: 4087544
	1924  -  MemoryUsage of job (MB)
	1969908  -  ResidentSetSize of job (KB)
...
006 (371.019.000) 12/08 21:09:34 Image size of job updated: 4111040
	1947  -  MemoryUsage of job (MB)
	1993500  -  ResidentSetSize of job (KB)
...
006 (371.019.000) 12/08 21:14:35 Image size of job updated: 4134800
	1970  -  MemoryUsage of job (MB)
	2017228  -  ResidentSetSize of job (KB)
...
006 (371.019.000) 12/08 21:19:35 Image size of job updated: 4159616
	1995  -  MemoryUsage of job (MB)
	2042180  -  ResidentSetSize of job (KB)
...
006 (371.019.000) 12/08 21:24:36 Image size of job updated: 4183376
	2018  -  MemoryUsage of job (MB)
	2065824  -  ResidentSetSize of job (KB)
...
006 (371.019.000) 12/08 21:29:37 Image size of job updated: 4208060
	2042  -  MemoryUsage of job (MB)
	2090444  -  ResidentSetSize of job (KB)
...
006 (371.019.000) 12/08 21:34:38 Image size of job updated: 4231688
	2065  -  MemoryUsage of job (MB)
	2114236  -  ResidentSetSize of job (KB)
...
006 (371.019.000) 12/08 21:39:38 Image size of job updated: 4252544
	2086  -  MemoryUsage of job (MB)
	2135092  -  ResidentSetSize of job (KB)
...
006 (371.019.000) 12/08 21:44:39 Image size of job updated: 4273532
	2106  -  MemoryUsage of job (MB)
	2155980  -  ResidentSetSize of job (KB)
...
006 (371.019.000) 12/08 21:49:40 Image size of job updated: 4295840
	2128  -  MemoryUsage of job (MB)
	2178236  -  ResidentSetSize of job (KB)
...
006 (371.019.000) 12/08 21:54:40 Image size of job updated: 4319864
	2151  -  MemoryUsage of job (MB)
	2202272  -  ResidentSetSize of job (KB)
...
006 (371.019.000) 12/08 21:59:40 Image size of job updated: 4340588
	2171  -  MemoryUsage of job (MB)
	2223052  -  ResidentSetSize of job (KB)
...
006 (371.019.000) 12/08 22:04:41 Image size of job updated: 4363688
	2194  -  MemoryUsage of job (MB)
	2246028  -  ResidentSetSize of job (KB)
...
006 (371.019.000) 12/08 22:09:42 Image size of job updated: 4401440
	2231  -  MemoryUsage of job (MB)
	2283828  -  ResidentSetSize of job (KB)
...
006 (371.019.000) 12/08 22:14:42 Image size of job updated: 4441040
	2269  -  MemoryUsage of job (MB)
	2323416  -  ResidentSetSize of job (KB)
...
006 (371.019.000) 12/08 22:19:42 Image size of job updated: 4482884
	2310  -  MemoryUsage of job (MB)
	2365152  -  ResidentSetSize of job (KB)
...
006 (371.019.000) 12/08 22:24:43 Image size of job updated: 4522880
	2349  -  MemoryUsage of job (MB)
	2405276  -  ResidentSetSize of job (KB)
...
006 (371.019.000) 12/08 22:29:43 Image size of job updated: 4561028
	2387  -  MemoryUsage of job (MB)
	2443464  -  ResidentSetSize of job (KB)
...
006 (371.019.000) 12/08 22:34:43 Image size of job updated: 4601552
	2426  -  MemoryUsage of job (MB)
	2483908  -  ResidentSetSize of job (KB)
...
006 (371.019.000) 12/08 22:39:44 Image size of job updated: 4641284
	2465  -  MemoryUsage of job (MB)
	2523588  -  ResidentSetSize of job (KB)
...
006 (371.019.000) 12/08 22:44:45 Image size of job updated: 4681016
	2504  -  MemoryUsage of job (MB)
	2563308  -  ResidentSetSize of job (KB)
...
006 (371.019.000) 12/08 22:49:45 Image size of job updated: 4721144
	2543  -  MemoryUsage of job (MB)
	2603524  -  ResidentSetSize of job (KB)
...
006 (371.019.000) 12/08 22:54:46 Image size of job updated: 4755332
	2576  -  MemoryUsage of job (MB)
	2637804  -  ResidentSetSize of job (KB)
...
006 (371.019.000) 12/08 22:59:47 Image size of job updated: 4767608
	2588  -  MemoryUsage of job (MB)
	2650104  -  ResidentSetSize of job (KB)
...
006 (371.019.000) 12/08 23:04:47 Image size of job updated: 4784768
	2605  -  MemoryUsage of job (MB)
	2667168  -  ResidentSetSize of job (KB)
...
006 (371.019.000) 12/08 23:09:47 Image size of job updated: 4805888
	2626  -  MemoryUsage of job (MB)
	2688364  -  ResidentSetSize of job (KB)
...
006 (371.019.000) 12/08 23:14:48 Image size of job updated: 4831628
	2651  -  MemoryUsage of job (MB)
	2714168  -  ResidentSetSize of job (KB)
...
006 (371.019.000) 12/08 23:19:49 Image size of job updated: 4856576
	2675  -  MemoryUsage of job (MB)
	2738996  -  ResidentSetSize of job (KB)
...
006 (371.019.000) 12/08 23:24:49 Image size of job updated: 4881392
	2699  -  MemoryUsage of job (MB)
	2763764  -  ResidentSetSize of job (KB)
...
006 (371.019.000) 12/08 23:29:50 Image size of job updated: 4906076
	2724  -  MemoryUsage of job (MB)
	2788540  -  ResidentSetSize of job (KB)
...
006 (371.019.000) 12/08 23:34:51 Image size of job updated: 4929704
	2747  -  MemoryUsage of job (MB)
	2812152  -  ResidentSetSize of job (KB)
...
006 (371.019.000) 12/08 23:39:51 Image size of job updated: 4950296
	2767  -  MemoryUsage of job (MB)
	2832784  -  ResidentSetSize of job (KB)
...
006 (371.019.000) 12/08 23:44:51 Image size of job updated: 4971548
	2788  -  MemoryUsage of job (MB)
	2854012  -  ResidentSetSize of job (KB)
...
006 (371.019.000) 12/08 23:49:53 Image size of job updated: 4992800
	2808  -  MemoryUsage of job (MB)
	2875024  -  ResidentSetSize of job (KB)
...
006 (371.019.000) 12/08 23:54:53 Image size of job updated: 5012600
	2828  -  MemoryUsage of job (MB)
	2895112  -  ResidentSetSize of job (KB)
...
006 (371.019.000) 12/08 23:59:53 Image size of job updated: 5031608
	2846  -  MemoryUsage of job (MB)
	2914164  -  ResidentSetSize of job (KB)
...
006 (371.019.000) 12/09 00:04:54 Image size of job updated: 5049824
	2864  -  MemoryUsage of job (MB)
	2932288  -  ResidentSetSize of job (KB)
...
006 (371.019.000) 12/09 00:09:55 Image size of job updated: 5068436
	2882  -  MemoryUsage of job (MB)
	2950848  -  ResidentSetSize of job (KB)
...
006 (371.019.000) 12/09 00:14:55 Image size of job updated: 5088500
	2902  -  MemoryUsage of job (MB)
	2970828  -  ResidentSetSize of job (KB)
...
006 (371.019.000) 12/09 00:19:55 Image size of job updated: 5107112
	2920  -  MemoryUsage of job (MB)
	2989608  -  ResidentSetSize of job (KB)
...
006 (371.019.000) 12/09 00:24:56 Image size of job updated: 5125328
	2938  -  MemoryUsage of job (MB)
	3007812  -  ResidentSetSize of job (KB)
...
006 (371.019.000) 12/09 00:29:56 Image size of job updated: 5144336
	2956  -  MemoryUsage of job (MB)
	3026848  -  ResidentSetSize of job (KB)
...
006 (371.019.000) 12/09 00:34:56 Image size of job updated: 5162552
	2974  -  MemoryUsage of job (MB)
	3045100  -  ResidentSetSize of job (KB)
...
006 (371.019.000) 12/09 00:39:57 Image size of job updated: 5179976
	2991  -  MemoryUsage of job (MB)
	3062448  -  ResidentSetSize of job (KB)
...
006 (371.019.000) 12/09 00:44:58 Image size of job updated: 5196608
	3007  -  MemoryUsage of job (MB)
	3079120  -  ResidentSetSize of job (KB)
...
006 (371.019.000) 12/09 00:49:58 Image size of job updated: 5215880
	3026  -  MemoryUsage of job (MB)
	3098320  -  ResidentSetSize of job (KB)
...
006 (371.019.000) 12/09 00:54:59 Image size of job updated: 5235020
	3045  -  MemoryUsage of job (MB)
	3117472  -  ResidentSetSize of job (KB)
...
006 (371.019.000) 12/09 01:00:00 Image size of job updated: 5254688
	3064  -  MemoryUsage of job (MB)
	3137132  -  ResidentSetSize of job (KB)
...
006 (371.019.000) 12/09 01:05:00 Image size of job updated: 5272244
	3081  -  MemoryUsage of job (MB)
	3154736  -  ResidentSetSize of job (KB)
...
006 (371.019.000) 12/09 01:10:00 Image size of job updated: 5290856
	3099  -  MemoryUsage of job (MB)
	3173304  -  ResidentSetSize of job (KB)
...
006 (371.019.000) 12/09 01:15:01 Image size of job updated: 5309468
	3118  -  MemoryUsage of job (MB)
	3191896  -  ResidentSetSize of job (KB)
...
006 (371.019.000) 12/09 01:20:01 Image size of job updated: 5328476
	3136  -  MemoryUsage of job (MB)
	3210932  -  ResidentSetSize of job (KB)
...
006 (371.019.000) 12/09 01:25:01 Image size of job updated: 5347220
	3155  -  MemoryUsage of job (MB)
	3229784  -  ResidentSetSize of job (KB)
...
006 (371.019.000) 12/09 01:30:02 Image size of job updated: 5366624
	3173  -  MemoryUsage of job (MB)
	3249076  -  ResidentSetSize of job (KB)
...
006 (371.019.000) 12/09 01:35:03 Image size of job updated: 5387084
	3193  -  MemoryUsage of job (MB)
	3269540  -  ResidentSetSize of job (KB)
...
006 (371.019.000) 12/09 01:40:03 Image size of job updated: 5408864
	3215  -  MemoryUsage of job (MB)
	3291328  -  ResidentSetSize of job (KB)
...
006 (371.019.000) 12/09 01:45:04 Image size of job updated: 5429852
	3235  -  MemoryUsage of job (MB)
	3312304  -  ResidentSetSize of job (KB)
...
006 (371.019.000) 12/09 01:50:05 Image size of job updated: 5451368
	3256  -  MemoryUsage of job (MB)
	3333820  -  ResidentSetSize of job (KB)
...
006 (371.019.000) 12/09 01:55:05 Image size of job updated: 5473148
	3278  -  MemoryUsage of job (MB)
	3355680  -  ResidentSetSize of job (KB)
...
006 (371.019.000) 12/09 02:00:05 Image size of job updated: 5495588
	3299  -  MemoryUsage of job (MB)
	3378044  -  ResidentSetSize of job (KB)
...
006 (371.019.000) 12/09 02:05:06 Image size of job updated: 5518292
	3322  -  MemoryUsage of job (MB)
	3400756  -  ResidentSetSize of job (KB)
...
006 (371.019.000) 12/09 02:10:06 Image size of job updated: 5540204
	3343  -  MemoryUsage of job (MB)
	3422548  -  ResidentSetSize of job (KB)
...
006 (371.019.000) 12/09 02:15:06 Image size of job updated: 5563832
	3366  -  MemoryUsage of job (MB)
	3446356  -  ResidentSetSize of job (KB)
...
006 (371.019.000) 12/09 02:20:07 Image size of job updated: 5588516
	3390  -  MemoryUsage of job (MB)
	3471028  -  ResidentSetSize of job (KB)
...
006 (371.019.000) 12/09 02:25:08 Image size of job updated: 5615576
	3416  -  MemoryUsage of job (MB)
	3497944  -  ResidentSetSize of job (KB)
...
006 (371.019.000) 12/09 02:30:08 Image size of job updated: 5655176
	3455  -  MemoryUsage of job (MB)
	3537616  -  ResidentSetSize of job (KB)
...
006 (371.019.000) 12/09 02:35:09 Image size of job updated: 5695040
	3494  -  MemoryUsage of job (MB)
	3577488  -  ResidentSetSize of job (KB)
...
006 (371.019.000) 12/09 02:40:10 Image size of job updated: 5735300
	3534  -  MemoryUsage of job (MB)
	3617804  -  ResidentSetSize of job (KB)
...
006 (371.019.000) 12/09 02:45:10 Image size of job updated: 5777804
	3575  -  MemoryUsage of job (MB)
	3660272  -  ResidentSetSize of job (KB)
...
006 (371.019.000) 12/09 02:50:10 Image size of job updated: 5817404
	3614  -  MemoryUsage of job (MB)
	3699940  -  ResidentSetSize of job (KB)
...
006 (371.019.000) 12/09 02:55:12 Image size of job updated: 5857796
	3653  -  MemoryUsage of job (MB)
	3740200  -  ResidentSetSize of job (KB)
...
006 (371.019.000) 12/09 03:00:12 Image size of job updated: 5896472
	3691  -  MemoryUsage of job (MB)
	3778956  -  ResidentSetSize of job (KB)
...
006 (371.019.000) 12/09 03:05:12 Image size of job updated: 5934356
	3728  -  MemoryUsage of job (MB)
	3816836  -  ResidentSetSize of job (KB)
...
006 (371.019.000) 12/09 03:10:13 Image size of job updated: 5972636
	3765  -  MemoryUsage of job (MB)
	3855168  -  ResidentSetSize of job (KB)
...
006 (371.019.000) 12/09 03:15:14 Image size of job updated: 6012632
	3804  -  MemoryUsage of job (MB)
	3895136  -  ResidentSetSize of job (KB)
...
006 (371.019.000) 12/09 03:20:14 Image size of job updated: 6050648
	3841  -  MemoryUsage of job (MB)
	3932980  -  ResidentSetSize of job (KB)
...
006 (371.019.000) 12/09 03:25:15 Image size of job updated: 6079028
	3869  -  MemoryUsage of job (MB)
	3961688  -  ResidentSetSize of job (KB)
...
006 (371.019.000) 12/09 03:30:16 Image size of job updated: 6091172
	3881  -  MemoryUsage of job (MB)
	3973892  -  ResidentSetSize of job (KB)
...
006 (371.019.000) 12/09 03:35:16 Image size of job updated: 6107672
	3897  -  MemoryUsage of job (MB)
	3990344  -  ResidentSetSize of job (KB)
...
006 (371.019.000) 12/09 03:40:16 Image size of job updated: 6127604
	3917  -  MemoryUsage of job (MB)
	4010300  -  ResidentSetSize of job (KB)
...
006 (371.019.000) 12/09 03:45:17 Image size of job updated: 6151628
	3940  -  MemoryUsage of job (MB)
	4034268  -  ResidentSetSize of job (KB)
...
006 (371.019.000) 12/09 03:50:18 Image size of job updated: 6176840
	3965  -  MemoryUsage of job (MB)
	4059404  -  ResidentSetSize of job (KB)
...
006 (371.019.000) 12/09 03:55:18 Image size of job updated: 6202712
	3990  -  MemoryUsage of job (MB)
	4085224  -  ResidentSetSize of job (KB)
...
006 (371.019.000) 12/09 04:00:19 Image size of job updated: 6228320
	4015  -  MemoryUsage of job (MB)
	4111008  -  ResidentSetSize of job (KB)
...
006 (371.019.000) 12/09 04:05:20 Image size of job updated: 6252872
	4039  -  MemoryUsage of job (MB)
	4135560  -  ResidentSetSize of job (KB)
...
006 (371.019.000) 12/09 04:10:20 Image size of job updated: 6273464
	4059  -  MemoryUsage of job (MB)
	4156140  -  ResidentSetSize of job (KB)
...
006 (371.019.000) 12/09 04:15:20 Image size of job updated: 6294188
	4079  -  MemoryUsage of job (MB)
	4176808  -  ResidentSetSize of job (KB)
...
006 (371.019.000) 12/09 04:20:21 Image size of job updated: 6315440
	4100  -  MemoryUsage of job (MB)
	4198020  -  ResidentSetSize of job (KB)
...
006 (371.019.000) 12/09 04:25:21 Image size of job updated: 6336428
	4121  -  MemoryUsage of job (MB)
	4219176  -  ResidentSetSize of job (KB)
...
006 (371.019.000) 12/09 04:30:21 Image size of job updated: 6358076
	4142  -  MemoryUsage of job (MB)
	4240668  -  ResidentSetSize of job (KB)
...
006 (371.019.000) 12/09 04:35:22 Image size of job updated: 6380120
	4163  -  MemoryUsage of job (MB)
	4262692  -  ResidentSetSize of job (KB)
...
006 (371.019.000) 12/09 04:40:23 Image size of job updated: 6402560
	4185  -  MemoryUsage of job (MB)
	4285212  -  ResidentSetSize of job (KB)
...
006 (371.019.000) 12/09 04:45:23 Image size of job updated: 6426584
	4209  -  MemoryUsage of job (MB)
	4309216  -  ResidentSetSize of job (KB)
...
006 (371.019.000) 12/09 04:50:24 Image size of job updated: 6449816
	4231  -  MemoryUsage of job (MB)
	4332472  -  ResidentSetSize of job (KB)
...
006 (371.019.000) 12/09 04:55:25 Image size of job updated: 6474104
	4255  -  MemoryUsage of job (MB)
	4356800  -  ResidentSetSize of job (KB)
...
006 (371.019.000) 12/09 05:00:25 Image size of job updated: 6496808
	4277  -  MemoryUsage of job (MB)
	4379312  -  ResidentSetSize of job (KB)
...
006 (371.019.000) 12/09 05:04:33 Image size of job updated: 6516872
	4277  -  MemoryUsage of job (MB)
	4379312  -  ResidentSetSize of job (KB)
...
005 (371.019.000) 12/09 05:04:33 Job terminated.
	(1) Normal termination (return value 0)
		Usr 0 13:40:30, Sys 0 00:00:08  -  Run Remote Usage
		Usr 0 00:00:00, Sys 0 00:00:00  -  Run Local Usage
		Usr 0 13:40:30, Sys 0 00:00:08  -  Total Remote Usage
		Usr 0 00:00:00, Sys 0 00:00:00  -  Total Local Usage
	0  -  Run Bytes Sent By Job
	0  -  Run Bytes Received By Job
	0  -  Total Bytes Sent By Job
	0  -  Total Bytes Received By Job
	Partitionable Resources :    Usage  Request Allocated
	   Cpus                 :                 1         1
	   Disk (KB)            :      175      175  12100224
	   Memory (MB)          :     4277        1      2012
...
