000 (368.004.000) 12/07 15:15:16 Job submitted from host: <128.104.190.61:58455?addrs=128.104.190.61-58455>
...
001 (368.004.000) 12/07 15:15:17 Job executing on host: <128.104.190.58:56194?addrs=128.104.190.58-56194>
...
006 (368.004.000) 12/07 15:15:25 Image size of job updated: 71760
	14  -  MemoryUsage of job (MB)
	13700  -  ResidentSetSize of job (KB)
...
006 (368.004.000) 12/07 15:20:25 Image size of job updated: 2240832
	89  -  MemoryUsage of job (MB)
	90916  -  ResidentSetSize of job (KB)
...
006 (368.004.000) 12/07 15:25:26 Image size of job updated: 2241372
	92  -  MemoryUsage of job (MB)
	93476  -  ResidentSetSize of job (KB)
...
006 (368.004.000) 12/07 15:40:27 Image size of job updated: 2241768
	92  -  MemoryUsage of job (MB)
	94048  -  ResidentSetSize of job (KB)
...
006 (368.004.000) 12/07 15:55:28 Image size of job updated: 2241900
	92  -  MemoryUsage of job (MB)
	94048  -  ResidentSetSize of job (KB)
...
006 (368.004.000) 12/07 16:00:29 Image size of job updated: 2241900
	93  -  MemoryUsage of job (MB)
	94308  -  ResidentSetSize of job (KB)
...
