000 (365.013.000) 12/05 11:45:19 Job submitted from host: <128.104.190.61:58455?addrs=128.104.190.61-58455>
...
001 (365.013.000) 12/05 11:45:20 Job executing on host: <128.104.190.42:38951?addrs=128.104.190.42-38951>
...
006 (365.013.000) 12/05 11:45:28 Image size of job updated: 81816
	25  -  MemoryUsage of job (MB)
	25528  -  ResidentSetSize of job (KB)
...
006 (365.013.000) 12/05 11:50:28 Image size of job updated: 2267404
	119  -  MemoryUsage of job (MB)
	121308  -  ResidentSetSize of job (KB)
...
006 (365.013.000) 12/05 11:55:29 Image size of job updated: 2267668
	127  -  MemoryUsage of job (MB)
	129700  -  ResidentSetSize of job (KB)
...
006 (365.013.000) 12/05 12:00:30 Image size of job updated: 2268480
	132  -  MemoryUsage of job (MB)
	134796  -  ResidentSetSize of job (KB)
...
006 (365.013.000) 12/05 12:05:30 Image size of job updated: 2268612
	132  -  MemoryUsage of job (MB)
	134992  -  ResidentSetSize of job (KB)
...
006 (365.013.000) 12/05 12:10:30 Image size of job updated: 2268764
	134  -  MemoryUsage of job (MB)
	137188  -  ResidentSetSize of job (KB)
...
006 (365.013.000) 12/05 12:15:31 Image size of job updated: 2268764
	135  -  MemoryUsage of job (MB)
	137240  -  ResidentSetSize of job (KB)
...
006 (365.013.000) 12/05 12:20:32 Image size of job updated: 2268896
	135  -  MemoryUsage of job (MB)
	137368  -  ResidentSetSize of job (KB)
...
006 (365.013.000) 12/05 12:25:32 Image size of job updated: 2269028
	135  -  MemoryUsage of job (MB)
	137412  -  ResidentSetSize of job (KB)
...
006 (365.013.000) 12/05 12:30:32 Image size of job updated: 2269028
	135  -  MemoryUsage of job (MB)
	137432  -  ResidentSetSize of job (KB)
...
006 (365.013.000) 12/05 12:35:33 Image size of job updated: 2269028
	137  -  MemoryUsage of job (MB)
	139504  -  ResidentSetSize of job (KB)
...
006 (365.013.000) 12/05 12:40:34 Image size of job updated: 2269028
	137  -  MemoryUsage of job (MB)
	139532  -  ResidentSetSize of job (KB)
...
006 (365.013.000) 12/05 12:50:34 Image size of job updated: 2269168
	137  -  MemoryUsage of job (MB)
	139576  -  ResidentSetSize of job (KB)
...
006 (365.013.000) 12/05 12:55:35 Image size of job updated: 2269168
	139  -  MemoryUsage of job (MB)
	141624  -  ResidentSetSize of job (KB)
...
006 (365.013.000) 12/05 13:00:36 Image size of job updated: 2269168
	139  -  MemoryUsage of job (MB)
	141664  -  ResidentSetSize of job (KB)
...
006 (365.013.000) 12/05 13:05:36 Image size of job updated: 2269168
	139  -  MemoryUsage of job (MB)
	141728  -  ResidentSetSize of job (KB)
...
006 (365.013.000) 12/05 13:10:36 Image size of job updated: 2269300
	139  -  MemoryUsage of job (MB)
	141808  -  ResidentSetSize of job (KB)
...
006 (365.013.000) 12/05 13:15:36 Image size of job updated: 2269432
	141  -  MemoryUsage of job (MB)
	144052  -  ResidentSetSize of job (KB)
...
006 (365.013.000) 12/05 13:20:37 Image size of job updated: 2269696
	141  -  MemoryUsage of job (MB)
	144212  -  ResidentSetSize of job (KB)
...
006 (365.013.000) 12/05 13:25:39 Image size of job updated: 2269828
	142  -  MemoryUsage of job (MB)
	144476  -  ResidentSetSize of job (KB)
...
006 (365.013.000) 12/05 13:30:39 Image size of job updated: 2270136
	142  -  MemoryUsage of job (MB)
	144708  -  ResidentSetSize of job (KB)
...
006 (365.013.000) 12/05 13:35:39 Image size of job updated: 2270136
	142  -  MemoryUsage of job (MB)
	144820  -  ResidentSetSize of job (KB)
...
006 (365.013.000) 12/05 13:40:40 Image size of job updated: 2270268
	144  -  MemoryUsage of job (MB)
	146980  -  ResidentSetSize of job (KB)
...
006 (365.013.000) 12/05 13:45:41 Image size of job updated: 2270552
	144  -  MemoryUsage of job (MB)
	147208  -  ResidentSetSize of job (KB)
...
006 (365.013.000) 12/05 13:50:41 Image size of job updated: 2270684
	144  -  MemoryUsage of job (MB)
	147392  -  ResidentSetSize of job (KB)
...
006 (365.013.000) 12/05 14:00:43 Image size of job updated: 2270684
	145  -  MemoryUsage of job (MB)
	147768  -  ResidentSetSize of job (KB)
...
006 (365.013.000) 12/05 14:05:43 Image size of job updated: 2270684
	147  -  MemoryUsage of job (MB)
	149816  -  ResidentSetSize of job (KB)
...
006 (365.013.000) 12/05 14:30:44 Image size of job updated: 2270816
	147  -  MemoryUsage of job (MB)
	149880  -  ResidentSetSize of job (KB)
...
006 (365.013.000) 12/05 14:35:45 Image size of job updated: 2270816
	147  -  MemoryUsage of job (MB)
	149892  -  ResidentSetSize of job (KB)
...
006 (365.013.000) 12/05 14:40:46 Image size of job updated: 2270816
	149  -  MemoryUsage of job (MB)
	151940  -  ResidentSetSize of job (KB)
...
005 (365.013.000) 12/05 14:55:10 Job terminated.
	(1) Normal termination (return value 0)
		Usr 0 03:09:31, Sys 0 00:00:01  -  Run Remote Usage
		Usr 0 00:00:00, Sys 0 00:00:00  -  Run Local Usage
		Usr 0 03:09:31, Sys 0 00:00:01  -  Total Remote Usage
		Usr 0 00:00:00, Sys 0 00:00:00  -  Total Local Usage
	0  -  Run Bytes Sent By Job
	0  -  Run Bytes Received By Job
	0  -  Total Bytes Sent By Job
	0  -  Total Bytes Received By Job
	Partitionable Resources :    Usage  Request Allocated
	   Cpus                 :                 1         1
	   Disk (KB)            :      175      175  12112297
	   Memory (MB)          :      149        1      2012
...
