000 (371.013.000) 12/08 15:23:44 Job submitted from host: <128.104.190.61:58455?addrs=128.104.190.61-58455>
...
001 (371.013.000) 12/08 15:23:49 Job executing on host: <128.104.190.42:38951?addrs=128.104.190.42-38951>
...
006 (371.013.000) 12/08 15:23:58 Image size of job updated: 82212
	26  -  MemoryUsage of job (MB)
	25772  -  ResidentSetSize of job (KB)
...
006 (371.013.000) 12/08 15:28:59 Image size of job updated: 2265164
	118  -  MemoryUsage of job (MB)
	119968  -  ResidentSetSize of job (KB)
...
006 (371.013.000) 12/08 15:34:00 Image size of job updated: 2265432
	126  -  MemoryUsage of job (MB)
	128388  -  ResidentSetSize of job (KB)
...
006 (371.013.000) 12/08 15:39:00 Image size of job updated: 2284200
	146  -  MemoryUsage of job (MB)
	149272  -  ResidentSetSize of job (KB)
...
006 (371.013.000) 12/08 15:44:00 Image size of job updated: 2318652
	180  -  MemoryUsage of job (MB)
	183764  -  ResidentSetSize of job (KB)
...
006 (371.013.000) 12/08 15:49:02 Image size of job updated: 2353104
	215  -  MemoryUsage of job (MB)
	220140  -  ResidentSetSize of job (KB)
...
006 (371.013.000) 12/08 15:54:02 Image size of job updated: 2387820
	249  -  MemoryUsage of job (MB)
	254948  -  ResidentSetSize of job (KB)
...
006 (371.013.000) 12/08 15:59:02 Image size of job updated: 2422404
	283  -  MemoryUsage of job (MB)
	289508  -  ResidentSetSize of job (KB)
...
006 (371.013.000) 12/08 16:04:02 Image size of job updated: 2457252
	317  -  MemoryUsage of job (MB)
	324440  -  ResidentSetSize of job (KB)
...
006 (371.013.000) 12/08 16:09:03 Image size of job updated: 2492100
	351  -  MemoryUsage of job (MB)
	359248  -  ResidentSetSize of job (KB)
...
006 (371.013.000) 12/08 16:14:03 Image size of job updated: 2526816
	385  -  MemoryUsage of job (MB)
	393976  -  ResidentSetSize of job (KB)
...
006 (371.013.000) 12/08 16:19:03 Image size of job updated: 2561400
	419  -  MemoryUsage of job (MB)
	428640  -  ResidentSetSize of job (KB)
...
006 (371.013.000) 12/08 16:24:04 Image size of job updated: 2595588
	452  -  MemoryUsage of job (MB)
	462736  -  ResidentSetSize of job (KB)
...
006 (371.013.000) 12/08 16:29:05 Image size of job updated: 2629512
	486  -  MemoryUsage of job (MB)
	496724  -  ResidentSetSize of job (KB)
...
006 (371.013.000) 12/08 16:34:05 Image size of job updated: 2663964
	519  -  MemoryUsage of job (MB)
	531008  -  ResidentSetSize of job (KB)
...
006 (371.013.000) 12/08 16:39:06 Image size of job updated: 2698020
	552  -  MemoryUsage of job (MB)
	565140  -  ResidentSetSize of job (KB)
...
006 (371.013.000) 12/08 16:44:07 Image size of job updated: 2732340
	586  -  MemoryUsage of job (MB)
	599540  -  ResidentSetSize of job (KB)
...
006 (371.013.000) 12/08 16:49:07 Image size of job updated: 2766792
	620  -  MemoryUsage of job (MB)
	633996  -  ResidentSetSize of job (KB)
...
006 (371.013.000) 12/08 16:54:07 Image size of job updated: 2801112
	653  -  MemoryUsage of job (MB)
	668232  -  ResidentSetSize of job (KB)
...
006 (371.013.000) 12/08 16:59:08 Image size of job updated: 2835300
	686  -  MemoryUsage of job (MB)
	702432  -  ResidentSetSize of job (KB)
...
006 (371.013.000) 12/08 17:04:09 Image size of job updated: 2869752
	720  -  MemoryUsage of job (MB)
	736804  -  ResidentSetSize of job (KB)
...
006 (371.013.000) 12/08 17:09:09 Image size of job updated: 2904204
	754  -  MemoryUsage of job (MB)
	771452  -  ResidentSetSize of job (KB)
...
006 (371.013.000) 12/08 17:14:09 Image size of job updated: 2940240
	789  -  MemoryUsage of job (MB)
	807408  -  ResidentSetSize of job (KB)
...
006 (371.013.000) 12/08 17:19:10 Image size of job updated: 2973788
	822  -  MemoryUsage of job (MB)
	841028  -  ResidentSetSize of job (KB)
...
006 (371.013.000) 12/08 17:24:10 Image size of job updated: 3007712
	855  -  MemoryUsage of job (MB)
	875036  -  ResidentSetSize of job (KB)
...
006 (371.013.000) 12/08 17:29:10 Image size of job updated: 3041900
	888  -  MemoryUsage of job (MB)
	909260  -  ResidentSetSize of job (KB)
...
006 (371.013.000) 12/08 17:34:11 Image size of job updated: 3076484
	922  -  MemoryUsage of job (MB)
	943936  -  ResidentSetSize of job (KB)
...
006 (371.013.000) 12/08 17:39:12 Image size of job updated: 3110540
	956  -  MemoryUsage of job (MB)
	978040  -  ResidentSetSize of job (KB)
...
006 (371.013.000) 12/08 17:44:12 Image size of job updated: 3144612
	989  -  MemoryUsage of job (MB)
	1012168  -  ResidentSetSize of job (KB)
...
006 (371.013.000) 12/08 17:49:12 Image size of job updated: 3179064
	1023  -  MemoryUsage of job (MB)
	1046560  -  ResidentSetSize of job (KB)
...
006 (371.013.000) 12/08 17:54:13 Image size of job updated: 3213292
	1058  -  MemoryUsage of job (MB)
	1082896  -  ResidentSetSize of job (KB)
...
006 (371.013.000) 12/08 17:59:13 Image size of job updated: 3247348
	1091  -  MemoryUsage of job (MB)
	1116980  -  ResidentSetSize of job (KB)
...
006 (371.013.000) 12/08 18:04:13 Image size of job updated: 3281932
	1125  -  MemoryUsage of job (MB)
	1151476  -  ResidentSetSize of job (KB)
...
006 (371.013.000) 12/08 18:09:14 Image size of job updated: 3315988
	1158  -  MemoryUsage of job (MB)
	1185584  -  ResidentSetSize of job (KB)
...
006 (371.013.000) 12/08 18:14:15 Image size of job updated: 3350836
	1192  -  MemoryUsage of job (MB)
	1220412  -  ResidentSetSize of job (KB)
...
006 (371.013.000) 12/08 18:19:15 Image size of job updated: 3385024
	1226  -  MemoryUsage of job (MB)
	1254460  -  ResidentSetSize of job (KB)
...
006 (371.013.000) 12/08 18:24:16 Image size of job updated: 3418948
	1259  -  MemoryUsage of job (MB)
	1288484  -  ResidentSetSize of job (KB)
...
006 (371.013.000) 12/08 18:29:17 Image size of job updated: 3453268
	1292  -  MemoryUsage of job (MB)
	1322868  -  ResidentSetSize of job (KB)
...
006 (371.013.000) 12/08 18:34:17 Image size of job updated: 3487324
	1326  -  MemoryUsage of job (MB)
	1356932  -  ResidentSetSize of job (KB)
...
006 (371.013.000) 12/08 18:39:17 Image size of job updated: 3521512
	1359  -  MemoryUsage of job (MB)
	1391152  -  ResidentSetSize of job (KB)
...
006 (371.013.000) 12/08 18:44:18 Image size of job updated: 3555172
	1392  -  MemoryUsage of job (MB)
	1424828  -  ResidentSetSize of job (KB)
...
006 (371.013.000) 12/08 18:49:18 Image size of job updated: 3589380
	1425  -  MemoryUsage of job (MB)
	1458908  -  ResidentSetSize of job (KB)
...
006 (371.013.000) 12/08 18:54:18 Image size of job updated: 3623568
	1459  -  MemoryUsage of job (MB)
	1493144  -  ResidentSetSize of job (KB)
...
006 (371.013.000) 12/08 18:59:18 Image size of job updated: 3657624
	1492  -  MemoryUsage of job (MB)
	1527264  -  ResidentSetSize of job (KB)
...
006 (371.013.000) 12/08 19:04:19 Image size of job updated: 3691548
	1525  -  MemoryUsage of job (MB)
	1561208  -  ResidentSetSize of job (KB)
...
006 (371.013.000) 12/08 19:09:20 Image size of job updated: 3725736
	1558  -  MemoryUsage of job (MB)
	1595372  -  ResidentSetSize of job (KB)
...
006 (371.013.000) 12/08 19:14:20 Image size of job updated: 3759792
	1592  -  MemoryUsage of job (MB)
	1629436  -  ResidentSetSize of job (KB)
...
006 (371.013.000) 12/08 19:19:20 Image size of job updated: 3793716
	1625  -  MemoryUsage of job (MB)
	1663232  -  ResidentSetSize of job (KB)
...
006 (371.013.000) 12/08 19:24:21 Image size of job updated: 3827904
	1658  -  MemoryUsage of job (MB)
	1697484  -  ResidentSetSize of job (KB)
...
006 (371.013.000) 12/08 19:29:22 Image size of job updated: 3861696
	1691  -  MemoryUsage of job (MB)
	1731232  -  ResidentSetSize of job (KB)
...
006 (371.013.000) 12/08 19:34:22 Image size of job updated: 3895752
	1724  -  MemoryUsage of job (MB)
	1765360  -  ResidentSetSize of job (KB)
...
006 (371.013.000) 12/08 19:39:22 Image size of job updated: 3929676
	1758  -  MemoryUsage of job (MB)
	1799204  -  ResidentSetSize of job (KB)
...
006 (371.013.000) 12/08 19:44:24 Image size of job updated: 3963468
	1791  -  MemoryUsage of job (MB)
	1833060  -  ResidentSetSize of job (KB)
...
006 (371.013.000) 12/08 19:49:24 Image size of job updated: 3997656
	1824  -  MemoryUsage of job (MB)
	1867224  -  ResidentSetSize of job (KB)
...
006 (371.013.000) 12/08 19:54:24 Image size of job updated: 4031448
	1857  -  MemoryUsage of job (MB)
	1901124  -  ResidentSetSize of job (KB)
...
006 (371.013.000) 12/08 19:59:25 Image size of job updated: 4065636
	1892  -  MemoryUsage of job (MB)
	1937288  -  ResidentSetSize of job (KB)
...
006 (371.013.000) 12/08 20:04:26 Image size of job updated: 4099560
	1925  -  MemoryUsage of job (MB)
	1971120  -  ResidentSetSize of job (KB)
...
006 (371.013.000) 12/08 20:09:26 Image size of job updated: 4133748
	1959  -  MemoryUsage of job (MB)
	2005292  -  ResidentSetSize of job (KB)
...
006 (371.013.000) 12/08 20:14:26 Image size of job updated: 4167804
	1992  -  MemoryUsage of job (MB)
	2039424  -  ResidentSetSize of job (KB)
...
006 (371.013.000) 12/08 20:19:28 Image size of job updated: 4201464
	2025  -  MemoryUsage of job (MB)
	2073100  -  ResidentSetSize of job (KB)
...
006 (371.013.000) 12/08 20:24:28 Image size of job updated: 4235652
	2058  -  MemoryUsage of job (MB)
	2107360  -  ResidentSetSize of job (KB)
...
006 (371.013.000) 12/08 20:29:28 Image size of job updated: 4269972
	2092  -  MemoryUsage of job (MB)
	2141536  -  ResidentSetSize of job (KB)
...
006 (371.013.000) 12/08 20:34:29 Image size of job updated: 4303764
	2125  -  MemoryUsage of job (MB)
	2175480  -  ResidentSetSize of job (KB)
...
006 (371.013.000) 12/08 20:39:30 Image size of job updated: 4337952
	2158  -  MemoryUsage of job (MB)
	2209652  -  ResidentSetSize of job (KB)
...
006 (371.013.000) 12/08 20:44:30 Image size of job updated: 4372008
	2192  -  MemoryUsage of job (MB)
	2243724  -  ResidentSetSize of job (KB)
...
006 (371.013.000) 12/08 20:49:30 Image size of job updated: 4406328
	2225  -  MemoryUsage of job (MB)
	2277964  -  ResidentSetSize of job (KB)
...
006 (371.013.000) 12/08 20:54:31 Image size of job updated: 4440384
	2258  -  MemoryUsage of job (MB)
	2312076  -  ResidentSetSize of job (KB)
...
006 (371.013.000) 12/08 20:59:32 Image size of job updated: 4474836
	2292  -  MemoryUsage of job (MB)
	2346448  -  ResidentSetSize of job (KB)
...
006 (371.013.000) 12/08 21:04:32 Image size of job updated: 4508496
	2325  -  MemoryUsage of job (MB)
	2380176  -  ResidentSetSize of job (KB)
...
006 (371.013.000) 12/08 21:09:32 Image size of job updated: 4542816
	2358  -  MemoryUsage of job (MB)
	2414444  -  ResidentSetSize of job (KB)
...
006 (371.013.000) 12/08 21:14:33 Image size of job updated: 4577004
	2392  -  MemoryUsage of job (MB)
	2448656  -  ResidentSetSize of job (KB)
...
006 (371.013.000) 12/08 21:19:34 Image size of job updated: 4611192
	2425  -  MemoryUsage of job (MB)
	2482872  -  ResidentSetSize of job (KB)
...
006 (371.013.000) 12/08 21:24:34 Image size of job updated: 4645248
	2458  -  MemoryUsage of job (MB)
	2516944  -  ResidentSetSize of job (KB)
...
006 (371.013.000) 12/08 21:29:34 Image size of job updated: 4679464
	2492  -  MemoryUsage of job (MB)
	2551096  -  ResidentSetSize of job (KB)
...
006 (371.013.000) 12/08 21:34:35 Image size of job updated: 4713388
	2525  -  MemoryUsage of job (MB)
	2585012  -  ResidentSetSize of job (KB)
...
006 (371.013.000) 12/08 21:39:36 Image size of job updated: 4747576
	2558  -  MemoryUsage of job (MB)
	2619228  -  ResidentSetSize of job (KB)
...
006 (371.013.000) 12/08 21:44:36 Image size of job updated: 4782424
	2592  -  MemoryUsage of job (MB)
	2653888  -  ResidentSetSize of job (KB)
...
006 (371.013.000) 12/08 21:49:37 Image size of job updated: 4817272
	2626  -  MemoryUsage of job (MB)
	2688860  -  ResidentSetSize of job (KB)
...
006 (371.013.000) 12/08 21:54:38 Image size of job updated: 4852516
	2661  -  MemoryUsage of job (MB)
	2724228  -  ResidentSetSize of job (KB)
...
006 (371.013.000) 12/08 21:59:38 Image size of job updated: 4887760
	2695  -  MemoryUsage of job (MB)
	2759416  -  ResidentSetSize of job (KB)
...
006 (371.013.000) 12/08 22:04:38 Image size of job updated: 4922740
	2731  -  MemoryUsage of job (MB)
	2796476  -  ResidentSetSize of job (KB)
...
006 (371.013.000) 12/08 22:09:39 Image size of job updated: 4958116
	2766  -  MemoryUsage of job (MB)
	2831744  -  ResidentSetSize of job (KB)
...
006 (371.013.000) 12/08 22:14:39 Image size of job updated: 4993096
	2800  -  MemoryUsage of job (MB)
	2866804  -  ResidentSetSize of job (KB)
...
006 (371.013.000) 12/08 22:19:39 Image size of job updated: 5027812
	2834  -  MemoryUsage of job (MB)
	2901568  -  ResidentSetSize of job (KB)
...
006 (371.013.000) 12/08 22:24:40 Image size of job updated: 5064640
	2870  -  MemoryUsage of job (MB)
	2938296  -  ResidentSetSize of job (KB)
...
006 (371.013.000) 12/08 22:29:41 Image size of job updated: 5099752
	2904  -  MemoryUsage of job (MB)
	2973428  -  ResidentSetSize of job (KB)
...
006 (371.013.000) 12/08 22:34:41 Image size of job updated: 5134864
	2939  -  MemoryUsage of job (MB)
	3008560  -  ResidentSetSize of job (KB)
...
006 (371.013.000) 12/08 22:39:42 Image size of job updated: 5169844
	2973  -  MemoryUsage of job (MB)
	3043532  -  ResidentSetSize of job (KB)
...
006 (371.013.000) 12/08 22:44:43 Image size of job updated: 5204824
	3007  -  MemoryUsage of job (MB)
	3078544  -  ResidentSetSize of job (KB)
...
006 (371.013.000) 12/08 22:49:43 Image size of job updated: 5239144
	3040  -  MemoryUsage of job (MB)
	3112920  -  ResidentSetSize of job (KB)
...
006 (371.013.000) 12/08 22:54:43 Image size of job updated: 5273860
	3074  -  MemoryUsage of job (MB)
	3147564  -  ResidentSetSize of job (KB)
...
006 (371.013.000) 12/08 22:59:44 Image size of job updated: 5307652
	3107  -  MemoryUsage of job (MB)
	3181408  -  ResidentSetSize of job (KB)
...
006 (371.013.000) 12/08 23:04:46 Image size of job updated: 5341312
	3140  -  MemoryUsage of job (MB)
	3215064  -  ResidentSetSize of job (KB)
...
006 (371.013.000) 12/08 23:09:46 Image size of job updated: 5374708
	3173  -  MemoryUsage of job (MB)
	3248404  -  ResidentSetSize of job (KB)
...
006 (371.013.000) 12/08 23:14:46 Image size of job updated: 5407180
	3204  -  MemoryUsage of job (MB)
	3280824  -  ResidentSetSize of job (KB)
...
006 (371.013.000) 12/08 23:19:47 Image size of job updated: 5439256
	3236  -  MemoryUsage of job (MB)
	3312960  -  ResidentSetSize of job (KB)
...
006 (371.013.000) 12/08 23:24:48 Image size of job updated: 5470672
	3267  -  MemoryUsage of job (MB)
	3344432  -  ResidentSetSize of job (KB)
...
006 (371.013.000) 12/08 23:29:48 Image size of job updated: 5502352
	3297  -  MemoryUsage of job (MB)
	3376052  -  ResidentSetSize of job (KB)
...
006 (371.013.000) 12/08 23:34:48 Image size of job updated: 5534824
	3329  -  MemoryUsage of job (MB)
	3408572  -  ResidentSetSize of job (KB)
...
006 (371.013.000) 12/08 23:39:50 Image size of job updated: 5567296
	3361  -  MemoryUsage of job (MB)
	3441080  -  ResidentSetSize of job (KB)
...
006 (371.013.000) 12/08 23:44:50 Image size of job updated: 5600184
	3393  -  MemoryUsage of job (MB)
	3473928  -  ResidentSetSize of job (KB)
...
006 (371.013.000) 12/08 23:49:50 Image size of job updated: 5634768
	3427  -  MemoryUsage of job (MB)
	3508432  -  ResidentSetSize of job (KB)
...
006 (371.013.000) 12/08 23:54:51 Image size of job updated: 5667900
	3459  -  MemoryUsage of job (MB)
	3541624  -  ResidentSetSize of job (KB)
...
006 (371.013.000) 12/08 23:59:52 Image size of job updated: 5701824
	3492  -  MemoryUsage of job (MB)
	3575572  -  ResidentSetSize of job (KB)
...
006 (371.013.000) 12/09 00:04:52 Image size of job updated: 5736408
	3526  -  MemoryUsage of job (MB)
	3610108  -  ResidentSetSize of job (KB)
...
006 (371.013.000) 12/09 00:09:52 Image size of job updated: 5770596
	3561  -  MemoryUsage of job (MB)
	3646328  -  ResidentSetSize of job (KB)
...
006 (371.013.000) 12/09 00:14:54 Image size of job updated: 5804264
	3594  -  MemoryUsage of job (MB)
	3680064  -  ResidentSetSize of job (KB)
...
006 (371.013.000) 12/09 00:19:54 Image size of job updated: 5839112
	3628  -  MemoryUsage of job (MB)
	3714892  -  ResidentSetSize of job (KB)
...
006 (371.013.000) 12/09 00:24:54 Image size of job updated: 5874356
	3663  -  MemoryUsage of job (MB)
	3750148  -  ResidentSetSize of job (KB)
...
006 (371.013.000) 12/09 00:29:55 Image size of job updated: 5910128
	3698  -  MemoryUsage of job (MB)
	3785868  -  ResidentSetSize of job (KB)
...
006 (371.013.000) 12/09 00:34:56 Image size of job updated: 5945900
	3733  -  MemoryUsage of job (MB)
	3821628  -  ResidentSetSize of job (KB)
...
006 (371.013.000) 12/09 00:39:56 Image size of job updated: 5981408
	3767  -  MemoryUsage of job (MB)
	3857168  -  ResidentSetSize of job (KB)
...
006 (371.013.000) 12/09 00:44:57 Image size of job updated: 6017048
	3802  -  MemoryUsage of job (MB)
	3892816  -  ResidentSetSize of job (KB)
...
006 (371.013.000) 12/09 00:49:58 Image size of job updated: 6053216
	3837  -  MemoryUsage of job (MB)
	3928944  -  ResidentSetSize of job (KB)
...
006 (371.013.000) 12/09 00:54:58 Image size of job updated: 6089252
	3873  -  MemoryUsage of job (MB)
	3965088  -  ResidentSetSize of job (KB)
...
006 (371.013.000) 12/09 00:59:58 Image size of job updated: 6124628
	3907  -  MemoryUsage of job (MB)
	4000360  -  ResidentSetSize of job (KB)
...
006 (371.013.000) 12/09 01:05:00 Image size of job updated: 6160928
	3943  -  MemoryUsage of job (MB)
	4036676  -  ResidentSetSize of job (KB)
...
006 (371.013.000) 12/09 01:10:00 Image size of job updated: 6196984
	3978  -  MemoryUsage of job (MB)
	4072672  -  ResidentSetSize of job (KB)
...
006 (371.013.000) 12/09 01:15:00 Image size of job updated: 6232756
	4013  -  MemoryUsage of job (MB)
	4108520  -  ResidentSetSize of job (KB)
...
006 (371.013.000) 12/09 01:20:01 Image size of job updated: 6268396
	4048  -  MemoryUsage of job (MB)
	4144212  -  ResidentSetSize of job (KB)
...
006 (371.013.000) 12/09 01:25:02 Image size of job updated: 6303904
	4082  -  MemoryUsage of job (MB)
	4179700  -  ResidentSetSize of job (KB)
...
006 (371.013.000) 12/09 01:30:02 Image size of job updated: 6339940
	4117  -  MemoryUsage of job (MB)
	4215736  -  ResidentSetSize of job (KB)
...
006 (371.013.000) 12/09 01:35:03 Image size of job updated: 6375448
	4152  -  MemoryUsage of job (MB)
	4251316  -  ResidentSetSize of job (KB)
...
006 (371.013.000) 12/09 01:40:04 Image size of job updated: 6411220
	4187  -  MemoryUsage of job (MB)
	4287048  -  ResidentSetSize of job (KB)
...
006 (371.013.000) 12/09 01:45:04 Image size of job updated: 6446992
	4222  -  MemoryUsage of job (MB)
	4322804  -  ResidentSetSize of job (KB)
...
006 (371.013.000) 12/09 01:50:04 Image size of job updated: 6483160
	4257  -  MemoryUsage of job (MB)
	4358932  -  ResidentSetSize of job (KB)
...
006 (371.013.000) 12/09 01:55:06 Image size of job updated: 6518800
	4292  -  MemoryUsage of job (MB)
	4394580  -  ResidentSetSize of job (KB)
...
006 (371.013.000) 12/09 02:00:06 Image size of job updated: 6554440
	4327  -  MemoryUsage of job (MB)
	4430316  -  ResidentSetSize of job (KB)
...
006 (371.013.000) 12/09 02:05:06 Image size of job updated: 6591400
	4363  -  MemoryUsage of job (MB)
	4467208  -  ResidentSetSize of job (KB)
...
006 (371.013.000) 12/09 02:10:07 Image size of job updated: 6629284
	4400  -  MemoryUsage of job (MB)
	4505048  -  ResidentSetSize of job (KB)
...
006 (371.013.000) 12/09 02:15:08 Image size of job updated: 6667076
	4437  -  MemoryUsage of job (MB)
	4542948  -  ResidentSetSize of job (KB)
...
006 (371.013.000) 12/09 02:20:08 Image size of job updated: 6704564
	4474  -  MemoryUsage of job (MB)
	4580392  -  ResidentSetSize of job (KB)
...
006 (371.013.000) 12/09 02:25:08 Image size of job updated: 6742216
	4510  -  MemoryUsage of job (MB)
	4617956  -  ResidentSetSize of job (KB)
...
006 (371.013.000) 12/09 02:30:09 Image size of job updated: 6779572
	4547  -  MemoryUsage of job (MB)
	4655244  -  ResidentSetSize of job (KB)
...
006 (371.013.000) 12/09 02:35:09 Image size of job updated: 6817060
	4583  -  MemoryUsage of job (MB)
	4692776  -  ResidentSetSize of job (KB)
...
006 (371.013.000) 12/09 02:40:09 Image size of job updated: 6854020
	4621  -  MemoryUsage of job (MB)
	4731892  -  ResidentSetSize of job (KB)
...
006 (371.013.000) 12/09 02:45:10 Image size of job updated: 6893224
	4660  -  MemoryUsage of job (MB)
	4771056  -  ResidentSetSize of job (KB)
...
006 (371.013.000) 12/09 02:50:11 Image size of job updated: 6928600
	4694  -  MemoryUsage of job (MB)
	4806496  -  ResidentSetSize of job (KB)
...
006 (371.013.000) 12/09 02:55:11 Image size of job updated: 6965056
	4730  -  MemoryUsage of job (MB)
	4842892  -  ResidentSetSize of job (KB)
...
006 (371.013.000) 12/09 03:00:11 Image size of job updated: 7000696
	4765  -  MemoryUsage of job (MB)
	4878460  -  ResidentSetSize of job (KB)
...
006 (371.013.000) 12/09 03:05:12 Image size of job updated: 7035412
	4799  -  MemoryUsage of job (MB)
	4913284  -  ResidentSetSize of job (KB)
...
006 (371.013.000) 12/09 03:10:13 Image size of job updated: 7069864
	4832  -  MemoryUsage of job (MB)
	4947732  -  ResidentSetSize of job (KB)
...
006 (371.013.000) 12/09 03:15:13 Image size of job updated: 7104184
	4866  -  MemoryUsage of job (MB)
	4982012  -  ResidentSetSize of job (KB)
...
006 (371.013.000) 12/09 03:20:14 Image size of job updated: 7139164
	4900  -  MemoryUsage of job (MB)
	5017020  -  ResidentSetSize of job (KB)
...
006 (371.013.000) 12/09 03:25:15 Image size of job updated: 7173628
	4934  -  MemoryUsage of job (MB)
	5051544  -  ResidentSetSize of job (KB)
...
006 (371.013.000) 12/09 03:30:15 Image size of job updated: 7208344
	4967  -  MemoryUsage of job (MB)
	5086188  -  ResidentSetSize of job (KB)
...
006 (371.013.000) 12/09 03:35:15 Image size of job updated: 7243588
	5002  -  MemoryUsage of job (MB)
	5121320  -  ResidentSetSize of job (KB)
...
006 (371.013.000) 12/09 03:40:16 Image size of job updated: 7277908
	5035  -  MemoryUsage of job (MB)
	5155816  -  ResidentSetSize of job (KB)
...
006 (371.013.000) 12/09 03:45:16 Image size of job updated: 7312380
	5069  -  MemoryUsage of job (MB)
	5190320  -  ResidentSetSize of job (KB)
...
006 (371.013.000) 12/09 03:50:16 Image size of job updated: 7346336
	5102  -  MemoryUsage of job (MB)
	5224148  -  ResidentSetSize of job (KB)
...
006 (371.013.000) 12/09 03:55:18 Image size of job updated: 7381316
	5136  -  MemoryUsage of job (MB)
	5259208  -  ResidentSetSize of job (KB)
...
006 (371.013.000) 12/09 04:00:18 Image size of job updated: 7416032
	5170  -  MemoryUsage of job (MB)
	5293748  -  ResidentSetSize of job (KB)
...
006 (371.013.000) 12/09 04:05:18 Image size of job updated: 7451672
	5205  -  MemoryUsage of job (MB)
	5329500  -  ResidentSetSize of job (KB)
...
006 (371.013.000) 12/09 04:10:19 Image size of job updated: 7487312
	5240  -  MemoryUsage of job (MB)
	5365140  -  ResidentSetSize of job (KB)
...
006 (371.013.000) 12/09 04:15:20 Image size of job updated: 7522952
	5275  -  MemoryUsage of job (MB)
	5400800  -  ResidentSetSize of job (KB)
...
006 (371.013.000) 12/09 04:20:20 Image size of job updated: 7558856
	5310  -  MemoryUsage of job (MB)
	5436668  -  ResidentSetSize of job (KB)
...
006 (371.013.000) 12/09 04:25:21 Image size of job updated: 7594628
	5345  -  MemoryUsage of job (MB)
	5472440  -  ResidentSetSize of job (KB)
...
006 (371.013.000) 12/09 04:30:22 Image size of job updated: 7630400
	5380  -  MemoryUsage of job (MB)
	5508212  -  ResidentSetSize of job (KB)
...
006 (371.013.000) 12/09 04:35:22 Image size of job updated: 7665776
	5414  -  MemoryUsage of job (MB)
	5543640  -  ResidentSetSize of job (KB)
...
006 (371.013.000) 12/09 04:40:22 Image size of job updated: 7700888
	5449  -  MemoryUsage of job (MB)
	5578772  -  ResidentSetSize of job (KB)
...
006 (371.013.000) 12/09 04:45:23 Image size of job updated: 7735868
	5483  -  MemoryUsage of job (MB)
	5613704  -  ResidentSetSize of job (KB)
...
006 (371.013.000) 12/09 04:50:24 Image size of job updated: 7770716
	5517  -  MemoryUsage of job (MB)
	5648592  -  ResidentSetSize of job (KB)
...
006 (371.013.000) 12/09 04:55:24 Image size of job updated: 7806224
	5551  -  MemoryUsage of job (MB)
	5684092  -  ResidentSetSize of job (KB)
...
006 (371.013.000) 12/09 05:00:25 Image size of job updated: 7841864
	5586  -  MemoryUsage of job (MB)
	5719768  -  ResidentSetSize of job (KB)
...
006 (371.013.000) 12/09 05:05:26 Image size of job updated: 7878172
	5622  -  MemoryUsage of job (MB)
	5756072  -  ResidentSetSize of job (KB)
...
006 (371.013.000) 12/09 05:10:26 Image size of job updated: 7915264
	5658  -  MemoryUsage of job (MB)
	5793188  -  ResidentSetSize of job (KB)
...
006 (371.013.000) 12/09 05:15:26 Image size of job updated: 7952752
	5694  -  MemoryUsage of job (MB)
	5830524  -  ResidentSetSize of job (KB)
...
006 (371.013.000) 12/09 05:20:27 Image size of job updated: 7989844
	5731  -  MemoryUsage of job (MB)
	5867724  -  ResidentSetSize of job (KB)
...
006 (371.013.000) 12/09 05:25:28 Image size of job updated: 8026808
	5767  -  MemoryUsage of job (MB)
	5904600  -  ResidentSetSize of job (KB)
...
006 (371.013.000) 12/09 05:30:28 Image size of job updated: 8063768
	5803  -  MemoryUsage of job (MB)
	5941648  -  ResidentSetSize of job (KB)
...
006 (371.013.000) 12/09 05:35:28 Image size of job updated: 8100860
	5839  -  MemoryUsage of job (MB)
	5978776  -  ResidentSetSize of job (KB)
...
006 (371.013.000) 12/09 05:40:30 Image size of job updated: 8137424
	5875  -  MemoryUsage of job (MB)
	6015348  -  ResidentSetSize of job (KB)
...
006 (371.013.000) 12/09 05:45:30 Image size of job updated: 8174388
	5911  -  MemoryUsage of job (MB)
	6052196  -  ResidentSetSize of job (KB)
...
006 (371.013.000) 12/09 05:50:30 Image size of job updated: 8211348
	5949  -  MemoryUsage of job (MB)
	6091208  -  ResidentSetSize of job (KB)
...
006 (371.013.000) 12/09 05:55:31 Image size of job updated: 8248440
	5985  -  MemoryUsage of job (MB)
	6128416  -  ResidentSetSize of job (KB)
...
006 (371.013.000) 12/09 06:00:32 Image size of job updated: 8285664
	6021  -  MemoryUsage of job (MB)
	6165364  -  ResidentSetSize of job (KB)
...
006 (371.013.000) 12/09 06:05:32 Image size of job updated: 8322784
	6058  -  MemoryUsage of job (MB)
	6202560  -  ResidentSetSize of job (KB)
...
006 (371.013.000) 12/09 06:10:32 Image size of job updated: 8359612
	6094  -  MemoryUsage of job (MB)
	6239472  -  ResidentSetSize of job (KB)
...
006 (371.013.000) 12/09 06:15:33 Image size of job updated: 8396572
	6130  -  MemoryUsage of job (MB)
	6276436  -  ResidentSetSize of job (KB)
...
006 (371.013.000) 12/09 06:20:34 Image size of job updated: 8433268
	6166  -  MemoryUsage of job (MB)
	6313180  -  ResidentSetSize of job (KB)
...
006 (371.013.000) 12/09 06:25:34 Image size of job updated: 8468820
	6200  -  MemoryUsage of job (MB)
	6348580  -  ResidentSetSize of job (KB)
...
006 (371.013.000) 12/09 06:30:35 Image size of job updated: 8505780
	6237  -  MemoryUsage of job (MB)
	6385768  -  ResidentSetSize of job (KB)
...
006 (371.013.000) 12/09 06:35:36 Image size of job updated: 8540496
	6270  -  MemoryUsage of job (MB)
	6420452  -  ResidentSetSize of job (KB)
...
006 (371.013.000) 12/09 06:40:36 Image size of job updated: 8574684
	6304  -  MemoryUsage of job (MB)
	6454620  -  ResidentSetSize of job (KB)
...
006 (371.013.000) 12/09 06:45:36 Image size of job updated: 8608608
	6337  -  MemoryUsage of job (MB)
	6488520  -  ResidentSetSize of job (KB)
...
006 (371.013.000) 12/09 06:50:37 Image size of job updated: 8640948
	6369  -  MemoryUsage of job (MB)
	6520944  -  ResidentSetSize of job (KB)
...
006 (371.013.000) 12/09 06:55:37 Image size of job updated: 8676852
	6404  -  MemoryUsage of job (MB)
	6556780  -  ResidentSetSize of job (KB)
...
006 (371.013.000) 12/09 07:00:37 Image size of job updated: 8712360
	6438  -  MemoryUsage of job (MB)
	6592292  -  ResidentSetSize of job (KB)
...
006 (371.013.000) 12/09 07:05:38 Image size of job updated: 8749320
	6474  -  MemoryUsage of job (MB)
	6629188  -  ResidentSetSize of job (KB)
...
006 (371.013.000) 12/09 07:10:39 Image size of job updated: 8786412
	6511  -  MemoryUsage of job (MB)
	6666284  -  ResidentSetSize of job (KB)
...
006 (371.013.000) 12/09 07:15:39 Image size of job updated: 8823108
	6546  -  MemoryUsage of job (MB)
	6702864  -  ResidentSetSize of job (KB)
...
006 (371.013.000) 12/09 07:20:39 Image size of job updated: 8860860
	6583  -  MemoryUsage of job (MB)
	6740720  -  ResidentSetSize of job (KB)
...
006 (371.013.000) 12/09 07:25:40 Image size of job updated: 8898348
	6620  -  MemoryUsage of job (MB)
	6778104  -  ResidentSetSize of job (KB)
...
006 (371.013.000) 12/09 07:30:41 Image size of job updated: 8935308
	6656  -  MemoryUsage of job (MB)
	6815120  -  ResidentSetSize of job (KB)
...
006 (371.013.000) 12/09 07:35:41 Image size of job updated: 8971764
	6692  -  MemoryUsage of job (MB)
	6851716  -  ResidentSetSize of job (KB)
...
006 (371.013.000) 12/09 07:40:41 Image size of job updated: 9007008
	6726  -  MemoryUsage of job (MB)
	6886884  -  ResidentSetSize of job (KB)
...
006 (371.013.000) 12/09 07:45:42 Image size of job updated: 9043308
	6761  -  MemoryUsage of job (MB)
	6923188  -  ResidentSetSize of job (KB)
...
006 (371.013.000) 12/09 07:50:43 Image size of job updated: 9079740
	6797  -  MemoryUsage of job (MB)
	6959600  -  ResidentSetSize of job (KB)
...
006 (371.013.000) 12/09 07:55:43 Image size of job updated: 9116040
	6832  -  MemoryUsage of job (MB)
	6995896  -  ResidentSetSize of job (KB)
...
006 (371.013.000) 12/09 08:00:43 Image size of job updated: 9152472
	6868  -  MemoryUsage of job (MB)
	7032416  -  ResidentSetSize of job (KB)
...
006 (371.013.000) 12/09 08:05:44 Image size of job updated: 9189432
	6904  -  MemoryUsage of job (MB)
	7069132  -  ResidentSetSize of job (KB)
...
006 (371.013.000) 12/09 08:10:44 Image size of job updated: 9225996
	6940  -  MemoryUsage of job (MB)
	7105848  -  ResidentSetSize of job (KB)
...
006 (371.013.000) 12/09 08:15:44 Image size of job updated: 9262164
	6975  -  MemoryUsage of job (MB)
	7142096  -  ResidentSetSize of job (KB)
...
006 (371.013.000) 12/09 08:20:45 Image size of job updated: 9298464
	7011  -  MemoryUsage of job (MB)
	7178268  -  ResidentSetSize of job (KB)
...
006 (371.013.000) 12/09 08:25:46 Image size of job updated: 9334764
	7046  -  MemoryUsage of job (MB)
	7214640  -  ResidentSetSize of job (KB)
...
006 (371.013.000) 12/09 08:30:46 Image size of job updated: 9370800
	7081  -  MemoryUsage of job (MB)
	7250640  -  ResidentSetSize of job (KB)
...
006 (371.013.000) 12/09 08:35:46 Image size of job updated: 9406704
	7116  -  MemoryUsage of job (MB)
	7286572  -  ResidentSetSize of job (KB)
...
006 (371.013.000) 12/09 08:40:47 Image size of job updated: 9443268
	7152  -  MemoryUsage of job (MB)
	7323252  -  ResidentSetSize of job (KB)
...
006 (371.013.000) 12/09 08:45:48 Image size of job updated: 9480096
	7188  -  MemoryUsage of job (MB)
	7360064  -  ResidentSetSize of job (KB)
...
006 (371.013.000) 12/09 08:50:48 Image size of job updated: 9516396
	7223  -  MemoryUsage of job (MB)
	7396348  -  ResidentSetSize of job (KB)
...
006 (371.013.000) 12/09 08:55:48 Image size of job updated: 9551904
	7260  -  MemoryUsage of job (MB)
	7433772  -  ResidentSetSize of job (KB)
...
006 (371.013.000) 12/09 09:00:48 Image size of job updated: 9587148
	7295  -  MemoryUsage of job (MB)
	7469112  -  ResidentSetSize of job (KB)
...
006 (371.013.000) 12/09 09:04:40 Image size of job updated: 9613152
	7295  -  MemoryUsage of job (MB)
	7469112  -  ResidentSetSize of job (KB)
...
005 (371.013.000) 12/09 09:04:40 Job terminated.
	(1) Normal termination (return value 0)
		Usr 0 17:40:19, Sys 0 00:00:13  -  Run Remote Usage
		Usr 0 00:00:00, Sys 0 00:00:00  -  Run Local Usage
		Usr 0 17:40:19, Sys 0 00:00:13  -  Total Remote Usage
		Usr 0 00:00:00, Sys 0 00:00:00  -  Total Local Usage
	0  -  Run Bytes Sent By Job
	0  -  Run Bytes Received By Job
	0  -  Total Bytes Sent By Job
	0  -  Total Bytes Received By Job
	Partitionable Resources :    Usage  Request Allocated
	   Cpus                 :                 1         1
	   Disk (KB)            :      175      175  12100224
	   Memory (MB)          :     7295        1      2012
...
