000 (371.006.000) 12/08 15:23:44 Job submitted from host: <128.104.190.61:58455?addrs=128.104.190.61-58455>
...
001 (371.006.000) 12/08 15:23:49 Job executing on host: <128.104.190.58:56194?addrs=128.104.190.58-56194>
...
006 (371.006.000) 12/08 15:23:57 Image size of job updated: 57240
	2  -  MemoryUsage of job (MB)
	1740  -  ResidentSetSize of job (KB)
...
006 (371.006.000) 12/08 15:28:57 Image size of job updated: 2243540
	87  -  MemoryUsage of job (MB)
	88844  -  ResidentSetSize of job (KB)
...
006 (371.006.000) 12/08 15:33:58 Image size of job updated: 2251332
	99  -  MemoryUsage of job (MB)
	101336  -  ResidentSetSize of job (KB)
...
006 (371.006.000) 12/08 15:38:59 Image size of job updated: 2251332
	107  -  MemoryUsage of job (MB)
	109528  -  ResidentSetSize of job (KB)
...
006 (371.006.000) 12/08 15:43:59 Image size of job updated: 2253984
	114  -  MemoryUsage of job (MB)
	116328  -  ResidentSetSize of job (KB)
...
006 (371.006.000) 12/08 15:49:00 Image size of job updated: 2273256
	133  -  MemoryUsage of job (MB)
	135600  -  ResidentSetSize of job (KB)
...
006 (371.006.000) 12/08 15:54:01 Image size of job updated: 2293452
	153  -  MemoryUsage of job (MB)
	155664  -  ResidentSetSize of job (KB)
...
006 (371.006.000) 12/08 15:59:01 Image size of job updated: 2313648
	172  -  MemoryUsage of job (MB)
	175992  -  ResidentSetSize of job (KB)
...
006 (371.006.000) 12/08 16:04:01 Image size of job updated: 2333712
	192  -  MemoryUsage of job (MB)
	196056  -  ResidentSetSize of job (KB)
...
006 (371.006.000) 12/08 16:09:02 Image size of job updated: 2353644
	211  -  MemoryUsage of job (MB)
	215856  -  ResidentSetSize of job (KB)
...
006 (371.006.000) 12/08 16:14:02 Image size of job updated: 2373840
	231  -  MemoryUsage of job (MB)
	236184  -  ResidentSetSize of job (KB)
...
006 (371.006.000) 12/08 16:19:02 Image size of job updated: 2393904
	251  -  MemoryUsage of job (MB)
	256248  -  ResidentSetSize of job (KB)
...
006 (371.006.000) 12/08 16:24:03 Image size of job updated: 2414100
	270  -  MemoryUsage of job (MB)
	276312  -  ResidentSetSize of job (KB)
...
006 (371.006.000) 12/08 16:29:04 Image size of job updated: 2434164
	290  -  MemoryUsage of job (MB)
	296376  -  ResidentSetSize of job (KB)
...
006 (371.006.000) 12/08 16:34:04 Image size of job updated: 2454228
	310  -  MemoryUsage of job (MB)
	316440  -  ResidentSetSize of job (KB)
...
006 (371.006.000) 12/08 16:39:04 Image size of job updated: 2474292
	329  -  MemoryUsage of job (MB)
	336504  -  ResidentSetSize of job (KB)
...
006 (371.006.000) 12/08 16:44:05 Image size of job updated: 2494092
	348  -  MemoryUsage of job (MB)
	356304  -  ResidentSetSize of job (KB)
...
006 (371.006.000) 12/08 16:49:05 Image size of job updated: 2512704
	367  -  MemoryUsage of job (MB)
	375048  -  ResidentSetSize of job (KB)
...
006 (371.006.000) 12/08 16:54:05 Image size of job updated: 2531184
	385  -  MemoryUsage of job (MB)
	393528  -  ResidentSetSize of job (KB)
...
006 (371.006.000) 12/08 16:59:06 Image size of job updated: 2550720
	404  -  MemoryUsage of job (MB)
	413124  -  ResidentSetSize of job (KB)
...
006 (371.006.000) 12/08 17:04:07 Image size of job updated: 2577516
	430  -  MemoryUsage of job (MB)
	439788  -  ResidentSetSize of job (KB)
...
006 (371.006.000) 12/08 17:09:07 Image size of job updated: 2599560
	452  -  MemoryUsage of job (MB)
	461964  -  ResidentSetSize of job (KB)
...
006 (371.006.000) 12/08 17:14:07 Image size of job updated: 2622264
	474  -  MemoryUsage of job (MB)
	484668  -  ResidentSetSize of job (KB)
...
006 (371.006.000) 12/08 17:19:08 Image size of job updated: 2644572
	496  -  MemoryUsage of job (MB)
	507108  -  ResidentSetSize of job (KB)
...
006 (371.006.000) 12/08 17:24:08 Image size of job updated: 2666880
	517  -  MemoryUsage of job (MB)
	529284  -  ResidentSetSize of job (KB)
...
006 (371.006.000) 12/08 17:29:08 Image size of job updated: 2689056
	539  -  MemoryUsage of job (MB)
	551460  -  ResidentSetSize of job (KB)
...
006 (371.006.000) 12/08 17:34:09 Image size of job updated: 2719944
	569  -  MemoryUsage of job (MB)
	582348  -  ResidentSetSize of job (KB)
...
006 (371.006.000) 12/08 17:39:10 Image size of job updated: 2747928
	597  -  MemoryUsage of job (MB)
	610332  -  ResidentSetSize of job (KB)
...
006 (371.006.000) 12/08 17:44:10 Image size of job updated: 2771556
	619  -  MemoryUsage of job (MB)
	633828  -  ResidentSetSize of job (KB)
...
006 (371.006.000) 12/08 17:49:11 Image size of job updated: 2794260
	642  -  MemoryUsage of job (MB)
	656532  -  ResidentSetSize of job (KB)
...
006 (371.006.000) 12/08 17:54:12 Image size of job updated: 2817624
	665  -  MemoryUsage of job (MB)
	680028  -  ResidentSetSize of job (KB)
...
006 (371.006.000) 12/08 17:59:12 Image size of job updated: 2841516
	688  -  MemoryUsage of job (MB)
	703788  -  ResidentSetSize of job (KB)
...
006 (371.006.000) 12/08 18:04:12 Image size of job updated: 2864880
	711  -  MemoryUsage of job (MB)
	727284  -  ResidentSetSize of job (KB)
...
006 (371.006.000) 12/08 18:09:13 Image size of job updated: 2887320
	733  -  MemoryUsage of job (MB)
	749724  -  ResidentSetSize of job (KB)
...
006 (371.006.000) 12/08 18:14:14 Image size of job updated: 2910288
	755  -  MemoryUsage of job (MB)
	772800  -  ResidentSetSize of job (KB)
...
006 (371.006.000) 12/08 18:19:14 Image size of job updated: 2932464
	777  -  MemoryUsage of job (MB)
	794960  -  ResidentSetSize of job (KB)
...
006 (371.006.000) 12/08 18:24:15 Image size of job updated: 2958600
	803  -  MemoryUsage of job (MB)
	821288  -  ResidentSetSize of job (KB)
...
006 (371.006.000) 12/08 18:29:16 Image size of job updated: 2983548
	827  -  MemoryUsage of job (MB)
	846104  -  ResidentSetSize of job (KB)
...
006 (371.006.000) 12/08 18:34:16 Image size of job updated: 3007308
	850  -  MemoryUsage of job (MB)
	870128  -  ResidentSetSize of job (KB)
...
006 (371.006.000) 12/08 18:39:16 Image size of job updated: 3029748
	872  -  MemoryUsage of job (MB)
	892568  -  ResidentSetSize of job (KB)
...
006 (371.006.000) 12/08 18:44:17 Image size of job updated: 3052056
	894  -  MemoryUsage of job (MB)
	914744  -  ResidentSetSize of job (KB)
...
006 (371.006.000) 12/08 18:49:18 Image size of job updated: 3073968
	915  -  MemoryUsage of job (MB)
	936656  -  ResidentSetSize of job (KB)
...
006 (371.006.000) 12/08 18:54:18 Image size of job updated: 3099444
	940  -  MemoryUsage of job (MB)
	962264  -  ResidentSetSize of job (KB)
...
006 (371.006.000) 12/08 18:59:19 Image size of job updated: 3121620
	962  -  MemoryUsage of job (MB)
	984440  -  ResidentSetSize of job (KB)
...
006 (371.006.000) 12/08 19:04:20 Image size of job updated: 3144720
	984  -  MemoryUsage of job (MB)
	1007408  -  ResidentSetSize of job (KB)
...
006 (371.006.000) 12/08 19:09:20 Image size of job updated: 3166632
	1006  -  MemoryUsage of job (MB)
	1029320  -  ResidentSetSize of job (KB)
...
006 (371.006.000) 12/08 19:14:20 Image size of job updated: 3189600
	1028  -  MemoryUsage of job (MB)
	1052280  -  ResidentSetSize of job (KB)
...
006 (371.006.000) 12/08 19:19:22 Image size of job updated: 3211908
	1050  -  MemoryUsage of job (MB)
	1074712  -  ResidentSetSize of job (KB)
...
006 (371.006.000) 12/08 19:24:22 Image size of job updated: 3234348
	1072  -  MemoryUsage of job (MB)
	1097152  -  ResidentSetSize of job (KB)
...
006 (371.006.000) 12/08 19:29:22 Image size of job updated: 3257052
	1094  -  MemoryUsage of job (MB)
	1119856  -  ResidentSetSize of job (KB)
...
006 (371.006.000) 12/08 19:34:23 Image size of job updated: 3281736
	1118  -  MemoryUsage of job (MB)
	1144408  -  ResidentSetSize of job (KB)
...
006 (371.006.000) 12/08 19:39:24 Image size of job updated: 3305892
	1142  -  MemoryUsage of job (MB)
	1168696  -  ResidentSetSize of job (KB)
...
006 (371.006.000) 12/08 19:44:24 Image size of job updated: 3328992
	1164  -  MemoryUsage of job (MB)
	1191664  -  ResidentSetSize of job (KB)
...
006 (371.006.000) 12/08 19:49:24 Image size of job updated: 3350904
	1186  -  MemoryUsage of job (MB)
	1213576  -  ResidentSetSize of job (KB)
...
006 (371.006.000) 12/08 19:54:25 Image size of job updated: 3373344
	1208  -  MemoryUsage of job (MB)
	1236008  -  ResidentSetSize of job (KB)
...
006 (371.006.000) 12/08 19:59:25 Image size of job updated: 3397896
	1232  -  MemoryUsage of job (MB)
	1260560  -  ResidentSetSize of job (KB)
...
006 (371.006.000) 12/08 20:04:25 Image size of job updated: 3420468
	1254  -  MemoryUsage of job (MB)
	1283228  -  ResidentSetSize of job (KB)
...
006 (371.006.000) 12/08 20:09:26 Image size of job updated: 3443568
	1276  -  MemoryUsage of job (MB)
	1306196  -  ResidentSetSize of job (KB)
...
006 (371.006.000) 12/08 20:14:27 Image size of job updated: 3466008
	1298  -  MemoryUsage of job (MB)
	1328636  -  ResidentSetSize of job (KB)
...
006 (371.006.000) 12/08 20:19:27 Image size of job updated: 3485808
	1317  -  MemoryUsage of job (MB)
	1348436  -  ResidentSetSize of job (KB)
...
006 (371.006.000) 12/08 20:24:27 Image size of job updated: 3502440
	1334  -  MemoryUsage of job (MB)
	1365068  -  ResidentSetSize of job (KB)
...
006 (371.006.000) 12/08 20:29:28 Image size of job updated: 3518148
	1349  -  MemoryUsage of job (MB)
	1380896  -  ResidentSetSize of job (KB)
...
006 (371.006.000) 12/08 20:34:28 Image size of job updated: 3537156
	1368  -  MemoryUsage of job (MB)
	1399904  -  ResidentSetSize of job (KB)
...
006 (371.006.000) 12/08 20:39:28 Image size of job updated: 3558408
	1388  -  MemoryUsage of job (MB)
	1421024  -  ResidentSetSize of job (KB)
...
006 (371.006.000) 12/08 20:44:29 Image size of job updated: 3577416
	1407  -  MemoryUsage of job (MB)
	1440032  -  ResidentSetSize of job (KB)
...
006 (371.006.000) 12/08 20:49:30 Image size of job updated: 3593916
	1423  -  MemoryUsage of job (MB)
	1456664  -  ResidentSetSize of job (KB)
...
006 (371.006.000) 12/08 20:54:30 Image size of job updated: 3610284
	1439  -  MemoryUsage of job (MB)
	1473032  -  ResidentSetSize of job (KB)
...
006 (371.006.000) 12/08 20:59:31 Image size of job updated: 3627840
	1456  -  MemoryUsage of job (MB)
	1490468  -  ResidentSetSize of job (KB)
...
006 (371.006.000) 12/08 21:04:32 Image size of job updated: 3645528
	1473  -  MemoryUsage of job (MB)
	1508252  -  ResidentSetSize of job (KB)
...
006 (371.006.000) 12/08 21:09:32 Image size of job updated: 3664140
	1491  -  MemoryUsage of job (MB)
	1525936  -  ResidentSetSize of job (KB)
...
006 (371.006.000) 12/08 21:14:32 Image size of job updated: 3681960
	1505  -  MemoryUsage of job (MB)
	1540976  -  ResidentSetSize of job (KB)
...
006 (371.006.000) 12/08 21:19:33 Image size of job updated: 3699648
	1521  -  MemoryUsage of job (MB)
	1557200  -  ResidentSetSize of job (KB)
...
006 (371.006.000) 12/08 21:24:34 Image size of job updated: 3717732
	1539  -  MemoryUsage of job (MB)
	1574992  -  ResidentSetSize of job (KB)
...
006 (371.006.000) 12/08 21:29:34 Image size of job updated: 3735816
	1556  -  MemoryUsage of job (MB)
	1593168  -  ResidentSetSize of job (KB)
...
006 (371.006.000) 12/08 21:34:35 Image size of job updated: 3752580
	1573  -  MemoryUsage of job (MB)
	1609752  -  ResidentSetSize of job (KB)
...
006 (371.006.000) 12/08 21:39:36 Image size of job updated: 3769608
	1589  -  MemoryUsage of job (MB)
	1626464  -  ResidentSetSize of job (KB)
...
006 (371.006.000) 12/08 21:44:36 Image size of job updated: 3787428
	1606  -  MemoryUsage of job (MB)
	1644408  -  ResidentSetSize of job (KB)
...
006 (371.006.000) 12/08 21:49:36 Image size of job updated: 3805908
	1624  -  MemoryUsage of job (MB)
	1662020  -  ResidentSetSize of job (KB)
...
006 (371.006.000) 12/08 21:54:38 Image size of job updated: 3823992
	1641  -  MemoryUsage of job (MB)
	1679972  -  ResidentSetSize of job (KB)
...
006 (371.006.000) 12/08 21:59:38 Image size of job updated: 3842340
	1659  -  MemoryUsage of job (MB)
	1698452  -  ResidentSetSize of job (KB)
...
006 (371.006.000) 12/08 22:04:38 Image size of job updated: 3860292
	1676  -  MemoryUsage of job (MB)
	1716140  -  ResidentSetSize of job (KB)
...
006 (371.006.000) 12/08 22:09:39 Image size of job updated: 3878904
	1695  -  MemoryUsage of job (MB)
	1734884  -  ResidentSetSize of job (KB)
...
006 (371.006.000) 12/08 22:14:40 Image size of job updated: 3897780
	1713  -  MemoryUsage of job (MB)
	1753892  -  ResidentSetSize of job (KB)
...
006 (371.006.000) 12/08 22:19:40 Image size of job updated: 3916128
	1731  -  MemoryUsage of job (MB)
	1772108  -  ResidentSetSize of job (KB)
...
006 (371.006.000) 12/08 22:24:41 Image size of job updated: 3934344
	1749  -  MemoryUsage of job (MB)
	1790324  -  ResidentSetSize of job (KB)
...
006 (371.006.000) 12/08 22:29:42 Image size of job updated: 3952824
	1767  -  MemoryUsage of job (MB)
	1808804  -  ResidentSetSize of job (KB)
...
006 (371.006.000) 12/08 22:34:42 Image size of job updated: 3971436
	1785  -  MemoryUsage of job (MB)
	1827548  -  ResidentSetSize of job (KB)
...
006 (371.006.000) 12/08 22:39:42 Image size of job updated: 3989784
	1803  -  MemoryUsage of job (MB)
	1845720  -  ResidentSetSize of job (KB)
...
006 (371.006.000) 12/08 22:44:43 Image size of job updated: 4008264
	1820  -  MemoryUsage of job (MB)
	1863460  -  ResidentSetSize of job (KB)
...
006 (371.006.000) 12/08 22:49:44 Image size of job updated: 4026876
	1838  -  MemoryUsage of job (MB)
	1881784  -  ResidentSetSize of job (KB)
...
006 (371.006.000) 12/08 22:54:44 Image size of job updated: 4045488
	1856  -  MemoryUsage of job (MB)
	1899880  -  ResidentSetSize of job (KB)
...
006 (371.006.000) 12/08 22:59:45 Image size of job updated: 4065552
	1875  -  MemoryUsage of job (MB)
	1919852  -  ResidentSetSize of job (KB)
...
006 (371.006.000) 12/08 23:04:46 Image size of job updated: 4085616
	1895  -  MemoryUsage of job (MB)
	1939916  -  ResidentSetSize of job (KB)
...
006 (371.006.000) 12/08 23:09:46 Image size of job updated: 4105284
	1914  -  MemoryUsage of job (MB)
	1959716  -  ResidentSetSize of job (KB)
...
006 (371.006.000) 12/08 23:14:46 Image size of job updated: 4124556
	1933  -  MemoryUsage of job (MB)
	1978980  -  ResidentSetSize of job (KB)
...
006 (371.006.000) 12/08 23:19:47 Image size of job updated: 4144752
	1953  -  MemoryUsage of job (MB)
	1999044  -  ResidentSetSize of job (KB)
...
006 (371.006.000) 12/08 23:24:48 Image size of job updated: 4164948
	1973  -  MemoryUsage of job (MB)
	2019372  -  ResidentSetSize of job (KB)
...
006 (371.006.000) 12/08 23:29:48 Image size of job updated: 4185144
	1992  -  MemoryUsage of job (MB)
	2039436  -  ResidentSetSize of job (KB)
...
006 (371.006.000) 12/08 23:34:49 Image size of job updated: 4205340
	2012  -  MemoryUsage of job (MB)
	2059764  -  ResidentSetSize of job (KB)
...
006 (371.006.000) 12/08 23:39:50 Image size of job updated: 4225140
	2031  -  MemoryUsage of job (MB)
	2079564  -  ResidentSetSize of job (KB)
...
006 (371.006.000) 12/08 23:44:50 Image size of job updated: 4246656
	2052  -  MemoryUsage of job (MB)
	2100948  -  ResidentSetSize of job (KB)
...
006 (371.006.000) 12/08 23:49:50 Image size of job updated: 4266192
	2071  -  MemoryUsage of job (MB)
	2120484  -  ResidentSetSize of job (KB)
...
006 (371.006.000) 12/08 23:54:51 Image size of job updated: 4286520
	2091  -  MemoryUsage of job (MB)
	2140812  -  ResidentSetSize of job (KB)
...
006 (371.006.000) 12/08 23:59:52 Image size of job updated: 4306980
	2111  -  MemoryUsage of job (MB)
	2161404  -  ResidentSetSize of job (KB)
...
006 (371.006.000) 12/09 00:04:52 Image size of job updated: 4335360
	2140  -  MemoryUsage of job (MB)
	2190948  -  ResidentSetSize of job (KB)
...
006 (371.006.000) 12/09 00:09:52 Image size of job updated: 4360968
	2167  -  MemoryUsage of job (MB)
	2218168  -  ResidentSetSize of job (KB)
...
006 (371.006.000) 12/09 00:14:53 Image size of job updated: 4383672
	2186  -  MemoryUsage of job (MB)
	2238080  -  ResidentSetSize of job (KB)
...
006 (371.006.000) 12/09 00:19:53 Image size of job updated: 4406376
	2196  -  MemoryUsage of job (MB)
	2247804  -  ResidentSetSize of job (KB)
...
006 (371.006.000) 12/09 00:24:53 Image size of job updated: 4428288
	2207  -  MemoryUsage of job (MB)
	2259212  -  ResidentSetSize of job (KB)
...
006 (371.006.000) 12/09 00:29:54 Image size of job updated: 4450728
	2227  -  MemoryUsage of job (MB)
	2280420  -  ResidentSetSize of job (KB)
...
006 (371.006.000) 12/09 00:34:55 Image size of job updated: 4472904
	2248  -  MemoryUsage of job (MB)
	2301680  -  ResidentSetSize of job (KB)
...
006 (371.006.000) 12/09 00:39:55 Image size of job updated: 4494948
	2270  -  MemoryUsage of job (MB)
	2323996  -  ResidentSetSize of job (KB)
...
006 (371.006.000) 12/09 00:44:56 Image size of job updated: 4517124
	2291  -  MemoryUsage of job (MB)
	2345956  -  ResidentSetSize of job (KB)
...
006 (371.006.000) 12/09 00:49:57 Image size of job updated: 4539828
	2291  -  MemoryUsage of job (MB)
	2345956  -  ResidentSetSize of job (KB)
...
006 (371.006.000) 12/09 00:54:57 Image size of job updated: 4562928
	2292  -  MemoryUsage of job (MB)
	2346032  -  ResidentSetSize of job (KB)
...
006 (371.006.000) 12/09 00:59:57 Image size of job updated: 4584972
	2299  -  MemoryUsage of job (MB)
	2353468  -  ResidentSetSize of job (KB)
...
006 (371.006.000) 12/09 01:04:58 Image size of job updated: 4607016
	2299  -  MemoryUsage of job (MB)
	2353468  -  ResidentSetSize of job (KB)
...
006 (371.006.000) 12/09 01:09:59 Image size of job updated: 4628400
	2299  -  MemoryUsage of job (MB)
	2353468  -  ResidentSetSize of job (KB)
...
006 (371.006.000) 12/09 01:14:59 Image size of job updated: 4650048
	2299  -  MemoryUsage of job (MB)
	2353468  -  ResidentSetSize of job (KB)
...
006 (371.006.000) 12/09 01:20:00 Image size of job updated: 4672488
	2299  -  MemoryUsage of job (MB)
	2353468  -  ResidentSetSize of job (KB)
...
006 (371.006.000) 12/09 01:25:01 Image size of job updated: 4694796
	2299  -  MemoryUsage of job (MB)
	2353468  -  ResidentSetSize of job (KB)
...
006 (371.006.000) 12/09 01:30:01 Image size of job updated: 4717368
	2299  -  MemoryUsage of job (MB)
	2353468  -  ResidentSetSize of job (KB)
...
006 (371.006.000) 12/09 01:35:01 Image size of job updated: 4739676
	2299  -  MemoryUsage of job (MB)
	2353468  -  ResidentSetSize of job (KB)
...
006 (371.006.000) 12/09 01:40:02 Image size of job updated: 4761984
	2299  -  MemoryUsage of job (MB)
	2353468  -  ResidentSetSize of job (KB)
...
006 (371.006.000) 12/09 01:45:03 Image size of job updated: 4784952
	2299  -  MemoryUsage of job (MB)
	2353468  -  ResidentSetSize of job (KB)
...
006 (371.006.000) 12/09 01:50:03 Image size of job updated: 4806864
	2299  -  MemoryUsage of job (MB)
	2353468  -  ResidentSetSize of job (KB)
...
006 (371.006.000) 12/09 01:55:04 Image size of job updated: 4829700
	2299  -  MemoryUsage of job (MB)
	2353468  -  ResidentSetSize of job (KB)
...
006 (371.006.000) 12/09 02:00:05 Image size of job updated: 4851876
	2299  -  MemoryUsage of job (MB)
	2353468  -  ResidentSetSize of job (KB)
...
006 (371.006.000) 12/09 02:05:05 Image size of job updated: 4873392
	2299  -  MemoryUsage of job (MB)
	2353468  -  ResidentSetSize of job (KB)
...
006 (371.006.000) 12/09 02:10:05 Image size of job updated: 4895700
	2299  -  MemoryUsage of job (MB)
	2353468  -  ResidentSetSize of job (KB)
...
006 (371.006.000) 12/09 02:15:06 Image size of job updated: 4918008
	2299  -  MemoryUsage of job (MB)
	2353468  -  ResidentSetSize of job (KB)
...
006 (371.006.000) 12/09 02:20:07 Image size of job updated: 4940712
	2299  -  MemoryUsage of job (MB)
	2353468  -  ResidentSetSize of job (KB)
...
006 (371.006.000) 12/09 02:25:07 Image size of job updated: 4963152
	2299  -  MemoryUsage of job (MB)
	2353468  -  ResidentSetSize of job (KB)
...
006 (371.006.000) 12/09 02:30:08 Image size of job updated: 4984800
	2299  -  MemoryUsage of job (MB)
	2353468  -  ResidentSetSize of job (KB)
...
006 (371.006.000) 12/09 02:35:10 Image size of job updated: 5007108
	2299  -  MemoryUsage of job (MB)
	2353468  -  ResidentSetSize of job (KB)
...
006 (371.006.000) 12/09 02:40:10 Image size of job updated: 5029680
	2299  -  MemoryUsage of job (MB)
	2353468  -  ResidentSetSize of job (KB)
...
006 (371.006.000) 12/09 02:45:10 Image size of job updated: 5052516
	2299  -  MemoryUsage of job (MB)
	2353468  -  ResidentSetSize of job (KB)
...
006 (371.006.000) 12/09 02:50:11 Image size of job updated: 5074824
	2299  -  MemoryUsage of job (MB)
	2353468  -  ResidentSetSize of job (KB)
...
006 (371.006.000) 12/09 02:55:12 Image size of job updated: 5097132
	2299  -  MemoryUsage of job (MB)
	2353468  -  ResidentSetSize of job (KB)
...
006 (371.006.000) 12/09 03:00:12 Image size of job updated: 5118912
	2299  -  MemoryUsage of job (MB)
	2353468  -  ResidentSetSize of job (KB)
...
006 (371.006.000) 12/09 03:05:12 Image size of job updated: 5140296
	2299  -  MemoryUsage of job (MB)
	2353468  -  ResidentSetSize of job (KB)
...
006 (371.006.000) 12/09 03:10:13 Image size of job updated: 5162340
	2299  -  MemoryUsage of job (MB)
	2353468  -  ResidentSetSize of job (KB)
...
006 (371.006.000) 12/09 03:15:13 Image size of job updated: 5184120
	2299  -  MemoryUsage of job (MB)
	2353468  -  ResidentSetSize of job (KB)
...
006 (371.006.000) 12/09 03:20:13 Image size of job updated: 5206824
	2299  -  MemoryUsage of job (MB)
	2353468  -  ResidentSetSize of job (KB)
...
006 (371.006.000) 12/09 03:25:14 Image size of job updated: 5229660
	2299  -  MemoryUsage of job (MB)
	2353468  -  ResidentSetSize of job (KB)
...
006 (371.006.000) 12/09 03:30:15 Image size of job updated: 5252100
	2299  -  MemoryUsage of job (MB)
	2353468  -  ResidentSetSize of job (KB)
...
006 (371.006.000) 12/09 03:35:15 Image size of job updated: 5273088
	2299  -  MemoryUsage of job (MB)
	2353468  -  ResidentSetSize of job (KB)
...
006 (371.006.000) 12/09 03:40:16 Image size of job updated: 5293812
	2299  -  MemoryUsage of job (MB)
	2353468  -  ResidentSetSize of job (KB)
...
006 (371.006.000) 12/09 03:45:17 Image size of job updated: 5315328
	2299  -  MemoryUsage of job (MB)
	2353468  -  ResidentSetSize of job (KB)
...
006 (371.006.000) 12/09 03:50:17 Image size of job updated: 5337636
	2299  -  MemoryUsage of job (MB)
	2353468  -  ResidentSetSize of job (KB)
...
006 (371.006.000) 12/09 03:55:17 Image size of job updated: 5359020
	2299  -  MemoryUsage of job (MB)
	2353468  -  ResidentSetSize of job (KB)
...
006 (371.006.000) 12/09 04:00:18 Image size of job updated: 5380272
	2299  -  MemoryUsage of job (MB)
	2353468  -  ResidentSetSize of job (KB)
...
006 (371.006.000) 12/09 04:05:19 Image size of job updated: 5401392
	2299  -  MemoryUsage of job (MB)
	2353468  -  ResidentSetSize of job (KB)
...
006 (371.006.000) 12/09 04:10:19 Image size of job updated: 5423040
	2299  -  MemoryUsage of job (MB)
	2353468  -  ResidentSetSize of job (KB)
...
006 (371.006.000) 12/09 04:15:20 Image size of job updated: 5444028
	2299  -  MemoryUsage of job (MB)
	2353468  -  ResidentSetSize of job (KB)
...
006 (371.006.000) 12/09 04:20:21 Image size of job updated: 5465412
	2299  -  MemoryUsage of job (MB)
	2353468  -  ResidentSetSize of job (KB)
...
006 (371.006.000) 12/09 04:25:21 Image size of job updated: 5486664
	2299  -  MemoryUsage of job (MB)
	2353468  -  ResidentSetSize of job (KB)
...
006 (371.006.000) 12/09 04:29:42 Image size of job updated: 5505572
	2299  -  MemoryUsage of job (MB)
	2353468  -  ResidentSetSize of job (KB)
...
005 (371.006.000) 12/09 04:29:42 Job terminated.
	(1) Normal termination (return value 0)
		Usr 0 13:04:45, Sys 0 00:00:06  -  Run Remote Usage
		Usr 0 00:00:00, Sys 0 00:00:00  -  Run Local Usage
		Usr 0 13:04:45, Sys 0 00:00:06  -  Total Remote Usage
		Usr 0 00:00:00, Sys 0 00:00:00  -  Total Local Usage
	0  -  Run Bytes Sent By Job
	0  -  Run Bytes Received By Job
	0  -  Total Bytes Sent By Job
	0  -  Total Bytes Received By Job
	Partitionable Resources :    Usage  Request Allocated
	   Cpus                 :                 1         1
	   Disk (KB)            :      175      175 111219809
	   Memory (MB)          :     2299        1      2002
...
