000 (363.019.000) 12/04 13:22:52 Job submitted from host: <128.104.190.61:58455?addrs=128.104.190.61-58455>
...
001 (363.019.000) 12/04 13:22:58 Job executing on host: <128.104.190.42:38951?addrs=128.104.190.42-38951>
...
006 (363.019.000) 12/04 13:23:07 Image size of job updated: 216480
	65  -  MemoryUsage of job (MB)
	66232  -  ResidentSetSize of job (KB)
...
006 (363.019.000) 12/04 13:28:08 Image size of job updated: 2243636
	124  -  MemoryUsage of job (MB)
	126500  -  ResidentSetSize of job (KB)
...
006 (363.019.000) 12/04 13:33:08 Image size of job updated: 2243636
	124  -  MemoryUsage of job (MB)
	126548  -  ResidentSetSize of job (KB)
...
006 (363.019.000) 12/04 13:38:08 Image size of job updated: 2244168
	125  -  MemoryUsage of job (MB)
	127244  -  ResidentSetSize of job (KB)
...
006 (363.019.000) 12/04 13:43:10 Image size of job updated: 2244168
	125  -  MemoryUsage of job (MB)
	127308  -  ResidentSetSize of job (KB)
...
006 (363.019.000) 12/04 13:53:10 Image size of job updated: 2244168
	125  -  MemoryUsage of job (MB)
	127312  -  ResidentSetSize of job (KB)
...
006 (363.019.000) 12/04 14:03:12 Image size of job updated: 2244168
	125  -  MemoryUsage of job (MB)
	127376  -  ResidentSetSize of job (KB)
...
006 (363.019.000) 12/04 14:13:12 Image size of job updated: 2244168
	125  -  MemoryUsage of job (MB)
	127568  -  ResidentSetSize of job (KB)
...
006 (363.019.000) 12/04 14:18:13 Image size of job updated: 2244168
	125  -  MemoryUsage of job (MB)
	127596  -  ResidentSetSize of job (KB)
...
006 (363.019.000) 12/04 14:28:14 Image size of job updated: 2244300
	125  -  MemoryUsage of job (MB)
	127628  -  ResidentSetSize of job (KB)
...
006 (363.019.000) 12/04 14:33:15 Image size of job updated: 2244300
	125  -  MemoryUsage of job (MB)
	127660  -  ResidentSetSize of job (KB)
...
006 (363.019.000) 12/04 14:38:16 Image size of job updated: 2244300
	125  -  MemoryUsage of job (MB)
	127664  -  ResidentSetSize of job (KB)
...
006 (363.019.000) 12/04 15:13:20 Image size of job updated: 2244300
	125  -  MemoryUsage of job (MB)
	127668  -  ResidentSetSize of job (KB)
...
006 (363.019.000) 12/04 15:18:20 Image size of job updated: 2244300
	125  -  MemoryUsage of job (MB)
	127672  -  ResidentSetSize of job (KB)
...
005 (363.019.000) 12/04 15:47:31 Job terminated.
	(1) Normal termination (return value 0)
		Usr 0 02:24:23, Sys 0 00:00:00  -  Run Remote Usage
		Usr 0 00:00:00, Sys 0 00:00:00  -  Run Local Usage
		Usr 0 02:24:23, Sys 0 00:00:00  -  Total Remote Usage
		Usr 0 00:00:00, Sys 0 00:00:00  -  Total Local Usage
	0  -  Run Bytes Sent By Job
	0  -  Run Bytes Received By Job
	0  -  Total Bytes Sent By Job
	0  -  Total Bytes Received By Job
	Partitionable Resources :    Usage  Request Allocated
	   Cpus                 :                 1         1
	   Disk (KB)            :      175      175  12112338
	   Memory (MB)          :      125        1      2012
...
