000 (364.004.000) 12/04 18:34:30 Job submitted from host: <128.104.190.61:58455?addrs=128.104.190.61-58455>
...
001 (364.004.000) 12/04 18:34:34 Job executing on host: <128.104.190.58:56194?addrs=128.104.190.58-56194>
...
006 (364.004.000) 12/04 18:34:43 Image size of job updated: 82644
	26  -  MemoryUsage of job (MB)
	26176  -  ResidentSetSize of job (KB)
...
006 (364.004.000) 12/04 18:39:44 Image size of job updated: 2241456
	92  -  MemoryUsage of job (MB)
	93244  -  ResidentSetSize of job (KB)
...
006 (364.004.000) 12/04 18:44:44 Image size of job updated: 2242004
	94  -  MemoryUsage of job (MB)
	95796  -  ResidentSetSize of job (KB)
...
006 (364.004.000) 12/04 18:59:46 Image size of job updated: 2242532
	95  -  MemoryUsage of job (MB)
	96872  -  ResidentSetSize of job (KB)
...
006 (364.004.000) 12/04 20:44:57 Image size of job updated: 2242532
	95  -  MemoryUsage of job (MB)
	97128  -  ResidentSetSize of job (KB)
...
005 (364.004.000) 12/04 23:59:40 Job terminated.
	(1) Normal termination (return value 0)
		Usr 0 05:24:37, Sys 0 00:00:01  -  Run Remote Usage
		Usr 0 00:00:00, Sys 0 00:00:00  -  Run Local Usage
		Usr 0 05:24:37, Sys 0 00:00:01  -  Total Remote Usage
		Usr 0 00:00:00, Sys 0 00:00:00  -  Total Local Usage
	0  -  Run Bytes Sent By Job
	0  -  Run Bytes Received By Job
	0  -  Total Bytes Sent By Job
	0  -  Total Bytes Received By Job
	Partitionable Resources :    Usage  Request Allocated
	   Cpus                 :                 1         1
	   Disk (KB)            :      175      175 111269439
	   Memory (MB)          :       95        1      2002
...
