000 (363.003.000) 12/04 13:22:52 Job submitted from host: <128.104.190.61:58455?addrs=128.104.190.61-58455>
...
001 (363.003.000) 12/04 13:22:58 Job executing on host: <128.104.190.58:56194?addrs=128.104.190.58-56194>
...
006 (363.003.000) 12/04 13:23:06 Image size of job updated: 93248
	14  -  MemoryUsage of job (MB)
	13812  -  ResidentSetSize of job (KB)
...
006 (363.003.000) 12/04 13:28:06 Image size of job updated: 2244004
	87  -  MemoryUsage of job (MB)
	88456  -  ResidentSetSize of job (KB)
...
006 (363.003.000) 12/04 13:48:08 Image size of job updated: 2244664
	88  -  MemoryUsage of job (MB)
	89296  -  ResidentSetSize of job (KB)
...
006 (363.003.000) 12/04 14:08:10 Image size of job updated: 2245484
	90  -  MemoryUsage of job (MB)
	91684  -  ResidentSetSize of job (KB)
...
006 (363.003.000) 12/04 15:38:21 Image size of job updated: 2245484
	90  -  MemoryUsage of job (MB)
	91964  -  ResidentSetSize of job (KB)
...
005 (363.003.000) 12/04 16:52:25 Job terminated.
	(1) Normal termination (return value 0)
		Usr 0 03:29:00, Sys 0 00:00:00  -  Run Remote Usage
		Usr 0 00:00:00, Sys 0 00:00:00  -  Run Local Usage
		Usr 0 03:29:00, Sys 0 00:00:00  -  Total Remote Usage
		Usr 0 00:00:00, Sys 0 00:00:00  -  Total Local Usage
	0  -  Run Bytes Sent By Job
	0  -  Run Bytes Received By Job
	0  -  Total Bytes Sent By Job
	0  -  Total Bytes Received By Job
	Partitionable Resources :    Usage  Request Allocated
	   Cpus                 :                 1         1
	   Disk (KB)            :      175      175 111269420
	   Memory (MB)          :       90        1      2002
...
