000 (370.021.000) 12/07 16:02:23 Job submitted from host: <128.104.190.61:58455?addrs=128.104.190.61-58455>
...
001 (370.021.000) 12/07 16:02:25 Job executing on host: <128.104.190.16:14003?addrs=128.104.190.16-14003>
...
006 (370.021.000) 12/07 16:02:33 Image size of job updated: 53644
	2  -  MemoryUsage of job (MB)
	1308  -  ResidentSetSize of job (KB)
...
006 (370.021.000) 12/07 16:07:33 Image size of job updated: 2249724
	96  -  MemoryUsage of job (MB)
	98128  -  ResidentSetSize of job (KB)
...
006 (370.021.000) 12/07 16:12:34 Image size of job updated: 2253744
	112  -  MemoryUsage of job (MB)
	114412  -  ResidentSetSize of job (KB)
...
006 (370.021.000) 12/07 16:17:35 Image size of job updated: 2253744
	112  -  MemoryUsage of job (MB)
	114516  -  ResidentSetSize of job (KB)
...
006 (370.021.000) 12/07 16:27:35 Image size of job updated: 2254404
	113  -  MemoryUsage of job (MB)
	115228  -  ResidentSetSize of job (KB)
...
006 (370.021.000) 12/07 16:32:36 Image size of job updated: 2254800
	113  -  MemoryUsage of job (MB)
	115616  -  ResidentSetSize of job (KB)
...
006 (370.021.000) 12/07 16:37:36 Image size of job updated: 2254800
	113  -  MemoryUsage of job (MB)
	115660  -  ResidentSetSize of job (KB)
...
006 (370.021.000) 12/07 16:42:36 Image size of job updated: 2254800
	113  -  MemoryUsage of job (MB)
	115676  -  ResidentSetSize of job (KB)
...
006 (370.021.000) 12/07 16:47:37 Image size of job updated: 2254800
	113  -  MemoryUsage of job (MB)
	115700  -  ResidentSetSize of job (KB)
...
006 (370.021.000) 12/07 16:52:38 Image size of job updated: 2254800
	114  -  MemoryUsage of job (MB)
	115724  -  ResidentSetSize of job (KB)
...
006 (370.021.000) 12/07 17:07:40 Image size of job updated: 2254932
	114  -  MemoryUsage of job (MB)
	115788  -  ResidentSetSize of job (KB)
...
006 (370.021.000) 12/07 17:12:40 Image size of job updated: 2255328
	114  -  MemoryUsage of job (MB)
	116156  -  ResidentSetSize of job (KB)
...
006 (370.021.000) 12/07 17:17:40 Image size of job updated: 2255460
	114  -  MemoryUsage of job (MB)
	116368  -  ResidentSetSize of job (KB)
...
006 (370.021.000) 12/07 17:22:41 Image size of job updated: 2255460
	114  -  MemoryUsage of job (MB)
	116376  -  ResidentSetSize of job (KB)
...
006 (370.021.000) 12/07 18:02:46 Image size of job updated: 2255592
	114  -  MemoryUsage of job (MB)
	116384  -  ResidentSetSize of job (KB)
...
006 (370.021.000) 12/07 18:37:50 Image size of job updated: 2255592
	114  -  MemoryUsage of job (MB)
	116388  -  ResidentSetSize of job (KB)
...
006 (370.021.000) 12/07 18:47:51 Image size of job updated: 2255592
	114  -  MemoryUsage of job (MB)
	116392  -  ResidentSetSize of job (KB)
...
006 (370.021.000) 12/07 19:32:56 Image size of job updated: 2255592
	114  -  MemoryUsage of job (MB)
	116396  -  ResidentSetSize of job (KB)
...
005 (370.021.000) 12/07 20:04:48 Job terminated.
	(1) Normal termination (return value 0)
		Usr 0 04:02:12, Sys 0 00:00:02  -  Run Remote Usage
		Usr 0 00:00:00, Sys 0 00:00:00  -  Run Local Usage
		Usr 0 04:02:12, Sys 0 00:00:02  -  Total Remote Usage
		Usr 0 00:00:00, Sys 0 00:00:00  -  Total Local Usage
	0  -  Run Bytes Sent By Job
	0  -  Run Bytes Received By Job
	0  -  Total Bytes Sent By Job
	0  -  Total Bytes Received By Job
	Partitionable Resources :    Usage  Request Allocated
	   Cpus                 :                 1         1
	   Disk (KB)            :      175      175  12112527
	   Memory (MB)          :      114        1      2012
...
