000 (369.009.000) 12/07 15:37:24 Job submitted from host: <128.104.190.61:58455?addrs=128.104.190.61-58455>
...
001 (369.009.000) 12/07 15:37:25 Job executing on host: <128.104.190.42:38951?addrs=128.104.190.42-38951>
...
006 (369.009.000) 12/07 15:37:33 Image size of job updated: 73104
	15  -  MemoryUsage of job (MB)
	15344  -  ResidentSetSize of job (KB)
...
006 (369.009.000) 12/07 15:42:33 Image size of job updated: 2250108
	301  -  MemoryUsage of job (MB)
	307268  -  ResidentSetSize of job (KB)
...
006 (369.009.000) 12/07 15:47:34 Image size of job updated: 2250108
	503  -  MemoryUsage of job (MB)
	514216  -  ResidentSetSize of job (KB)
...
006 (369.009.000) 12/07 15:52:35 Image size of job updated: 2250240
	503  -  MemoryUsage of job (MB)
	514312  -  ResidentSetSize of job (KB)
...
006 (369.009.000) 12/07 15:57:35 Image size of job updated: 2250240
	503  -  MemoryUsage of job (MB)
	514632  -  ResidentSetSize of job (KB)
...
006 (369.009.000) 12/07 16:02:35 Image size of job updated: 2251176
	504  -  MemoryUsage of job (MB)
	515580  -  ResidentSetSize of job (KB)
...
006 (369.009.000) 12/07 16:17:36 Image size of job updated: 2254872
	508  -  MemoryUsage of job (MB)
	519236  -  ResidentSetSize of job (KB)
...
006 (369.009.000) 12/07 16:22:37 Image size of job updated: 2258832
	512  -  MemoryUsage of job (MB)
	523456  -  ResidentSetSize of job (KB)
...
006 (369.009.000) 12/07 16:27:38 Image size of job updated: 2263056
	516  -  MemoryUsage of job (MB)
	527576  -  ResidentSetSize of job (KB)
...
006 (369.009.000) 12/07 16:32:38 Image size of job updated: 2267148
	520  -  MemoryUsage of job (MB)
	531768  -  ResidentSetSize of job (KB)
...
006 (369.009.000) 12/07 16:37:38 Image size of job updated: 2271372
	524  -  MemoryUsage of job (MB)
	535956  -  ResidentSetSize of job (KB)
...
006 (369.009.000) 12/07 16:42:39 Image size of job updated: 2275596
	528  -  MemoryUsage of job (MB)
	540120  -  ResidentSetSize of job (KB)
...
006 (369.009.000) 12/07 16:47:39 Image size of job updated: 2279820
	532  -  MemoryUsage of job (MB)
	544384  -  ResidentSetSize of job (KB)
...
006 (369.009.000) 12/07 16:52:39 Image size of job updated: 2284176
	536  -  MemoryUsage of job (MB)
	548632  -  ResidentSetSize of job (KB)
...
006 (369.009.000) 12/07 16:57:40 Image size of job updated: 2288400
	540  -  MemoryUsage of job (MB)
	552952  -  ResidentSetSize of job (KB)
...
006 (369.009.000) 12/07 17:02:41 Image size of job updated: 2292624
	545  -  MemoryUsage of job (MB)
	557148  -  ResidentSetSize of job (KB)
...
006 (369.009.000) 12/07 17:07:41 Image size of job updated: 2296848
	549  -  MemoryUsage of job (MB)
	561392  -  ResidentSetSize of job (KB)
...
006 (369.009.000) 12/07 17:12:42 Image size of job updated: 2299752
	552  -  MemoryUsage of job (MB)
	564264  -  ResidentSetSize of job (KB)
...
006 (369.009.000) 12/07 17:17:43 Image size of job updated: 2303976
	556  -  MemoryUsage of job (MB)
	568532  -  ResidentSetSize of job (KB)
...
006 (369.009.000) 12/07 17:22:43 Image size of job updated: 2308332
	560  -  MemoryUsage of job (MB)
	572812  -  ResidentSetSize of job (KB)
...
006 (369.009.000) 12/07 17:27:43 Image size of job updated: 2312556
	564  -  MemoryUsage of job (MB)
	577160  -  ResidentSetSize of job (KB)
...
006 (369.009.000) 12/07 17:32:44 Image size of job updated: 2316780
	568  -  MemoryUsage of job (MB)
	581416  -  ResidentSetSize of job (KB)
...
006 (369.009.000) 12/07 17:37:45 Image size of job updated: 2321136
	572  -  MemoryUsage of job (MB)
	585652  -  ResidentSetSize of job (KB)
...
006 (369.009.000) 12/07 17:42:45 Image size of job updated: 2325360
	577  -  MemoryUsage of job (MB)
	589904  -  ResidentSetSize of job (KB)
...
006 (369.009.000) 12/07 17:47:46 Image size of job updated: 2329584
	581  -  MemoryUsage of job (MB)
	594208  -  ResidentSetSize of job (KB)
...
006 (369.009.000) 12/07 17:52:47 Image size of job updated: 2333940
	585  -  MemoryUsage of job (MB)
	598524  -  ResidentSetSize of job (KB)
...
006 (369.009.000) 12/07 17:57:47 Image size of job updated: 2338296
	589  -  MemoryUsage of job (MB)
	602848  -  ResidentSetSize of job (KB)
...
006 (369.009.000) 12/07 18:02:47 Image size of job updated: 2342520
	593  -  MemoryUsage of job (MB)
	607140  -  ResidentSetSize of job (KB)
...
006 (369.009.000) 12/07 18:07:49 Image size of job updated: 2346744
	598  -  MemoryUsage of job (MB)
	611380  -  ResidentSetSize of job (KB)
...
006 (369.009.000) 12/07 18:12:49 Image size of job updated: 2350968
	602  -  MemoryUsage of job (MB)
	615612  -  ResidentSetSize of job (KB)
...
006 (369.009.000) 12/07 18:17:49 Image size of job updated: 2355324
	606  -  MemoryUsage of job (MB)
	619868  -  ResidentSetSize of job (KB)
...
006 (369.009.000) 12/07 18:22:50 Image size of job updated: 2359548
	610  -  MemoryUsage of job (MB)
	624144  -  ResidentSetSize of job (KB)
...
006 (369.009.000) 12/07 18:27:51 Image size of job updated: 2363904
	614  -  MemoryUsage of job (MB)
	628456  -  ResidentSetSize of job (KB)
...
006 (369.009.000) 12/07 18:32:51 Image size of job updated: 2368260
	618  -  MemoryUsage of job (MB)
	632792  -  ResidentSetSize of job (KB)
...
006 (369.009.000) 12/07 18:37:51 Image size of job updated: 2372484
	623  -  MemoryUsage of job (MB)
	637088  -  ResidentSetSize of job (KB)
...
006 (369.009.000) 12/07 18:42:52 Image size of job updated: 2376576
	627  -  MemoryUsage of job (MB)
	641188  -  ResidentSetSize of job (KB)
...
006 (369.009.000) 12/07 18:47:52 Image size of job updated: 2380800
	631  -  MemoryUsage of job (MB)
	645336  -  ResidentSetSize of job (KB)
...
006 (369.009.000) 12/07 18:52:52 Image size of job updated: 2384892
	635  -  MemoryUsage of job (MB)
	649420  -  ResidentSetSize of job (KB)
...
006 (369.009.000) 12/07 18:57:53 Image size of job updated: 2389116
	639  -  MemoryUsage of job (MB)
	653652  -  ResidentSetSize of job (KB)
...
006 (369.009.000) 12/07 19:02:54 Image size of job updated: 2393340
	643  -  MemoryUsage of job (MB)
	657948  -  ResidentSetSize of job (KB)
...
006 (369.009.000) 12/07 19:07:54 Image size of job updated: 2397696
	647  -  MemoryUsage of job (MB)
	662280  -  ResidentSetSize of job (KB)
...
006 (369.009.000) 12/07 19:12:54 Image size of job updated: 2402052
	652  -  MemoryUsage of job (MB)
	666636  -  ResidentSetSize of job (KB)
...
006 (369.009.000) 12/07 19:17:55 Image size of job updated: 2406672
	656  -  MemoryUsage of job (MB)
	671184  -  ResidentSetSize of job (KB)
...
006 (369.009.000) 12/07 19:22:55 Image size of job updated: 2411160
	660  -  MemoryUsage of job (MB)
	675700  -  ResidentSetSize of job (KB)
...
006 (369.009.000) 12/07 19:27:55 Image size of job updated: 2415648
	665  -  MemoryUsage of job (MB)
	680224  -  ResidentSetSize of job (KB)
...
006 (369.009.000) 12/07 19:32:56 Image size of job updated: 2420136
	669  -  MemoryUsage of job (MB)
	684684  -  ResidentSetSize of job (KB)
...
006 (369.009.000) 12/07 19:37:57 Image size of job updated: 2425020
	674  -  MemoryUsage of job (MB)
	689604  -  ResidentSetSize of job (KB)
...
006 (369.009.000) 12/07 19:42:57 Image size of job updated: 2429640
	678  -  MemoryUsage of job (MB)
	694244  -  ResidentSetSize of job (KB)
...
006 (369.009.000) 12/07 19:47:57 Image size of job updated: 2435184
	684  -  MemoryUsage of job (MB)
	699816  -  ResidentSetSize of job (KB)
...
006 (369.009.000) 12/07 19:52:58 Image size of job updated: 2441388
	690  -  MemoryUsage of job (MB)
	705948  -  ResidentSetSize of job (KB)
...
006 (369.009.000) 12/07 19:57:58 Image size of job updated: 2445744
	694  -  MemoryUsage of job (MB)
	710240  -  ResidentSetSize of job (KB)
...
006 (369.009.000) 12/07 20:02:58 Image size of job updated: 2451420
	700  -  MemoryUsage of job (MB)
	715968  -  ResidentSetSize of job (KB)
...
006 (369.009.000) 12/07 20:07:59 Image size of job updated: 2456832
	705  -  MemoryUsage of job (MB)
	721344  -  ResidentSetSize of job (KB)
...
006 (369.009.000) 12/07 20:13:00 Image size of job updated: 2463036
	711  -  MemoryUsage of job (MB)
	727580  -  ResidentSetSize of job (KB)
...
006 (369.009.000) 12/07 20:18:00 Image size of job updated: 2469108
	717  -  MemoryUsage of job (MB)
	733712  -  ResidentSetSize of job (KB)
...
006 (369.009.000) 12/07 20:23:01 Image size of job updated: 2475708
	723  -  MemoryUsage of job (MB)
	740320  -  ResidentSetSize of job (KB)
...
006 (369.009.000) 12/07 20:28:02 Image size of job updated: 2483364
	731  -  MemoryUsage of job (MB)
	747924  -  ResidentSetSize of job (KB)
...
006 (369.009.000) 12/07 20:33:02 Image size of job updated: 2490888
	738  -  MemoryUsage of job (MB)
	755516  -  ResidentSetSize of job (KB)
...
006 (369.009.000) 12/07 20:38:02 Image size of job updated: 2498412
	746  -  MemoryUsage of job (MB)
	763028  -  ResidentSetSize of job (KB)
...
006 (369.009.000) 12/07 20:43:03 Image size of job updated: 2505936
	753  -  MemoryUsage of job (MB)
	770560  -  ResidentSetSize of job (KB)
...
006 (369.009.000) 12/07 20:48:04 Image size of job updated: 2513988
	761  -  MemoryUsage of job (MB)
	778512  -  ResidentSetSize of job (KB)
...
006 (369.009.000) 12/07 20:53:04 Image size of job updated: 2521512
	768  -  MemoryUsage of job (MB)
	786108  -  ResidentSetSize of job (KB)
...
006 (369.009.000) 12/07 20:58:05 Image size of job updated: 2529168
	776  -  MemoryUsage of job (MB)
	793636  -  ResidentSetSize of job (KB)
...
006 (369.009.000) 12/07 21:03:06 Image size of job updated: 2536692
	783  -  MemoryUsage of job (MB)
	801288  -  ResidentSetSize of job (KB)
...
006 (369.009.000) 12/07 21:08:06 Image size of job updated: 2544480
	791  -  MemoryUsage of job (MB)
	809024  -  ResidentSetSize of job (KB)
...
006 (369.009.000) 12/07 21:13:06 Image size of job updated: 2552136
	798  -  MemoryUsage of job (MB)
	816748  -  ResidentSetSize of job (KB)
...
006 (369.009.000) 12/07 21:17:42 Image size of job updated: 2559000
	798  -  MemoryUsage of job (MB)
	816748  -  ResidentSetSize of job (KB)
...
005 (369.009.000) 12/07 21:17:42 Job terminated.
	(1) Normal termination (return value 0)
		Usr 0 05:39:36, Sys 0 00:00:07  -  Run Remote Usage
		Usr 0 00:00:00, Sys 0 00:00:00  -  Run Local Usage
		Usr 0 05:39:36, Sys 0 00:00:07  -  Total Remote Usage
		Usr 0 00:00:00, Sys 0 00:00:00  -  Total Local Usage
	0  -  Run Bytes Sent By Job
	0  -  Run Bytes Received By Job
	0  -  Total Bytes Sent By Job
	0  -  Total Bytes Received By Job
	Partitionable Resources :    Usage  Request Allocated
	   Cpus                 :                 1         1
	   Disk (KB)            :      175      175  12112469
	   Memory (MB)          :      798        1      2012
...
