000 (363.005.000) 12/04 13:22:52 Job submitted from host: <128.104.190.61:58455?addrs=128.104.190.61-58455>
...
001 (363.005.000) 12/04 13:22:58 Job executing on host: <128.104.190.58:56194?addrs=128.104.190.58-56194>
...
006 (363.005.000) 12/04 13:23:06 Image size of job updated: 71784
	14  -  MemoryUsage of job (MB)
	13424  -  ResidentSetSize of job (KB)
...
006 (363.005.000) 12/04 13:28:06 Image size of job updated: 2276244
	754  -  MemoryUsage of job (MB)
	771856  -  ResidentSetSize of job (KB)
...
006 (363.005.000) 12/04 13:33:07 Image size of job updated: 2283432
	761  -  MemoryUsage of job (MB)
	778984  -  ResidentSetSize of job (KB)
...
006 (363.005.000) 12/04 13:38:08 Image size of job updated: 2284552
	762  -  MemoryUsage of job (MB)
	780040  -  ResidentSetSize of job (KB)
...
006 (363.005.000) 12/04 13:43:08 Image size of job updated: 2285096
	763  -  MemoryUsage of job (MB)
	780832  -  ResidentSetSize of job (KB)
...
006 (363.005.000) 12/04 13:48:08 Image size of job updated: 2288592
	766  -  MemoryUsage of job (MB)
	784304  -  ResidentSetSize of job (KB)
...
006 (363.005.000) 12/04 13:58:09 Image size of job updated: 2288724
	766  -  MemoryUsage of job (MB)
	784304  -  ResidentSetSize of job (KB)
...
006 (363.005.000) 12/04 14:03:09 Image size of job updated: 2290144
	768  -  MemoryUsage of job (MB)
	785948  -  ResidentSetSize of job (KB)
...
006 (363.005.000) 12/04 14:33:12 Image size of job updated: 2290144
	768  -  MemoryUsage of job (MB)
	786228  -  ResidentSetSize of job (KB)
...
006 (363.005.000) 12/04 15:08:16 Image size of job updated: 2290276
	768  -  MemoryUsage of job (MB)
	786228  -  ResidentSetSize of job (KB)
...
005 (363.005.000) 12/04 16:40:50 Job terminated.
	(1) Normal termination (return value 0)
		Usr 0 03:17:36, Sys 0 00:00:00  -  Run Remote Usage
		Usr 0 00:00:00, Sys 0 00:00:00  -  Run Local Usage
		Usr 0 03:17:36, Sys 0 00:00:00  -  Total Remote Usage
		Usr 0 00:00:00, Sys 0 00:00:00  -  Total Local Usage
	0  -  Run Bytes Sent By Job
	0  -  Run Bytes Received By Job
	0  -  Total Bytes Sent By Job
	0  -  Total Bytes Received By Job
	Partitionable Resources :    Usage  Request Allocated
	   Cpus                 :                 1         1
	   Disk (KB)            :      175      175 111269420
	   Memory (MB)          :      768        1      2002
...
