000 (370.022.000) 12/07 16:02:23 Job submitted from host: <128.104.190.61:58455?addrs=128.104.190.61-58455>
...
001 (370.022.000) 12/07 16:02:25 Job executing on host: <128.104.190.16:14003?addrs=128.104.190.16-14003>
...
006 (370.022.000) 12/07 16:02:33 Image size of job updated: 175
	4  -  MemoryUsage of job (MB)
	3700  -  ResidentSetSize of job (KB)
...
006 (370.022.000) 12/07 16:07:33 Image size of job updated: 2241084
	86  -  MemoryUsage of job (MB)
	87336  -  ResidentSetSize of job (KB)
...
006 (370.022.000) 12/07 16:12:34 Image size of job updated: 2242944
	94  -  MemoryUsage of job (MB)
	95388  -  ResidentSetSize of job (KB)
...
006 (370.022.000) 12/07 16:17:35 Image size of job updated: 2247616
	104  -  MemoryUsage of job (MB)
	106332  -  ResidentSetSize of job (KB)
...
006 (370.022.000) 12/07 16:22:35 Image size of job updated: 2247616
	104  -  MemoryUsage of job (MB)
	106344  -  ResidentSetSize of job (KB)
...
006 (370.022.000) 12/07 16:27:36 Image size of job updated: 2247616
	104  -  MemoryUsage of job (MB)
	106352  -  ResidentSetSize of job (KB)
...
006 (370.022.000) 12/07 16:32:37 Image size of job updated: 2248276
	107  -  MemoryUsage of job (MB)
	109148  -  ResidentSetSize of job (KB)
...
006 (370.022.000) 12/07 16:37:37 Image size of job updated: 2248276
	107  -  MemoryUsage of job (MB)
	109244  -  ResidentSetSize of job (KB)
...
006 (370.022.000) 12/07 16:42:37 Image size of job updated: 2248276
	107  -  MemoryUsage of job (MB)
	109256  -  ResidentSetSize of job (KB)
...
006 (370.022.000) 12/07 16:47:38 Image size of job updated: 2248276
	107  -  MemoryUsage of job (MB)
	109264  -  ResidentSetSize of job (KB)
...
006 (370.022.000) 12/07 17:27:42 Image size of job updated: 2248276
	107  -  MemoryUsage of job (MB)
	109272  -  ResidentSetSize of job (KB)
...
006 (370.022.000) 12/07 17:37:43 Image size of job updated: 2248276
	107  -  MemoryUsage of job (MB)
	109280  -  ResidentSetSize of job (KB)
...
006 (370.022.000) 12/07 17:42:44 Image size of job updated: 2248412
	107  -  MemoryUsage of job (MB)
	109424  -  ResidentSetSize of job (KB)
...
006 (370.022.000) 12/07 18:17:47 Image size of job updated: 2249728
	109  -  MemoryUsage of job (MB)
	110632  -  ResidentSetSize of job (KB)
...
006 (370.022.000) 12/07 18:22:47 Image size of job updated: 2250388
	109  -  MemoryUsage of job (MB)
	111396  -  ResidentSetSize of job (KB)
...
006 (370.022.000) 12/07 19:02:52 Image size of job updated: 2250520
	109  -  MemoryUsage of job (MB)
	111432  -  ResidentSetSize of job (KB)
...
006 (370.022.000) 12/07 19:07:53 Image size of job updated: 2250520
	109  -  MemoryUsage of job (MB)
	111480  -  ResidentSetSize of job (KB)
...
006 (370.022.000) 12/07 19:47:56 Image size of job updated: 2250660
	109  -  MemoryUsage of job (MB)
	111568  -  ResidentSetSize of job (KB)
...
005 (370.022.000) 12/07 20:17:22 Job terminated.
	(1) Normal termination (return value 0)
		Usr 0 04:14:42, Sys 0 00:00:04  -  Run Remote Usage
		Usr 0 00:00:00, Sys 0 00:00:00  -  Run Local Usage
		Usr 0 04:14:42, Sys 0 00:00:04  -  Total Remote Usage
		Usr 0 00:00:00, Sys 0 00:00:00  -  Total Local Usage
	0  -  Run Bytes Sent By Job
	0  -  Run Bytes Received By Job
	0  -  Total Bytes Sent By Job
	0  -  Total Bytes Received By Job
	Partitionable Resources :    Usage  Request Allocated
	   Cpus                 :                 1         1
	   Disk (KB)            :      175      175  12112527
	   Memory (MB)          :      109        1      2012
...
