000 (363.006.000) 12/04 13:22:52 Job submitted from host: <128.104.190.61:58455?addrs=128.104.190.61-58455>
...
001 (363.006.000) 12/04 13:22:58 Job executing on host: <128.104.190.58:56194?addrs=128.104.190.58-56194>
...
006 (363.006.000) 12/04 13:23:06 Image size of job updated: 93252
	4  -  MemoryUsage of job (MB)
	3808  -  ResidentSetSize of job (KB)
...
006 (363.006.000) 12/04 13:28:06 Image size of job updated: 2245804
	91  -  MemoryUsage of job (MB)
	92268  -  ResidentSetSize of job (KB)
...
006 (363.006.000) 12/04 13:33:07 Image size of job updated: 2253628
	107  -  MemoryUsage of job (MB)
	108784  -  ResidentSetSize of job (KB)
...
006 (363.006.000) 12/04 13:38:08 Image size of job updated: 2253628
	111  -  MemoryUsage of job (MB)
	112880  -  ResidentSetSize of job (KB)
...
006 (363.006.000) 12/04 13:43:08 Image size of job updated: 2254044
	111  -  MemoryUsage of job (MB)
	113488  -  ResidentSetSize of job (KB)
...
006 (363.006.000) 12/04 13:48:08 Image size of job updated: 2254176
	111  -  MemoryUsage of job (MB)
	113488  -  ResidentSetSize of job (KB)
...
006 (363.006.000) 12/04 13:58:09 Image size of job updated: 2254704
	112  -  MemoryUsage of job (MB)
	114076  -  ResidentSetSize of job (KB)
...
006 (363.006.000) 12/04 14:18:11 Image size of job updated: 2254836
	112  -  MemoryUsage of job (MB)
	114076  -  ResidentSetSize of job (KB)
...
006 (363.006.000) 12/04 15:03:16 Image size of job updated: 2254836
	118  -  MemoryUsage of job (MB)
	120524  -  ResidentSetSize of job (KB)
...
006 (363.006.000) 12/04 15:13:16 Image size of job updated: 2254836
	118  -  MemoryUsage of job (MB)
	120648  -  ResidentSetSize of job (KB)
...
006 (363.006.000) 12/04 15:18:17 Image size of job updated: 2254836
	118  -  MemoryUsage of job (MB)
	120804  -  ResidentSetSize of job (KB)
...
006 (363.006.000) 12/04 16:18:24 Image size of job updated: 2255116
	119  -  MemoryUsage of job (MB)
	121172  -  ResidentSetSize of job (KB)
...
006 (363.006.000) 12/04 16:23:24 Image size of job updated: 2255248
	119  -  MemoryUsage of job (MB)
	121172  -  ResidentSetSize of job (KB)
...
005 (363.006.000) 12/04 16:56:38 Job terminated.
	(1) Normal termination (return value 0)
		Usr 0 03:33:25, Sys 0 00:00:01  -  Run Remote Usage
		Usr 0 00:00:00, Sys 0 00:00:00  -  Run Local Usage
		Usr 0 03:33:25, Sys 0 00:00:01  -  Total Remote Usage
		Usr 0 00:00:00, Sys 0 00:00:00  -  Total Local Usage
	0  -  Run Bytes Sent By Job
	0  -  Run Bytes Received By Job
	0  -  Total Bytes Sent By Job
	0  -  Total Bytes Received By Job
	Partitionable Resources :    Usage  Request Allocated
	   Cpus                 :                 1         1
	   Disk (KB)            :      175      175 111269420
	   Memory (MB)          :      119        1      2002
...
