000 (365.019.000) 12/05 11:45:19 Job submitted from host: <128.104.190.61:58455?addrs=128.104.190.61-58455>
...
001 (365.019.000) 12/05 11:45:20 Job executing on host: <128.104.190.42:38951?addrs=128.104.190.42-38951>
...
006 (365.019.000) 12/05 11:45:29 Image size of job updated: 72344
	15  -  MemoryUsage of job (MB)
	14476  -  ResidentSetSize of job (KB)
...
006 (365.019.000) 12/05 11:50:30 Image size of job updated: 2243612
	124  -  MemoryUsage of job (MB)
	126788  -  ResidentSetSize of job (KB)
...
006 (365.019.000) 12/05 11:55:31 Image size of job updated: 2243612
	124  -  MemoryUsage of job (MB)
	126828  -  ResidentSetSize of job (KB)
...
006 (365.019.000) 12/05 12:00:31 Image size of job updated: 2244148
	125  -  MemoryUsage of job (MB)
	127512  -  ResidentSetSize of job (KB)
...
006 (365.019.000) 12/05 12:05:32 Image size of job updated: 2244148
	125  -  MemoryUsage of job (MB)
	127668  -  ResidentSetSize of job (KB)
...
006 (365.019.000) 12/05 12:20:33 Image size of job updated: 2244148
	125  -  MemoryUsage of job (MB)
	127672  -  ResidentSetSize of job (KB)
...
006 (365.019.000) 12/05 12:25:34 Image size of job updated: 2244148
	125  -  MemoryUsage of job (MB)
	127736  -  ResidentSetSize of job (KB)
...
006 (365.019.000) 12/05 12:40:35 Image size of job updated: 2244148
	125  -  MemoryUsage of job (MB)
	127884  -  ResidentSetSize of job (KB)
...
006 (365.019.000) 12/05 12:55:37 Image size of job updated: 2244280
	125  -  MemoryUsage of job (MB)
	127920  -  ResidentSetSize of job (KB)
...
006 (365.019.000) 12/05 13:00:38 Image size of job updated: 2244280
	125  -  MemoryUsage of job (MB)
	127940  -  ResidentSetSize of job (KB)
...
006 (365.019.000) 12/05 13:35:42 Image size of job updated: 2244280
	125  -  MemoryUsage of job (MB)
	127944  -  ResidentSetSize of job (KB)
...
005 (365.019.000) 12/05 14:13:47 Job terminated.
	(1) Normal termination (return value 0)
		Usr 0 02:28:15, Sys 0 00:00:02  -  Run Remote Usage
		Usr 0 00:00:00, Sys 0 00:00:00  -  Run Local Usage
		Usr 0 02:28:15, Sys 0 00:00:02  -  Total Remote Usage
		Usr 0 00:00:00, Sys 0 00:00:00  -  Total Local Usage
	0  -  Run Bytes Sent By Job
	0  -  Run Bytes Received By Job
	0  -  Total Bytes Sent By Job
	0  -  Total Bytes Received By Job
	Partitionable Resources :    Usage  Request Allocated
	   Cpus                 :                 1         1
	   Disk (KB)            :      175      175  12112297
	   Memory (MB)          :      125        1      2012
...
