000 (368.009.000) 12/07 15:15:16 Job submitted from host: <128.104.190.61:58455?addrs=128.104.190.61-58455>
...
001 (368.009.000) 12/07 15:15:17 Job executing on host: <128.104.190.42:38951?addrs=128.104.190.42-38951>
...
006 (368.009.000) 12/07 15:15:26 Image size of job updated: 93240
	26  -  MemoryUsage of job (MB)
	25896  -  ResidentSetSize of job (KB)
...
006 (368.009.000) 12/07 15:20:27 Image size of job updated: 2251452
	504  -  MemoryUsage of job (MB)
	515104  -  ResidentSetSize of job (KB)
...
006 (368.009.000) 12/07 15:25:28 Image size of job updated: 2252520
	505  -  MemoryUsage of job (MB)
	516464  -  ResidentSetSize of job (KB)
...
006 (368.009.000) 12/07 15:35:28 Image size of job updated: 2252784
	505  -  MemoryUsage of job (MB)
	516912  -  ResidentSetSize of job (KB)
...
006 (368.009.000) 12/07 16:20:33 Image size of job updated: 2252784
	505  -  MemoryUsage of job (MB)
	516920  -  ResidentSetSize of job (KB)
...
