000 (363.014.000) 12/04 13:22:52 Job submitted from host: <128.104.190.61:58455?addrs=128.104.190.61-58455>
...
001 (363.014.000) 12/04 13:22:58 Job executing on host: <128.104.190.42:38951?addrs=128.104.190.42-38951>
...
006 (363.014.000) 12/04 13:23:07 Image size of job updated: 2241824
	84  -  MemoryUsage of job (MB)
	85868  -  ResidentSetSize of job (KB)
...
006 (363.014.000) 12/04 13:28:08 Image size of job updated: 2267496
	448  -  MemoryUsage of job (MB)
	458096  -  ResidentSetSize of job (KB)
...
006 (363.014.000) 12/04 13:33:09 Image size of job updated: 2267496
	454  -  MemoryUsage of job (MB)
	464244  -  ResidentSetSize of job (KB)
...
006 (363.014.000) 12/04 13:38:09 Image size of job updated: 2267496
	460  -  MemoryUsage of job (MB)
	470388  -  ResidentSetSize of job (KB)
...
006 (363.014.000) 12/04 13:43:09 Image size of job updated: 2267896
	460  -  MemoryUsage of job (MB)
	470880  -  ResidentSetSize of job (KB)
...
006 (363.014.000) 12/04 14:53:18 Image size of job updated: 2267896
	461  -  MemoryUsage of job (MB)
	471168  -  ResidentSetSize of job (KB)
...
006 (363.014.000) 12/04 15:03:19 Image size of job updated: 2268292
	463  -  MemoryUsage of job (MB)
	473676  -  ResidentSetSize of job (KB)
...
005 (363.014.000) 12/04 16:10:54 Job terminated.
	(1) Normal termination (return value 0)
		Usr 0 02:47:41, Sys 0 00:00:01  -  Run Remote Usage
		Usr 0 00:00:00, Sys 0 00:00:00  -  Run Local Usage
		Usr 0 02:47:41, Sys 0 00:00:01  -  Total Remote Usage
		Usr 0 00:00:00, Sys 0 00:00:00  -  Total Local Usage
	0  -  Run Bytes Sent By Job
	0  -  Run Bytes Received By Job
	0  -  Total Bytes Sent By Job
	0  -  Total Bytes Received By Job
	Partitionable Resources :    Usage  Request Allocated
	   Cpus                 :                 1         1
	   Disk (KB)            :      175      175  12112338
	   Memory (MB)          :      463        1      2012
...
