000 (363.008.000) 12/04 13:22:52 Job submitted from host: <128.104.190.61:58455?addrs=128.104.190.61-58455>
...
001 (363.008.000) 12/04 13:22:58 Job executing on host: <128.104.190.42:38951?addrs=128.104.190.42-38951>
...
006 (363.008.000) 12/04 13:23:06 Image size of job updated: 2238740
	116  -  MemoryUsage of job (MB)
	118676  -  ResidentSetSize of job (KB)
...
006 (363.008.000) 12/04 13:28:06 Image size of job updated: 2270980
	1017  -  MemoryUsage of job (MB)
	1041264  -  ResidentSetSize of job (KB)
...
006 (363.008.000) 12/04 13:33:06 Image size of job updated: 2274368
	1021  -  MemoryUsage of job (MB)
	1044648  -  ResidentSetSize of job (KB)
...
006 (363.008.000) 12/04 13:38:07 Image size of job updated: 2274632
	1021  -  MemoryUsage of job (MB)
	1044948  -  ResidentSetSize of job (KB)
...
006 (363.008.000) 12/04 13:43:08 Image size of job updated: 2275028
	1022  -  MemoryUsage of job (MB)
	1045528  -  ResidentSetSize of job (KB)
...
006 (363.008.000) 12/04 13:48:08 Image size of job updated: 2275028
	1022  -  MemoryUsage of job (MB)
	1045888  -  ResidentSetSize of job (KB)
...
006 (363.008.000) 12/04 13:53:08 Image size of job updated: 2275292
	1022  -  MemoryUsage of job (MB)
	1046104  -  ResidentSetSize of job (KB)
...
006 (363.008.000) 12/04 13:58:09 Image size of job updated: 2275556
	1022  -  MemoryUsage of job (MB)
	1046296  -  ResidentSetSize of job (KB)
...
006 (363.008.000) 12/04 14:03:10 Image size of job updated: 2275556
	1022  -  MemoryUsage of job (MB)
	1046308  -  ResidentSetSize of job (KB)
...
006 (363.008.000) 12/04 14:08:10 Image size of job updated: 2275556
	1022  -  MemoryUsage of job (MB)
	1046324  -  ResidentSetSize of job (KB)
...
006 (363.008.000) 12/04 14:13:11 Image size of job updated: 2275556
	1022  -  MemoryUsage of job (MB)
	1046408  -  ResidentSetSize of job (KB)
...
006 (363.008.000) 12/04 14:18:12 Image size of job updated: 2275688
	1023  -  MemoryUsage of job (MB)
	1046536  -  ResidentSetSize of job (KB)
...
006 (363.008.000) 12/04 14:33:13 Image size of job updated: 2276348
	1023  -  MemoryUsage of job (MB)
	1047124  -  ResidentSetSize of job (KB)
...
006 (363.008.000) 12/04 14:48:14 Image size of job updated: 2276480
	1023  -  MemoryUsage of job (MB)
	1047196  -  ResidentSetSize of job (KB)
...
006 (363.008.000) 12/04 14:53:15 Image size of job updated: 2276480
	1023  -  MemoryUsage of job (MB)
	1047264  -  ResidentSetSize of job (KB)
...
006 (363.008.000) 12/04 15:08:16 Image size of job updated: 2276876
	1023  -  MemoryUsage of job (MB)
	1047532  -  ResidentSetSize of job (KB)
...
006 (363.008.000) 12/04 15:13:17 Image size of job updated: 2277008
	1024  -  MemoryUsage of job (MB)
	1047800  -  ResidentSetSize of job (KB)
...
006 (363.008.000) 12/04 15:48:20 Image size of job updated: 2277272
	1024  -  MemoryUsage of job (MB)
	1048060  -  ResidentSetSize of job (KB)
...
006 (363.008.000) 12/04 15:53:20 Image size of job updated: 2277404
	1024  -  MemoryUsage of job (MB)
	1048260  -  ResidentSetSize of job (KB)
...
006 (363.008.000) 12/04 15:58:21 Image size of job updated: 2277536
	1024  -  MemoryUsage of job (MB)
	1048388  -  ResidentSetSize of job (KB)
...
005 (363.008.000) 12/04 16:03:19 Job terminated.
	(1) Normal termination (return value 0)
		Usr 0 02:40:12, Sys 0 00:00:00  -  Run Remote Usage
		Usr 0 00:00:00, Sys 0 00:00:00  -  Run Local Usage
		Usr 0 02:40:12, Sys 0 00:00:00  -  Total Remote Usage
		Usr 0 00:00:00, Sys 0 00:00:00  -  Total Local Usage
	0  -  Run Bytes Sent By Job
	0  -  Run Bytes Received By Job
	0  -  Total Bytes Sent By Job
	0  -  Total Bytes Received By Job
	Partitionable Resources :    Usage  Request Allocated
	   Cpus                 :                 1         1
	   Disk (KB)            :      175      175  12112338
	   Memory (MB)          :     1024        1      2012
...
