000 (370.001.000) 12/07 16:02:23 Job submitted from host: <128.104.190.61:58455?addrs=128.104.190.61-58455>
...
001 (370.001.000) 12/07 16:02:24 Job executing on host: <128.104.190.16:14003?addrs=128.104.190.16-14003>
...
006 (370.001.000) 12/07 16:02:32 Image size of job updated: 88740
	33  -  MemoryUsage of job (MB)
	32828  -  ResidentSetSize of job (KB)
...
006 (370.001.000) 12/07 16:07:32 Image size of job updated: 2248648
	93  -  MemoryUsage of job (MB)
	94468  -  ResidentSetSize of job (KB)
...
006 (370.001.000) 12/07 16:12:33 Image size of job updated: 2248648
	93  -  MemoryUsage of job (MB)
	94508  -  ResidentSetSize of job (KB)
...
006 (370.001.000) 12/07 16:17:34 Image size of job updated: 2248780
	93  -  MemoryUsage of job (MB)
	94556  -  ResidentSetSize of job (KB)
...
006 (370.001.000) 12/07 16:22:34 Image size of job updated: 2248780
	93  -  MemoryUsage of job (MB)
	94576  -  ResidentSetSize of job (KB)
...
006 (370.001.000) 12/07 16:27:35 Image size of job updated: 2249084
	93  -  MemoryUsage of job (MB)
	94840  -  ResidentSetSize of job (KB)
...
006 (370.001.000) 12/07 16:32:36 Image size of job updated: 2249744
	94  -  MemoryUsage of job (MB)
	95692  -  ResidentSetSize of job (KB)
...
006 (370.001.000) 12/07 16:37:36 Image size of job updated: 2249876
	94  -  MemoryUsage of job (MB)
	95784  -  ResidentSetSize of job (KB)
...
006 (370.001.000) 12/07 16:42:36 Image size of job updated: 2249876
	94  -  MemoryUsage of job (MB)
	95876  -  ResidentSetSize of job (KB)
...
006 (370.001.000) 12/07 16:47:37 Image size of job updated: 2250140
	94  -  MemoryUsage of job (MB)
	96036  -  ResidentSetSize of job (KB)
...
006 (370.001.000) 12/07 16:52:38 Image size of job updated: 2250140
	94  -  MemoryUsage of job (MB)
	96088  -  ResidentSetSize of job (KB)
...
006 (370.001.000) 12/07 16:57:38 Image size of job updated: 2250272
	94  -  MemoryUsage of job (MB)
	96240  -  ResidentSetSize of job (KB)
...
006 (370.001.000) 12/07 17:02:39 Image size of job updated: 2250404
	95  -  MemoryUsage of job (MB)
	96376  -  ResidentSetSize of job (KB)
...
006 (370.001.000) 12/07 17:07:40 Image size of job updated: 2250536
	95  -  MemoryUsage of job (MB)
	96480  -  ResidentSetSize of job (KB)
...
006 (370.001.000) 12/07 17:12:40 Image size of job updated: 2250536
	95  -  MemoryUsage of job (MB)
	96520  -  ResidentSetSize of job (KB)
...
006 (370.001.000) 12/07 17:17:40 Image size of job updated: 2250668
	95  -  MemoryUsage of job (MB)
	96628  -  ResidentSetSize of job (KB)
...
006 (370.001.000) 12/07 17:22:41 Image size of job updated: 2250800
	95  -  MemoryUsage of job (MB)
	96700  -  ResidentSetSize of job (KB)
...
006 (370.001.000) 12/07 17:27:41 Image size of job updated: 2250800
	95  -  MemoryUsage of job (MB)
	96780  -  ResidentSetSize of job (KB)
...
006 (370.001.000) 12/07 17:32:41 Image size of job updated: 2250932
	95  -  MemoryUsage of job (MB)
	96860  -  ResidentSetSize of job (KB)
...
006 (370.001.000) 12/07 17:37:42 Image size of job updated: 2250932
	95  -  MemoryUsage of job (MB)
	96896  -  ResidentSetSize of job (KB)
...
006 (370.001.000) 12/07 17:42:43 Image size of job updated: 2251196
	95  -  MemoryUsage of job (MB)
	97108  -  ResidentSetSize of job (KB)
...
006 (370.001.000) 12/07 17:47:43 Image size of job updated: 2251196
	95  -  MemoryUsage of job (MB)
	97124  -  ResidentSetSize of job (KB)
...
006 (370.001.000) 12/07 17:52:44 Image size of job updated: 2251328
	95  -  MemoryUsage of job (MB)
	97232  -  ResidentSetSize of job (KB)
...
006 (370.001.000) 12/07 17:57:45 Image size of job updated: 2251460
	96  -  MemoryUsage of job (MB)
	97360  -  ResidentSetSize of job (KB)
...
006 (370.001.000) 12/07 18:02:45 Image size of job updated: 2251460
	96  -  MemoryUsage of job (MB)
	97420  -  ResidentSetSize of job (KB)
...
006 (370.001.000) 12/07 18:07:45 Image size of job updated: 2251460
	96  -  MemoryUsage of job (MB)
	97424  -  ResidentSetSize of job (KB)
...
006 (370.001.000) 12/07 18:12:46 Image size of job updated: 2251460
	96  -  MemoryUsage of job (MB)
	97472  -  ResidentSetSize of job (KB)
...
006 (370.001.000) 12/07 18:22:47 Image size of job updated: 2251592
	96  -  MemoryUsage of job (MB)
	97536  -  ResidentSetSize of job (KB)
...
006 (370.001.000) 12/07 18:27:48 Image size of job updated: 2251592
	96  -  MemoryUsage of job (MB)
	97560  -  ResidentSetSize of job (KB)
...
006 (370.001.000) 12/07 18:32:49 Image size of job updated: 2252112
	96  -  MemoryUsage of job (MB)
	97996  -  ResidentSetSize of job (KB)
...
006 (370.001.000) 12/07 18:37:49 Image size of job updated: 2252112
	96  -  MemoryUsage of job (MB)
	98036  -  ResidentSetSize of job (KB)
...
006 (370.001.000) 12/07 18:42:49 Image size of job updated: 2252112
	96  -  MemoryUsage of job (MB)
	98064  -  ResidentSetSize of job (KB)
...
006 (370.001.000) 12/07 18:47:51 Image size of job updated: 2252112
	96  -  MemoryUsage of job (MB)
	98120  -  ResidentSetSize of job (KB)
...
006 (370.001.000) 12/07 18:52:51 Image size of job updated: 2252244
	96  -  MemoryUsage of job (MB)
	98136  -  ResidentSetSize of job (KB)
...
006 (370.001.000) 12/07 18:57:51 Image size of job updated: 2252244
	96  -  MemoryUsage of job (MB)
	98176  -  ResidentSetSize of job (KB)
...
006 (370.001.000) 12/07 19:02:52 Image size of job updated: 2252244
	96  -  MemoryUsage of job (MB)
	98208  -  ResidentSetSize of job (KB)
...
006 (370.001.000) 12/07 19:07:53 Image size of job updated: 2252244
	96  -  MemoryUsage of job (MB)
	98244  -  ResidentSetSize of job (KB)
...
006 (370.001.000) 12/07 19:12:53 Image size of job updated: 2252376
	97  -  MemoryUsage of job (MB)
	98316  -  ResidentSetSize of job (KB)
...
006 (370.001.000) 12/07 19:17:53 Image size of job updated: 2252376
	97  -  MemoryUsage of job (MB)
	98372  -  ResidentSetSize of job (KB)
...
006 (370.001.000) 12/07 19:22:54 Image size of job updated: 2252508
	97  -  MemoryUsage of job (MB)
	98392  -  ResidentSetSize of job (KB)
...
006 (370.001.000) 12/07 19:27:54 Image size of job updated: 2252508
	97  -  MemoryUsage of job (MB)
	98408  -  ResidentSetSize of job (KB)
...
006 (370.001.000) 12/07 19:32:54 Image size of job updated: 2252508
	97  -  MemoryUsage of job (MB)
	98464  -  ResidentSetSize of job (KB)
...
006 (370.001.000) 12/07 19:42:56 Image size of job updated: 2252508
	97  -  MemoryUsage of job (MB)
	98496  -  ResidentSetSize of job (KB)
...
006 (370.001.000) 12/07 19:47:56 Image size of job updated: 2252640
	97  -  MemoryUsage of job (MB)
	98544  -  ResidentSetSize of job (KB)
...
006 (370.001.000) 12/07 19:52:56 Image size of job updated: 2252640
	97  -  MemoryUsage of job (MB)
	98588  -  ResidentSetSize of job (KB)
...
006 (370.001.000) 12/07 19:57:57 Image size of job updated: 2252640
	97  -  MemoryUsage of job (MB)
	98648  -  ResidentSetSize of job (KB)
...
006 (370.001.000) 12/07 20:02:57 Image size of job updated: 2252772
	97  -  MemoryUsage of job (MB)
	98696  -  ResidentSetSize of job (KB)
...
006 (370.001.000) 12/07 20:07:57 Image size of job updated: 2252772
	97  -  MemoryUsage of job (MB)
	98780  -  ResidentSetSize of job (KB)
...
006 (370.001.000) 12/07 20:12:58 Image size of job updated: 2252904
	97  -  MemoryUsage of job (MB)
	98852  -  ResidentSetSize of job (KB)
...
006 (370.001.000) 12/07 20:17:59 Image size of job updated: 2253036
	97  -  MemoryUsage of job (MB)
	98924  -  ResidentSetSize of job (KB)
...
006 (370.001.000) 12/07 20:22:59 Image size of job updated: 2253036
	99  -  MemoryUsage of job (MB)
	101056  -  ResidentSetSize of job (KB)
...
006 (370.001.000) 12/07 20:28:00 Image size of job updated: 2253168
	99  -  MemoryUsage of job (MB)
	101136  -  ResidentSetSize of job (KB)
...
006 (370.001.000) 12/07 20:33:01 Image size of job updated: 2253168
	99  -  MemoryUsage of job (MB)
	101172  -  ResidentSetSize of job (KB)
...
006 (370.001.000) 12/07 20:38:01 Image size of job updated: 2253300
	99  -  MemoryUsage of job (MB)
	101264  -  ResidentSetSize of job (KB)
...
006 (370.001.000) 12/07 20:43:01 Image size of job updated: 2253300
	99  -  MemoryUsage of job (MB)
	101356  -  ResidentSetSize of job (KB)
...
006 (370.001.000) 12/07 20:48:02 Image size of job updated: 2253432
	100  -  MemoryUsage of job (MB)
	101460  -  ResidentSetSize of job (KB)
...
006 (370.001.000) 12/07 20:53:03 Image size of job updated: 2253564
	100  -  MemoryUsage of job (MB)
	101784  -  ResidentSetSize of job (KB)
...
005 (370.001.000) 12/07 20:55:04 Job terminated.
	(1) Normal termination (return value 0)
		Usr 0 04:52:14, Sys 0 00:00:03  -  Run Remote Usage
		Usr 0 00:00:00, Sys 0 00:00:00  -  Run Local Usage
		Usr 0 04:52:14, Sys 0 00:00:03  -  Total Remote Usage
		Usr 0 00:00:00, Sys 0 00:00:00  -  Total Local Usage
	0  -  Run Bytes Sent By Job
	0  -  Run Bytes Received By Job
	0  -  Total Bytes Sent By Job
	0  -  Total Bytes Received By Job
	Partitionable Resources :    Usage  Request Allocated
	   Cpus                 :                 1         1
	   Disk (KB)            :      175      175  12112527
	   Memory (MB)          :      100        1      2012
...
