000 (368.016.000) 12/07 15:15:16 Job submitted from host: <128.104.190.61:58455?addrs=128.104.190.61-58455>
...
001 (368.016.000) 12/07 15:15:17 Job executing on host: <128.104.190.42:38951?addrs=128.104.190.42-38951>
...
006 (368.016.000) 12/07 15:15:26 Image size of job updated: 73104
	15  -  MemoryUsage of job (MB)
	15320  -  ResidentSetSize of job (KB)
...
006 (368.016.000) 12/07 15:20:27 Image size of job updated: 2242644
	87  -  MemoryUsage of job (MB)
	88584  -  ResidentSetSize of job (KB)
...
006 (368.016.000) 12/07 15:25:27 Image size of job updated: 2242776
	87  -  MemoryUsage of job (MB)
	88696  -  ResidentSetSize of job (KB)
...
006 (368.016.000) 12/07 15:30:27 Image size of job updated: 2243172
	88  -  MemoryUsage of job (MB)
	89184  -  ResidentSetSize of job (KB)
...
006 (368.016.000) 12/07 15:45:29 Image size of job updated: 2243172
	88  -  MemoryUsage of job (MB)
	89188  -  ResidentSetSize of job (KB)
...
006 (368.016.000) 12/07 16:15:32 Image size of job updated: 2243172
	88  -  MemoryUsage of job (MB)
	89192  -  ResidentSetSize of job (KB)
...
006 (368.016.000) 12/07 16:45:34 Image size of job updated: 2243172
	88  -  MemoryUsage of job (MB)
	89196  -  ResidentSetSize of job (KB)
...
006 (368.016.000) 12/07 17:50:41 Image size of job updated: 2243172
	88  -  MemoryUsage of job (MB)
	89204  -  ResidentSetSize of job (KB)
...
006 (368.016.000) 12/07 18:00:43 Image size of job updated: 2243304
	88  -  MemoryUsage of job (MB)
	89300  -  ResidentSetSize of job (KB)
...
006 (368.016.000) 12/07 18:05:43 Image size of job updated: 2243304
	88  -  MemoryUsage of job (MB)
	89304  -  ResidentSetSize of job (KB)
...
006 (368.016.000) 12/07 18:10:44 Image size of job updated: 2243304
	88  -  MemoryUsage of job (MB)
	89324  -  ResidentSetSize of job (KB)
...
006 (368.016.000) 12/07 18:15:45 Image size of job updated: 2243304
	88  -  MemoryUsage of job (MB)
	89456  -  ResidentSetSize of job (KB)
...
005 (368.016.000) 12/07 18:55:39 Job terminated.
	(1) Normal termination (return value 0)
		Usr 0 03:40:05, Sys 0 00:00:00  -  Run Remote Usage
		Usr 0 00:00:00, Sys 0 00:00:00  -  Run Local Usage
		Usr 0 03:40:05, Sys 0 00:00:00  -  Total Remote Usage
		Usr 0 00:00:00, Sys 0 00:00:00  -  Total Local Usage
	0  -  Run Bytes Sent By Job
	0  -  Run Bytes Received By Job
	0  -  Total Bytes Sent By Job
	0  -  Total Bytes Received By Job
	Partitionable Resources :    Usage  Request Allocated
	   Cpus                 :                 1         1
	   Disk (KB)            :      175      175  12112497
	   Memory (MB)          :       88        1      2012
...
