000 (371.020.000) 12/08 15:23:44 Job submitted from host: <128.104.190.61:58455?addrs=128.104.190.61-58455>
...
001 (371.020.000) 12/08 15:23:49 Job executing on host: <128.104.190.42:38951?addrs=128.104.190.42-38951>
...
006 (371.020.000) 12/08 15:23:59 Image size of job updated: 72152
	14  -  MemoryUsage of job (MB)
	14032  -  ResidentSetSize of job (KB)
...
006 (371.020.000) 12/08 15:28:59 Image size of job updated: 2247036
	92  -  MemoryUsage of job (MB)
	93844  -  ResidentSetSize of job (KB)
...
006 (371.020.000) 12/08 15:33:59 Image size of job updated: 2259736
	107  -  MemoryUsage of job (MB)
	108948  -  ResidentSetSize of job (KB)
...
006 (371.020.000) 12/08 15:39:00 Image size of job updated: 2276368
	123  -  MemoryUsage of job (MB)
	125720  -  ResidentSetSize of job (KB)
...
006 (371.020.000) 12/08 15:44:01 Image size of job updated: 2305540
	152  -  MemoryUsage of job (MB)
	154928  -  ResidentSetSize of job (KB)
...
006 (371.020.000) 12/08 15:49:01 Image size of job updated: 2335108
	181  -  MemoryUsage of job (MB)
	184536  -  ResidentSetSize of job (KB)
...
006 (371.020.000) 12/08 15:54:01 Image size of job updated: 2366804
	212  -  MemoryUsage of job (MB)
	216296  -  ResidentSetSize of job (KB)
...
006 (371.020.000) 12/08 15:59:02 Image size of job updated: 2399696
	244  -  MemoryUsage of job (MB)
	249276  -  ResidentSetSize of job (KB)
...
006 (371.020.000) 12/08 16:04:03 Image size of job updated: 2433884
	277  -  MemoryUsage of job (MB)
	283376  -  ResidentSetSize of job (KB)
...
006 (371.020.000) 12/08 16:09:03 Image size of job updated: 2465696
	308  -  MemoryUsage of job (MB)
	315204  -  ResidentSetSize of job (KB)
...
006 (371.020.000) 12/08 16:14:03 Image size of job updated: 2493152
	335  -  MemoryUsage of job (MB)
	342672  -  ResidentSetSize of job (KB)
...
006 (371.020.000) 12/08 16:19:04 Image size of job updated: 2522456
	364  -  MemoryUsage of job (MB)
	372004  -  ResidentSetSize of job (KB)
...
006 (371.020.000) 12/08 16:24:05 Image size of job updated: 2550440
	391  -  MemoryUsage of job (MB)
	399964  -  ResidentSetSize of job (KB)
...
006 (371.020.000) 12/08 16:29:05 Image size of job updated: 2577632
	418  -  MemoryUsage of job (MB)
	427208  -  ResidentSetSize of job (KB)
...
006 (371.020.000) 12/08 16:34:05 Image size of job updated: 2605484
	445  -  MemoryUsage of job (MB)
	454980  -  ResidentSetSize of job (KB)
...
006 (371.020.000) 12/08 16:39:06 Image size of job updated: 2632412
	471  -  MemoryUsage of job (MB)
	481976  -  ResidentSetSize of job (KB)
...
006 (371.020.000) 12/08 16:44:07 Image size of job updated: 2659340
	497  -  MemoryUsage of job (MB)
	508888  -  ResidentSetSize of job (KB)
...
006 (371.020.000) 12/08 16:49:07 Image size of job updated: 2685608
	523  -  MemoryUsage of job (MB)
	535128  -  ResidentSetSize of job (KB)
...
006 (371.020.000) 12/08 16:54:07 Image size of job updated: 2712404
	549  -  MemoryUsage of job (MB)
	562008  -  ResidentSetSize of job (KB)
...
006 (371.020.000) 12/08 16:59:08 Image size of job updated: 2738408
	575  -  MemoryUsage of job (MB)
	587944  -  ResidentSetSize of job (KB)
...
006 (371.020.000) 12/08 17:04:08 Image size of job updated: 2764412
	600  -  MemoryUsage of job (MB)
	613924  -  ResidentSetSize of job (KB)
...
006 (371.020.000) 12/08 17:09:08 Image size of job updated: 2790680
	626  -  MemoryUsage of job (MB)
	640204  -  ResidentSetSize of job (KB)
...
006 (371.020.000) 12/08 17:14:09 Image size of job updated: 2818268
	652  -  MemoryUsage of job (MB)
	667648  -  ResidentSetSize of job (KB)
...
006 (371.020.000) 12/08 17:19:10 Image size of job updated: 2845196
	679  -  MemoryUsage of job (MB)
	694700  -  ResidentSetSize of job (KB)
...
006 (371.020.000) 12/08 17:24:10 Image size of job updated: 2871860
	705  -  MemoryUsage of job (MB)
	721300  -  ResidentSetSize of job (KB)
...
006 (371.020.000) 12/08 17:29:10 Image size of job updated: 2898260
	731  -  MemoryUsage of job (MB)
	747760  -  ResidentSetSize of job (KB)
...
006 (371.020.000) 12/08 17:34:11 Image size of job updated: 2924792
	757  -  MemoryUsage of job (MB)
	774184  -  ResidentSetSize of job (KB)
...
006 (371.020.000) 12/08 17:39:12 Image size of job updated: 2953832
	785  -  MemoryUsage of job (MB)
	803204  -  ResidentSetSize of job (KB)
...
006 (371.020.000) 12/08 17:44:12 Image size of job updated: 2982608
	813  -  MemoryUsage of job (MB)
	832236  -  ResidentSetSize of job (KB)
...
006 (371.020.000) 12/08 17:49:12 Image size of job updated: 3012176
	844  -  MemoryUsage of job (MB)
	863692  -  ResidentSetSize of job (KB)
...
006 (371.020.000) 12/08 17:54:13 Image size of job updated: 3042008
	873  -  MemoryUsage of job (MB)
	893580  -  ResidentSetSize of job (KB)
...
006 (371.020.000) 12/08 17:59:14 Image size of job updated: 3073952
	904  -  MemoryUsage of job (MB)
	925608  -  ResidentSetSize of job (KB)
...
006 (371.020.000) 12/08 18:04:14 Image size of job updated: 3105236
	935  -  MemoryUsage of job (MB)
	956840  -  ResidentSetSize of job (KB)
...
006 (371.020.000) 12/08 18:09:14 Image size of job updated: 3137576
	966  -  MemoryUsage of job (MB)
	989136  -  ResidentSetSize of job (KB)
...
006 (371.020.000) 12/08 18:14:15 Image size of job updated: 3165560
	994  -  MemoryUsage of job (MB)
	1017156  -  ResidentSetSize of job (KB)
...
006 (371.020.000) 12/08 18:19:16 Image size of job updated: 3195128
	1023  -  MemoryUsage of job (MB)
	1046724  -  ResidentSetSize of job (KB)
...
006 (371.020.000) 12/08 18:24:16 Image size of job updated: 3224036
	1051  -  MemoryUsage of job (MB)
	1075620  -  ResidentSetSize of job (KB)
...
006 (371.020.000) 12/08 18:29:17 Image size of job updated: 3251624
	1078  -  MemoryUsage of job (MB)
	1103120  -  ResidentSetSize of job (KB)
...
006 (371.020.000) 12/08 18:34:18 Image size of job updated: 3279608
	1105  -  MemoryUsage of job (MB)
	1131068  -  ResidentSetSize of job (KB)
...
006 (371.020.000) 12/08 18:39:19 Image size of job updated: 3306932
	1132  -  MemoryUsage of job (MB)
	1158528  -  ResidentSetSize of job (KB)
...
006 (371.020.000) 12/08 18:44:19 Image size of job updated: 3334124
	1158  -  MemoryUsage of job (MB)
	1185564  -  ResidentSetSize of job (KB)
...
006 (371.020.000) 12/08 18:49:19 Image size of job updated: 3360260
	1184  -  MemoryUsage of job (MB)
	1211704  -  ResidentSetSize of job (KB)
...
006 (371.020.000) 12/08 18:54:19 Image size of job updated: 3387056
	1210  -  MemoryUsage of job (MB)
	1238588  -  ResidentSetSize of job (KB)
...
006 (371.020.000) 12/08 18:59:20 Image size of job updated: 3413588
	1236  -  MemoryUsage of job (MB)
	1265048  -  ResidentSetSize of job (KB)
...
006 (371.020.000) 12/08 19:04:21 Image size of job updated: 3439592
	1261  -  MemoryUsage of job (MB)
	1291252  -  ResidentSetSize of job (KB)
...
006 (371.020.000) 12/08 19:09:21 Image size of job updated: 3465860
	1287  -  MemoryUsage of job (MB)
	1317388  -  ResidentSetSize of job (KB)
...
006 (371.020.000) 12/08 19:14:21 Image size of job updated: 3492260
	1313  -  MemoryUsage of job (MB)
	1343692  -  ResidentSetSize of job (KB)
...
006 (371.020.000) 12/08 19:19:22 Image size of job updated: 3519188
	1339  -  MemoryUsage of job (MB)
	1370636  -  ResidentSetSize of job (KB)
...
006 (371.020.000) 12/08 19:24:23 Image size of job updated: 3545984
	1365  -  MemoryUsage of job (MB)
	1397416  -  ResidentSetSize of job (KB)
...
006 (371.020.000) 12/08 19:29:23 Image size of job updated: 3572516
	1391  -  MemoryUsage of job (MB)
	1423924  -  ResidentSetSize of job (KB)
...
006 (371.020.000) 12/08 19:34:24 Image size of job updated: 3598916
	1417  -  MemoryUsage of job (MB)
	1450500  -  ResidentSetSize of job (KB)
...
006 (371.020.000) 12/08 19:39:25 Image size of job updated: 3627692
	1445  -  MemoryUsage of job (MB)
	1479176  -  ResidentSetSize of job (KB)
...
006 (371.020.000) 12/08 19:44:25 Image size of job updated: 3656336
	1473  -  MemoryUsage of job (MB)
	1507944  -  ResidentSetSize of job (KB)
...
006 (371.020.000) 12/08 19:49:25 Image size of job updated: 3684716
	1501  -  MemoryUsage of job (MB)
	1536284  -  ResidentSetSize of job (KB)
...
006 (371.020.000) 12/08 19:54:26 Image size of job updated: 3715472
	1531  -  MemoryUsage of job (MB)
	1567020  -  ResidentSetSize of job (KB)
...
006 (371.020.000) 12/08 19:59:27 Image size of job updated: 3746492
	1561  -  MemoryUsage of job (MB)
	1598052  -  ResidentSetSize of job (KB)
...
006 (371.020.000) 12/08 20:04:27 Image size of job updated: 3778700
	1593  -  MemoryUsage of job (MB)
	1630240  -  ResidentSetSize of job (KB)
...
006 (371.020.000) 12/08 20:09:27 Image size of job updated: 3811832
	1625  -  MemoryUsage of job (MB)
	1663380  -  ResidentSetSize of job (KB)
...
006 (371.020.000) 12/08 20:14:28 Image size of job updated: 3839552
	1652  -  MemoryUsage of job (MB)
	1691172  -  ResidentSetSize of job (KB)
...
006 (371.020.000) 12/08 20:19:29 Image size of job updated: 3868064
	1680  -  MemoryUsage of job (MB)
	1719632  -  ResidentSetSize of job (KB)
...
006 (371.020.000) 12/08 20:24:29 Image size of job updated: 3896708
	1708  -  MemoryUsage of job (MB)
	1748296  -  ResidentSetSize of job (KB)
...
006 (371.020.000) 12/08 20:29:29 Image size of job updated: 3923900
	1734  -  MemoryUsage of job (MB)
	1775268  -  ResidentSetSize of job (KB)
...
006 (371.020.000) 12/08 20:34:30 Image size of job updated: 3951356
	1761  -  MemoryUsage of job (MB)
	1802820  -  ResidentSetSize of job (KB)
...
006 (371.020.000) 12/08 20:39:31 Image size of job updated: 3978812
	1788  -  MemoryUsage of job (MB)
	1830296  -  ResidentSetSize of job (KB)
...
006 (371.020.000) 12/08 20:44:31 Image size of job updated: 4005608
	1814  -  MemoryUsage of job (MB)
	1857172  -  ResidentSetSize of job (KB)
...
006 (371.020.000) 12/08 20:49:31 Image size of job updated: 4032140
	1840  -  MemoryUsage of job (MB)
	1883744  -  ResidentSetSize of job (KB)
...
006 (371.020.000) 12/08 20:54:32 Image size of job updated: 4058672
	1866  -  MemoryUsage of job (MB)
	1910180  -  ResidentSetSize of job (KB)
...
006 (371.020.000) 12/08 20:59:33 Image size of job updated: 4086788
	1893  -  MemoryUsage of job (MB)
	1938364  -  ResidentSetSize of job (KB)
...
006 (371.020.000) 12/08 21:04:34 Image size of job updated: 4113056
	1919  -  MemoryUsage of job (MB)
	1964540  -  ResidentSetSize of job (KB)
...
006 (371.020.000) 12/08 21:09:34 Image size of job updated: 4138928
	1944  -  MemoryUsage of job (MB)
	1990592  -  ResidentSetSize of job (KB)
...
006 (371.020.000) 12/08 21:14:34 Image size of job updated: 4164668
	1970  -  MemoryUsage of job (MB)
	2016268  -  ResidentSetSize of job (KB)
...
006 (371.020.000) 12/08 21:19:34 Image size of job updated: 4191992
	1996  -  MemoryUsage of job (MB)
	2043724  -  ResidentSetSize of job (KB)
...
006 (371.020.000) 12/08 21:24:35 Image size of job updated: 4219316
	2023  -  MemoryUsage of job (MB)
	2071048  -  ResidentSetSize of job (KB)
...
006 (371.020.000) 12/08 21:29:36 Image size of job updated: 4246376
	2050  -  MemoryUsage of job (MB)
	2098268  -  ResidentSetSize of job (KB)
...
006 (371.020.000) 12/08 21:34:36 Image size of job updated: 4273304
	2076  -  MemoryUsage of job (MB)
	2125008  -  ResidentSetSize of job (KB)
...
006 (371.020.000) 12/08 21:39:37 Image size of job updated: 4301816
	2104  -  MemoryUsage of job (MB)
	2153696  -  ResidentSetSize of job (KB)
...
006 (371.020.000) 12/08 21:44:38 Image size of job updated: 4330856
	2132  -  MemoryUsage of job (MB)
	2182852  -  ResidentSetSize of job (KB)
...
006 (371.020.000) 12/08 21:49:38 Image size of job updated: 4360160
	2161  -  MemoryUsage of job (MB)
	2212088  -  ResidentSetSize of job (KB)
...
006 (371.020.000) 12/08 21:54:38 Image size of job updated: 4390388
	2190  -  MemoryUsage of job (MB)
	2242292  -  ResidentSetSize of job (KB)
...
006 (371.020.000) 12/08 21:59:40 Image size of job updated: 4423388
	2222  -  MemoryUsage of job (MB)
	2275300  -  ResidentSetSize of job (KB)
...
006 (371.020.000) 12/08 22:04:40 Image size of job updated: 4456124
	2254  -  MemoryUsage of job (MB)
	2307960  -  ResidentSetSize of job (KB)
...
006 (371.020.000) 12/08 22:09:40 Image size of job updated: 4489388
	2287  -  MemoryUsage of job (MB)
	2341336  -  ResidentSetSize of job (KB)
...
006 (371.020.000) 12/08 22:14:40 Image size of job updated: 4518428
	2315  -  MemoryUsage of job (MB)
	2370432  -  ResidentSetSize of job (KB)
...
006 (371.020.000) 12/08 22:19:41 Image size of job updated: 4547732
	2344  -  MemoryUsage of job (MB)
	2399604  -  ResidentSetSize of job (KB)
...
006 (371.020.000) 12/08 22:24:42 Image size of job updated: 4578224
	2374  -  MemoryUsage of job (MB)
	2430180  -  ResidentSetSize of job (KB)
...
006 (371.020.000) 12/08 22:29:43 Image size of job updated: 4606868
	2401  -  MemoryUsage of job (MB)
	2458624  -  ResidentSetSize of job (KB)
...
006 (371.020.000) 12/08 22:34:43 Image size of job updated: 4635776
	2430  -  MemoryUsage of job (MB)
	2487584  -  ResidentSetSize of job (KB)
...
006 (371.020.000) 12/08 22:39:43 Image size of job updated: 4664024
	2458  -  MemoryUsage of job (MB)
	2515980  -  ResidentSetSize of job (KB)
...
006 (371.020.000) 12/08 22:44:43 Image size of job updated: 4692140
	2485  -  MemoryUsage of job (MB)
	2544124  -  ResidentSetSize of job (KB)
...
006 (371.020.000) 12/08 22:49:44 Image size of job updated: 4719332
	2511  -  MemoryUsage of job (MB)
	2571232  -  ResidentSetSize of job (KB)
...
006 (371.020.000) 12/08 22:54:45 Image size of job updated: 4747448
	2539  -  MemoryUsage of job (MB)
	2599408  -  ResidentSetSize of job (KB)
...
006 (371.020.000) 12/08 22:59:46 Image size of job updated: 4774904
	2566  -  MemoryUsage of job (MB)
	2626832  -  ResidentSetSize of job (KB)
...
006 (371.020.000) 12/08 23:00:41 Image size of job updated: 4779128
	2566  -  MemoryUsage of job (MB)
	2626832  -  ResidentSetSize of job (KB)
...
005 (371.020.000) 12/08 23:00:41 Job terminated.
	(1) Normal termination (return value 0)
		Usr 0 07:36:30, Sys 0 00:00:06  -  Run Remote Usage
		Usr 0 00:00:00, Sys 0 00:00:00  -  Run Local Usage
		Usr 0 07:36:30, Sys 0 00:00:06  -  Total Remote Usage
		Usr 0 00:00:00, Sys 0 00:00:00  -  Total Local Usage
	0  -  Run Bytes Sent By Job
	0  -  Run Bytes Received By Job
	0  -  Total Bytes Sent By Job
	0  -  Total Bytes Received By Job
	Partitionable Resources :    Usage  Request Allocated
	   Cpus                 :                 1         1
	   Disk (KB)            :      175      175  12100224
	   Memory (MB)          :     2566        1      2012
...
