000 (369.021.000) 12/07 15:37:24 Job submitted from host: <128.104.190.61:58455?addrs=128.104.190.61-58455>
...
001 (369.021.000) 12/07 15:37:25 Job executing on host: <128.104.190.16:14003?addrs=128.104.190.16-14003>
...
006 (369.021.000) 12/07 15:37:34 Image size of job updated: 93236
	15  -  MemoryUsage of job (MB)
	14364  -  ResidentSetSize of job (KB)
...
006 (369.021.000) 12/07 15:42:35 Image size of job updated: 2254412
	111  -  MemoryUsage of job (MB)
	113120  -  ResidentSetSize of job (KB)
...
006 (369.021.000) 12/07 15:47:36 Image size of job updated: 2254544
	111  -  MemoryUsage of job (MB)
	113140  -  ResidentSetSize of job (KB)
...
006 (369.021.000) 12/07 15:52:36 Image size of job updated: 2308408
	164  -  MemoryUsage of job (MB)
	167084  -  ResidentSetSize of job (KB)
...
006 (369.021.000) 12/07 15:57:36 Image size of job updated: 2380744
	234  -  MemoryUsage of job (MB)
	239440  -  ResidentSetSize of job (KB)
...
006 (369.021.000) 12/07 16:02:37 Image size of job updated: 2458228
	310  -  MemoryUsage of job (MB)
	316984  -  ResidentSetSize of job (KB)
...
006 (369.021.000) 12/07 16:07:38 Image size of job updated: 2501260
	352  -  MemoryUsage of job (MB)
	359968  -  ResidentSetSize of job (KB)
...
006 (369.021.000) 12/07 16:12:38 Image size of job updated: 2544820
	395  -  MemoryUsage of job (MB)
	403624  -  ResidentSetSize of job (KB)
...
006 (369.021.000) 12/07 16:17:38 Image size of job updated: 2590888
	440  -  MemoryUsage of job (MB)
	449548  -  ResidentSetSize of job (KB)
...
006 (369.021.000) 12/07 16:22:39 Image size of job updated: 2635372
	483  -  MemoryUsage of job (MB)
	494100  -  ResidentSetSize of job (KB)
...
006 (369.021.000) 12/07 16:27:39 Image size of job updated: 2682496
	529  -  MemoryUsage of job (MB)
	541256  -  ResidentSetSize of job (KB)
...
006 (369.021.000) 12/07 16:32:39 Image size of job updated: 2744800
	590  -  MemoryUsage of job (MB)
	603516  -  ResidentSetSize of job (KB)
...
006 (369.021.000) 12/07 16:37:40 Image size of job updated: 2820700
	664  -  MemoryUsage of job (MB)
	679212  -  ResidentSetSize of job (KB)
...
006 (369.021.000) 12/07 16:42:41 Image size of job updated: 2868880
	713  -  MemoryUsage of job (MB)
	729568  -  ResidentSetSize of job (KB)
...
006 (369.021.000) 12/07 16:47:41 Image size of job updated: 2917456
	760  -  MemoryUsage of job (MB)
	778120  -  ResidentSetSize of job (KB)
...
006 (369.021.000) 12/07 16:52:42 Image size of job updated: 2963524
	805  -  MemoryUsage of job (MB)
	824116  -  ResidentSetSize of job (KB)
...
006 (369.021.000) 12/07 16:57:43 Image size of job updated: 3002596
	844  -  MemoryUsage of job (MB)
	863340  -  ResidentSetSize of job (KB)
...
006 (369.021.000) 12/07 17:02:43 Image size of job updated: 3048268
	888  -  MemoryUsage of job (MB)
	909032  -  ResidentSetSize of job (KB)
...
006 (369.021.000) 12/07 17:07:43 Image size of job updated: 3093940
	933  -  MemoryUsage of job (MB)
	954628  -  ResidentSetSize of job (KB)
...
006 (369.021.000) 12/07 17:12:44 Image size of job updated: 3141724
	980  -  MemoryUsage of job (MB)
	1002500  -  ResidentSetSize of job (KB)
...
006 (369.021.000) 12/07 17:17:45 Image size of job updated: 3190300
	1027  -  MemoryUsage of job (MB)
	1051052  -  ResidentSetSize of job (KB)
...
006 (369.021.000) 12/07 17:22:45 Image size of job updated: 3230032
	1066  -  MemoryUsage of job (MB)
	1090848  -  ResidentSetSize of job (KB)
...
006 (369.021.000) 12/07 17:27:46 Image size of job updated: 3271084
	1106  -  MemoryUsage of job (MB)
	1131908  -  ResidentSetSize of job (KB)
...
006 (369.021.000) 12/07 17:32:47 Image size of job updated: 3307252
	1141  -  MemoryUsage of job (MB)
	1167988  -  ResidentSetSize of job (KB)
...
006 (369.021.000) 12/07 17:37:47 Image size of job updated: 3348304
	1181  -  MemoryUsage of job (MB)
	1208852  -  ResidentSetSize of job (KB)
...
006 (369.021.000) 12/07 17:42:47 Image size of job updated: 3389092
	1221  -  MemoryUsage of job (MB)
	1249876  -  ResidentSetSize of job (KB)
...
006 (369.021.000) 12/07 17:47:48 Image size of job updated: 3434896
	1266  -  MemoryUsage of job (MB)
	1295608  -  ResidentSetSize of job (KB)
...
006 (369.021.000) 12/07 17:52:48 Image size of job updated: 3488092
	1318  -  MemoryUsage of job (MB)
	1348772  -  ResidentSetSize of job (KB)
...
006 (369.021.000) 12/07 17:57:48 Image size of job updated: 3524392
	1353  -  MemoryUsage of job (MB)
	1385192  -  ResidentSetSize of job (KB)
...
006 (369.021.000) 12/07 18:02:49 Image size of job updated: 3574024
	1402  -  MemoryUsage of job (MB)
	1434924  -  ResidentSetSize of job (KB)
...
006 (369.021.000) 12/07 18:07:50 Image size of job updated: 3612436
	1439  -  MemoryUsage of job (MB)
	1473252  -  ResidentSetSize of job (KB)
...
006 (369.021.000) 12/07 18:12:50 Image size of job updated: 3658768
	1485  -  MemoryUsage of job (MB)
	1519916  -  ResidentSetSize of job (KB)
...
006 (369.021.000) 12/07 18:17:50 Image size of job updated: 3701272
	1526  -  MemoryUsage of job (MB)
	1562428  -  ResidentSetSize of job (KB)
...
006 (369.021.000) 12/07 18:22:51 Image size of job updated: 3746944
	1571  -  MemoryUsage of job (MB)
	1607932  -  ResidentSetSize of job (KB)
...
006 (369.021.000) 12/07 18:27:52 Image size of job updated: 3796840
	1620  -  MemoryUsage of job (MB)
	1657908  -  ResidentSetSize of job (KB)
...
006 (369.021.000) 12/07 18:32:52 Image size of job updated: 3845020
	1667  -  MemoryUsage of job (MB)
	1705988  -  ResidentSetSize of job (KB)
...
006 (369.021.000) 12/07 18:37:53 Image size of job updated: 3884884
	1706  -  MemoryUsage of job (MB)
	1746052  -  ResidentSetSize of job (KB)
...
006 (369.021.000) 12/07 18:42:54 Image size of job updated: 3931480
	1751  -  MemoryUsage of job (MB)
	1792672  -  ResidentSetSize of job (KB)
...
006 (369.021.000) 12/07 18:47:54 Image size of job updated: 3973720
	1792  -  MemoryUsage of job (MB)
	1834792  -  ResidentSetSize of job (KB)
...
006 (369.021.000) 12/07 18:52:54 Image size of job updated: 4016224
	1834  -  MemoryUsage of job (MB)
	1877288  -  ResidentSetSize of job (KB)
...
006 (369.021.000) 12/07 18:57:56 Image size of job updated: 4063348
	1880  -  MemoryUsage of job (MB)
	1924276  -  ResidentSetSize of job (KB)
...
006 (369.021.000) 12/07 19:02:56 Image size of job updated: 4116280
	1932  -  MemoryUsage of job (MB)
	1977400  -  ResidentSetSize of job (KB)
...
006 (369.021.000) 12/07 19:07:56 Image size of job updated: 4162876
	1977  -  MemoryUsage of job (MB)
	2023928  -  ResidentSetSize of job (KB)
...
006 (369.021.000) 12/07 19:12:57 Image size of job updated: 4206568
	2020  -  MemoryUsage of job (MB)
	2067668  -  ResidentSetSize of job (KB)
...
006 (369.021.000) 12/07 19:17:58 Image size of job updated: 4251580
	2064  -  MemoryUsage of job (MB)
	2112652  -  ResidentSetSize of job (KB)
...
006 (369.021.000) 12/07 19:22:58 Image size of job updated: 4292896
	2104  -  MemoryUsage of job (MB)
	2153900  -  ResidentSetSize of job (KB)
...
006 (369.021.000) 12/07 19:27:58 Image size of job updated: 4339228
	2149  -  MemoryUsage of job (MB)
	2200360  -  ResidentSetSize of job (KB)
...
006 (369.021.000) 12/07 19:32:59 Image size of job updated: 4377244
	2186  -  MemoryUsage of job (MB)
	2238332  -  ResidentSetSize of job (KB)
...
006 (369.021.000) 12/07 19:37:59 Image size of job updated: 4425160
	2233  -  MemoryUsage of job (MB)
	2286108  -  ResidentSetSize of job (KB)
...
006 (369.021.000) 12/07 19:42:59 Image size of job updated: 4477696
	2284  -  MemoryUsage of job (MB)
	2338804  -  ResidentSetSize of job (KB)
...
006 (369.021.000) 12/07 19:48:00 Image size of job updated: 4519408
	2325  -  MemoryUsage of job (MB)
	2380620  -  ResidentSetSize of job (KB)
...
006 (369.021.000) 12/07 19:53:01 Image size of job updated: 4564552
	2369  -  MemoryUsage of job (MB)
	2425660  -  ResidentSetSize of job (KB)
...
006 (369.021.000) 12/07 19:58:01 Image size of job updated: 4615240
	2419  -  MemoryUsage of job (MB)
	2476264  -  ResidentSetSize of job (KB)
...
006 (369.021.000) 12/07 19:59:25 Image size of job updated: 4625932
	2419  -  MemoryUsage of job (MB)
	2476264  -  ResidentSetSize of job (KB)
...
005 (369.021.000) 12/07 19:59:25 Job terminated.
	(1) Normal termination (return value 0)
		Usr 0 04:21:39, Sys 0 00:00:04  -  Run Remote Usage
		Usr 0 00:00:00, Sys 0 00:00:00  -  Run Local Usage
		Usr 0 04:21:39, Sys 0 00:00:04  -  Total Remote Usage
		Usr 0 00:00:00, Sys 0 00:00:00  -  Total Local Usage
	0  -  Run Bytes Sent By Job
	0  -  Run Bytes Received By Job
	0  -  Total Bytes Sent By Job
	0  -  Total Bytes Received By Job
	Partitionable Resources :    Usage  Request Allocated
	   Cpus                 :                 1         1
	   Disk (KB)            :      175      175  12112544
	   Memory (MB)          :     2419        1      2012
...
