000 (365.003.000) 12/05 11:45:19 Job submitted from host: <128.104.190.61:58455?addrs=128.104.190.61-58455>
...
001 (365.003.000) 12/05 11:45:19 Job executing on host: <128.104.190.58:56194?addrs=128.104.190.58-56194>
...
006 (365.003.000) 12/05 11:45:28 Image size of job updated: 72148
	14  -  MemoryUsage of job (MB)
	13944  -  ResidentSetSize of job (KB)
...
006 (365.003.000) 12/05 11:50:28 Image size of job updated: 2243980
	87  -  MemoryUsage of job (MB)
	88956  -  ResidentSetSize of job (KB)
...
006 (365.003.000) 12/05 12:10:30 Image size of job updated: 2244664
	88  -  MemoryUsage of job (MB)
	89852  -  ResidentSetSize of job (KB)
...
006 (365.003.000) 12/05 12:30:31 Image size of job updated: 2245460
	90  -  MemoryUsage of job (MB)
	91700  -  ResidentSetSize of job (KB)
...
006 (365.003.000) 12/05 12:55:34 Image size of job updated: 2245460
	90  -  MemoryUsage of job (MB)
	91996  -  ResidentSetSize of job (KB)
...
005 (365.003.000) 12/05 15:13:49 Job terminated.
	(1) Normal termination (return value 0)
		Usr 0 03:27:40, Sys 0 00:00:01  -  Run Remote Usage
		Usr 0 00:00:00, Sys 0 00:00:00  -  Run Local Usage
		Usr 0 03:27:40, Sys 0 00:00:01  -  Total Remote Usage
		Usr 0 00:00:00, Sys 0 00:00:00  -  Total Local Usage
	0  -  Run Bytes Sent By Job
	0  -  Run Bytes Received By Job
	0  -  Total Bytes Sent By Job
	0  -  Total Bytes Received By Job
	Partitionable Resources :    Usage  Request Allocated
	   Cpus                 :                 1         1
	   Disk (KB)            :      175      175 111269383
	   Memory (MB)          :       90        1      2002
...
