000 (370.011.000) 12/07 16:02:23 Job submitted from host: <128.104.190.61:58455?addrs=128.104.190.61-58455>
...
001 (370.011.000) 12/07 16:02:24 Job executing on host: <128.104.190.16:14003?addrs=128.104.190.16-14003>
...
006 (370.011.000) 12/07 16:02:33 Image size of job updated: 81816
	25  -  MemoryUsage of job (MB)
	25596  -  ResidentSetSize of job (KB)
...
006 (370.011.000) 12/07 16:07:34 Image size of job updated: 2280656
	130  -  MemoryUsage of job (MB)
	133060  -  ResidentSetSize of job (KB)
...
006 (370.011.000) 12/07 16:12:34 Image size of job updated: 2282640
	136  -  MemoryUsage of job (MB)
	139240  -  ResidentSetSize of job (KB)
...
006 (370.011.000) 12/07 16:17:34 Image size of job updated: 2282796
	141  -  MemoryUsage of job (MB)
	143468  -  ResidentSetSize of job (KB)
...
006 (370.011.000) 12/07 16:22:35 Image size of job updated: 2282928
	143  -  MemoryUsage of job (MB)
	145628  -  ResidentSetSize of job (KB)
...
006 (370.011.000) 12/07 16:27:36 Image size of job updated: 2283588
	148  -  MemoryUsage of job (MB)
	150700  -  ResidentSetSize of job (KB)
...
006 (370.011.000) 12/07 16:32:36 Image size of job updated: 2283984
	148  -  MemoryUsage of job (MB)
	151064  -  ResidentSetSize of job (KB)
...
006 (370.011.000) 12/07 16:37:36 Image size of job updated: 2284116
	148  -  MemoryUsage of job (MB)
	151176  -  ResidentSetSize of job (KB)
...
006 (370.011.000) 12/07 16:42:37 Image size of job updated: 2284116
	148  -  MemoryUsage of job (MB)
	151284  -  ResidentSetSize of job (KB)
...
006 (370.011.000) 12/07 16:47:37 Image size of job updated: 2284248
	148  -  MemoryUsage of job (MB)
	151292  -  ResidentSetSize of job (KB)
...
006 (370.011.000) 12/07 16:52:37 Image size of job updated: 2284380
	152  -  MemoryUsage of job (MB)
	155608  -  ResidentSetSize of job (KB)
...
006 (370.011.000) 12/07 16:57:38 Image size of job updated: 2284380
	152  -  MemoryUsage of job (MB)
	155616  -  ResidentSetSize of job (KB)
...
006 (370.011.000) 12/07 17:02:39 Image size of job updated: 2284512
	153  -  MemoryUsage of job (MB)
	155748  -  ResidentSetSize of job (KB)
...
006 (370.011.000) 12/07 17:07:39 Image size of job updated: 2284776
	155  -  MemoryUsage of job (MB)
	157988  -  ResidentSetSize of job (KB)
...
006 (370.011.000) 12/07 17:12:40 Image size of job updated: 2284776
	155  -  MemoryUsage of job (MB)
	158052  -  ResidentSetSize of job (KB)
...
006 (370.011.000) 12/07 17:37:43 Image size of job updated: 2285040
	155  -  MemoryUsage of job (MB)
	158316  -  ResidentSetSize of job (KB)
...
006 (370.011.000) 12/07 17:42:43 Image size of job updated: 2285172
	157  -  MemoryUsage of job (MB)
	160428  -  ResidentSetSize of job (KB)
...
006 (370.011.000) 12/07 17:47:44 Image size of job updated: 2285172
	157  -  MemoryUsage of job (MB)
	160496  -  ResidentSetSize of job (KB)
...
006 (370.011.000) 12/07 17:57:45 Image size of job updated: 2285172
	157  -  MemoryUsage of job (MB)
	160508  -  ResidentSetSize of job (KB)
...
006 (370.011.000) 12/07 18:12:47 Image size of job updated: 2285304
	157  -  MemoryUsage of job (MB)
	160552  -  ResidentSetSize of job (KB)
...
006 (370.011.000) 12/07 18:17:47 Image size of job updated: 2285436
	158  -  MemoryUsage of job (MB)
	160788  -  ResidentSetSize of job (KB)
...
006 (370.011.000) 12/07 18:22:48 Image size of job updated: 2285700
	158  -  MemoryUsage of job (MB)
	160960  -  ResidentSetSize of job (KB)
...
006 (370.011.000) 12/07 18:27:49 Image size of job updated: 2285832
	158  -  MemoryUsage of job (MB)
	161068  -  ResidentSetSize of job (KB)
...
006 (370.011.000) 12/07 18:37:49 Image size of job updated: 2285832
	158  -  MemoryUsage of job (MB)
	161100  -  ResidentSetSize of job (KB)
...
006 (370.011.000) 12/07 18:42:50 Image size of job updated: 2285964
	158  -  MemoryUsage of job (MB)
	161268  -  ResidentSetSize of job (KB)
...
006 (370.011.000) 12/07 18:47:51 Image size of job updated: 2286096
	158  -  MemoryUsage of job (MB)
	161388  -  ResidentSetSize of job (KB)
...
006 (370.011.000) 12/07 18:52:51 Image size of job updated: 2286096
	158  -  MemoryUsage of job (MB)
	161420  -  ResidentSetSize of job (KB)
...
006 (370.011.000) 12/07 18:57:52 Image size of job updated: 2286228
	158  -  MemoryUsage of job (MB)
	161532  -  ResidentSetSize of job (KB)
...
006 (370.011.000) 12/07 19:02:53 Image size of job updated: 2286360
	158  -  MemoryUsage of job (MB)
	161596  -  ResidentSetSize of job (KB)
...
006 (370.011.000) 12/07 19:07:53 Image size of job updated: 2286360
	158  -  MemoryUsage of job (MB)
	161696  -  ResidentSetSize of job (KB)
...
006 (370.011.000) 12/07 19:12:53 Image size of job updated: 2286492
	158  -  MemoryUsage of job (MB)
	161772  -  ResidentSetSize of job (KB)
...
006 (370.011.000) 12/07 19:17:54 Image size of job updated: 2286492
	159  -  MemoryUsage of job (MB)
	161812  -  ResidentSetSize of job (KB)
...
006 (370.011.000) 12/07 19:22:55 Image size of job updated: 2286892
	159  -  MemoryUsage of job (MB)
	162136  -  ResidentSetSize of job (KB)
...
006 (370.011.000) 12/07 19:27:55 Image size of job updated: 2286892
	159  -  MemoryUsage of job (MB)
	162232  -  ResidentSetSize of job (KB)
...
006 (370.011.000) 12/07 19:32:56 Image size of job updated: 2287024
	159  -  MemoryUsage of job (MB)
	162264  -  ResidentSetSize of job (KB)
...
006 (370.011.000) 12/07 19:37:57 Image size of job updated: 2287024
	159  -  MemoryUsage of job (MB)
	162316  -  ResidentSetSize of job (KB)
...
006 (370.011.000) 12/07 19:47:57 Image size of job updated: 2287024
	159  -  MemoryUsage of job (MB)
	162332  -  ResidentSetSize of job (KB)
...
006 (370.011.000) 12/07 19:52:58 Image size of job updated: 2287164
	159  -  MemoryUsage of job (MB)
	162428  -  ResidentSetSize of job (KB)
...
006 (370.011.000) 12/07 19:57:58 Image size of job updated: 2287164
	159  -  MemoryUsage of job (MB)
	162464  -  ResidentSetSize of job (KB)
...
006 (370.011.000) 12/07 20:02:58 Image size of job updated: 2287296
	159  -  MemoryUsage of job (MB)
	162652  -  ResidentSetSize of job (KB)
...
006 (370.011.000) 12/07 20:08:00 Image size of job updated: 2287956
	160  -  MemoryUsage of job (MB)
	163208  -  ResidentSetSize of job (KB)
...
006 (370.011.000) 12/07 20:13:00 Image size of job updated: 2288088
	160  -  MemoryUsage of job (MB)
	163344  -  ResidentSetSize of job (KB)
...
006 (370.011.000) 12/07 20:18:00 Image size of job updated: 2288088
	160  -  MemoryUsage of job (MB)
	163348  -  ResidentSetSize of job (KB)
...
006 (370.011.000) 12/07 20:23:01 Image size of job updated: 2288088
	160  -  MemoryUsage of job (MB)
	163356  -  ResidentSetSize of job (KB)
...
006 (370.011.000) 12/07 20:28:02 Image size of job updated: 2288356
	160  -  MemoryUsage of job (MB)
	163648  -  ResidentSetSize of job (KB)
...
006 (370.011.000) 12/07 20:33:02 Image size of job updated: 2288752
	161  -  MemoryUsage of job (MB)
	164016  -  ResidentSetSize of job (KB)
...
006 (370.011.000) 12/07 20:38:02 Image size of job updated: 2288896
	161  -  MemoryUsage of job (MB)
	164128  -  ResidentSetSize of job (KB)
...
006 (370.011.000) 12/07 20:43:03 Image size of job updated: 2288896
	163  -  MemoryUsage of job (MB)
	166244  -  ResidentSetSize of job (KB)
...
006 (370.011.000) 12/07 20:48:03 Image size of job updated: 2289028
	163  -  MemoryUsage of job (MB)
	166308  -  ResidentSetSize of job (KB)
...
005 (370.011.000) 12/07 20:48:32 Job terminated.
	(1) Normal termination (return value 0)
		Usr 0 04:45:42, Sys 0 00:00:03  -  Run Remote Usage
		Usr 0 00:00:00, Sys 0 00:00:00  -  Run Local Usage
		Usr 0 04:45:42, Sys 0 00:00:03  -  Total Remote Usage
		Usr 0 00:00:00, Sys 0 00:00:00  -  Total Local Usage
	0  -  Run Bytes Sent By Job
	0  -  Run Bytes Received By Job
	0  -  Total Bytes Sent By Job
	0  -  Total Bytes Received By Job
	Partitionable Resources :    Usage  Request Allocated
	   Cpus                 :                 1         1
	   Disk (KB)            :      175      175  12112527
	   Memory (MB)          :      163        1      2012
...
