000 (365.007.000) 12/05 11:45:19 Job submitted from host: <128.104.190.61:58455?addrs=128.104.190.61-58455>
...
001 (365.007.000) 12/05 11:45:20 Job executing on host: <128.104.190.58:56194?addrs=128.104.190.58-56194>
...
006 (365.007.000) 12/05 11:45:28 Image size of job updated: 175
	4  -  MemoryUsage of job (MB)
	3616  -  ResidentSetSize of job (KB)
...
006 (365.007.000) 12/05 11:50:28 Image size of job updated: 2241932
	86  -  MemoryUsage of job (MB)
	87120  -  ResidentSetSize of job (KB)
...
006 (365.007.000) 12/05 11:55:29 Image size of job updated: 2242708
	88  -  MemoryUsage of job (MB)
	89960  -  ResidentSetSize of job (KB)
...
006 (365.007.000) 12/05 12:00:30 Image size of job updated: 2244008
	92  -  MemoryUsage of job (MB)
	93548  -  ResidentSetSize of job (KB)
...
006 (365.007.000) 12/05 12:05:30 Image size of job updated: 2244008
	94  -  MemoryUsage of job (MB)
	95596  -  ResidentSetSize of job (KB)
...
006 (365.007.000) 12/05 12:10:30 Image size of job updated: 2244828
	95  -  MemoryUsage of job (MB)
	96532  -  ResidentSetSize of job (KB)
...
006 (365.007.000) 12/05 12:35:34 Image size of job updated: 2244828
	97  -  MemoryUsage of job (MB)
	98580  -  ResidentSetSize of job (KB)
...
006 (365.007.000) 12/05 13:15:37 Image size of job updated: 2244828
	99  -  MemoryUsage of job (MB)
	100628  -  ResidentSetSize of job (KB)
...
006 (365.007.000) 12/05 13:45:40 Image size of job updated: 2244960
	99  -  MemoryUsage of job (MB)
	100628  -  ResidentSetSize of job (KB)
...
006 (365.007.000) 12/05 14:00:42 Image size of job updated: 2244960
	101  -  MemoryUsage of job (MB)
	102676  -  ResidentSetSize of job (KB)
...
006 (365.007.000) 12/05 14:15:43 Image size of job updated: 2246524
	132  -  MemoryUsage of job (MB)
	135100  -  ResidentSetSize of job (KB)
...
006 (365.007.000) 12/05 14:20:44 Image size of job updated: 2247032
	133  -  MemoryUsage of job (MB)
	135628  -  ResidentSetSize of job (KB)
...
005 (365.007.000) 12/05 15:04:43 Job terminated.
	(1) Normal termination (return value 0)
		Usr 0 03:18:47, Sys 0 00:00:01  -  Run Remote Usage
		Usr 0 00:00:00, Sys 0 00:00:00  -  Run Local Usage
		Usr 0 03:18:47, Sys 0 00:00:01  -  Total Remote Usage
		Usr 0 00:00:00, Sys 0 00:00:00  -  Total Local Usage
	0  -  Run Bytes Sent By Job
	0  -  Run Bytes Received By Job
	0  -  Total Bytes Sent By Job
	0  -  Total Bytes Received By Job
	Partitionable Resources :    Usage  Request Allocated
	   Cpus                 :                 1         1
	   Disk (KB)            :      175      175 111269383
	   Memory (MB)          :      133        1      2002
...
