000 (363.023.000) 12/04 13:22:52 Job submitted from host: <128.104.190.61:58455?addrs=128.104.190.61-58455>
...
001 (363.023.000) 12/04 13:22:58 Job executing on host: <128.104.190.42:38951?addrs=128.104.190.42-38951>
...
006 (363.023.000) 12/04 13:23:06 Image size of job updated: 216200
	65  -  MemoryUsage of job (MB)
	66400  -  ResidentSetSize of job (KB)
...
006 (363.023.000) 12/04 13:28:06 Image size of job updated: 2243876
	100  -  MemoryUsage of job (MB)
	102304  -  ResidentSetSize of job (KB)
...
006 (363.023.000) 12/04 13:38:07 Image size of job updated: 2244160
	101  -  MemoryUsage of job (MB)
	102828  -  ResidentSetSize of job (KB)
...
006 (363.023.000) 12/04 13:43:08 Image size of job updated: 2244160
	101  -  MemoryUsage of job (MB)
	102844  -  ResidentSetSize of job (KB)
...
006 (363.023.000) 12/04 13:53:09 Image size of job updated: 2244292
	101  -  MemoryUsage of job (MB)
	102872  -  ResidentSetSize of job (KB)
...
006 (363.023.000) 12/04 14:28:12 Image size of job updated: 2244292
	101  -  MemoryUsage of job (MB)
	102876  -  ResidentSetSize of job (KB)
...
006 (363.023.000) 12/04 14:33:13 Image size of job updated: 2244292
	101  -  MemoryUsage of job (MB)
	103156  -  ResidentSetSize of job (KB)
...
006 (363.023.000) 12/04 14:48:14 Image size of job updated: 2244292
	101  -  MemoryUsage of job (MB)
	103168  -  ResidentSetSize of job (KB)
...
006 (363.023.000) 12/04 14:58:15 Image size of job updated: 2244292
	101  -  MemoryUsage of job (MB)
	103176  -  ResidentSetSize of job (KB)
...
006 (363.023.000) 12/04 15:03:15 Image size of job updated: 2244292
	101  -  MemoryUsage of job (MB)
	103200  -  ResidentSetSize of job (KB)
...
006 (363.023.000) 12/04 15:23:18 Image size of job updated: 2244292
	101  -  MemoryUsage of job (MB)
	103204  -  ResidentSetSize of job (KB)
...
005 (363.023.000) 12/04 17:10:22 Job terminated.
	(1) Normal termination (return value 0)
		Usr 0 03:47:12, Sys 0 00:00:01  -  Run Remote Usage
		Usr 0 00:00:00, Sys 0 00:00:00  -  Run Local Usage
		Usr 0 03:47:12, Sys 0 00:00:01  -  Total Remote Usage
		Usr 0 00:00:00, Sys 0 00:00:00  -  Total Local Usage
	0  -  Run Bytes Sent By Job
	0  -  Run Bytes Received By Job
	0  -  Total Bytes Sent By Job
	0  -  Total Bytes Received By Job
	Partitionable Resources :    Usage  Request Allocated
	   Cpus                 :                 1         1
	   Disk (KB)            :      175      175  12112338
	   Memory (MB)          :      101        1      2012
...
