000 (364.000.000) 12/04 18:34:30 Job submitted from host: <128.104.190.61:58455?addrs=128.104.190.61-58455>
...
001 (364.000.000) 12/04 18:34:34 Job executing on host: <128.104.190.58:56194?addrs=128.104.190.58-56194>
...
006 (364.000.000) 12/04 18:34:43 Image size of job updated: 81844
	25  -  MemoryUsage of job (MB)
	25464  -  ResidentSetSize of job (KB)
...
006 (364.000.000) 12/04 18:39:44 Image size of job updated: 2241284
	85  -  MemoryUsage of job (MB)
	86908  -  ResidentSetSize of job (KB)
...
006 (364.000.000) 12/04 18:44:45 Image size of job updated: 2241416
	85  -  MemoryUsage of job (MB)
	86908  -  ResidentSetSize of job (KB)
...
006 (364.000.000) 12/04 18:54:46 Image size of job updated: 2241812
	86  -  MemoryUsage of job (MB)
	87540  -  ResidentSetSize of job (KB)
...
006 (364.000.000) 12/04 19:34:51 Image size of job updated: 2241944
	86  -  MemoryUsage of job (MB)
	87804  -  ResidentSetSize of job (KB)
...
006 (364.000.000) 12/04 19:59:53 Image size of job updated: 2241944
	86  -  MemoryUsage of job (MB)
	88020  -  ResidentSetSize of job (KB)
...
005 (364.000.000) 12/04 21:16:49 Job terminated.
	(1) Normal termination (return value 0)
		Usr 0 02:41:54, Sys 0 00:00:00  -  Run Remote Usage
		Usr 0 00:00:00, Sys 0 00:00:00  -  Run Local Usage
		Usr 0 02:41:54, Sys 0 00:00:00  -  Total Remote Usage
		Usr 0 00:00:00, Sys 0 00:00:00  -  Total Local Usage
	0  -  Run Bytes Sent By Job
	0  -  Run Bytes Received By Job
	0  -  Total Bytes Sent By Job
	0  -  Total Bytes Received By Job
	Partitionable Resources :    Usage  Request Allocated
	   Cpus                 :                 1         1
	   Disk (KB)            :      175      175 111269439
	   Memory (MB)          :       86        1      2002
...
