000 (369.023.000) 12/07 15:37:24 Job submitted from host: <128.104.190.61:58455?addrs=128.104.190.61-58455>
...
001 (369.023.000) 12/07 15:37:24 Job executing on host: <128.104.190.16:14003?addrs=128.104.190.16-14003>
...
006 (369.023.000) 12/07 15:37:33 Image size of job updated: 89924
	34  -  MemoryUsage of job (MB)
	34468  -  ResidentSetSize of job (KB)
...
006 (369.023.000) 12/07 15:42:34 Image size of job updated: 2241524
	97  -  MemoryUsage of job (MB)
	99324  -  ResidentSetSize of job (KB)
...
006 (369.023.000) 12/07 15:52:34 Image size of job updated: 2321384
	176  -  MemoryUsage of job (MB)
	179292  -  ResidentSetSize of job (KB)
...
006 (369.023.000) 12/07 15:57:35 Image size of job updated: 2407580
	260  -  MemoryUsage of job (MB)
	265504  -  ResidentSetSize of job (KB)
...
006 (369.023.000) 12/07 16:02:35 Image size of job updated: 2492456
	343  -  MemoryUsage of job (MB)
	350340  -  ResidentSetSize of job (KB)
...
006 (369.023.000) 12/07 16:07:35 Image size of job updated: 2544068
	393  -  MemoryUsage of job (MB)
	401844  -  ResidentSetSize of job (KB)
...
006 (369.023.000) 12/07 16:12:36 Image size of job updated: 2593568
	441  -  MemoryUsage of job (MB)
	451492  -  ResidentSetSize of job (KB)
...
006 (369.023.000) 12/07 16:17:37 Image size of job updated: 2644916
	492  -  MemoryUsage of job (MB)
	502860  -  ResidentSetSize of job (KB)
...
006 (369.023.000) 12/07 16:22:37 Image size of job updated: 2696528
	542  -  MemoryUsage of job (MB)
	554296  -  ResidentSetSize of job (KB)
...
006 (369.023.000) 12/07 16:27:38 Image size of job updated: 2748272
	592  -  MemoryUsage of job (MB)
	606188  -  ResidentSetSize of job (KB)
...
006 (369.023.000) 12/07 16:32:39 Image size of job updated: 2801204
	644  -  MemoryUsage of job (MB)
	659056  -  ResidentSetSize of job (KB)
...
006 (369.023.000) 12/07 16:37:39 Image size of job updated: 2852420
	694  -  MemoryUsage of job (MB)
	710244  -  ResidentSetSize of job (KB)
...
006 (369.023.000) 12/07 16:42:39 Image size of job updated: 2901920
	743  -  MemoryUsage of job (MB)
	759848  -  ResidentSetSize of job (KB)
...
006 (369.023.000) 12/07 16:47:40 Image size of job updated: 2951156
	791  -  MemoryUsage of job (MB)
	809132  -  ResidentSetSize of job (KB)
...
006 (369.023.000) 12/07 16:52:40 Image size of job updated: 3001976
	840  -  MemoryUsage of job (MB)
	859744  -  ResidentSetSize of job (KB)
...
006 (369.023.000) 12/07 16:57:40 Image size of job updated: 3053060
	890  -  MemoryUsage of job (MB)
	911000  -  ResidentSetSize of job (KB)
...
006 (369.023.000) 12/07 17:02:41 Image size of job updated: 3103880
	940  -  MemoryUsage of job (MB)
	961780  -  ResidentSetSize of job (KB)
...
006 (369.023.000) 12/07 17:07:42 Image size of job updated: 3154040
	989  -  MemoryUsage of job (MB)
	1011972  -  ResidentSetSize of job (KB)
...
006 (369.023.000) 12/07 17:12:42 Image size of job updated: 3205520
	1039  -  MemoryUsage of job (MB)
	1063540  -  ResidentSetSize of job (KB)
...
006 (369.023.000) 12/07 17:17:42 Image size of job updated: 3254888
	1087  -  MemoryUsage of job (MB)
	1112780  -  ResidentSetSize of job (KB)
...
006 (369.023.000) 12/07 17:22:43 Image size of job updated: 3304916
	1136  -  MemoryUsage of job (MB)
	1162748  -  ResidentSetSize of job (KB)
...
006 (369.023.000) 12/07 17:27:43 Image size of job updated: 3353492
	1184  -  MemoryUsage of job (MB)
	1211440  -  ResidentSetSize of job (KB)
...
006 (369.023.000) 12/07 17:32:43 Image size of job updated: 3404180
	1233  -  MemoryUsage of job (MB)
	1262028  -  ResidentSetSize of job (KB)
...
006 (369.023.000) 12/07 17:37:44 Image size of job updated: 3455264
	1283  -  MemoryUsage of job (MB)
	1313156  -  ResidentSetSize of job (KB)
...
006 (369.023.000) 12/07 17:42:45 Image size of job updated: 3504632
	1331  -  MemoryUsage of job (MB)
	1362652  -  ResidentSetSize of job (KB)
...
006 (369.023.000) 12/07 17:47:45 Image size of job updated: 3553868
	1379  -  MemoryUsage of job (MB)
	1411876  -  ResidentSetSize of job (KB)
...
006 (369.023.000) 12/07 17:52:45 Image size of job updated: 3602972
	1427  -  MemoryUsage of job (MB)
	1460920  -  ResidentSetSize of job (KB)
...
006 (369.023.000) 12/07 17:57:46 Image size of job updated: 3654188
	1477  -  MemoryUsage of job (MB)
	1512040  -  ResidentSetSize of job (KB)
...
006 (369.023.000) 12/07 18:02:46 Image size of job updated: 3704612
	1526  -  MemoryUsage of job (MB)
	1562436  -  ResidentSetSize of job (KB)
...
006 (369.023.000) 12/07 18:07:46 Image size of job updated: 3756224
	1577  -  MemoryUsage of job (MB)
	1614176  -  ResidentSetSize of job (KB)
...
006 (369.023.000) 12/07 18:12:47 Image size of job updated: 3805592
	1625  -  MemoryUsage of job (MB)
	1663624  -  ResidentSetSize of job (KB)
...
006 (369.023.000) 12/07 18:17:48 Image size of job updated: 3857204
	1675  -  MemoryUsage of job (MB)
	1715064  -  ResidentSetSize of job (KB)
...
006 (369.023.000) 12/07 18:22:48 Image size of job updated: 3908156
	1725  -  MemoryUsage of job (MB)
	1766084  -  ResidentSetSize of job (KB)
...
006 (369.023.000) 12/07 18:27:48 Image size of job updated: 3958712
	1774  -  MemoryUsage of job (MB)
	1816572  -  ResidentSetSize of job (KB)
...
006 (369.023.000) 12/07 18:32:49 Image size of job updated: 4010588
	1825  -  MemoryUsage of job (MB)
	1868516  -  ResidentSetSize of job (KB)
...
006 (369.023.000) 12/07 18:37:49 Image size of job updated: 4062200
	1876  -  MemoryUsage of job (MB)
	1920108  -  ResidentSetSize of job (KB)
...
006 (369.023.000) 12/07 18:42:49 Image size of job updated: 4114076
	1926  -  MemoryUsage of job (MB)
	1971916  -  ResidentSetSize of job (KB)
...
006 (369.023.000) 12/07 18:47:50 Image size of job updated: 4163444
	1974  -  MemoryUsage of job (MB)
	2021232  -  ResidentSetSize of job (KB)
...
006 (369.023.000) 12/07 18:52:51 Image size of job updated: 4212284
	2022  -  MemoryUsage of job (MB)
	2070096  -  ResidentSetSize of job (KB)
...
006 (369.023.000) 12/07 18:57:51 Image size of job updated: 4262312
	2071  -  MemoryUsage of job (MB)
	2120288  -  ResidentSetSize of job (KB)
...
006 (369.023.000) 12/07 19:02:51 Image size of job updated: 4311548
	2119  -  MemoryUsage of job (MB)
	2169500  -  ResidentSetSize of job (KB)
...
006 (369.023.000) 12/07 19:07:52 Image size of job updated: 4361840
	2168  -  MemoryUsage of job (MB)
	2219812  -  ResidentSetSize of job (KB)
...
006 (369.023.000) 12/07 19:12:52 Image size of job updated: 4411208
	2216  -  MemoryUsage of job (MB)
	2269120  -  ResidentSetSize of job (KB)
...
006 (369.023.000) 12/07 19:17:52 Image size of job updated: 4460444
	2265  -  MemoryUsage of job (MB)
	2318384  -  ResidentSetSize of job (KB)
...
006 (369.023.000) 12/07 19:22:53 Image size of job updated: 4509944
	2313  -  MemoryUsage of job (MB)
	2367836  -  ResidentSetSize of job (KB)
...
006 (369.023.000) 12/07 19:27:54 Image size of job updated: 4560632
	2362  -  MemoryUsage of job (MB)
	2418536  -  ResidentSetSize of job (KB)
...
006 (369.023.000) 12/07 19:32:54 Image size of job updated: 4612112
	2413  -  MemoryUsage of job (MB)
	2469996  -  ResidentSetSize of job (KB)
...
006 (369.023.000) 12/07 19:37:55 Image size of job updated: 4662536
	2462  -  MemoryUsage of job (MB)
	2520452  -  ResidentSetSize of job (KB)
...
006 (369.023.000) 12/07 19:42:56 Image size of job updated: 4711508
	2510  -  MemoryUsage of job (MB)
	2569384  -  ResidentSetSize of job (KB)
...
006 (369.023.000) 12/07 19:47:56 Image size of job updated: 4763384
	2560  -  MemoryUsage of job (MB)
	2621248  -  ResidentSetSize of job (KB)
...
006 (369.023.000) 12/07 19:52:56 Image size of job updated: 4813676
	2610  -  MemoryUsage of job (MB)
	2671656  -  ResidentSetSize of job (KB)
...
006 (369.023.000) 12/07 19:57:57 Image size of job updated: 4863440
	2658  -  MemoryUsage of job (MB)
	2721448  -  ResidentSetSize of job (KB)
...
006 (369.023.000) 12/07 20:02:58 Image size of job updated: 4914260
	2708  -  MemoryUsage of job (MB)
	2772044  -  ResidentSetSize of job (KB)
...
006 (369.023.000) 12/07 20:07:58 Image size of job updated: 4968512
	2761  -  MemoryUsage of job (MB)
	2826480  -  ResidentSetSize of job (KB)
...
006 (369.023.000) 12/07 20:12:58 Image size of job updated: 5016428
	2807  -  MemoryUsage of job (MB)
	2874360  -  ResidentSetSize of job (KB)
...
006 (369.023.000) 12/07 20:17:59 Image size of job updated: 5084276
	2874  -  MemoryUsage of job (MB)
	2942284  -  ResidentSetSize of job (KB)
...
006 (369.023.000) 12/07 20:23:00 Image size of job updated: 5162948
	2950  -  MemoryUsage of job (MB)
	3020772  -  ResidentSetSize of job (KB)
...
006 (369.023.000) 12/07 20:28:00 Image size of job updated: 5242412
	3028  -  MemoryUsage of job (MB)
	3100204  -  ResidentSetSize of job (KB)
...
006 (369.023.000) 12/07 20:33:00 Image size of job updated: 5323328
	3107  -  MemoryUsage of job (MB)
	3181240  -  ResidentSetSize of job (KB)
...
006 (369.023.000) 12/07 20:38:00 Image size of job updated: 5400680
	3183  -  MemoryUsage of job (MB)
	3258480  -  ResidentSetSize of job (KB)
...
006 (369.023.000) 12/07 20:43:01 Image size of job updated: 5480540
	3261  -  MemoryUsage of job (MB)
	3338512  -  ResidentSetSize of job (KB)
...
006 (369.023.000) 12/07 20:48:01 Image size of job updated: 5559212
	3338  -  MemoryUsage of job (MB)
	3417208  -  ResidentSetSize of job (KB)
...
006 (369.023.000) 12/07 20:53:01 Image size of job updated: 5637620
	3414  -  MemoryUsage of job (MB)
	3495404  -  ResidentSetSize of job (KB)
...
006 (369.023.000) 12/07 20:58:02 Image size of job updated: 5719856
	3494  -  MemoryUsage of job (MB)
	3577752  -  ResidentSetSize of job (KB)
...
006 (369.023.000) 12/07 21:03:03 Image size of job updated: 5805392
	3578  -  MemoryUsage of job (MB)
	3663188  -  ResidentSetSize of job (KB)
...
006 (369.023.000) 12/07 21:08:03 Image size of job updated: 5890664
	3661  -  MemoryUsage of job (MB)
	3748624  -  ResidentSetSize of job (KB)
...
006 (369.023.000) 12/07 21:13:04 Image size of job updated: 5977916
	3746  -  MemoryUsage of job (MB)
	3835892  -  ResidentSetSize of job (KB)
...
006 (369.023.000) 12/07 21:18:05 Image size of job updated: 6063980
	3831  -  MemoryUsage of job (MB)
	3921936  -  ResidentSetSize of job (KB)
...
006 (369.023.000) 12/07 21:23:05 Image size of job updated: 6150836
	3915  -  MemoryUsage of job (MB)
	4008796  -  ResidentSetSize of job (KB)
...
006 (369.023.000) 12/07 21:28:05 Image size of job updated: 6235448
	3998  -  MemoryUsage of job (MB)
	4093356  -  ResidentSetSize of job (KB)
...
006 (369.023.000) 12/07 21:33:05 Image size of job updated: 6320588
	4081  -  MemoryUsage of job (MB)
	4178472  -  ResidentSetSize of job (KB)
...
006 (369.023.000) 12/07 21:38:06 Image size of job updated: 6407972
	4166  -  MemoryUsage of job (MB)
	4265856  -  ResidentSetSize of job (KB)
...
006 (369.023.000) 12/07 21:43:07 Image size of job updated: 6493112
	4250  -  MemoryUsage of job (MB)
	4351036  -  ResidentSetSize of job (KB)
...
006 (369.023.000) 12/07 21:48:08 Image size of job updated: 6580364
	4335  -  MemoryUsage of job (MB)
	4438200  -  ResidentSetSize of job (KB)
...
006 (369.023.000) 12/07 21:53:08 Image size of job updated: 6670388
	4423  -  MemoryUsage of job (MB)
	4528324  -  ResidentSetSize of job (KB)
...
006 (369.023.000) 12/07 21:58:08 Image size of job updated: 6763052
	4513  -  MemoryUsage of job (MB)
	4620904  -  ResidentSetSize of job (KB)
...
006 (369.023.000) 12/07 22:03:09 Image size of job updated: 6853472
	4601  -  MemoryUsage of job (MB)
	4711336  -  ResidentSetSize of job (KB)
...
006 (369.023.000) 12/07 22:08:10 Image size of job updated: 6943496
	4689  -  MemoryUsage of job (MB)
	4801508  -  ResidentSetSize of job (KB)
...
006 (369.023.000) 12/07 22:13:10 Image size of job updated: 7034180
	4778  -  MemoryUsage of job (MB)
	4892296  -  ResidentSetSize of job (KB)
...
006 (369.023.000) 12/07 22:18:10 Image size of job updated: 7123808
	4866  -  MemoryUsage of job (MB)
	4982036  -  ResidentSetSize of job (KB)
...
006 (369.023.000) 12/07 22:23:11 Image size of job updated: 7214888
	4955  -  MemoryUsage of job (MB)
	5072976  -  ResidentSetSize of job (KB)
...
006 (369.023.000) 12/07 22:28:11 Image size of job updated: 7302008
	5040  -  MemoryUsage of job (MB)
	5160116  -  ResidentSetSize of job (KB)
...
006 (369.023.000) 12/07 22:33:11 Image size of job updated: 7391900
	5128  -  MemoryUsage of job (MB)
	5250136  -  ResidentSetSize of job (KB)
...
006 (369.023.000) 12/07 22:38:12 Image size of job updated: 7481264
	5215  -  MemoryUsage of job (MB)
	5339336  -  ResidentSetSize of job (KB)
...
006 (369.023.000) 12/07 22:43:14 Image size of job updated: 7571156
	5302  -  MemoryUsage of job (MB)
	5429176  -  ResidentSetSize of job (KB)
...
006 (369.023.000) 12/07 22:48:14 Image size of job updated: 7663424
	5393  -  MemoryUsage of job (MB)
	5521496  -  ResidentSetSize of job (KB)
...
006 (369.023.000) 12/07 22:53:14 Image size of job updated: 7754504
	5481  -  MemoryUsage of job (MB)
	5612476  -  ResidentSetSize of job (KB)
...
006 (369.023.000) 12/07 22:58:15 Image size of job updated: 7843340
	5568  -  MemoryUsage of job (MB)
	5701372  -  ResidentSetSize of job (KB)
...
006 (369.023.000) 12/07 23:03:16 Image size of job updated: 7930328
	5653  -  MemoryUsage of job (MB)
	5788316  -  ResidentSetSize of job (KB)
...
006 (369.023.000) 12/07 23:08:16 Image size of job updated: 8019296
	5740  -  MemoryUsage of job (MB)
	5877352  -  ResidentSetSize of job (KB)
...
006 (369.023.000) 12/07 23:13:16 Image size of job updated: 8109716
	5828  -  MemoryUsage of job (MB)
	5967836  -  ResidentSetSize of job (KB)
...
006 (369.023.000) 12/07 23:18:18 Image size of job updated: 8200664
	5917  -  MemoryUsage of job (MB)
	6058620  -  ResidentSetSize of job (KB)
...
006 (369.023.000) 12/07 23:23:18 Image size of job updated: 8292668
	6007  -  MemoryUsage of job (MB)
	6150828  -  ResidentSetSize of job (KB)
...
006 (369.023.000) 12/07 23:28:18 Image size of job updated: 8381900
	6094  -  MemoryUsage of job (MB)
	6240044  -  ResidentSetSize of job (KB)
...
006 (369.023.000) 12/07 23:33:19 Image size of job updated: 8474036
	6184  -  MemoryUsage of job (MB)
	6331968  -  ResidentSetSize of job (KB)
...
006 (369.023.000) 12/07 23:38:20 Image size of job updated: 8563928
	6272  -  MemoryUsage of job (MB)
	6421916  -  ResidentSetSize of job (KB)
...
006 (369.023.000) 12/07 23:42:55 Image size of job updated: 8644052
	6272  -  MemoryUsage of job (MB)
	6421916  -  ResidentSetSize of job (KB)
...
005 (369.023.000) 12/07 23:42:55 Job terminated.
	(1) Normal termination (return value 0)
		Usr 0 08:04:41, Sys 0 00:00:29  -  Run Remote Usage
		Usr 0 00:00:00, Sys 0 00:00:00  -  Run Local Usage
		Usr 0 08:04:41, Sys 0 00:00:29  -  Total Remote Usage
		Usr 0 00:00:00, Sys 0 00:00:00  -  Total Local Usage
	0  -  Run Bytes Sent By Job
	0  -  Run Bytes Received By Job
	0  -  Total Bytes Sent By Job
	0  -  Total Bytes Received By Job
	Partitionable Resources :    Usage  Request Allocated
	   Cpus                 :                 1         1
	   Disk (KB)            :      175      175  12112544
	   Memory (MB)          :     6272        1      2012
...
