000 (368.015.000) 12/07 15:15:16 Job submitted from host: <128.104.190.61:58455?addrs=128.104.190.61-58455>
...
001 (368.015.000) 12/07 15:15:17 Job executing on host: <128.104.190.42:38951?addrs=128.104.190.42-38951>
...
006 (368.015.000) 12/07 15:15:26 Image size of job updated: 79416
	23  -  MemoryUsage of job (MB)
	22700  -  ResidentSetSize of job (KB)
...
006 (368.015.000) 12/07 15:19:28 Image size of job updated: 2260296
	23  -  MemoryUsage of job (MB)
	22700  -  ResidentSetSize of job (KB)
...
005 (368.015.000) 12/07 15:19:28 Job terminated.
	(1) Normal termination (return value 0)
		Usr 0 00:03:59, Sys 0 00:00:00  -  Run Remote Usage
		Usr 0 00:00:00, Sys 0 00:00:00  -  Run Local Usage
		Usr 0 00:03:59, Sys 0 00:00:00  -  Total Remote Usage
		Usr 0 00:00:00, Sys 0 00:00:00  -  Total Local Usage
	0  -  Run Bytes Sent By Job
	0  -  Run Bytes Received By Job
	0  -  Total Bytes Sent By Job
	0  -  Total Bytes Received By Job
	Partitionable Resources :    Usage  Request Allocated
	   Cpus                 :                 1         1
	   Disk (KB)            :      175      175  12112497
	   Memory (MB)          :       23        1      2012
...
