000 (364.018.000) 12/04 18:34:30 Job submitted from host: <128.104.190.61:58455?addrs=128.104.190.61-58455>
...
001 (364.018.000) 12/04 18:34:35 Job executing on host: <128.104.190.42:38951?addrs=128.104.190.42-38951>
...
006 (364.018.000) 12/04 18:34:44 Image size of job updated: 72368
	14  -  MemoryUsage of job (MB)
	14320  -  ResidentSetSize of job (KB)
...
006 (364.018.000) 12/04 18:39:45 Image size of job updated: 2249580
	130  -  MemoryUsage of job (MB)
	132792  -  ResidentSetSize of job (KB)
...
006 (364.018.000) 12/04 18:44:46 Image size of job updated: 2249580
	132  -  MemoryUsage of job (MB)
	134888  -  ResidentSetSize of job (KB)
...
006 (364.018.000) 12/04 18:49:46 Image size of job updated: 2249580
	134  -  MemoryUsage of job (MB)
	136972  -  ResidentSetSize of job (KB)
...
006 (364.018.000) 12/04 18:54:46 Image size of job updated: 2250108
	135  -  MemoryUsage of job (MB)
	137652  -  ResidentSetSize of job (KB)
...
006 (364.018.000) 12/04 19:04:48 Image size of job updated: 2250108
	135  -  MemoryUsage of job (MB)
	137708  -  ResidentSetSize of job (KB)
...
006 (364.018.000) 12/04 19:09:48 Image size of job updated: 2250108
	137  -  MemoryUsage of job (MB)
	139756  -  ResidentSetSize of job (KB)
...
006 (364.018.000) 12/04 19:19:49 Image size of job updated: 2250524
	137  -  MemoryUsage of job (MB)
	140144  -  ResidentSetSize of job (KB)
...
006 (364.018.000) 12/04 19:44:51 Image size of job updated: 2250656
	137  -  MemoryUsage of job (MB)
	140196  -  ResidentSetSize of job (KB)
...
006 (364.018.000) 12/04 20:04:53 Image size of job updated: 2250656
	139  -  MemoryUsage of job (MB)
	142244  -  ResidentSetSize of job (KB)
...
006 (364.018.000) 12/04 20:14:55 Image size of job updated: 2250656
	139  -  MemoryUsage of job (MB)
	142272  -  ResidentSetSize of job (KB)
...
006 (364.018.000) 12/04 20:59:59 Image size of job updated: 2250656
	141  -  MemoryUsage of job (MB)
	144320  -  ResidentSetSize of job (KB)
...
006 (364.018.000) 12/04 21:10:01 Image size of job updated: 2250656
	141  -  MemoryUsage of job (MB)
	144332  -  ResidentSetSize of job (KB)
...
006 (364.018.000) 12/04 21:15:01 Image size of job updated: 2250656
	141  -  MemoryUsage of job (MB)
	144336  -  ResidentSetSize of job (KB)
...
006 (364.018.000) 12/04 21:20:02 Image size of job updated: 2250656
	142  -  MemoryUsage of job (MB)
	144572  -  ResidentSetSize of job (KB)
...
006 (364.018.000) 12/04 21:35:03 Image size of job updated: 2250656
	142  -  MemoryUsage of job (MB)
	144596  -  ResidentSetSize of job (KB)
...
005 (364.018.000) 12/04 21:47:59 Job terminated.
	(1) Normal termination (return value 0)
		Usr 0 03:13:09, Sys 0 00:00:00  -  Run Remote Usage
		Usr 0 00:00:00, Sys 0 00:00:00  -  Run Local Usage
		Usr 0 03:13:09, Sys 0 00:00:00  -  Total Remote Usage
		Usr 0 00:00:00, Sys 0 00:00:00  -  Total Local Usage
	0  -  Run Bytes Sent By Job
	0  -  Run Bytes Received By Job
	0  -  Total Bytes Sent By Job
	0  -  Total Bytes Received By Job
	Partitionable Resources :    Usage  Request Allocated
	   Cpus                 :                 1         1
	   Disk (KB)            :      175      175  12112339
	   Memory (MB)          :      142        1      2012
...
