000 (371.017.000) 12/08 15:23:44 Job submitted from host: <128.104.190.61:58455?addrs=128.104.190.61-58455>
...
001 (371.017.000) 12/08 15:23:49 Job executing on host: <128.104.190.42:38951?addrs=128.104.190.42-38951>
...
006 (371.017.000) 12/08 15:23:58 Image size of job updated: 72720
	15  -  MemoryUsage of job (MB)
	15108  -  ResidentSetSize of job (KB)
...
006 (371.017.000) 12/08 15:28:59 Image size of job updated: 2246024
	99  -  MemoryUsage of job (MB)
	101120  -  ResidentSetSize of job (KB)
...
006 (371.017.000) 12/08 15:33:59 Image size of job updated: 2246300
	107  -  MemoryUsage of job (MB)
	109556  -  ResidentSetSize of job (KB)
...
006 (371.017.000) 12/08 15:38:59 Image size of job updated: 2270332
	133  -  MemoryUsage of job (MB)
	135680  -  ResidentSetSize of job (KB)
...
006 (371.017.000) 12/08 15:44:00 Image size of job updated: 2302408
	164  -  MemoryUsage of job (MB)
	167860  -  ResidentSetSize of job (KB)
...
006 (371.017.000) 12/08 15:49:01 Image size of job updated: 2334220
	196  -  MemoryUsage of job (MB)
	199736  -  ResidentSetSize of job (KB)
...
006 (371.017.000) 12/08 15:54:01 Image size of job updated: 2365900
	226  -  MemoryUsage of job (MB)
	231232  -  ResidentSetSize of job (KB)
...
006 (371.017.000) 12/08 15:59:02 Image size of job updated: 2397448
	257  -  MemoryUsage of job (MB)
	262860  -  ResidentSetSize of job (KB)
...
006 (371.017.000) 12/08 16:04:03 Image size of job updated: 2429260
	288  -  MemoryUsage of job (MB)
	294656  -  ResidentSetSize of job (KB)
...
006 (371.017.000) 12/08 16:09:03 Image size of job updated: 2460808
	321  -  MemoryUsage of job (MB)
	328316  -  ResidentSetSize of job (KB)
...
006 (371.017.000) 12/08 16:14:03 Image size of job updated: 2492356
	352  -  MemoryUsage of job (MB)
	359948  -  ResidentSetSize of job (KB)
...
006 (371.017.000) 12/08 16:19:04 Image size of job updated: 2524036
	383  -  MemoryUsage of job (MB)
	391520  -  ResidentSetSize of job (KB)
...
006 (371.017.000) 12/08 16:24:05 Image size of job updated: 2555452
	414  -  MemoryUsage of job (MB)
	422980  -  ResidentSetSize of job (KB)
...
006 (371.017.000) 12/08 16:29:05 Image size of job updated: 2587000
	444  -  MemoryUsage of job (MB)
	454508  -  ResidentSetSize of job (KB)
...
006 (371.017.000) 12/08 16:34:05 Image size of job updated: 2618680
	475  -  MemoryUsage of job (MB)
	486152  -  ResidentSetSize of job (KB)
...
006 (371.017.000) 12/08 16:39:06 Image size of job updated: 2650096
	506  -  MemoryUsage of job (MB)
	517664  -  ResidentSetSize of job (KB)
...
006 (371.017.000) 12/08 16:44:06 Image size of job updated: 2681644
	537  -  MemoryUsage of job (MB)
	549096  -  ResidentSetSize of job (KB)
...
006 (371.017.000) 12/08 16:49:06 Image size of job updated: 2713588
	568  -  MemoryUsage of job (MB)
	581192  -  ResidentSetSize of job (KB)
...
006 (371.017.000) 12/08 16:54:07 Image size of job updated: 2739480
	601  -  MemoryUsage of job (MB)
	615164  -  ResidentSetSize of job (KB)
...
006 (371.017.000) 12/08 16:59:08 Image size of job updated: 2768652
	630  -  MemoryUsage of job (MB)
	644516  -  ResidentSetSize of job (KB)
...
006 (371.017.000) 12/08 17:04:08 Image size of job updated: 2799540
	662  -  MemoryUsage of job (MB)
	677288  -  ResidentSetSize of job (KB)
...
006 (371.017.000) 12/08 17:09:08 Image size of job updated: 2825148
	687  -  MemoryUsage of job (MB)
	703008  -  ResidentSetSize of job (KB)
...
006 (371.017.000) 12/08 17:14:09 Image size of job updated: 2853132
	714  -  MemoryUsage of job (MB)
	731008  -  ResidentSetSize of job (KB)
...
006 (371.017.000) 12/08 17:19:10 Image size of job updated: 2879664
	740  -  MemoryUsage of job (MB)
	757508  -  ResidentSetSize of job (KB)
...
006 (371.017.000) 12/08 17:24:10 Image size of job updated: 2905536
	766  -  MemoryUsage of job (MB)
	783476  -  ResidentSetSize of job (KB)
...
006 (371.017.000) 12/08 17:29:10 Image size of job updated: 2931936
	791  -  MemoryUsage of job (MB)
	809796  -  ResidentSetSize of job (KB)
...
006 (371.017.000) 12/08 17:34:11 Image size of job updated: 2960316
	821  -  MemoryUsage of job (MB)
	840240  -  ResidentSetSize of job (KB)
...
006 (371.017.000) 12/08 17:39:11 Image size of job updated: 2986452
	846  -  MemoryUsage of job (MB)
	866224  -  ResidentSetSize of job (KB)
...
006 (371.017.000) 12/08 17:44:11 Image size of job updated: 3021432
	883  -  MemoryUsage of job (MB)
	903716  -  ResidentSetSize of job (KB)
...
006 (371.017.000) 12/08 17:49:12 Image size of job updated: 3053640
	915  -  MemoryUsage of job (MB)
	935980  -  ResidentSetSize of job (KB)
...
006 (371.017.000) 12/08 17:54:13 Image size of job updated: 3084792
	945  -  MemoryUsage of job (MB)
	967240  -  ResidentSetSize of job (KB)
...
006 (371.017.000) 12/08 17:59:13 Image size of job updated: 3111192
	971  -  MemoryUsage of job (MB)
	993520  -  ResidentSetSize of job (KB)
...
006 (371.017.000) 12/08 18:04:13 Image size of job updated: 3139452
	998  -  MemoryUsage of job (MB)
	1021784  -  ResidentSetSize of job (KB)
...
006 (371.017.000) 12/08 18:09:14 Image size of job updated: 3166512
	1025  -  MemoryUsage of job (MB)
	1048944  -  ResidentSetSize of job (KB)
...
006 (371.017.000) 12/08 18:14:14 Image size of job updated: 3193836
	1051  -  MemoryUsage of job (MB)
	1076096  -  ResidentSetSize of job (KB)
...
006 (371.017.000) 12/08 18:19:14 Image size of job updated: 3219840
	1077  -  MemoryUsage of job (MB)
	1102196  -  ResidentSetSize of job (KB)
...
006 (371.017.000) 12/08 18:24:15 Image size of job updated: 3249012
	1105  -  MemoryUsage of job (MB)
	1131352  -  ResidentSetSize of job (KB)
...
006 (371.017.000) 12/08 18:29:16 Image size of job updated: 3275940
	1132  -  MemoryUsage of job (MB)
	1158268  -  ResidentSetSize of job (KB)
...
006 (371.017.000) 12/08 18:34:16 Image size of job updated: 3301680
	1157  -  MemoryUsage of job (MB)
	1184032  -  ResidentSetSize of job (KB)
...
006 (371.017.000) 12/08 18:39:17 Image size of job updated: 3327420
	1182  -  MemoryUsage of job (MB)
	1209844  -  ResidentSetSize of job (KB)
...
006 (371.017.000) 12/08 18:44:18 Image size of job updated: 3355536
	1209  -  MemoryUsage of job (MB)
	1237708  -  ResidentSetSize of job (KB)
...
006 (371.017.000) 12/08 18:49:18 Image size of job updated: 3382728
	1236  -  MemoryUsage of job (MB)
	1265216  -  ResidentSetSize of job (KB)
...
006 (371.017.000) 12/08 18:54:18 Image size of job updated: 3411108
	1264  -  MemoryUsage of job (MB)
	1293612  -  ResidentSetSize of job (KB)
...
006 (371.017.000) 12/08 18:59:19 Image size of job updated: 3436320
	1288  -  MemoryUsage of job (MB)
	1318800  -  ResidentSetSize of job (KB)
...
006 (371.017.000) 12/08 19:04:20 Image size of job updated: 3464172
	1316  -  MemoryUsage of job (MB)
	1347012  -  ResidentSetSize of job (KB)
...
006 (371.017.000) 12/08 19:09:20 Image size of job updated: 3491496
	1343  -  MemoryUsage of job (MB)
	1374412  -  ResidentSetSize of job (KB)
...
006 (371.017.000) 12/08 19:14:20 Image size of job updated: 3519216
	1370  -  MemoryUsage of job (MB)
	1402088  -  ResidentSetSize of job (KB)
...
006 (371.017.000) 12/08 19:19:21 Image size of job updated: 3547464
	1397  -  MemoryUsage of job (MB)
	1430304  -  ResidentSetSize of job (KB)
...
006 (371.017.000) 12/08 19:24:21 Image size of job updated: 3575184
	1424  -  MemoryUsage of job (MB)
	1458028  -  ResidentSetSize of job (KB)
...
006 (371.017.000) 12/08 19:29:21 Image size of job updated: 3602376
	1451  -  MemoryUsage of job (MB)
	1485272  -  ResidentSetSize of job (KB)
...
006 (371.017.000) 12/08 19:34:22 Image size of job updated: 3630756
	1479  -  MemoryUsage of job (MB)
	1513608  -  ResidentSetSize of job (KB)
...
006 (371.017.000) 12/08 19:39:23 Image size of job updated: 3658344
	1506  -  MemoryUsage of job (MB)
	1541196  -  ResidentSetSize of job (KB)
...
006 (371.017.000) 12/08 19:44:23 Image size of job updated: 3685800
	1532  -  MemoryUsage of job (MB)
	1568680  -  ResidentSetSize of job (KB)
...
006 (371.017.000) 12/08 19:49:24 Image size of job updated: 3712860
	1559  -  MemoryUsage of job (MB)
	1595820  -  ResidentSetSize of job (KB)
...
006 (371.017.000) 12/08 19:54:25 Image size of job updated: 3740712
	1586  -  MemoryUsage of job (MB)
	1623568  -  ResidentSetSize of job (KB)
...
006 (371.017.000) 12/08 19:59:25 Image size of job updated: 3767772
	1612  -  MemoryUsage of job (MB)
	1650608  -  ResidentSetSize of job (KB)
...
006 (371.017.000) 12/08 20:04:25 Image size of job updated: 3793248
	1637  -  MemoryUsage of job (MB)
	1676132  -  ResidentSetSize of job (KB)
...
006 (371.017.000) 12/08 20:09:27 Image size of job updated: 3820836
	1664  -  MemoryUsage of job (MB)
	1703692  -  ResidentSetSize of job (KB)
...
006 (371.017.000) 12/08 20:14:27 Image size of job updated: 3849084
	1692  -  MemoryUsage of job (MB)
	1731764  -  ResidentSetSize of job (KB)
...
006 (371.017.000) 12/08 20:19:27 Image size of job updated: 3876936
	1719  -  MemoryUsage of job (MB)
	1759888  -  ResidentSetSize of job (KB)
...
006 (371.017.000) 12/08 20:24:28 Image size of job updated: 3903336
	1745  -  MemoryUsage of job (MB)
	1786164  -  ResidentSetSize of job (KB)
...
006 (371.017.000) 12/08 20:29:29 Image size of job updated: 3931056
	1772  -  MemoryUsage of job (MB)
	1813896  -  ResidentSetSize of job (KB)
...
006 (371.017.000) 12/08 20:34:29 Image size of job updated: 3957984
	1798  -  MemoryUsage of job (MB)
	1840816  -  ResidentSetSize of job (KB)
...
006 (371.017.000) 12/08 20:39:29 Image size of job updated: 3985440
	1825  -  MemoryUsage of job (MB)
	1868380  -  ResidentSetSize of job (KB)
...
006 (371.017.000) 12/08 20:44:30 Image size of job updated: 4013028
	1852  -  MemoryUsage of job (MB)
	1895900  -  ResidentSetSize of job (KB)
...
006 (371.017.000) 12/08 20:49:30 Image size of job updated: 4039296
	1878  -  MemoryUsage of job (MB)
	1922168  -  ResidentSetSize of job (KB)
...
006 (371.017.000) 12/08 20:54:30 Image size of job updated: 4066224
	1904  -  MemoryUsage of job (MB)
	1949092  -  ResidentSetSize of job (KB)
...
006 (371.017.000) 12/08 20:59:31 Image size of job updated: 4095132
	1932  -  MemoryUsage of job (MB)
	1978000  -  ResidentSetSize of job (KB)
...
006 (371.017.000) 12/08 21:04:32 Image size of job updated: 4120740
	1957  -  MemoryUsage of job (MB)
	2003664  -  ResidentSetSize of job (KB)
...
006 (371.017.000) 12/08 21:09:33 Image size of job updated: 4149252
	1985  -  MemoryUsage of job (MB)
	2032228  -  ResidentSetSize of job (KB)
...
006 (371.017.000) 12/08 21:14:33 Image size of job updated: 4175256
	2010  -  MemoryUsage of job (MB)
	2058196  -  ResidentSetSize of job (KB)
...
006 (371.017.000) 12/08 21:19:33 Image size of job updated: 4199544
	2034  -  MemoryUsage of job (MB)
	2082320  -  ResidentSetSize of job (KB)
...
006 (371.017.000) 12/08 21:24:35 Image size of job updated: 4228056
	2062  -  MemoryUsage of job (MB)
	2110920  -  ResidentSetSize of job (KB)
...
006 (371.017.000) 12/08 21:29:35 Image size of job updated: 4250232
	2084  -  MemoryUsage of job (MB)
	2133196  -  ResidentSetSize of job (KB)
...
006 (371.017.000) 12/08 21:34:35 Image size of job updated: 4278084
	2111  -  MemoryUsage of job (MB)
	2160960  -  ResidentSetSize of job (KB)
...
006 (371.017.000) 12/08 21:39:36 Image size of job updated: 4304484
	2137  -  MemoryUsage of job (MB)
	2187400  -  ResidentSetSize of job (KB)
...
006 (371.017.000) 12/08 21:44:37 Image size of job updated: 4332468
	2164  -  MemoryUsage of job (MB)
	2215192  -  ResidentSetSize of job (KB)
...
006 (371.017.000) 12/08 21:49:37 Image size of job updated: 4361904
	2193  -  MemoryUsage of job (MB)
	2244836  -  ResidentSetSize of job (KB)
...
006 (371.017.000) 12/08 21:54:38 Image size of job updated: 4391340
	2221  -  MemoryUsage of job (MB)
	2274256  -  ResidentSetSize of job (KB)
...
006 (371.017.000) 12/08 21:59:39 Image size of job updated: 4419324
	2249  -  MemoryUsage of job (MB)
	2302184  -  ResidentSetSize of job (KB)
...
006 (371.017.000) 12/08 22:04:39 Image size of job updated: 4447704
	2277  -  MemoryUsage of job (MB)
	2330680  -  ResidentSetSize of job (KB)
...
006 (371.017.000) 12/08 22:09:39 Image size of job updated: 4478988
	2307  -  MemoryUsage of job (MB)
	2361852  -  ResidentSetSize of job (KB)
...
006 (371.017.000) 12/08 22:14:41 Image size of job updated: 4508028
	2335  -  MemoryUsage of job (MB)
	2390816  -  ResidentSetSize of job (KB)
...
006 (371.017.000) 12/08 22:19:41 Image size of job updated: 4537068
	2364  -  MemoryUsage of job (MB)
	2419984  -  ResidentSetSize of job (KB)
...
006 (371.017.000) 12/08 22:24:41 Image size of job updated: 4565580
	2392  -  MemoryUsage of job (MB)
	2448508  -  ResidentSetSize of job (KB)
...
006 (371.017.000) 12/08 22:29:42 Image size of job updated: 4591320
	2417  -  MemoryUsage of job (MB)
	2474172  -  ResidentSetSize of job (KB)
...
006 (371.017.000) 12/08 22:34:43 Image size of job updated: 4621020
	2446  -  MemoryUsage of job (MB)
	2503996  -  ResidentSetSize of job (KB)
...
006 (371.017.000) 12/08 22:39:43 Image size of job updated: 4648212
	2472  -  MemoryUsage of job (MB)
	2531064  -  ResidentSetSize of job (KB)
...
006 (371.017.000) 12/08 22:44:43 Image size of job updated: 4673688
	2497  -  MemoryUsage of job (MB)
	2556620  -  ResidentSetSize of job (KB)
...
006 (371.017.000) 12/08 22:49:43 Image size of job updated: 4704048
	2527  -  MemoryUsage of job (MB)
	2586988  -  ResidentSetSize of job (KB)
...
006 (371.017.000) 12/08 22:54:44 Image size of job updated: 4733616
	2556  -  MemoryUsage of job (MB)
	2616512  -  ResidentSetSize of job (KB)
...
006 (371.017.000) 12/08 22:59:45 Image size of job updated: 4762788
	2584  -  MemoryUsage of job (MB)
	2645560  -  ResidentSetSize of job (KB)
...
006 (371.017.000) 12/08 23:04:45 Image size of job updated: 4787736
	2609  -  MemoryUsage of job (MB)
	2670628  -  ResidentSetSize of job (KB)
...
006 (371.017.000) 12/08 23:09:45 Image size of job updated: 4815588
	2636  -  MemoryUsage of job (MB)
	2698524  -  ResidentSetSize of job (KB)
...
006 (371.017.000) 12/08 23:14:46 Image size of job updated: 4846344
	2666  -  MemoryUsage of job (MB)
	2729284  -  ResidentSetSize of job (KB)
...
006 (371.017.000) 12/08 23:19:47 Image size of job updated: 4875516
	2694  -  MemoryUsage of job (MB)
	2758420  -  ResidentSetSize of job (KB)
...
006 (371.017.000) 12/08 23:24:47 Image size of job updated: 4903368
	2721  -  MemoryUsage of job (MB)
	2786300  -  ResidentSetSize of job (KB)
...
006 (371.017.000) 12/08 23:29:48 Image size of job updated: 4930956
	2748  -  MemoryUsage of job (MB)
	2813924  -  ResidentSetSize of job (KB)
...
006 (371.017.000) 12/08 23:34:49 Image size of job updated: 4958280
	2775  -  MemoryUsage of job (MB)
	2841228  -  ResidentSetSize of job (KB)
...
006 (371.017.000) 12/08 23:39:49 Image size of job updated: 4987980
	2804  -  MemoryUsage of job (MB)
	2870916  -  ResidentSetSize of job (KB)
...
006 (371.017.000) 12/08 23:44:49 Image size of job updated: 5013720
	2829  -  MemoryUsage of job (MB)
	2896664  -  ResidentSetSize of job (KB)
...
006 (371.017.000) 12/08 23:49:50 Image size of job updated: 5040252
	2855  -  MemoryUsage of job (MB)
	2923200  -  ResidentSetSize of job (KB)
...
006 (371.017.000) 12/08 23:54:50 Image size of job updated: 5067708
	2882  -  MemoryUsage of job (MB)
	2950668  -  ResidentSetSize of job (KB)
...
006 (371.017.000) 12/08 23:59:50 Image size of job updated: 5097672
	2911  -  MemoryUsage of job (MB)
	2980552  -  ResidentSetSize of job (KB)
...
006 (371.017.000) 12/09 00:04:51 Image size of job updated: 5126580
	2939  -  MemoryUsage of job (MB)
	3009468  -  ResidentSetSize of job (KB)
...
006 (371.017.000) 12/09 00:09:52 Image size of job updated: 5155884
	2968  -  MemoryUsage of job (MB)
	3038808  -  ResidentSetSize of job (KB)
...
006 (371.017.000) 12/09 00:14:52 Image size of job updated: 5185320
	2997  -  MemoryUsage of job (MB)
	3068236  -  ResidentSetSize of job (KB)
...
006 (371.017.000) 12/09 00:19:52 Image size of job updated: 5211324
	3022  -  MemoryUsage of job (MB)
	3094184  -  ResidentSetSize of job (KB)
...
006 (371.017.000) 12/09 00:24:53 Image size of job updated: 5239704
	3050  -  MemoryUsage of job (MB)
	3122664  -  ResidentSetSize of job (KB)
...
006 (371.017.000) 12/09 00:29:53 Image size of job updated: 5270592
	3080  -  MemoryUsage of job (MB)
	3153536  -  ResidentSetSize of job (KB)
...
006 (371.017.000) 12/09 00:34:53 Image size of job updated: 5293428
	3102  -  MemoryUsage of job (MB)
	3176360  -  ResidentSetSize of job (KB)
...
006 (371.017.000) 12/09 00:39:54 Image size of job updated: 5323656
	3132  -  MemoryUsage of job (MB)
	3206580  -  ResidentSetSize of job (KB)
...
006 (371.017.000) 12/09 00:44:55 Image size of job updated: 5348208
	3156  -  MemoryUsage of job (MB)
	3231180  -  ResidentSetSize of job (KB)
...
006 (371.017.000) 12/09 00:49:55 Image size of job updated: 5373156
	3180  -  MemoryUsage of job (MB)
	3256104  -  ResidentSetSize of job (KB)
...
006 (371.017.000) 12/09 00:54:55 Image size of job updated: 5399556
	3206  -  MemoryUsage of job (MB)
	3282484  -  ResidentSetSize of job (KB)
...
006 (371.017.000) 12/09 00:59:57 Image size of job updated: 5425428
	3231  -  MemoryUsage of job (MB)
	3308336  -  ResidentSetSize of job (KB)
...
006 (371.017.000) 12/09 01:04:57 Image size of job updated: 5455260
	3260  -  MemoryUsage of job (MB)
	3338092  -  ResidentSetSize of job (KB)
...
006 (371.017.000) 12/09 01:09:57 Image size of job updated: 5483904
	3288  -  MemoryUsage of job (MB)
	3366764  -  ResidentSetSize of job (KB)
...
006 (371.017.000) 12/09 01:14:58 Image size of job updated: 5509776
	3314  -  MemoryUsage of job (MB)
	3392700  -  ResidentSetSize of job (KB)
...
006 (371.017.000) 12/09 01:19:59 Image size of job updated: 5537760
	3341  -  MemoryUsage of job (MB)
	3420628  -  ResidentSetSize of job (KB)
...
006 (371.017.000) 12/09 01:24:59 Image size of job updated: 5561784
	3364  -  MemoryUsage of job (MB)
	3444624  -  ResidentSetSize of job (KB)
...
006 (371.017.000) 12/09 01:30:00 Image size of job updated: 5587920
	3390  -  MemoryUsage of job (MB)
	3470892  -  ResidentSetSize of job (KB)
...
006 (371.017.000) 12/09 01:35:01 Image size of job updated: 5609172
	3411  -  MemoryUsage of job (MB)
	3492048  -  ResidentSetSize of job (KB)
...
006 (371.017.000) 12/09 01:40:01 Image size of job updated: 5633988
	3435  -  MemoryUsage of job (MB)
	3516960  -  ResidentSetSize of job (KB)
...
006 (371.017.000) 12/09 01:45:01 Image size of job updated: 5657616
	3458  -  MemoryUsage of job (MB)
	3540556  -  ResidentSetSize of job (KB)
...
006 (371.017.000) 12/09 01:50:03 Image size of job updated: 5684148
	3484  -  MemoryUsage of job (MB)
	3567048  -  ResidentSetSize of job (KB)
...
006 (371.017.000) 12/09 01:55:03 Image size of job updated: 5708304
	3508  -  MemoryUsage of job (MB)
	3591232  -  ResidentSetSize of job (KB)
...
006 (371.017.000) 12/09 02:00:03 Image size of job updated: 5735628
	3534  -  MemoryUsage of job (MB)
	3618584  -  ResidentSetSize of job (KB)
...
006 (371.017.000) 12/09 02:05:04 Image size of job updated: 5759916
	3558  -  MemoryUsage of job (MB)
	3642856  -  ResidentSetSize of job (KB)
...
006 (371.017.000) 12/09 02:10:05 Image size of job updated: 5788164
	3586  -  MemoryUsage of job (MB)
	3671136  -  ResidentSetSize of job (KB)
...
006 (371.017.000) 12/09 02:15:05 Image size of job updated: 5815884
	3613  -  MemoryUsage of job (MB)
	3698828  -  ResidentSetSize of job (KB)
...
006 (371.017.000) 12/09 02:20:06 Image size of job updated: 5842680
	3639  -  MemoryUsage of job (MB)
	3725504  -  ResidentSetSize of job (KB)
...
006 (371.017.000) 12/09 02:25:07 Image size of job updated: 5869740
	3665  -  MemoryUsage of job (MB)
	3752700  -  ResidentSetSize of job (KB)
...
006 (371.017.000) 12/09 02:30:07 Image size of job updated: 5895084
	3690  -  MemoryUsage of job (MB)
	3778060  -  ResidentSetSize of job (KB)
...
006 (371.017.000) 12/09 02:35:07 Image size of job updated: 5918976
	3713  -  MemoryUsage of job (MB)
	3801960  -  ResidentSetSize of job (KB)
...
006 (371.017.000) 12/09 02:40:09 Image size of job updated: 5939964
	3734  -  MemoryUsage of job (MB)
	3822812  -  ResidentSetSize of job (KB)
...
006 (371.017.000) 12/09 02:45:09 Image size of job updated: 5969268
	3762  -  MemoryUsage of job (MB)
	3852200  -  ResidentSetSize of job (KB)
...
006 (371.017.000) 12/09 02:50:09 Image size of job updated: 5995272
	3788  -  MemoryUsage of job (MB)
	3878252  -  ResidentSetSize of job (KB)
...
006 (371.017.000) 12/09 02:55:10 Image size of job updated: 6021408
	3813  -  MemoryUsage of job (MB)
	3904368  -  ResidentSetSize of job (KB)
...
006 (371.017.000) 12/09 03:00:11 Image size of job updated: 6046356
	3838  -  MemoryUsage of job (MB)
	3929312  -  ResidentSetSize of job (KB)
...
006 (371.017.000) 12/09 03:05:11 Image size of job updated: 6071832
	3863  -  MemoryUsage of job (MB)
	3954800  -  ResidentSetSize of job (KB)
...
006 (371.017.000) 12/09 03:10:12 Image size of job updated: 6101136
	3891  -  MemoryUsage of job (MB)
	3984084  -  ResidentSetSize of job (KB)
...
006 (371.017.000) 12/09 03:15:13 Image size of job updated: 6125952
	3915  -  MemoryUsage of job (MB)
	4008828  -  ResidentSetSize of job (KB)
...
006 (371.017.000) 12/09 03:20:13 Image size of job updated: 6150240
	3939  -  MemoryUsage of job (MB)
	4033100  -  ResidentSetSize of job (KB)
...
006 (371.017.000) 12/09 03:25:13 Image size of job updated: 6174528
	3963  -  MemoryUsage of job (MB)
	4057508  -  ResidentSetSize of job (KB)
...
006 (371.017.000) 12/09 03:30:14 Image size of job updated: 6200664
	3988  -  MemoryUsage of job (MB)
	4083516  -  ResidentSetSize of job (KB)
...
006 (371.017.000) 12/09 03:35:14 Image size of job updated: 6225084
	4012  -  MemoryUsage of job (MB)
	4107980  -  ResidentSetSize of job (KB)
...
006 (371.017.000) 12/09 03:40:14 Image size of job updated: 6253464
	4040  -  MemoryUsage of job (MB)
	4136416  -  ResidentSetSize of job (KB)
...
006 (371.017.000) 12/09 03:45:15 Image size of job updated: 6276036
	4062  -  MemoryUsage of job (MB)
	4158928  -  ResidentSetSize of job (KB)
...
006 (371.017.000) 12/09 03:50:16 Image size of job updated: 6304680
	4090  -  MemoryUsage of job (MB)
	4187608  -  ResidentSetSize of job (KB)
...
006 (371.017.000) 12/09 03:55:16 Image size of job updated: 6327912
	4113  -  MemoryUsage of job (MB)
	4210808  -  ResidentSetSize of job (KB)
...
006 (371.017.000) 12/09 04:00:16 Image size of job updated: 6353520
	4138  -  MemoryUsage of job (MB)
	4236452  -  ResidentSetSize of job (KB)
...
006 (371.017.000) 12/09 04:05:17 Image size of job updated: 6380976
	4164  -  MemoryUsage of job (MB)
	4263836  -  ResidentSetSize of job (KB)
...
006 (371.017.000) 12/09 04:10:17 Image size of job updated: 6403680
	4187  -  MemoryUsage of job (MB)
	4286548  -  ResidentSetSize of job (KB)
...
006 (371.017.000) 12/09 04:15:17 Image size of job updated: 6431400
	4214  -  MemoryUsage of job (MB)
	4314376  -  ResidentSetSize of job (KB)
...
006 (371.017.000) 12/09 04:20:18 Image size of job updated: 6456348
	4238  -  MemoryUsage of job (MB)
	4339212  -  ResidentSetSize of job (KB)
...
006 (371.017.000) 12/09 04:25:19 Image size of job updated: 6480900
	4262  -  MemoryUsage of job (MB)
	4363876  -  ResidentSetSize of job (KB)
...
006 (371.017.000) 12/09 04:30:19 Image size of job updated: 6507564
	4288  -  MemoryUsage of job (MB)
	4390492  -  ResidentSetSize of job (KB)
...
006 (371.017.000) 12/09 04:35:20 Image size of job updated: 6529608
	4310  -  MemoryUsage of job (MB)
	4412532  -  ResidentSetSize of job (KB)
...
006 (371.017.000) 12/09 04:40:21 Image size of job updated: 6557724
	4337  -  MemoryUsage of job (MB)
	4440632  -  ResidentSetSize of job (KB)
...
006 (371.017.000) 12/09 04:45:21 Image size of job updated: 6579504
	4358  -  MemoryUsage of job (MB)
	4462372  -  ResidentSetSize of job (KB)
...
006 (371.017.000) 12/09 04:50:21 Image size of job updated: 6605640
	4384  -  MemoryUsage of job (MB)
	4488500  -  ResidentSetSize of job (KB)
...
006 (371.017.000) 12/09 04:55:23 Image size of job updated: 6632304
	4410  -  MemoryUsage of job (MB)
	4515168  -  ResidentSetSize of job (KB)
...
006 (371.017.000) 12/09 05:00:23 Image size of job updated: 6657384
	4434  -  MemoryUsage of job (MB)
	4540260  -  ResidentSetSize of job (KB)
...
006 (371.017.000) 12/09 05:05:23 Image size of job updated: 6682596
	4459  -  MemoryUsage of job (MB)
	4565476  -  ResidentSetSize of job (KB)
...
006 (371.017.000) 12/09 05:10:24 Image size of job updated: 6706752
	4483  -  MemoryUsage of job (MB)
	4589656  -  ResidentSetSize of job (KB)
...
006 (371.017.000) 12/09 05:15:25 Image size of job updated: 6733944
	4509  -  MemoryUsage of job (MB)
	4616840  -  ResidentSetSize of job (KB)
...
006 (371.017.000) 12/09 05:20:25 Image size of job updated: 6760080
	4535  -  MemoryUsage of job (MB)
	4642944  -  ResidentSetSize of job (KB)
...
006 (371.017.000) 12/09 05:25:26 Image size of job updated: 6786612
	4561  -  MemoryUsage of job (MB)
	4669536  -  ResidentSetSize of job (KB)
...
006 (371.017.000) 12/09 05:30:27 Image size of job updated: 6810768
	4584  -  MemoryUsage of job (MB)
	4693648  -  ResidentSetSize of job (KB)
...
006 (371.017.000) 12/09 05:35:27 Image size of job updated: 6837564
	4610  -  MemoryUsage of job (MB)
	4720488  -  ResidentSetSize of job (KB)
...
006 (371.017.000) 12/09 05:40:27 Image size of job updated: 6862644
	4635  -  MemoryUsage of job (MB)
	4745592  -  ResidentSetSize of job (KB)
...
006 (371.017.000) 12/09 05:45:28 Image size of job updated: 6887592
	4659  -  MemoryUsage of job (MB)
	4770452  -  ResidentSetSize of job (KB)
...
006 (371.017.000) 12/09 05:50:28 Image size of job updated: 6913068
	4684  -  MemoryUsage of job (MB)
	4796040  -  ResidentSetSize of job (KB)
...
006 (371.017.000) 12/09 05:55:28 Image size of job updated: 6941052
	4711  -  MemoryUsage of job (MB)
	4824008  -  ResidentSetSize of job (KB)
...
006 (371.017.000) 12/09 06:00:29 Image size of job updated: 6964812
	4735  -  MemoryUsage of job (MB)
	4847684  -  ResidentSetSize of job (KB)
...
006 (371.017.000) 12/09 06:05:30 Image size of job updated: 6993852
	4763  -  MemoryUsage of job (MB)
	4876836  -  ResidentSetSize of job (KB)
...
006 (371.017.000) 12/09 06:10:30 Image size of job updated: 7015896
	4785  -  MemoryUsage of job (MB)
	4898856  -  ResidentSetSize of job (KB)
...
006 (371.017.000) 12/09 06:15:31 Image size of job updated: 7046256
	4814  -  MemoryUsage of job (MB)
	4929192  -  ResidentSetSize of job (KB)
...
006 (371.017.000) 12/09 06:20:32 Image size of job updated: 7072260
	4840  -  MemoryUsage of job (MB)
	4955148  -  ResidentSetSize of job (KB)
...
006 (371.017.000) 12/09 06:25:32 Image size of job updated: 7100508
	4867  -  MemoryUsage of job (MB)
	4983384  -  ResidentSetSize of job (KB)
...
006 (371.017.000) 12/09 06:30:32 Image size of job updated: 7128888
	4895  -  MemoryUsage of job (MB)
	5011632  -  ResidentSetSize of job (KB)
...
006 (371.017.000) 12/09 06:35:33 Image size of job updated: 7151460
	4917  -  MemoryUsage of job (MB)
	5034424  -  ResidentSetSize of job (KB)
...
006 (371.017.000) 12/09 06:40:34 Image size of job updated: 7181028
	4946  -  MemoryUsage of job (MB)
	5063844  -  ResidentSetSize of job (KB)
...
006 (371.017.000) 12/09 06:45:34 Image size of job updated: 7208220
	4972  -  MemoryUsage of job (MB)
	5091076  -  ResidentSetSize of job (KB)
...
006 (371.017.000) 12/09 06:50:35 Image size of job updated: 7233564
	4997  -  MemoryUsage of job (MB)
	5116492  -  ResidentSetSize of job (KB)
...
006 (371.017.000) 12/09 06:55:36 Image size of job updated: 7261284
	5024  -  MemoryUsage of job (MB)
	5144132  -  ResidentSetSize of job (KB)
...
006 (371.017.000) 12/09 07:00:36 Image size of job updated: 7284780
	5047  -  MemoryUsage of job (MB)
	5167620  -  ResidentSetSize of job (KB)
...
006 (371.017.000) 12/09 07:03:25 Image size of job updated: 7302204
	5047  -  MemoryUsage of job (MB)
	5167620  -  ResidentSetSize of job (KB)
...
005 (371.017.000) 12/09 07:03:25 Job terminated.
	(1) Normal termination (return value 0)
		Usr 0 15:39:02, Sys 0 00:00:27  -  Run Remote Usage
		Usr 0 00:00:00, Sys 0 00:00:00  -  Run Local Usage
		Usr 0 15:39:02, Sys 0 00:00:27  -  Total Remote Usage
		Usr 0 00:00:00, Sys 0 00:00:00  -  Total Local Usage
	0  -  Run Bytes Sent By Job
	0  -  Run Bytes Received By Job
	0  -  Total Bytes Sent By Job
	0  -  Total Bytes Received By Job
	Partitionable Resources :    Usage  Request Allocated
	   Cpus                 :                 1         1
	   Disk (KB)            :      175      175  12100224
	   Memory (MB)          :     5047        1      2012
...
