000 (364.007.000) 12/04 18:34:30 Job submitted from host: <128.104.190.61:58455?addrs=128.104.190.61-58455>
...
001 (364.007.000) 12/04 18:34:34 Job executing on host: <128.104.190.42:38951?addrs=128.104.190.42-38951>
...
006 (364.007.000) 12/04 18:34:43 Image size of job updated: 93240
	25  -  MemoryUsage of job (MB)
	24936  -  ResidentSetSize of job (KB)
...
006 (364.007.000) 12/04 18:39:44 Image size of job updated: 2242276
	86  -  MemoryUsage of job (MB)
	87960  -  ResidentSetSize of job (KB)
...
006 (364.007.000) 12/04 18:44:44 Image size of job updated: 2243880
	92  -  MemoryUsage of job (MB)
	93736  -  ResidentSetSize of job (KB)
...
006 (364.007.000) 12/04 18:49:45 Image size of job updated: 2244672
	95  -  MemoryUsage of job (MB)
	96772  -  ResidentSetSize of job (KB)
...
006 (364.007.000) 12/04 18:54:46 Image size of job updated: 2244672
	95  -  MemoryUsage of job (MB)
	96776  -  ResidentSetSize of job (KB)
...
006 (364.007.000) 12/04 19:14:48 Image size of job updated: 2244672
	97  -  MemoryUsage of job (MB)
	98836  -  ResidentSetSize of job (KB)
...
006 (364.007.000) 12/04 19:19:49 Image size of job updated: 2244672
	97  -  MemoryUsage of job (MB)
	98964  -  ResidentSetSize of job (KB)
...
006 (364.007.000) 12/04 19:24:50 Image size of job updated: 2244672
	97  -  MemoryUsage of job (MB)
	98976  -  ResidentSetSize of job (KB)
...
006 (364.007.000) 12/04 19:29:50 Image size of job updated: 2244672
	97  -  MemoryUsage of job (MB)
	98992  -  ResidentSetSize of job (KB)
...
006 (364.007.000) 12/04 19:44:52 Image size of job updated: 2244672
	99  -  MemoryUsage of job (MB)
	101064  -  ResidentSetSize of job (KB)
...
006 (364.007.000) 12/04 19:59:53 Image size of job updated: 2244672
	99  -  MemoryUsage of job (MB)
	101068  -  ResidentSetSize of job (KB)
...
006 (364.007.000) 12/04 20:04:54 Image size of job updated: 2244804
	99  -  MemoryUsage of job (MB)
	101072  -  ResidentSetSize of job (KB)
...
006 (364.007.000) 12/04 20:14:55 Image size of job updated: 2244804
	101  -  MemoryUsage of job (MB)
	103128  -  ResidentSetSize of job (KB)
...
006 (364.007.000) 12/04 20:19:55 Image size of job updated: 2246780
	131  -  MemoryUsage of job (MB)
	133840  -  ResidentSetSize of job (KB)
...
006 (364.007.000) 12/04 20:24:55 Image size of job updated: 2246912
	131  -  MemoryUsage of job (MB)
	133988  -  ResidentSetSize of job (KB)
...
006 (364.007.000) 12/04 20:29:56 Image size of job updated: 2246912
	131  -  MemoryUsage of job (MB)
	134004  -  ResidentSetSize of job (KB)
...
006 (364.007.000) 12/04 20:39:57 Image size of job updated: 2246912
	131  -  MemoryUsage of job (MB)
	134028  -  ResidentSetSize of job (KB)
...
005 (364.007.000) 12/04 20:55:44 Job terminated.
	(1) Normal termination (return value 0)
		Usr 0 02:20:52, Sys 0 00:00:00  -  Run Remote Usage
		Usr 0 00:00:00, Sys 0 00:00:00  -  Run Local Usage
		Usr 0 02:20:52, Sys 0 00:00:00  -  Total Remote Usage
		Usr 0 00:00:00, Sys 0 00:00:00  -  Total Local Usage
	0  -  Run Bytes Sent By Job
	0  -  Run Bytes Received By Job
	0  -  Total Bytes Sent By Job
	0  -  Total Bytes Received By Job
	Partitionable Resources :    Usage  Request Allocated
	   Cpus                 :                 1         1
	   Disk (KB)            :      175      175  12112339
	   Memory (MB)          :      131        1      2012
...
