000 (364.014.000) 12/04 18:34:30 Job submitted from host: <128.104.190.61:58455?addrs=128.104.190.61-58455>
...
001 (364.014.000) 12/04 18:34:35 Job executing on host: <128.104.190.42:38951?addrs=128.104.190.42-38951>
...
006 (364.014.000) 12/04 18:34:43 Image size of job updated: 79444
	23  -  MemoryUsage of job (MB)
	22872  -  ResidentSetSize of job (KB)
...
006 (364.014.000) 12/04 18:39:43 Image size of job updated: 2267308
	446  -  MemoryUsage of job (MB)
	456424  -  ResidentSetSize of job (KB)
...
006 (364.014.000) 12/04 18:44:44 Image size of job updated: 2267308
	452  -  MemoryUsage of job (MB)
	462572  -  ResidentSetSize of job (KB)
...
006 (364.014.000) 12/04 18:49:45 Image size of job updated: 2267308
	458  -  MemoryUsage of job (MB)
	468716  -  ResidentSetSize of job (KB)
...
006 (364.014.000) 12/04 18:54:45 Image size of job updated: 2267712
	459  -  MemoryUsage of job (MB)
	469184  -  ResidentSetSize of job (KB)
...
006 (364.014.000) 12/04 18:59:45 Image size of job updated: 2267712
	461  -  MemoryUsage of job (MB)
	471232  -  ResidentSetSize of job (KB)
...
006 (364.014.000) 12/04 20:14:53 Image size of job updated: 2268108
	461  -  MemoryUsage of job (MB)
	471832  -  ResidentSetSize of job (KB)
...
006 (364.014.000) 12/04 20:24:54 Image size of job updated: 2268108
	462  -  MemoryUsage of job (MB)
	472444  -  ResidentSetSize of job (KB)
...
005 (364.014.000) 12/04 21:25:01 Job terminated.
	(1) Normal termination (return value 0)
		Usr 0 02:50:08, Sys 0 00:00:00  -  Run Remote Usage
		Usr 0 00:00:00, Sys 0 00:00:00  -  Run Local Usage
		Usr 0 02:50:08, Sys 0 00:00:00  -  Total Remote Usage
		Usr 0 00:00:00, Sys 0 00:00:00  -  Total Local Usage
	0  -  Run Bytes Sent By Job
	0  -  Run Bytes Received By Job
	0  -  Total Bytes Sent By Job
	0  -  Total Bytes Received By Job
	Partitionable Resources :    Usage  Request Allocated
	   Cpus                 :                 1         1
	   Disk (KB)            :      175      175  12112339
	   Memory (MB)          :      462        1      2012
...
