000 (364.022.000) 12/04 18:34:30 Job submitted from host: <128.104.190.61:58455?addrs=128.104.190.61-58455>
...
001 (364.022.000) 12/04 18:34:35 Job executing on host: <128.104.190.42:38951?addrs=128.104.190.42-38951>
...
006 (364.022.000) 12/04 18:34:44 Image size of job updated: 175
	4  -  MemoryUsage of job (MB)
	3660  -  ResidentSetSize of job (KB)
...
006 (364.022.000) 12/04 18:39:45 Image size of job updated: 2245908
	96  -  MemoryUsage of job (MB)
	98104  -  ResidentSetSize of job (KB)
...
006 (364.022.000) 12/04 18:44:45 Image size of job updated: 2250572
	107  -  MemoryUsage of job (MB)
	109008  -  ResidentSetSize of job (KB)
...
006 (364.022.000) 12/04 18:49:45 Image size of job updated: 2251232
	110  -  MemoryUsage of job (MB)
	111892  -  ResidentSetSize of job (KB)
...
006 (364.022.000) 12/04 18:54:46 Image size of job updated: 2251232
	110  -  MemoryUsage of job (MB)
	111996  -  ResidentSetSize of job (KB)
...
006 (364.022.000) 12/04 19:04:47 Image size of job updated: 2251232
	110  -  MemoryUsage of job (MB)
	112060  -  ResidentSetSize of job (KB)
...
006 (364.022.000) 12/04 19:19:49 Image size of job updated: 2251232
	110  -  MemoryUsage of job (MB)
	112064  -  ResidentSetSize of job (KB)
...
006 (364.022.000) 12/04 19:29:49 Image size of job updated: 2251364
	110  -  MemoryUsage of job (MB)
	112144  -  ResidentSetSize of job (KB)
...
006 (364.022.000) 12/04 19:34:50 Image size of job updated: 2251496
	110  -  MemoryUsage of job (MB)
	112320  -  ResidentSetSize of job (KB)
...
006 (364.022.000) 12/04 19:54:52 Image size of job updated: 2252960
	112  -  MemoryUsage of job (MB)
	113984  -  ResidentSetSize of job (KB)
...
006 (364.022.000) 12/04 19:59:52 Image size of job updated: 2253488
	112  -  MemoryUsage of job (MB)
	114512  -  ResidentSetSize of job (KB)
...
006 (364.022.000) 12/04 20:19:55 Image size of job updated: 2253620
	112  -  MemoryUsage of job (MB)
	114512  -  ResidentSetSize of job (KB)
...
006 (364.022.000) 12/04 20:24:56 Image size of job updated: 2253620
	112  -  MemoryUsage of job (MB)
	114588  -  ResidentSetSize of job (KB)
...
006 (364.022.000) 12/04 20:49:58 Image size of job updated: 2253752
	112  -  MemoryUsage of job (MB)
	114680  -  ResidentSetSize of job (KB)
...
006 (364.022.000) 12/04 20:54:58 Image size of job updated: 2253752
	112  -  MemoryUsage of job (MB)
	114684  -  ResidentSetSize of job (KB)
...
005 (364.022.000) 12/04 21:09:05 Job terminated.
	(1) Normal termination (return value 0)
		Usr 0 02:34:22, Sys 0 00:00:00  -  Run Remote Usage
		Usr 0 00:00:00, Sys 0 00:00:00  -  Run Local Usage
		Usr 0 02:34:22, Sys 0 00:00:00  -  Total Remote Usage
		Usr 0 00:00:00, Sys 0 00:00:00  -  Total Local Usage
	0  -  Run Bytes Sent By Job
	0  -  Run Bytes Received By Job
	0  -  Total Bytes Sent By Job
	0  -  Total Bytes Received By Job
	Partitionable Resources :    Usage  Request Allocated
	   Cpus                 :                 1         1
	   Disk (KB)            :      175      175  12112339
	   Memory (MB)          :      112        1      2012
...
