000 (368.019.000) 12/07 15:15:16 Job submitted from host: <128.104.190.61:58455?addrs=128.104.190.61-58455>
...
001 (368.019.000) 12/07 15:15:17 Job executing on host: <128.104.190.42:38951?addrs=128.104.190.42-38951>
...
006 (368.019.000) 12/07 15:15:26 Image size of job updated: 72344
	15  -  MemoryUsage of job (MB)
	14672  -  ResidentSetSize of job (KB)
...
006 (368.019.000) 12/07 15:20:27 Image size of job updated: 2242644
	123  -  MemoryUsage of job (MB)
	125664  -  ResidentSetSize of job (KB)
...
006 (368.019.000) 12/07 15:25:27 Image size of job updated: 2242644
	123  -  MemoryUsage of job (MB)
	125708  -  ResidentSetSize of job (KB)
...
006 (368.019.000) 12/07 15:30:27 Image size of job updated: 2243040
	124  -  MemoryUsage of job (MB)
	126204  -  ResidentSetSize of job (KB)
...
006 (368.019.000) 12/07 15:35:28 Image size of job updated: 2243172
	124  -  MemoryUsage of job (MB)
	126412  -  ResidentSetSize of job (KB)
...
006 (368.019.000) 12/07 15:45:29 Image size of job updated: 2243304
	124  -  MemoryUsage of job (MB)
	126432  -  ResidentSetSize of job (KB)
...
006 (368.019.000) 12/07 15:55:30 Image size of job updated: 2243304
	124  -  MemoryUsage of job (MB)
	126444  -  ResidentSetSize of job (KB)
...
006 (368.019.000) 12/07 16:00:30 Image size of job updated: 2243304
	124  -  MemoryUsage of job (MB)
	126452  -  ResidentSetSize of job (KB)
...
006 (368.019.000) 12/07 16:05:30 Image size of job updated: 2243304
	124  -  MemoryUsage of job (MB)
	126516  -  ResidentSetSize of job (KB)
...
006 (368.019.000) 12/07 16:30:33 Image size of job updated: 2243304
	124  -  MemoryUsage of job (MB)
	126644  -  ResidentSetSize of job (KB)
...
006 (368.019.000) 12/07 16:55:35 Image size of job updated: 2243304
	124  -  MemoryUsage of job (MB)
	126688  -  ResidentSetSize of job (KB)
...
006 (368.019.000) 12/07 17:05:37 Image size of job updated: 2243304
	124  -  MemoryUsage of job (MB)
	126692  -  ResidentSetSize of job (KB)
...
006 (368.019.000) 12/07 17:10:37 Image size of job updated: 2243304
	124  -  MemoryUsage of job (MB)
	126700  -  ResidentSetSize of job (KB)
...
006 (368.019.000) 12/07 18:05:43 Image size of job updated: 2243304
	124  -  MemoryUsage of job (MB)
	126704  -  ResidentSetSize of job (KB)
...
006 (368.019.000) 12/07 18:20:45 Image size of job updated: 2243304
	124  -  MemoryUsage of job (MB)
	126712  -  ResidentSetSize of job (KB)
...
006 (368.019.000) 12/07 19:05:51 Image size of job updated: 2243304
	124  -  MemoryUsage of job (MB)
	126716  -  ResidentSetSize of job (KB)
...
006 (368.019.000) 12/07 19:10:51 Image size of job updated: 2243304
	124  -  MemoryUsage of job (MB)
	126724  -  ResidentSetSize of job (KB)
...
005 (368.019.000) 12/07 19:13:46 Job terminated.
	(1) Normal termination (return value 0)
		Usr 0 03:58:04, Sys 0 00:00:01  -  Run Remote Usage
		Usr 0 00:00:00, Sys 0 00:00:00  -  Run Local Usage
		Usr 0 03:58:04, Sys 0 00:00:01  -  Total Remote Usage
		Usr 0 00:00:00, Sys 0 00:00:00  -  Total Local Usage
	0  -  Run Bytes Sent By Job
	0  -  Run Bytes Received By Job
	0  -  Total Bytes Sent By Job
	0  -  Total Bytes Received By Job
	Partitionable Resources :    Usage  Request Allocated
	   Cpus                 :                 1         1
	   Disk (KB)            :      175      175  12112497
	   Memory (MB)          :      124        1      2012
...
