000 (365.011.000) 12/05 11:45:19 Job submitted from host: <128.104.190.61:58455?addrs=128.104.190.61-58455>
...
001 (365.011.000) 12/05 11:45:20 Job executing on host: <128.104.190.42:38951?addrs=128.104.190.42-38951>
...
006 (365.011.000) 12/05 11:45:28 Image size of job updated: 93244
	26  -  MemoryUsage of job (MB)
	25688  -  ResidentSetSize of job (KB)
...
006 (365.011.000) 12/05 11:50:28 Image size of job updated: 2285644
	141  -  MemoryUsage of job (MB)
	143540  -  ResidentSetSize of job (KB)
...
006 (365.011.000) 12/05 11:55:29 Image size of job updated: 2285832
	145  -  MemoryUsage of job (MB)
	147812  -  ResidentSetSize of job (KB)
...
006 (365.011.000) 12/05 12:00:30 Image size of job updated: 2287024
	150  -  MemoryUsage of job (MB)
	153472  -  ResidentSetSize of job (KB)
...
006 (365.011.000) 12/05 12:05:30 Image size of job updated: 2287288
	151  -  MemoryUsage of job (MB)
	153756  -  ResidentSetSize of job (KB)
...
006 (365.011.000) 12/05 12:15:31 Image size of job updated: 2287552
	157  -  MemoryUsage of job (MB)
	160080  -  ResidentSetSize of job (KB)
...
006 (365.011.000) 12/05 12:20:32 Image size of job updated: 2287684
	157  -  MemoryUsage of job (MB)
	160160  -  ResidentSetSize of job (KB)
...
006 (365.011.000) 12/05 12:25:32 Image size of job updated: 2287948
	157  -  MemoryUsage of job (MB)
	160448  -  ResidentSetSize of job (KB)
...
006 (365.011.000) 12/05 12:40:34 Image size of job updated: 2287948
	157  -  MemoryUsage of job (MB)
	160480  -  ResidentSetSize of job (KB)
...
006 (365.011.000) 12/05 12:45:34 Image size of job updated: 2288212
	162  -  MemoryUsage of job (MB)
	164868  -  ResidentSetSize of job (KB)
...
006 (365.011.000) 12/05 12:55:35 Image size of job updated: 2288212
	162  -  MemoryUsage of job (MB)
	164908  -  ResidentSetSize of job (KB)
...
006 (365.011.000) 12/05 13:05:35 Image size of job updated: 2288212
	162  -  MemoryUsage of job (MB)
	164948  -  ResidentSetSize of job (KB)
...
006 (365.011.000) 12/05 13:10:36 Image size of job updated: 2288740
	162  -  MemoryUsage of job (MB)
	165440  -  ResidentSetSize of job (KB)
...
006 (365.011.000) 12/05 13:15:37 Image size of job updated: 2288872
	162  -  MemoryUsage of job (MB)
	165512  -  ResidentSetSize of job (KB)
...
006 (365.011.000) 12/05 13:20:37 Image size of job updated: 2289004
	162  -  MemoryUsage of job (MB)
	165656  -  ResidentSetSize of job (KB)
...
006 (365.011.000) 12/05 13:25:38 Image size of job updated: 2289004
	162  -  MemoryUsage of job (MB)
	165672  -  ResidentSetSize of job (KB)
...
006 (365.011.000) 12/05 13:30:39 Image size of job updated: 2289004
	162  -  MemoryUsage of job (MB)
	165732  -  ResidentSetSize of job (KB)
...
006 (365.011.000) 12/05 13:35:40 Image size of job updated: 2289004
	162  -  MemoryUsage of job (MB)
	165872  -  ResidentSetSize of job (KB)
...
006 (365.011.000) 12/05 13:40:40 Image size of job updated: 2289136
	163  -  MemoryUsage of job (MB)
	166080  -  ResidentSetSize of job (KB)
...
006 (365.011.000) 12/05 13:45:40 Image size of job updated: 2289136
	163  -  MemoryUsage of job (MB)
	166084  -  ResidentSetSize of job (KB)
...
006 (365.011.000) 12/05 13:50:41 Image size of job updated: 2289268
	163  -  MemoryUsage of job (MB)
	166368  -  ResidentSetSize of job (KB)
...
006 (365.011.000) 12/05 14:00:42 Image size of job updated: 2289268
	163  -  MemoryUsage of job (MB)
	166396  -  ResidentSetSize of job (KB)
...
006 (365.011.000) 12/05 14:05:42 Image size of job updated: 2289268
	163  -  MemoryUsage of job (MB)
	166424  -  ResidentSetSize of job (KB)
...
006 (365.011.000) 12/05 14:10:43 Image size of job updated: 2289400
	163  -  MemoryUsage of job (MB)
	166488  -  ResidentSetSize of job (KB)
...
006 (365.011.000) 12/05 14:15:44 Image size of job updated: 2290192
	164  -  MemoryUsage of job (MB)
	167248  -  ResidentSetSize of job (KB)
...
006 (365.011.000) 12/05 14:20:44 Image size of job updated: 2290456
	164  -  MemoryUsage of job (MB)
	167584  -  ResidentSetSize of job (KB)
...
006 (365.011.000) 12/05 14:25:44 Image size of job updated: 2290588
	164  -  MemoryUsage of job (MB)
	167664  -  ResidentSetSize of job (KB)
...
006 (365.011.000) 12/05 14:30:44 Image size of job updated: 2290588
	164  -  MemoryUsage of job (MB)
	167676  -  ResidentSetSize of job (KB)
...
006 (365.011.000) 12/05 14:35:45 Image size of job updated: 2290720
	164  -  MemoryUsage of job (MB)
	167812  -  ResidentSetSize of job (KB)
...
006 (365.011.000) 12/05 14:40:46 Image size of job updated: 2290852
	165  -  MemoryUsage of job (MB)
	167988  -  ResidentSetSize of job (KB)
...
006 (365.011.000) 12/05 14:50:47 Image size of job updated: 2290852
	165  -  MemoryUsage of job (MB)
	168024  -  ResidentSetSize of job (KB)
...
006 (365.011.000) 12/05 14:54:32 Image size of job updated: 2290984
	165  -  MemoryUsage of job (MB)
	168024  -  ResidentSetSize of job (KB)
...
005 (365.011.000) 12/05 14:54:32 Job terminated.
	(1) Normal termination (return value 0)
		Usr 0 03:09:02, Sys 0 00:00:01  -  Run Remote Usage
		Usr 0 00:00:00, Sys 0 00:00:00  -  Run Local Usage
		Usr 0 03:09:02, Sys 0 00:00:01  -  Total Remote Usage
		Usr 0 00:00:00, Sys 0 00:00:00  -  Total Local Usage
	0  -  Run Bytes Sent By Job
	0  -  Run Bytes Received By Job
	0  -  Total Bytes Sent By Job
	0  -  Total Bytes Received By Job
	Partitionable Resources :    Usage  Request Allocated
	   Cpus                 :                 1         1
	   Disk (KB)            :      175      175  12112297
	   Memory (MB)          :      165        1      2012
...
