000 (364.006.000) 12/04 18:34:30 Job submitted from host: <128.104.190.61:58455?addrs=128.104.190.61-58455>
...
001 (364.006.000) 12/04 18:34:34 Job executing on host: <128.104.190.58:56194?addrs=128.104.190.58-56194>
...
006 (364.006.000) 12/04 18:34:43 Image size of job updated: 175
	4  -  MemoryUsage of job (MB)
	3672  -  ResidentSetSize of job (KB)
...
006 (364.006.000) 12/04 18:39:43 Image size of job updated: 2245620
	90  -  MemoryUsage of job (MB)
	91148  -  ResidentSetSize of job (KB)
...
006 (364.006.000) 12/04 18:44:43 Image size of job updated: 2253444
	108  -  MemoryUsage of job (MB)
	109808  -  ResidentSetSize of job (KB)
...
006 (364.006.000) 12/04 18:49:44 Image size of job updated: 2253444
	110  -  MemoryUsage of job (MB)
	111856  -  ResidentSetSize of job (KB)
...
006 (364.006.000) 12/04 18:54:45 Image size of job updated: 2253592
	112  -  MemoryUsage of job (MB)
	113904  -  ResidentSetSize of job (KB)
...
006 (364.006.000) 12/04 18:59:45 Image size of job updated: 2253988
	112  -  MemoryUsage of job (MB)
	114504  -  ResidentSetSize of job (KB)
...
006 (364.006.000) 12/04 19:09:46 Image size of job updated: 2254516
	113  -  MemoryUsage of job (MB)
	115152  -  ResidentSetSize of job (KB)
...
006 (364.006.000) 12/04 19:14:46 Image size of job updated: 2254648
	113  -  MemoryUsage of job (MB)
	115152  -  ResidentSetSize of job (KB)
...
006 (364.006.000) 12/04 20:09:51 Image size of job updated: 2254648
	117  -  MemoryUsage of job (MB)
	119568  -  ResidentSetSize of job (KB)
...
006 (364.006.000) 12/04 20:14:51 Image size of job updated: 2254648
	119  -  MemoryUsage of job (MB)
	121616  -  ResidentSetSize of job (KB)
...
006 (364.006.000) 12/04 21:04:57 Image size of job updated: 2254648
	119  -  MemoryUsage of job (MB)
	121744  -  ResidentSetSize of job (KB)
...
006 (364.006.000) 12/04 21:24:59 Image size of job updated: 2255060
	120  -  MemoryUsage of job (MB)
	122056  -  ResidentSetSize of job (KB)
...
005 (364.006.000) 12/04 21:56:29 Job terminated.
	(1) Normal termination (return value 0)
		Usr 0 03:21:34, Sys 0 00:00:00  -  Run Remote Usage
		Usr 0 00:00:00, Sys 0 00:00:00  -  Run Local Usage
		Usr 0 03:21:34, Sys 0 00:00:00  -  Total Remote Usage
		Usr 0 00:00:00, Sys 0 00:00:00  -  Total Local Usage
	0  -  Run Bytes Sent By Job
	0  -  Run Bytes Received By Job
	0  -  Total Bytes Sent By Job
	0  -  Total Bytes Received By Job
	Partitionable Resources :    Usage  Request Allocated
	   Cpus                 :                 1         1
	   Disk (KB)            :      175      175 111269439
	   Memory (MB)          :      120        1      2002
...
