000 (363.012.000) 12/04 13:22:52 Job submitted from host: <128.104.190.61:58455?addrs=128.104.190.61-58455>
...
001 (363.012.000) 12/04 13:22:58 Job executing on host: <128.104.190.42:38951?addrs=128.104.190.42-38951>
...
006 (363.012.000) 12/04 13:23:06 Image size of job updated: 2243552
	86  -  MemoryUsage of job (MB)
	87296  -  ResidentSetSize of job (KB)
...
006 (363.012.000) 12/04 13:28:06 Image size of job updated: 2258856
	105  -  MemoryUsage of job (MB)
	106616  -  ResidentSetSize of job (KB)
...
006 (363.012.000) 12/04 13:33:07 Image size of job updated: 2258856
	105  -  MemoryUsage of job (MB)
	106656  -  ResidentSetSize of job (KB)
...
006 (363.012.000) 12/04 13:38:07 Image size of job updated: 2259520
	105  -  MemoryUsage of job (MB)
	107508  -  ResidentSetSize of job (KB)
...
006 (363.012.000) 12/04 13:48:07 Image size of job updated: 2260048
	106  -  MemoryUsage of job (MB)
	108148  -  ResidentSetSize of job (KB)
...
006 (363.012.000) 12/04 13:58:09 Image size of job updated: 2260048
	106  -  MemoryUsage of job (MB)
	108232  -  ResidentSetSize of job (KB)
...
006 (363.012.000) 12/04 14:03:09 Image size of job updated: 2260180
	106  -  MemoryUsage of job (MB)
	108248  -  ResidentSetSize of job (KB)
...
006 (363.012.000) 12/04 14:28:11 Image size of job updated: 2260312
	106  -  MemoryUsage of job (MB)
	108332  -  ResidentSetSize of job (KB)
...
006 (363.012.000) 12/04 14:33:12 Image size of job updated: 2260708
	107  -  MemoryUsage of job (MB)
	108848  -  ResidentSetSize of job (KB)
...
006 (363.012.000) 12/04 14:38:12 Image size of job updated: 2260708
	107  -  MemoryUsage of job (MB)
	108856  -  ResidentSetSize of job (KB)
...
006 (363.012.000) 12/04 14:43:12 Image size of job updated: 2260708
	107  -  MemoryUsage of job (MB)
	108860  -  ResidentSetSize of job (KB)
...
006 (363.012.000) 12/04 14:48:13 Image size of job updated: 2260840
	107  -  MemoryUsage of job (MB)
	108932  -  ResidentSetSize of job (KB)
...
006 (363.012.000) 12/04 14:53:14 Image size of job updated: 2260840
	107  -  MemoryUsage of job (MB)
	108952  -  ResidentSetSize of job (KB)
...
006 (363.012.000) 12/04 14:58:14 Image size of job updated: 2260972
	107  -  MemoryUsage of job (MB)
	109048  -  ResidentSetSize of job (KB)
...
006 (363.012.000) 12/04 15:03:15 Image size of job updated: 2260972
	107  -  MemoryUsage of job (MB)
	109076  -  ResidentSetSize of job (KB)
...
006 (363.012.000) 12/04 15:13:16 Image size of job updated: 2261236
	107  -  MemoryUsage of job (MB)
	109348  -  ResidentSetSize of job (KB)
...
006 (363.012.000) 12/04 15:18:16 Image size of job updated: 2261236
	108  -  MemoryUsage of job (MB)
	109624  -  ResidentSetSize of job (KB)
...
006 (363.012.000) 12/04 15:23:17 Image size of job updated: 2261236
	108  -  MemoryUsage of job (MB)
	109636  -  ResidentSetSize of job (KB)
...
006 (363.012.000) 12/04 15:28:18 Image size of job updated: 2261236
	108  -  MemoryUsage of job (MB)
	109652  -  ResidentSetSize of job (KB)
...
006 (363.012.000) 12/04 15:33:18 Image size of job updated: 2261236
	108  -  MemoryUsage of job (MB)
	109668  -  ResidentSetSize of job (KB)
...
006 (363.012.000) 12/04 15:38:18 Image size of job updated: 2261368
	108  -  MemoryUsage of job (MB)
	109748  -  ResidentSetSize of job (KB)
...
006 (363.012.000) 12/04 15:48:19 Image size of job updated: 2261632
	108  -  MemoryUsage of job (MB)
	110052  -  ResidentSetSize of job (KB)
...
006 (363.012.000) 12/04 15:53:20 Image size of job updated: 2261764
	108  -  MemoryUsage of job (MB)
	110144  -  ResidentSetSize of job (KB)
...
006 (363.012.000) 12/04 15:58:21 Image size of job updated: 2261764
	108  -  MemoryUsage of job (MB)
	110208  -  ResidentSetSize of job (KB)
...
006 (363.012.000) 12/04 16:03:21 Image size of job updated: 2262576
	109  -  MemoryUsage of job (MB)
	110912  -  ResidentSetSize of job (KB)
...
006 (363.012.000) 12/04 16:08:21 Image size of job updated: 2262840
	109  -  MemoryUsage of job (MB)
	111236  -  ResidentSetSize of job (KB)
...
006 (363.012.000) 12/04 16:13:22 Image size of job updated: 2262840
	109  -  MemoryUsage of job (MB)
	111292  -  ResidentSetSize of job (KB)
...
006 (363.012.000) 12/04 16:18:23 Image size of job updated: 2263156
	109  -  MemoryUsage of job (MB)
	111580  -  ResidentSetSize of job (KB)
...
006 (363.012.000) 12/04 16:23:23 Image size of job updated: 2264116
	110  -  MemoryUsage of job (MB)
	112536  -  ResidentSetSize of job (KB)
...
006 (363.012.000) 12/04 16:28:23 Image size of job updated: 2264380
	111  -  MemoryUsage of job (MB)
	112832  -  ResidentSetSize of job (KB)
...
006 (363.012.000) 12/04 16:38:24 Image size of job updated: 2264928
	111  -  MemoryUsage of job (MB)
	113344  -  ResidentSetSize of job (KB)
...
005 (363.012.000) 12/04 16:39:14 Job terminated.
	(1) Normal termination (return value 0)
		Usr 0 03:16:09, Sys 0 00:00:01  -  Run Remote Usage
		Usr 0 00:00:00, Sys 0 00:00:00  -  Run Local Usage
		Usr 0 03:16:09, Sys 0 00:00:01  -  Total Remote Usage
		Usr 0 00:00:00, Sys 0 00:00:00  -  Total Local Usage
	0  -  Run Bytes Sent By Job
	0  -  Run Bytes Received By Job
	0  -  Total Bytes Sent By Job
	0  -  Total Bytes Received By Job
	Partitionable Resources :    Usage  Request Allocated
	   Cpus                 :                 1         1
	   Disk (KB)            :      175      175  12112338
	   Memory (MB)          :      111        1      2012
...
