000 (365.006.000) 12/05 11:45:19 Job submitted from host: <128.104.190.61:58455?addrs=128.104.190.61-58455>
...
001 (365.006.000) 12/05 11:45:20 Job executing on host: <128.104.190.58:56194?addrs=128.104.190.58-56194>
...
006 (365.006.000) 12/05 11:45:28 Image size of job updated: 93248
	4  -  MemoryUsage of job (MB)
	3724  -  ResidentSetSize of job (KB)
...
006 (365.006.000) 12/05 11:50:28 Image size of job updated: 2245644
	90  -  MemoryUsage of job (MB)
	92088  -  ResidentSetSize of job (KB)
...
006 (365.006.000) 12/05 11:55:29 Image size of job updated: 2253700
	107  -  MemoryUsage of job (MB)
	108760  -  ResidentSetSize of job (KB)
...
006 (365.006.000) 12/05 12:00:30 Image size of job updated: 2253700
	111  -  MemoryUsage of job (MB)
	112856  -  ResidentSetSize of job (KB)
...
006 (365.006.000) 12/05 12:05:30 Image size of job updated: 2253700
	113  -  MemoryUsage of job (MB)
	114904  -  ResidentSetSize of job (KB)
...
006 (365.006.000) 12/05 12:10:30 Image size of job updated: 2254096
	113  -  MemoryUsage of job (MB)
	115532  -  ResidentSetSize of job (KB)
...
006 (365.006.000) 12/05 12:20:32 Image size of job updated: 2254644
	114  -  MemoryUsage of job (MB)
	116180  -  ResidentSetSize of job (KB)
...
006 (365.006.000) 12/05 12:25:32 Image size of job updated: 2254784
	114  -  MemoryUsage of job (MB)
	116180  -  ResidentSetSize of job (KB)
...
006 (365.006.000) 12/05 13:15:38 Image size of job updated: 2254784
	114  -  MemoryUsage of job (MB)
	116720  -  ResidentSetSize of job (KB)
...
006 (365.006.000) 12/05 13:30:39 Image size of job updated: 2254784
	120  -  MemoryUsage of job (MB)
	122864  -  ResidentSetSize of job (KB)
...
006 (365.006.000) 12/05 14:45:47 Image size of job updated: 2255180
	121  -  MemoryUsage of job (MB)
	123188  -  ResidentSetSize of job (KB)
...
005 (365.006.000) 12/05 15:20:45 Job terminated.
	(1) Normal termination (return value 0)
		Usr 0 03:34:47, Sys 0 00:00:00  -  Run Remote Usage
		Usr 0 00:00:00, Sys 0 00:00:00  -  Run Local Usage
		Usr 0 03:34:47, Sys 0 00:00:00  -  Total Remote Usage
		Usr 0 00:00:00, Sys 0 00:00:00  -  Total Local Usage
	0  -  Run Bytes Sent By Job
	0  -  Run Bytes Received By Job
	0  -  Total Bytes Sent By Job
	0  -  Total Bytes Received By Job
	Partitionable Resources :    Usage  Request Allocated
	   Cpus                 :                 1         1
	   Disk (KB)            :      175      175 111269383
	   Memory (MB)          :      121        1      2002
...
