000 (369.015.000) 12/07 15:37:24 Job submitted from host: <128.104.190.61:58455?addrs=128.104.190.61-58455>
...
001 (369.015.000) 12/07 15:37:25 Job executing on host: <128.104.190.42:38951?addrs=128.104.190.42-38951>
...
006 (369.015.000) 12/07 15:37:34 Image size of job updated: 66364
	2  -  MemoryUsage of job (MB)
	1992  -  ResidentSetSize of job (KB)
...
006 (369.015.000) 12/07 15:42:35 Image size of job updated: 2256320
	166  -  MemoryUsage of job (MB)
	169712  -  ResidentSetSize of job (KB)
...
006 (369.015.000) 12/07 15:47:36 Image size of job updated: 2258876
	171  -  MemoryUsage of job (MB)
	174292  -  ResidentSetSize of job (KB)
...
006 (369.015.000) 12/07 15:48:38 Image size of job updated: 2259404
	171  -  MemoryUsage of job (MB)
	174292  -  ResidentSetSize of job (KB)
...
005 (369.015.000) 12/07 15:48:38 Job terminated.
	(1) Normal termination (return value 0)
		Usr 0 00:11:09, Sys 0 00:00:00  -  Run Remote Usage
		Usr 0 00:00:00, Sys 0 00:00:00  -  Run Local Usage
		Usr 0 00:11:09, Sys 0 00:00:00  -  Total Remote Usage
		Usr 0 00:00:00, Sys 0 00:00:00  -  Total Local Usage
	0  -  Run Bytes Sent By Job
	0  -  Run Bytes Received By Job
	0  -  Total Bytes Sent By Job
	0  -  Total Bytes Received By Job
	Partitionable Resources :    Usage  Request Allocated
	   Cpus                 :                 1         1
	   Disk (KB)            :      175      175  12112469
	   Memory (MB)          :      171        1      2012
...
