000 (364.016.000) 12/04 18:34:30 Job submitted from host: <128.104.190.61:58455?addrs=128.104.190.61-58455>
...
001 (364.016.000) 12/04 18:34:35 Job executing on host: <128.104.190.42:38951?addrs=128.104.190.42-38951>
...
006 (364.016.000) 12/04 18:34:43 Image size of job updated: 72740
	15  -  MemoryUsage of job (MB)
	14960  -  ResidentSetSize of job (KB)
...
006 (364.016.000) 12/04 18:39:43 Image size of job updated: 2243680
	87  -  MemoryUsage of job (MB)
	88096  -  ResidentSetSize of job (KB)
...
006 (364.016.000) 12/04 18:44:44 Image size of job updated: 2243812
	89  -  MemoryUsage of job (MB)
	90268  -  ResidentSetSize of job (KB)
...
006 (364.016.000) 12/04 18:49:45 Image size of job updated: 2244208
	89  -  MemoryUsage of job (MB)
	90804  -  ResidentSetSize of job (KB)
...
006 (364.016.000) 12/04 19:24:48 Image size of job updated: 2244208
	89  -  MemoryUsage of job (MB)
	90812  -  ResidentSetSize of job (KB)
...
006 (364.016.000) 12/04 19:34:49 Image size of job updated: 2244208
	89  -  MemoryUsage of job (MB)
	90828  -  ResidentSetSize of job (KB)
...
006 (364.016.000) 12/04 20:19:53 Image size of job updated: 2244340
	89  -  MemoryUsage of job (MB)
	91092  -  ResidentSetSize of job (KB)
...
006 (364.016.000) 12/04 20:24:54 Image size of job updated: 2244472
	89  -  MemoryUsage of job (MB)
	91132  -  ResidentSetSize of job (KB)
...
006 (364.016.000) 12/04 20:34:55 Image size of job updated: 2244472
	90  -  MemoryUsage of job (MB)
	91140  -  ResidentSetSize of job (KB)
...
006 (364.016.000) 12/04 20:39:55 Image size of job updated: 2244472
	90  -  MemoryUsage of job (MB)
	91144  -  ResidentSetSize of job (KB)
...
006 (364.016.000) 12/04 20:49:56 Image size of job updated: 2244472
	90  -  MemoryUsage of job (MB)
	91272  -  ResidentSetSize of job (KB)
...
005 (364.016.000) 12/04 20:53:07 Job terminated.
	(1) Normal termination (return value 0)
		Usr 0 02:18:24, Sys 0 00:00:00  -  Run Remote Usage
		Usr 0 00:00:00, Sys 0 00:00:00  -  Run Local Usage
		Usr 0 02:18:24, Sys 0 00:00:00  -  Total Remote Usage
		Usr 0 00:00:00, Sys 0 00:00:00  -  Total Local Usage
	0  -  Run Bytes Sent By Job
	0  -  Run Bytes Received By Job
	0  -  Total Bytes Sent By Job
	0  -  Total Bytes Received By Job
	Partitionable Resources :    Usage  Request Allocated
	   Cpus                 :                 1         1
	   Disk (KB)            :      175      175  12112339
	   Memory (MB)          :       90        1      2012
...
