000 (365.000.000) 12/05 11:45:19 Job submitted from host: <128.104.190.61:58455?addrs=128.104.190.61-58455>
...
001 (365.000.000) 12/05 11:45:19 Job executing on host: <128.104.190.58:56194?addrs=128.104.190.58-56194>
...
006 (365.000.000) 12/05 11:45:28 Image size of job updated: 72148
	14  -  MemoryUsage of job (MB)
	13524  -  ResidentSetSize of job (KB)
...
006 (365.000.000) 12/05 11:50:29 Image size of job updated: 2241448
	84  -  MemoryUsage of job (MB)
	85236  -  ResidentSetSize of job (KB)
...
006 (365.000.000) 12/05 12:00:29 Image size of job updated: 2241580
	84  -  MemoryUsage of job (MB)
	85236  -  ResidentSetSize of job (KB)
...
006 (365.000.000) 12/05 12:10:30 Image size of job updated: 2241976
	84  -  MemoryUsage of job (MB)
	85868  -  ResidentSetSize of job (KB)
...
006 (365.000.000) 12/05 13:20:37 Image size of job updated: 2242108
	85  -  MemoryUsage of job (MB)
	86192  -  ResidentSetSize of job (KB)
...
006 (365.000.000) 12/05 13:35:39 Image size of job updated: 2242108
	86  -  MemoryUsage of job (MB)
	87612  -  ResidentSetSize of job (KB)
...
006 (365.000.000) 12/05 14:00:41 Image size of job updated: 2242108
	86  -  MemoryUsage of job (MB)
	87616  -  ResidentSetSize of job (KB)
...
005 (365.000.000) 12/05 14:48:33 Job terminated.
	(1) Normal termination (return value 0)
		Usr 0 03:02:29, Sys 0 00:00:01  -  Run Remote Usage
		Usr 0 00:00:00, Sys 0 00:00:00  -  Run Local Usage
		Usr 0 03:02:29, Sys 0 00:00:01  -  Total Remote Usage
		Usr 0 00:00:00, Sys 0 00:00:00  -  Total Local Usage
	0  -  Run Bytes Sent By Job
	0  -  Run Bytes Received By Job
	0  -  Total Bytes Sent By Job
	0  -  Total Bytes Received By Job
	Partitionable Resources :    Usage  Request Allocated
	   Cpus                 :                 1         1
	   Disk (KB)            :      175      175 111269383
	   Memory (MB)          :       86        1      2002
...
