000 (365.014.000) 12/05 11:45:19 Job submitted from host: <128.104.190.61:58455?addrs=128.104.190.61-58455>
...
001 (365.014.000) 12/05 11:45:20 Job executing on host: <128.104.190.42:38951?addrs=128.104.190.42-38951>
...
006 (365.014.000) 12/05 11:45:28 Image size of job updated: 93244
	25  -  MemoryUsage of job (MB)
	25196  -  ResidentSetSize of job (KB)
...
006 (365.014.000) 12/05 11:50:28 Image size of job updated: 2267468
	446  -  MemoryUsage of job (MB)
	456192  -  ResidentSetSize of job (KB)
...
006 (365.014.000) 12/05 11:55:29 Image size of job updated: 2267468
	452  -  MemoryUsage of job (MB)
	462344  -  ResidentSetSize of job (KB)
...
006 (365.014.000) 12/05 12:00:29 Image size of job updated: 2267468
	456  -  MemoryUsage of job (MB)
	466440  -  ResidentSetSize of job (KB)
...
006 (365.014.000) 12/05 12:05:29 Image size of job updated: 2267872
	459  -  MemoryUsage of job (MB)
	469032  -  ResidentSetSize of job (KB)
...
006 (365.014.000) 12/05 12:15:31 Image size of job updated: 2267872
	461  -  MemoryUsage of job (MB)
	471080  -  ResidentSetSize of job (KB)
...
006 (365.014.000) 12/05 13:25:37 Image size of job updated: 2268268
	461  -  MemoryUsage of job (MB)
	471520  -  ResidentSetSize of job (KB)
...
006 (365.014.000) 12/05 13:45:39 Image size of job updated: 2268268
	461  -  MemoryUsage of job (MB)
	471528  -  ResidentSetSize of job (KB)
...
006 (365.014.000) 12/05 14:20:43 Image size of job updated: 2268268
	461  -  MemoryUsage of job (MB)
	471676  -  ResidentSetSize of job (KB)
...
005 (365.014.000) 12/05 14:34:06 Job terminated.
	(1) Normal termination (return value 0)
		Usr 0 02:48:32, Sys 0 00:00:00  -  Run Remote Usage
		Usr 0 00:00:00, Sys 0 00:00:00  -  Run Local Usage
		Usr 0 02:48:32, Sys 0 00:00:00  -  Total Remote Usage
		Usr 0 00:00:00, Sys 0 00:00:00  -  Total Local Usage
	0  -  Run Bytes Sent By Job
	0  -  Run Bytes Received By Job
	0  -  Total Bytes Sent By Job
	0  -  Total Bytes Received By Job
	Partitionable Resources :    Usage  Request Allocated
	   Cpus                 :                 1         1
	   Disk (KB)            :      175      175  12112297
	   Memory (MB)          :      461        1      2012
...
