000 (368.005.000) 12/07 15:15:16 Job submitted from host: <128.104.190.61:58455?addrs=128.104.190.61-58455>
...
001 (368.005.000) 12/07 15:15:17 Job executing on host: <128.104.190.58:56194?addrs=128.104.190.58-56194>
...
006 (368.005.000) 12/07 15:15:25 Image size of job updated: 93252
	4  -  MemoryUsage of job (MB)
	3720  -  ResidentSetSize of job (KB)
...
006 (368.005.000) 12/07 15:20:25 Image size of job updated: 2275432
	753  -  MemoryUsage of job (MB)
	770800  -  ResidentSetSize of job (KB)
...
006 (368.005.000) 12/07 15:25:26 Image size of job updated: 2282356
	760  -  MemoryUsage of job (MB)
	777664  -  ResidentSetSize of job (KB)
...
006 (368.005.000) 12/07 15:30:27 Image size of job updated: 2283740
	761  -  MemoryUsage of job (MB)
	778984  -  ResidentSetSize of job (KB)
...
006 (368.005.000) 12/07 15:35:27 Image size of job updated: 2284280
	762  -  MemoryUsage of job (MB)
	779512  -  ResidentSetSize of job (KB)
...
006 (368.005.000) 12/07 15:40:27 Image size of job updated: 2287524
	765  -  MemoryUsage of job (MB)
	782988  -  ResidentSetSize of job (KB)
...
006 (368.005.000) 12/07 15:45:28 Image size of job updated: 2287656
	765  -  MemoryUsage of job (MB)
	782988  -  ResidentSetSize of job (KB)
...
006 (368.005.000) 12/07 15:50:28 Image size of job updated: 2287788
	765  -  MemoryUsage of job (MB)
	783252  -  ResidentSetSize of job (KB)
...
006 (368.005.000) 12/07 15:55:28 Image size of job updated: 2288884
	766  -  MemoryUsage of job (MB)
	784308  -  ResidentSetSize of job (KB)
...
006 (368.005.000) 12/07 16:05:30 Image size of job updated: 2289016
	767  -  MemoryUsage of job (MB)
	784572  -  ResidentSetSize of job (KB)
...
006 (368.005.000) 12/07 17:30:40 Image size of job updated: 2289016
	767  -  MemoryUsage of job (MB)
	784708  -  ResidentSetSize of job (KB)
...
005 (368.005.000) 12/07 18:36:18 Job terminated.
	(1) Normal termination (return value 0)
		Usr 0 03:20:39, Sys 0 00:00:01  -  Run Remote Usage
		Usr 0 00:00:00, Sys 0 00:00:00  -  Run Local Usage
		Usr 0 03:20:39, Sys 0 00:00:01  -  Total Remote Usage
		Usr 0 00:00:00, Sys 0 00:00:00  -  Total Local Usage
	0  -  Run Bytes Sent By Job
	0  -  Run Bytes Received By Job
	0  -  Total Bytes Sent By Job
	0  -  Total Bytes Received By Job
	Partitionable Resources :    Usage  Request Allocated
	   Cpus                 :                 1         1
	   Disk (KB)            :      175      175 111219945
	   Memory (MB)          :      767        1      2002
...
