000 (370.017.000) 12/07 16:02:23 Job submitted from host: <128.104.190.61:58455?addrs=128.104.190.61-58455>
...
001 (370.017.000) 12/07 16:02:25 Job executing on host: <128.104.190.16:14003?addrs=128.104.190.16-14003>
...
006 (370.017.000) 12/07 16:02:33 Image size of job updated: 72344
	15  -  MemoryUsage of job (MB)
	14392  -  ResidentSetSize of job (KB)
...
006 (370.017.000) 12/07 16:07:33 Image size of job updated: 2245148
	94  -  MemoryUsage of job (MB)
	95444  -  ResidentSetSize of job (KB)
...
006 (370.017.000) 12/07 16:12:33 Image size of job updated: 2245280
	98  -  MemoryUsage of job (MB)
	99680  -  ResidentSetSize of job (KB)
...
006 (370.017.000) 12/07 16:17:34 Image size of job updated: 2245424
	102  -  MemoryUsage of job (MB)
	103900  -  ResidentSetSize of job (KB)
...
006 (370.017.000) 12/07 16:22:34 Image size of job updated: 2245556
	108  -  MemoryUsage of job (MB)
	110184  -  ResidentSetSize of job (KB)
...
006 (370.017.000) 12/07 16:27:34 Image size of job updated: 2246084
	111  -  MemoryUsage of job (MB)
	112988  -  ResidentSetSize of job (KB)
...
006 (370.017.000) 12/07 16:32:35 Image size of job updated: 2246084
	111  -  MemoryUsage of job (MB)
	112996  -  ResidentSetSize of job (KB)
...
006 (370.017.000) 12/07 16:37:36 Image size of job updated: 2246216
	111  -  MemoryUsage of job (MB)
	113080  -  ResidentSetSize of job (KB)
...
006 (370.017.000) 12/07 16:42:36 Image size of job updated: 2246480
	111  -  MemoryUsage of job (MB)
	113364  -  ResidentSetSize of job (KB)
...
006 (370.017.000) 12/07 16:47:36 Image size of job updated: 2247324
	122  -  MemoryUsage of job (MB)
	124408  -  ResidentSetSize of job (KB)
...
006 (370.017.000) 12/07 16:52:37 Image size of job updated: 2247588
	122  -  MemoryUsage of job (MB)
	124656  -  ResidentSetSize of job (KB)
...
006 (370.017.000) 12/07 16:57:37 Image size of job updated: 2248248
	125  -  MemoryUsage of job (MB)
	127400  -  ResidentSetSize of job (KB)
...
006 (370.017.000) 12/07 17:02:37 Image size of job updated: 2249700
	127  -  MemoryUsage of job (MB)
	129244  -  ResidentSetSize of job (KB)
...
006 (370.017.000) 12/07 17:07:38 Image size of job updated: 2249964
	127  -  MemoryUsage of job (MB)
	129552  -  ResidentSetSize of job (KB)
...
006 (370.017.000) 12/07 17:12:39 Image size of job updated: 2250096
	127  -  MemoryUsage of job (MB)
	129564  -  ResidentSetSize of job (KB)
...
006 (370.017.000) 12/07 17:17:39 Image size of job updated: 2250228
	127  -  MemoryUsage of job (MB)
	129776  -  ResidentSetSize of job (KB)
...
006 (370.017.000) 12/07 17:22:39 Image size of job updated: 2250228
	127  -  MemoryUsage of job (MB)
	129820  -  ResidentSetSize of job (KB)
...
006 (370.017.000) 12/07 17:27:40 Image size of job updated: 2250368
	127  -  MemoryUsage of job (MB)
	129844  -  ResidentSetSize of job (KB)
...
006 (370.017.000) 12/07 17:32:40 Image size of job updated: 2250368
	127  -  MemoryUsage of job (MB)
	129884  -  ResidentSetSize of job (KB)
...
006 (370.017.000) 12/07 17:37:40 Image size of job updated: 2250368
	127  -  MemoryUsage of job (MB)
	129928  -  ResidentSetSize of job (KB)
...
006 (370.017.000) 12/07 17:42:41 Image size of job updated: 2250368
	127  -  MemoryUsage of job (MB)
	129956  -  ResidentSetSize of job (KB)
...
006 (370.017.000) 12/07 19:32:53 Image size of job updated: 2250500
	127  -  MemoryUsage of job (MB)
	129972  -  ResidentSetSize of job (KB)
...
006 (370.017.000) 12/07 20:17:57 Image size of job updated: 2250500
	127  -  MemoryUsage of job (MB)
	129976  -  ResidentSetSize of job (KB)
...
006 (370.017.000) 12/07 20:48:00 Image size of job updated: 2250500
	127  -  MemoryUsage of job (MB)
	129980  -  ResidentSetSize of job (KB)
...
005 (370.017.000) 12/07 21:11:47 Job terminated.
	(1) Normal termination (return value 0)
		Usr 0 05:08:56, Sys 0 00:00:07  -  Run Remote Usage
		Usr 0 00:00:00, Sys 0 00:00:00  -  Run Local Usage
		Usr 0 05:08:56, Sys 0 00:00:07  -  Total Remote Usage
		Usr 0 00:00:00, Sys 0 00:00:00  -  Total Local Usage
	0  -  Run Bytes Sent By Job
	0  -  Run Bytes Received By Job
	0  -  Total Bytes Sent By Job
	0  -  Total Bytes Received By Job
	Partitionable Resources :    Usage  Request Allocated
	   Cpus                 :                 1         1
	   Disk (KB)            :      175      175  12112527
	   Memory (MB)          :      127        1      2012
...
