000 (371.022.000) 12/08 15:23:44 Job submitted from host: <128.104.190.61:58455?addrs=128.104.190.61-58455>
...
001 (371.022.000) 12/08 15:23:50 Job executing on host: <128.104.190.42:38951?addrs=128.104.190.42-38951>
...
006 (371.022.000) 12/08 15:23:58 Image size of job updated: 175
	4  -  MemoryUsage of job (MB)
	3712  -  ResidentSetSize of job (KB)
...
006 (371.022.000) 12/08 15:28:58 Image size of job updated: 2244496
	95  -  MemoryUsage of job (MB)
	97028  -  ResidentSetSize of job (KB)
...
006 (371.022.000) 12/08 15:33:58 Image size of job updated: 2248436
	105  -  MemoryUsage of job (MB)
	107160  -  ResidentSetSize of job (KB)
...
006 (371.022.000) 12/08 15:38:59 Image size of job updated: 2251516
	110  -  MemoryUsage of job (MB)
	112408  -  ResidentSetSize of job (KB)
...
006 (371.022.000) 12/08 15:44:00 Image size of job updated: 2274352
	133  -  MemoryUsage of job (MB)
	135296  -  ResidentSetSize of job (KB)
...
006 (371.022.000) 12/08 15:49:00 Image size of job updated: 2296924
	155  -  MemoryUsage of job (MB)
	157752  -  ResidentSetSize of job (KB)
...
006 (371.022.000) 12/08 15:54:01 Image size of job updated: 2320420
	177  -  MemoryUsage of job (MB)
	181176  -  ResidentSetSize of job (KB)
...
006 (371.022.000) 12/08 15:59:02 Image size of job updated: 2343124
	200  -  MemoryUsage of job (MB)
	204048  -  ResidentSetSize of job (KB)
...
006 (371.022.000) 12/08 16:04:02 Image size of job updated: 2365960
	222  -  MemoryUsage of job (MB)
	226924  -  ResidentSetSize of job (KB)
...
006 (371.022.000) 12/08 16:09:02 Image size of job updated: 2389588
	245  -  MemoryUsage of job (MB)
	250236  -  ResidentSetSize of job (KB)
...
006 (371.022.000) 12/08 16:14:03 Image size of job updated: 2412424
	267  -  MemoryUsage of job (MB)
	273360  -  ResidentSetSize of job (KB)
...
006 (371.022.000) 12/08 16:19:04 Image size of job updated: 2435260
	290  -  MemoryUsage of job (MB)
	296036  -  ResidentSetSize of job (KB)
...
006 (371.022.000) 12/08 16:24:04 Image size of job updated: 2458756
	313  -  MemoryUsage of job (MB)
	319568  -  ResidentSetSize of job (KB)
...
006 (371.022.000) 12/08 16:29:04 Image size of job updated: 2481724
	335  -  MemoryUsage of job (MB)
	342504  -  ResidentSetSize of job (KB)
...
006 (371.022.000) 12/08 16:34:05 Image size of job updated: 2504956
	358  -  MemoryUsage of job (MB)
	365788  -  ResidentSetSize of job (KB)
...
006 (371.022.000) 12/08 16:39:06 Image size of job updated: 2528188
	380  -  MemoryUsage of job (MB)
	388980  -  ResidentSetSize of job (KB)
...
006 (371.022.000) 12/08 16:44:06 Image size of job updated: 2551156
	403  -  MemoryUsage of job (MB)
	412016  -  ResidentSetSize of job (KB)
...
006 (371.022.000) 12/08 16:49:07 Image size of job updated: 2574784
	426  -  MemoryUsage of job (MB)
	435596  -  ResidentSetSize of job (KB)
...
006 (371.022.000) 12/08 16:54:08 Image size of job updated: 2598412
	449  -  MemoryUsage of job (MB)
	459256  -  ResidentSetSize of job (KB)
...
006 (371.022.000) 12/08 16:59:09 Image size of job updated: 2622700
	473  -  MemoryUsage of job (MB)
	483672  -  ResidentSetSize of job (KB)
...
006 (371.022.000) 12/08 17:04:09 Image size of job updated: 2646724
	496  -  MemoryUsage of job (MB)
	507576  -  ResidentSetSize of job (KB)
...
006 (371.022.000) 12/08 17:09:10 Image size of job updated: 2670088
	519  -  MemoryUsage of job (MB)
	531056  -  ResidentSetSize of job (KB)
...
006 (371.022.000) 12/08 17:14:11 Image size of job updated: 2693584
	542  -  MemoryUsage of job (MB)
	554508  -  ResidentSetSize of job (KB)
...
006 (371.022.000) 12/08 17:19:11 Image size of job updated: 2717476
	565  -  MemoryUsage of job (MB)
	578228  -  ResidentSetSize of job (KB)
...
006 (371.022.000) 12/08 17:24:11 Image size of job updated: 2741764
	589  -  MemoryUsage of job (MB)
	602488  -  ResidentSetSize of job (KB)
...
006 (371.022.000) 12/08 17:29:11 Image size of job updated: 2765392
	612  -  MemoryUsage of job (MB)
	626276  -  ResidentSetSize of job (KB)
...
006 (371.022.000) 12/08 17:34:12 Image size of job updated: 2789284
	635  -  MemoryUsage of job (MB)
	650140  -  ResidentSetSize of job (KB)
...
006 (371.022.000) 12/08 17:39:12 Image size of job updated: 2814100
	660  -  MemoryUsage of job (MB)
	674912  -  ResidentSetSize of job (KB)
...
006 (371.022.000) 12/08 17:44:12 Image size of job updated: 2838124
	683  -  MemoryUsage of job (MB)
	699004  -  ResidentSetSize of job (KB)
...
006 (371.022.000) 12/08 17:49:13 Image size of job updated: 2858584
	703  -  MemoryUsage of job (MB)
	719436  -  ResidentSetSize of job (KB)
...
006 (371.022.000) 12/08 17:54:14 Image size of job updated: 2877724
	722  -  MemoryUsage of job (MB)
	738596  -  ResidentSetSize of job (KB)
...
006 (371.022.000) 12/08 17:59:14 Image size of job updated: 2896468
	740  -  MemoryUsage of job (MB)
	757416  -  ResidentSetSize of job (KB)
...
006 (371.022.000) 12/08 18:04:14 Image size of job updated: 2915344
	759  -  MemoryUsage of job (MB)
	776196  -  ResidentSetSize of job (KB)
...
006 (371.022.000) 12/08 18:09:15 Image size of job updated: 2934088
	777  -  MemoryUsage of job (MB)
	795036  -  ResidentSetSize of job (KB)
...
006 (371.022.000) 12/08 18:14:17 Image size of job updated: 2952964
	795  -  MemoryUsage of job (MB)
	813876  -  ResidentSetSize of job (KB)
...
006 (371.022.000) 12/08 18:19:17 Image size of job updated: 2971708
	814  -  MemoryUsage of job (MB)
	832588  -  ResidentSetSize of job (KB)
...
006 (371.022.000) 12/08 18:24:17 Image size of job updated: 2994504
	836  -  MemoryUsage of job (MB)
	855372  -  ResidentSetSize of job (KB)
...
006 (371.022.000) 12/08 18:29:18 Image size of job updated: 3017208
	858  -  MemoryUsage of job (MB)
	878068  -  ResidentSetSize of job (KB)
...
006 (371.022.000) 12/08 18:34:19 Image size of job updated: 3037140
	878  -  MemoryUsage of job (MB)
	898088  -  ResidentSetSize of job (KB)
...
006 (371.022.000) 12/08 18:39:19 Image size of job updated: 3056016
	896  -  MemoryUsage of job (MB)
	916884  -  ResidentSetSize of job (KB)
...
006 (371.022.000) 12/08 18:44:19 Image size of job updated: 3074892
	914  -  MemoryUsage of job (MB)
	935756  -  ResidentSetSize of job (KB)
...
006 (371.022.000) 12/08 18:49:21 Image size of job updated: 3093636
	933  -  MemoryUsage of job (MB)
	954548  -  ResidentSetSize of job (KB)
...
006 (371.022.000) 12/08 18:54:21 Image size of job updated: 3112512
	951  -  MemoryUsage of job (MB)
	973328  -  ResidentSetSize of job (KB)
...
006 (371.022.000) 12/08 18:59:21 Image size of job updated: 3131256
	969  -  MemoryUsage of job (MB)
	992156  -  ResidentSetSize of job (KB)
...
006 (371.022.000) 12/08 19:04:21 Image size of job updated: 3151584
	989  -  MemoryUsage of job (MB)
	1012468  -  ResidentSetSize of job (KB)
...
006 (371.022.000) 12/08 19:09:22 Image size of job updated: 3173760
	1011  -  MemoryUsage of job (MB)
	1034656  -  ResidentSetSize of job (KB)
...
006 (371.022.000) 12/08 19:14:23 Image size of job updated: 3193164
	1030  -  MemoryUsage of job (MB)
	1053996  -  ResidentSetSize of job (KB)
...
006 (371.022.000) 12/08 19:19:23 Image size of job updated: 3211908
	1048  -  MemoryUsage of job (MB)
	1072824  -  ResidentSetSize of job (KB)
...
006 (371.022.000) 12/08 19:24:23 Image size of job updated: 3230784
	1067  -  MemoryUsage of job (MB)
	1091624  -  ResidentSetSize of job (KB)
...
006 (371.022.000) 12/08 19:29:24 Image size of job updated: 3249528
	1085  -  MemoryUsage of job (MB)
	1110396  -  ResidentSetSize of job (KB)
...
006 (371.022.000) 12/08 19:34:25 Image size of job updated: 3268272
	1103  -  MemoryUsage of job (MB)
	1129188  -  ResidentSetSize of job (KB)
...
006 (371.022.000) 12/08 19:39:25 Image size of job updated: 3287016
	1122  -  MemoryUsage of job (MB)
	1147960  -  ResidentSetSize of job (KB)
...
006 (371.022.000) 12/08 19:44:25 Image size of job updated: 3305760
	1140  -  MemoryUsage of job (MB)
	1166624  -  ResidentSetSize of job (KB)
...
006 (371.022.000) 12/08 19:49:26 Image size of job updated: 3328068
	1162  -  MemoryUsage of job (MB)
	1189008  -  ResidentSetSize of job (KB)
...
006 (371.022.000) 12/08 19:54:26 Image size of job updated: 3348792
	1182  -  MemoryUsage of job (MB)
	1209724  -  ResidentSetSize of job (KB)
...
006 (371.022.000) 12/08 19:59:26 Image size of job updated: 3367668
	1200  -  MemoryUsage of job (MB)
	1228572  -  ResidentSetSize of job (KB)
...
006 (371.022.000) 12/08 20:04:27 Image size of job updated: 3386544
	1219  -  MemoryUsage of job (MB)
	1247456  -  ResidentSetSize of job (KB)
...
006 (371.022.000) 12/08 20:09:28 Image size of job updated: 3405420
	1237  -  MemoryUsage of job (MB)
	1266248  -  ResidentSetSize of job (KB)
...
006 (371.022.000) 12/08 20:14:28 Image size of job updated: 3424164
	1255  -  MemoryUsage of job (MB)
	1285000  -  ResidentSetSize of job (KB)
...
006 (371.022.000) 12/08 20:19:28 Image size of job updated: 3443040
	1274  -  MemoryUsage of job (MB)
	1303840  -  ResidentSetSize of job (KB)
...
006 (371.022.000) 12/08 20:20:29 Image size of job updated: 3446736
	1274  -  MemoryUsage of job (MB)
	1303840  -  ResidentSetSize of job (KB)
...
005 (371.022.000) 12/08 20:20:29 Job terminated.
	(1) Normal termination (return value 0)
		Usr 0 04:56:22, Sys 0 00:00:04  -  Run Remote Usage
		Usr 0 00:00:00, Sys 0 00:00:00  -  Run Local Usage
		Usr 0 04:56:22, Sys 0 00:00:04  -  Total Remote Usage
		Usr 0 00:00:00, Sys 0 00:00:00  -  Total Local Usage
	0  -  Run Bytes Sent By Job
	0  -  Run Bytes Received By Job
	0  -  Total Bytes Sent By Job
	0  -  Total Bytes Received By Job
	Partitionable Resources :    Usage  Request Allocated
	   Cpus                 :                 1         1
	   Disk (KB)            :      175      175  12100224
	   Memory (MB)          :     1274        1      2012
...
