warn: DRAM device capacity (8192 Mbytes) does not match the address range assigned (2048 Mbytes)
warn: Sockets disabled, not accepting gdb connections
info: Entering event queue @ 0.  Starting simulation...
warn: readlink() called on '/proc/self/exe' may yield unexpected results in various settings.
      Returning '/research/rraju2/ece752/ex5_big_bimode/416.gamess/0/416.gamess'
info: Increasing stack size by one page.
warn: ignoring syscall rt_sigaction(...)
      (further warnings will be suppressed)
info: Increasing stack size by one page.
info: Increasing stack size by one page.
info: Increasing stack size by one page.
info: Increasing stack size by one page.
info: Increasing stack size by one page.
info: Increasing stack size by one page.
info: Increasing stack size by one page.
info: Increasing stack size by one page.
info: Increasing stack size by one page.
info: Increasing stack size by one page.
info: Increasing stack size by one page.
info: Increasing stack size by one page.
info: Increasing stack size by one page.
info: Increasing stack size by one page.
info: Increasing stack size by one page.
info: Increasing stack size by one page.
info: Increasing stack size by one page.
info: Increasing stack size by one page.
info: Increasing stack size by one page.
info: Increasing stack size by one page.
info: Increasing stack size by one page.
info: Increasing stack size by one page.
info: Increasing stack size by one page.
info: Increasing stack size by one page.
info: Increasing stack size by one page.
info: Increasing stack size by one page.
info: Increasing stack size by one page.
info: Increasing stack size by one page.
info: Increasing stack size by one page.
info: Increasing stack size by one page.
info: Entering event queue @ 642286073500.  Starting simulation...
warn: User mode does not have SPSR
warn: User mode does not have SPSR
info: Entering event queue @ 642286074000.  Starting simulation...
