000 (369.006.000) 12/07 15:37:24 Job submitted from host: <128.104.190.61:58455?addrs=128.104.190.61-58455>
...
001 (369.006.000) 12/07 15:37:25 Job executing on host: <128.104.190.42:38951?addrs=128.104.190.42-38951>
...
006 (369.006.000) 12/07 15:37:33 Image size of job updated: 93244
	25  -  MemoryUsage of job (MB)
	24896  -  ResidentSetSize of job (KB)
...
006 (369.006.000) 12/07 15:42:33 Image size of job updated: 2243368
	88  -  MemoryUsage of job (MB)
	89372  -  ResidentSetSize of job (KB)
...
006 (369.006.000) 12/07 15:47:33 Image size of job updated: 2246344
	91  -  MemoryUsage of job (MB)
	92604  -  ResidentSetSize of job (KB)
...
006 (369.006.000) 12/07 15:52:34 Image size of job updated: 2251300
	104  -  MemoryUsage of job (MB)
	106004  -  ResidentSetSize of job (KB)
...
006 (369.006.000) 12/07 15:57:34 Image size of job updated: 2251300
	108  -  MemoryUsage of job (MB)
	110100  -  ResidentSetSize of job (KB)
...
006 (369.006.000) 12/07 16:02:34 Image size of job updated: 2251432
	108  -  MemoryUsage of job (MB)
	110144  -  ResidentSetSize of job (KB)
...
006 (369.006.000) 12/07 16:07:35 Image size of job updated: 2294728
	152  -  MemoryUsage of job (MB)
	155564  -  ResidentSetSize of job (KB)
...
006 (369.006.000) 12/07 16:12:36 Image size of job updated: 2352940
	209  -  MemoryUsage of job (MB)
	213940  -  ResidentSetSize of job (KB)
...
006 (369.006.000) 12/07 16:17:36 Image size of job updated: 2410756
	266  -  MemoryUsage of job (MB)
	271700  -  ResidentSetSize of job (KB)
...
006 (369.006.000) 12/07 16:22:36 Image size of job updated: 2468308
	322  -  MemoryUsage of job (MB)
	329188  -  ResidentSetSize of job (KB)
...
006 (369.006.000) 12/07 16:27:37 Image size of job updated: 2525992
	378  -  MemoryUsage of job (MB)
	386920  -  ResidentSetSize of job (KB)
...
006 (369.006.000) 12/07 16:32:37 Image size of job updated: 2595160
	446  -  MemoryUsage of job (MB)
	456040  -  ResidentSetSize of job (KB)
...
006 (369.006.000) 12/07 16:37:37 Image size of job updated: 2663140
	512  -  MemoryUsage of job (MB)
	523952  -  ResidentSetSize of job (KB)
...
006 (369.006.000) 12/07 16:42:38 Image size of job updated: 2742208
	589  -  MemoryUsage of job (MB)
	603076  -  ResidentSetSize of job (KB)
...
006 (369.006.000) 12/07 16:47:39 Image size of job updated: 2808340
	654  -  MemoryUsage of job (MB)
	669292  -  ResidentSetSize of job (KB)
...
006 (369.006.000) 12/07 16:52:39 Image size of job updated: 2878564
	723  -  MemoryUsage of job (MB)
	739496  -  ResidentSetSize of job (KB)
...
006 (369.006.000) 12/07 16:57:40 Image size of job updated: 2947336
	790  -  MemoryUsage of job (MB)
	808368  -  ResidentSetSize of job (KB)
...
006 (369.006.000) 12/07 17:02:41 Image size of job updated: 3017428
	858  -  MemoryUsage of job (MB)
	878400  -  ResidentSetSize of job (KB)
...
006 (369.006.000) 12/07 17:07:41 Image size of job updated: 3082108
	922  -  MemoryUsage of job (MB)
	943124  -  ResidentSetSize of job (KB)
...
006 (369.006.000) 12/07 17:12:41 Image size of job updated: 3151012
	989  -  MemoryUsage of job (MB)
	1012028  -  ResidentSetSize of job (KB)
...
006 (369.006.000) 12/07 17:17:42 Image size of job updated: 3216616
	1053  -  MemoryUsage of job (MB)
	1077676  -  ResidentSetSize of job (KB)
...
006 (369.006.000) 12/07 17:22:43 Image size of job updated: 3283144
	1118  -  MemoryUsage of job (MB)
	1144168  -  ResidentSetSize of job (KB)
...
006 (369.006.000) 12/07 17:27:43 Image size of job updated: 3351652
	1185  -  MemoryUsage of job (MB)
	1212780  -  ResidentSetSize of job (KB)
...
006 (369.006.000) 12/07 17:32:44 Image size of job updated: 3420028
	1251  -  MemoryUsage of job (MB)
	1280920  -  ResidentSetSize of job (KB)
...
006 (369.006.000) 12/07 17:37:45 Image size of job updated: 3486952
	1317  -  MemoryUsage of job (MB)
	1347996  -  ResidentSetSize of job (KB)
...
006 (369.006.000) 12/07 17:42:45 Image size of job updated: 3554800
	1383  -  MemoryUsage of job (MB)
	1415828  -  ResidentSetSize of job (KB)
...
006 (369.006.000) 12/07 17:47:45 Image size of job updated: 3622912
	1450  -  MemoryUsage of job (MB)
	1483936  -  ResidentSetSize of job (KB)
...
006 (369.006.000) 12/07 17:52:46 Image size of job updated: 3689704
	1515  -  MemoryUsage of job (MB)
	1550652  -  ResidentSetSize of job (KB)
...
006 (369.006.000) 12/07 17:57:46 Image size of job updated: 3757288
	1581  -  MemoryUsage of job (MB)
	1618308  -  ResidentSetSize of job (KB)
...
006 (369.006.000) 12/07 18:02:46 Image size of job updated: 3820648
	1643  -  MemoryUsage of job (MB)
	1681768  -  ResidentSetSize of job (KB)
...
006 (369.006.000) 12/07 18:07:47 Image size of job updated: 3877540
	1698  -  MemoryUsage of job (MB)
	1738564  -  ResidentSetSize of job (KB)
...
006 (369.006.000) 12/07 18:12:48 Image size of job updated: 3934564
	1754  -  MemoryUsage of job (MB)
	1795528  -  ResidentSetSize of job (KB)
...
006 (369.006.000) 12/07 18:17:48 Image size of job updated: 3991720
	1810  -  MemoryUsage of job (MB)
	1852792  -  ResidentSetSize of job (KB)
...
006 (369.006.000) 12/07 18:22:48 Image size of job updated: 4048480
	1865  -  MemoryUsage of job (MB)
	1909512  -  ResidentSetSize of job (KB)
...
006 (369.006.000) 12/07 18:27:49 Image size of job updated: 4105372
	1921  -  MemoryUsage of job (MB)
	1966372  -  ResidentSetSize of job (KB)
...
006 (369.006.000) 12/07 18:32:49 Image size of job updated: 4162264
	1976  -  MemoryUsage of job (MB)
	2023292  -  ResidentSetSize of job (KB)
...
006 (369.006.000) 12/07 18:37:49 Image size of job updated: 4219156
	2032  -  MemoryUsage of job (MB)
	2080256  -  ResidentSetSize of job (KB)
...
006 (369.006.000) 12/07 18:42:50 Image size of job updated: 4276048
	2087  -  MemoryUsage of job (MB)
	2137076  -  ResidentSetSize of job (KB)
...
006 (369.006.000) 12/07 18:47:51 Image size of job updated: 4336372
	2152  -  MemoryUsage of job (MB)
	2203608  -  ResidentSetSize of job (KB)
...
006 (369.006.000) 12/07 18:52:51 Image size of job updated: 4368212
	2183  -  MemoryUsage of job (MB)
	2235240  -  ResidentSetSize of job (KB)
...
006 (369.006.000) 12/07 18:57:51 Image size of job updated: 4398044
	2213  -  MemoryUsage of job (MB)
	2265304  -  ResidentSetSize of job (KB)
...
006 (369.006.000) 12/07 19:02:52 Image size of job updated: 4428272
	2242  -  MemoryUsage of job (MB)
	2295512  -  ResidentSetSize of job (KB)
...
006 (369.006.000) 12/07 19:07:52 Image size of job updated: 4458632
	2272  -  MemoryUsage of job (MB)
	2325736  -  ResidentSetSize of job (KB)
...
006 (369.006.000) 12/07 19:12:52 Image size of job updated: 4489256
	2302  -  MemoryUsage of job (MB)
	2356420  -  ResidentSetSize of job (KB)
...
006 (369.006.000) 12/07 19:17:53 Image size of job updated: 4521332
	2333  -  MemoryUsage of job (MB)
	2388496  -  ResidentSetSize of job (KB)
...
006 (369.006.000) 12/07 19:22:54 Image size of job updated: 4555256
	2366  -  MemoryUsage of job (MB)
	2422392  -  ResidentSetSize of job (KB)
...
006 (369.006.000) 12/07 19:27:54 Image size of job updated: 4589972
	2400  -  MemoryUsage of job (MB)
	2457104  -  ResidentSetSize of job (KB)
...
006 (369.006.000) 12/07 19:32:55 Image size of job updated: 4625084
	2434  -  MemoryUsage of job (MB)
	2492164  -  ResidentSetSize of job (KB)
...
006 (369.006.000) 12/07 19:37:56 Image size of job updated: 4660460
	2469  -  MemoryUsage of job (MB)
	2527608  -  ResidentSetSize of job (KB)
...
006 (369.006.000) 12/07 19:42:56 Image size of job updated: 4699136
	2507  -  MemoryUsage of job (MB)
	2566296  -  ResidentSetSize of job (KB)
...
006 (369.006.000) 12/07 19:47:56 Image size of job updated: 4733720
	2540  -  MemoryUsage of job (MB)
	2600708  -  ResidentSetSize of job (KB)
...
006 (369.006.000) 12/07 19:52:57 Image size of job updated: 4774112
	2580  -  MemoryUsage of job (MB)
	2641248  -  ResidentSetSize of job (KB)
...
006 (369.006.000) 12/07 19:57:58 Image size of job updated: 4814240
	2619  -  MemoryUsage of job (MB)
	2681400  -  ResidentSetSize of job (KB)
...
006 (369.006.000) 12/07 20:02:58 Image size of job updated: 4853708
	2658  -  MemoryUsage of job (MB)
	2720860  -  ResidentSetSize of job (KB)
...
006 (369.006.000) 12/07 20:07:59 Image size of job updated: 4894628
	2698  -  MemoryUsage of job (MB)
	2761780  -  ResidentSetSize of job (KB)
...
006 (369.006.000) 12/07 20:13:00 Image size of job updated: 4935680
	2738  -  MemoryUsage of job (MB)
	2802900  -  ResidentSetSize of job (KB)
...
006 (369.006.000) 12/07 20:18:00 Image size of job updated: 4975412
	2776  -  MemoryUsage of job (MB)
	2842592  -  ResidentSetSize of job (KB)
...
006 (369.006.000) 12/07 20:23:00 Image size of job updated: 5020028
	2820  -  MemoryUsage of job (MB)
	2886948  -  ResidentSetSize of job (KB)
...
006 (369.006.000) 12/07 20:28:01 Image size of job updated: 5066888
	2866  -  MemoryUsage of job (MB)
	2934016  -  ResidentSetSize of job (KB)
...
006 (369.006.000) 12/07 20:33:01 Image size of job updated: 5118368
	2916  -  MemoryUsage of job (MB)
	2985540  -  ResidentSetSize of job (KB)
...
006 (369.006.000) 12/07 20:38:01 Image size of job updated: 5170640
	2967  -  MemoryUsage of job (MB)
	3037916  -  ResidentSetSize of job (KB)
...
006 (369.006.000) 12/07 20:43:02 Image size of job updated: 5222384
	3018  -  MemoryUsage of job (MB)
	3089568  -  ResidentSetSize of job (KB)
...
006 (369.006.000) 12/07 20:48:03 Image size of job updated: 5274260
	3068  -  MemoryUsage of job (MB)
	3141544  -  ResidentSetSize of job (KB)
...
006 (369.006.000) 12/07 20:53:03 Image size of job updated: 5325740
	3119  -  MemoryUsage of job (MB)
	3192968  -  ResidentSetSize of job (KB)
...
006 (369.006.000) 12/07 20:58:03 Image size of job updated: 5377616
	3169  -  MemoryUsage of job (MB)
	3244948  -  ResidentSetSize of job (KB)
...
006 (369.006.000) 12/07 21:03:04 Image size of job updated: 5429624
	3220  -  MemoryUsage of job (MB)
	3296960  -  ResidentSetSize of job (KB)
...
006 (369.006.000) 12/07 21:08:04 Image size of job updated: 5482028
	3271  -  MemoryUsage of job (MB)
	3349360  -  ResidentSetSize of job (KB)
...
006 (369.006.000) 12/07 21:09:52 Image size of job updated: 5503412
	3271  -  MemoryUsage of job (MB)
	3349360  -  ResidentSetSize of job (KB)
...
005 (369.006.000) 12/07 21:09:52 Job terminated.
	(1) Normal termination (return value 0)
		Usr 0 05:31:56, Sys 0 00:00:09  -  Run Remote Usage
		Usr 0 00:00:00, Sys 0 00:00:00  -  Run Local Usage
		Usr 0 05:31:56, Sys 0 00:00:09  -  Total Remote Usage
		Usr 0 00:00:00, Sys 0 00:00:00  -  Total Local Usage
	0  -  Run Bytes Sent By Job
	0  -  Run Bytes Received By Job
	0  -  Total Bytes Sent By Job
	0  -  Total Bytes Received By Job
	Partitionable Resources :    Usage  Request Allocated
	   Cpus                 :                 1         1
	   Disk (KB)            :      175      175  12112469
	   Memory (MB)          :     3271        1      2012
...
