000 (363.004.000) 12/04 13:22:52 Job submitted from host: <128.104.190.61:58455?addrs=128.104.190.61-58455>
...
001 (363.004.000) 12/04 13:22:58 Job executing on host: <128.104.190.58:56194?addrs=128.104.190.58-56194>
...
006 (363.004.000) 12/04 13:23:06 Image size of job updated: 93244
	14  -  MemoryUsage of job (MB)
	14172  -  ResidentSetSize of job (KB)
...
006 (363.004.000) 12/04 13:28:06 Image size of job updated: 2241640
	90  -  MemoryUsage of job (MB)
	92108  -  ResidentSetSize of job (KB)
...
006 (363.004.000) 12/04 13:33:06 Image size of job updated: 2242188
	93  -  MemoryUsage of job (MB)
	94668  -  ResidentSetSize of job (KB)
...
006 (363.004.000) 12/04 13:48:08 Image size of job updated: 2242716
	94  -  MemoryUsage of job (MB)
	95240  -  ResidentSetSize of job (KB)
...
006 (363.004.000) 12/04 14:28:12 Image size of job updated: 2242716
	94  -  MemoryUsage of job (MB)
	95816  -  ResidentSetSize of job (KB)
...
006 (363.004.000) 12/04 14:53:14 Image size of job updated: 2242716
	94  -  MemoryUsage of job (MB)
	96224  -  ResidentSetSize of job (KB)
...
005 (363.004.000) 12/04 19:28:30 Job terminated.
	(1) Normal termination (return value 0)
		Usr 0 06:05:05, Sys 0 00:00:01  -  Run Remote Usage
		Usr 0 00:00:00, Sys 0 00:00:00  -  Run Local Usage
		Usr 0 06:05:05, Sys 0 00:00:01  -  Total Remote Usage
		Usr 0 00:00:00, Sys 0 00:00:00  -  Total Local Usage
	0  -  Run Bytes Sent By Job
	0  -  Run Bytes Received By Job
	0  -  Total Bytes Sent By Job
	0  -  Total Bytes Received By Job
	Partitionable Resources :    Usage  Request Allocated
	   Cpus                 :                 1         1
	   Disk (KB)            :      175      175 111269420
	   Memory (MB)          :       94        1      2002
...
