000 (364.009.000) 12/04 18:34:30 Job submitted from host: <128.104.190.61:58455?addrs=128.104.190.61-58455>
...
001 (364.009.000) 12/04 18:34:35 Job executing on host: <128.104.190.42:38951?addrs=128.104.190.42-38951>
...
006 (364.009.000) 12/04 18:34:43 Image size of job updated: 81840
	25  -  MemoryUsage of job (MB)
	25192  -  ResidentSetSize of job (KB)
...
006 (364.009.000) 12/04 18:39:43 Image size of job updated: 2252272
	505  -  MemoryUsage of job (MB)
	516720  -  ResidentSetSize of job (KB)
...
006 (364.009.000) 12/04 18:44:43 Image size of job updated: 2253336
	506  -  MemoryUsage of job (MB)
	518144  -  ResidentSetSize of job (KB)
...
006 (364.009.000) 12/04 18:49:44 Image size of job updated: 2253600
	507  -  MemoryUsage of job (MB)
	518440  -  ResidentSetSize of job (KB)
...
006 (364.009.000) 12/04 18:54:45 Image size of job updated: 2253600
	507  -  MemoryUsage of job (MB)
	518556  -  ResidentSetSize of job (KB)
...
006 (364.009.000) 12/04 18:59:45 Image size of job updated: 2253600
	507  -  MemoryUsage of job (MB)
	518812  -  ResidentSetSize of job (KB)
...
006 (364.009.000) 12/04 19:19:47 Image size of job updated: 2253600
	507  -  MemoryUsage of job (MB)
	518836  -  ResidentSetSize of job (KB)
...
005 (364.009.000) 12/04 22:02:30 Job terminated.
	(1) Normal termination (return value 0)
		Usr 0 03:27:39, Sys 0 00:00:00  -  Run Remote Usage
		Usr 0 00:00:00, Sys 0 00:00:00  -  Run Local Usage
		Usr 0 03:27:39, Sys 0 00:00:00  -  Total Remote Usage
		Usr 0 00:00:00, Sys 0 00:00:00  -  Total Local Usage
	0  -  Run Bytes Sent By Job
	0  -  Run Bytes Received By Job
	0  -  Total Bytes Sent By Job
	0  -  Total Bytes Received By Job
	Partitionable Resources :    Usage  Request Allocated
	   Cpus                 :                 1         1
	   Disk (KB)            :      175      175  12112339
	   Memory (MB)          :      507        1      2012
...
