000 (365.020.000) 12/05 11:45:19 Job submitted from host: <128.104.190.61:58455?addrs=128.104.190.61-58455>
...
001 (365.020.000) 12/05 11:45:20 Job executing on host: <128.104.190.42:38951?addrs=128.104.190.42-38951>
...
006 (365.020.000) 12/05 11:45:29 Image size of job updated: 72148
	14  -  MemoryUsage of job (MB)
	13932  -  ResidentSetSize of job (KB)
...
006 (365.020.000) 12/05 11:50:30 Image size of job updated: 2248724
	94  -  MemoryUsage of job (MB)
	95400  -  ResidentSetSize of job (KB)
...
006 (365.020.000) 12/05 11:55:31 Image size of job updated: 2262000
	111  -  MemoryUsage of job (MB)
	113192  -  ResidentSetSize of job (KB)
...
006 (365.020.000) 12/05 12:00:31 Image size of job updated: 2262396
	112  -  MemoryUsage of job (MB)
	113804  -  ResidentSetSize of job (KB)
...
006 (365.020.000) 12/05 12:05:32 Image size of job updated: 2263716
	113  -  MemoryUsage of job (MB)
	115428  -  ResidentSetSize of job (KB)
...
006 (365.020.000) 12/05 12:10:34 Image size of job updated: 2263980
	114  -  MemoryUsage of job (MB)
	115728  -  ResidentSetSize of job (KB)
...
006 (365.020.000) 12/05 12:15:34 Image size of job updated: 2263980
	114  -  MemoryUsage of job (MB)
	115748  -  ResidentSetSize of job (KB)
...
006 (365.020.000) 12/05 12:20:34 Image size of job updated: 2263980
	114  -  MemoryUsage of job (MB)
	115768  -  ResidentSetSize of job (KB)
...
006 (365.020.000) 12/05 12:45:37 Image size of job updated: 2264112
	114  -  MemoryUsage of job (MB)
	115832  -  ResidentSetSize of job (KB)
...
006 (365.020.000) 12/05 13:00:38 Image size of job updated: 2264112
	114  -  MemoryUsage of job (MB)
	115836  -  ResidentSetSize of job (KB)
...
006 (365.020.000) 12/05 13:25:41 Image size of job updated: 2264112
	114  -  MemoryUsage of job (MB)
	115888  -  ResidentSetSize of job (KB)
...
005 (365.020.000) 12/05 14:22:28 Job terminated.
	(1) Normal termination (return value 0)
		Usr 0 02:37:01, Sys 0 00:00:00  -  Run Remote Usage
		Usr 0 00:00:00, Sys 0 00:00:00  -  Run Local Usage
		Usr 0 02:37:01, Sys 0 00:00:00  -  Total Remote Usage
		Usr 0 00:00:00, Sys 0 00:00:00  -  Total Local Usage
	0  -  Run Bytes Sent By Job
	0  -  Run Bytes Received By Job
	0  -  Total Bytes Sent By Job
	0  -  Total Bytes Received By Job
	Partitionable Resources :    Usage  Request Allocated
	   Cpus                 :                 1         1
	   Disk (KB)            :      175      175  12112297
	   Memory (MB)          :      114        1      2012
...
