000 (368.007.000) 12/07 15:15:16 Job submitted from host: <128.104.190.61:58455?addrs=128.104.190.61-58455>
...
001 (368.007.000) 12/07 15:15:17 Job executing on host: <128.104.190.58:56194?addrs=128.104.190.58-56194>
...
006 (368.007.000) 12/07 15:15:25 Image size of job updated: 93248
	4  -  MemoryUsage of job (MB)
	3680  -  ResidentSetSize of job (KB)
...
006 (368.007.000) 12/07 15:20:25 Image size of job updated: 2241076
	83  -  MemoryUsage of job (MB)
	84880  -  ResidentSetSize of job (KB)
...
006 (368.007.000) 12/07 15:25:26 Image size of job updated: 2241716
	84  -  MemoryUsage of job (MB)
	85580  -  ResidentSetSize of job (KB)
...
006 (368.007.000) 12/07 15:30:27 Image size of job updated: 2243036
	88  -  MemoryUsage of job (MB)
	89676  -  ResidentSetSize of job (KB)
...
006 (368.007.000) 12/07 15:35:27 Image size of job updated: 2243168
	90  -  MemoryUsage of job (MB)
	91724  -  ResidentSetSize of job (KB)
...
006 (368.007.000) 12/07 15:40:27 Image size of job updated: 2243696
	91  -  MemoryUsage of job (MB)
	92556  -  ResidentSetSize of job (KB)
...
006 (368.007.000) 12/07 15:45:28 Image size of job updated: 2243696
	93  -  MemoryUsage of job (MB)
	94604  -  ResidentSetSize of job (KB)
...
006 (368.007.000) 12/07 15:55:28 Image size of job updated: 2243832
	93  -  MemoryUsage of job (MB)
	94604  -  ResidentSetSize of job (KB)
...
006 (368.007.000) 12/07 16:25:32 Image size of job updated: 2243832
	93  -  MemoryUsage of job (MB)
	94864  -  ResidentSetSize of job (KB)
...
006 (368.007.000) 12/07 16:30:32 Image size of job updated: 2243832
	95  -  MemoryUsage of job (MB)
	96912  -  ResidentSetSize of job (KB)
...
006 (368.007.000) 12/07 16:45:34 Image size of job updated: 2243832
	95  -  MemoryUsage of job (MB)
	97160  -  ResidentSetSize of job (KB)
...
006 (368.007.000) 12/07 17:15:38 Image size of job updated: 2243832
	97  -  MemoryUsage of job (MB)
	99208  -  ResidentSetSize of job (KB)
...
006 (368.007.000) 12/07 17:30:40 Image size of job updated: 2243964
	97  -  MemoryUsage of job (MB)
	99208  -  ResidentSetSize of job (KB)
...
006 (368.007.000) 12/07 17:50:41 Image size of job updated: 2245652
	131  -  MemoryUsage of job (MB)
	133692  -  ResidentSetSize of job (KB)
...
006 (368.007.000) 12/07 17:55:41 Image size of job updated: 2245784
	131  -  MemoryUsage of job (MB)
	133692  -  ResidentSetSize of job (KB)
...
005 (368.007.000) 12/07 18:35:24 Job terminated.
	(1) Normal termination (return value 0)
		Usr 0 03:19:48, Sys 0 00:00:00  -  Run Remote Usage
		Usr 0 00:00:00, Sys 0 00:00:00  -  Run Local Usage
		Usr 0 03:19:48, Sys 0 00:00:00  -  Total Remote Usage
		Usr 0 00:00:00, Sys 0 00:00:00  -  Total Local Usage
	0  -  Run Bytes Sent By Job
	0  -  Run Bytes Received By Job
	0  -  Total Bytes Sent By Job
	0  -  Total Bytes Received By Job
	Partitionable Resources :    Usage  Request Allocated
	   Cpus                 :                 1         1
	   Disk (KB)            :      175      175 111219945
	   Memory (MB)          :      131        1      2002
...
