000 (365.002.000) 12/05 11:45:19 Job submitted from host: <128.104.190.61:58455?addrs=128.104.190.61-58455>
...
001 (365.002.000) 12/05 11:45:19 Job executing on host: <128.104.190.58:56194?addrs=128.104.190.58-56194>
...
006 (365.002.000) 12/05 11:45:28 Image size of job updated: 72148
	14  -  MemoryUsage of job (MB)
	13572  -  ResidentSetSize of job (KB)
...
006 (365.002.000) 12/05 11:50:29 Image size of job updated: 2254108
	400  -  MemoryUsage of job (MB)
	408948  -  ResidentSetSize of job (KB)
...
006 (365.002.000) 12/05 11:55:29 Image size of job updated: 2254372
	490  -  MemoryUsage of job (MB)
	501340  -  ResidentSetSize of job (KB)
...
006 (365.002.000) 12/05 12:10:30 Image size of job updated: 2254900
	515  -  MemoryUsage of job (MB)
	526372  -  ResidentSetSize of job (KB)
...
006 (365.002.000) 12/05 12:15:30 Image size of job updated: 2255692
	525  -  MemoryUsage of job (MB)
	537372  -  ResidentSetSize of job (KB)
...
006 (365.002.000) 12/05 12:20:31 Image size of job updated: 2255824
	526  -  MemoryUsage of job (MB)
	537604  -  ResidentSetSize of job (KB)
...
006 (365.002.000) 12/05 12:25:32 Image size of job updated: 2256088
	526  -  MemoryUsage of job (MB)
	537912  -  ResidentSetSize of job (KB)
...
006 (365.002.000) 12/05 12:30:32 Image size of job updated: 2256356
	542  -  MemoryUsage of job (MB)
	554620  -  ResidentSetSize of job (KB)
...
006 (365.002.000) 12/05 14:20:43 Image size of job updated: 2256356
	543  -  MemoryUsage of job (MB)
	555072  -  ResidentSetSize of job (KB)
...
005 (365.002.000) 12/05 15:35:12 Job terminated.
	(1) Normal termination (return value 0)
		Usr 0 03:49:12, Sys 0 00:00:01  -  Run Remote Usage
		Usr 0 00:00:00, Sys 0 00:00:00  -  Run Local Usage
		Usr 0 03:49:12, Sys 0 00:00:01  -  Total Remote Usage
		Usr 0 00:00:00, Sys 0 00:00:00  -  Total Local Usage
	0  -  Run Bytes Sent By Job
	0  -  Run Bytes Received By Job
	0  -  Total Bytes Sent By Job
	0  -  Total Bytes Received By Job
	Partitionable Resources :    Usage  Request Allocated
	   Cpus                 :                 1         1
	   Disk (KB)            :      175      175 111269383
	   Memory (MB)          :      543        1      2002
...
