000 (363.016.000) 12/04 13:22:52 Job submitted from host: <128.104.190.61:58455?addrs=128.104.190.61-58455>
...
001 (363.016.000) 12/04 13:22:58 Job executing on host: <128.104.190.42:38951?addrs=128.104.190.42-38951>
...
006 (363.016.000) 12/04 13:23:07 Image size of job updated: 2241348
	83  -  MemoryUsage of job (MB)
	84024  -  ResidentSetSize of job (KB)
...
006 (363.016.000) 12/04 13:28:08 Image size of job updated: 2243680
	87  -  MemoryUsage of job (MB)
	88172  -  ResidentSetSize of job (KB)
...
006 (363.016.000) 12/04 13:33:09 Image size of job updated: 2243812
	89  -  MemoryUsage of job (MB)
	90360  -  ResidentSetSize of job (KB)
...
006 (363.016.000) 12/04 13:38:09 Image size of job updated: 2244208
	89  -  MemoryUsage of job (MB)
	90904  -  ResidentSetSize of job (KB)
...
006 (363.016.000) 12/04 14:13:13 Image size of job updated: 2244208
	89  -  MemoryUsage of job (MB)
	90908  -  ResidentSetSize of job (KB)
...
006 (363.016.000) 12/04 14:18:13 Image size of job updated: 2244208
	89  -  MemoryUsage of job (MB)
	90924  -  ResidentSetSize of job (KB)
...
006 (363.016.000) 12/04 15:03:19 Image size of job updated: 2244340
	90  -  MemoryUsage of job (MB)
	91192  -  ResidentSetSize of job (KB)
...
006 (363.016.000) 12/04 15:08:19 Image size of job updated: 2244472
	90  -  MemoryUsage of job (MB)
	91240  -  ResidentSetSize of job (KB)
...
006 (363.016.000) 12/04 15:18:21 Image size of job updated: 2244472
	90  -  MemoryUsage of job (MB)
	91252  -  ResidentSetSize of job (KB)
...
006 (363.016.000) 12/04 15:23:21 Image size of job updated: 2244472
	90  -  MemoryUsage of job (MB)
	91256  -  ResidentSetSize of job (KB)
...
005 (363.016.000) 12/04 15:36:01 Job terminated.
	(1) Normal termination (return value 0)
		Usr 0 02:12:55, Sys 0 00:00:00  -  Run Remote Usage
		Usr 0 00:00:00, Sys 0 00:00:00  -  Run Local Usage
		Usr 0 02:12:55, Sys 0 00:00:00  -  Total Remote Usage
		Usr 0 00:00:00, Sys 0 00:00:00  -  Total Local Usage
	0  -  Run Bytes Sent By Job
	0  -  Run Bytes Received By Job
	0  -  Total Bytes Sent By Job
	0  -  Total Bytes Received By Job
	Partitionable Resources :    Usage  Request Allocated
	   Cpus                 :                 1         1
	   Disk (KB)            :      175      175  12112338
	   Memory (MB)          :       90        1      2012
...
