Persistence of Vision(tm) Ray Tracer Version 3.6.1by POV-Team
This is an unofficial version prepared by the POV-Ray Team for SPEC.
 If you have any questions about POV-Ray, please direct them to
 thorsten@povray.org. All other questions should be directed to SPEC.
POV-Ray is based on DKBTrace 2.12 by David K. Buck & Aaron A. Collins
Copyright 1991-2003 Persistence of Vision Team
Copyright 2003-2004 Persistence of Vision Raytracer Pty. Ltd.

Primary POV-Ray 3.5/3.6 Developers: (Alphabetically)
  Chris Cason         Thorsten Froehlich  Nathan Kopp         Ron Parker        

Contributing Authors: (Alphabetically)
  Steve Anger         Eric Barish         Dieter Bayer        Steve A. Bennett  
  David K. Buck       Nicolas Calimet     Aaron A. Collins    Chris Dailey      
  Steve Demlow        Andreas Dilger      Alexander Enzmann   Dan Farmer        
  Mark Gordon         Christoph Hormann   Mike Hough          Chris Huff        
  Kari Kivisalo       Lutz Kretzschmar    Jochen Lippert      Pascal Massimino  
  Jim McElhiney       Douglas Muir        Juha Nieminen       Bill Pulver       
  Eduard Schwan       Wlodzimierz Skiba   Robert Skinner      Yvo Smellenbergh  
  Zsolt Szalavari     Scott Taylor        Massimo Valentini   Timothy Wegner    
  Drew Wells          Chris Young       

Other contributors are listed in the documentation.

Redirecting Options
  All Streams to console..........On   and file SPEC-benchmark.log
  Debug Stream to console.........Off
  Fatal Stream to console.........On 
  Render Stream to console........On 
  Statistics Stream to console....On 
  Warning Stream to console.......Off
Parsing Options
  Input file: SPEC-benchmark-train.pov (compatible to version 3.50)
  Remove bounds........Off
  Split unions.........Off
  Library paths:
Output Options
  Image resolution 200 by 200 (rows 1 to 200, columns 1 to 200).
  Graphic display......Off
  Mosaic preview.......Off
  CPU usage histogram..Off
  Continued trace......Off
Tracing Options
  Quality:  9
  Bounding boxes.......On   Bounding threshold: 1
  Light Buffer.........On 
  Vista Buffer.........On   Draw Vista Buffer....Off
  Antialiasing.........On  (Method 1, Threshold 0.300, Depth 3, Jitter Off)
  Clock value:    0.000  (Animation off)

High Quality focal blur used...
Cleanup Parse Warning: Focal blur is used. Standard antialiasing is switched
 off.
Scene Statistics
  Finite objects:          190
  Infinite objects:         10
  Light sources:             1
  Total:                   201
Render Statistics (Partial Image Rendered)
Image Resolution 200 x 200
----------------------------------------------------------------------------
Pixels:                0   Samples:               0
Rays:                  0   Saved:                 0   Max Level: 0/5
----------------------------------------------------------------------------
Ray->Shape Intersection          Tests       Succeeded
----------------------------------------------------------------------------
----------------------------------------------------------------------------
Calls to Noise:                   0   Calls to DNoise:              10
----------------------------------------------------------------------------
----------------------------------------------------------------------------
Render Statistics (Partial Image Rendered)
Image Resolution 200 x 200
----------------------------------------------------------------------------
Pixels:              200   Samples:            1400
Rays:               1400   Saved:                 0   Max Level: 1/5
----------------------------------------------------------------------------
Ray->Shape Intersection          Tests       Succeeded
----------------------------------------------------------------------------
CSG Intersection                 36400               0
Plane                            84000           79712
Quadric                          14000            2720
Sphere                          134400               0
Bounding Box                     11200               0
Light Buffer                     22915           16235
----------------------------------------------------------------------------
Calls to Noise:                   0   Calls to DNoise:              10
----------------------------------------------------------------------------
Shadow Ray Tests:              1400   Succeeded:                     0
Bounding Queues:              30800
Queue Resets:                  2800   Queue Resizes:                 0
----------------------------------------------------------------------------
Render Statistics (Partial Image Rendered)
Image Resolution 200 x 200
----------------------------------------------------------------------------
Pixels:              400   Samples:            2800
Rays:               2800   Saved:                 0   Max Level: 1/5
----------------------------------------------------------------------------
Ray->Shape Intersection          Tests       Succeeded
----------------------------------------------------------------------------
CSG Intersection                 72800               0
Plane                           168000          159340
Quadric                          28000            5417
Sphere                          268800               0
Bounding Box                     22400               0
Light Buffer                     46010           32490
----------------------------------------------------------------------------
Calls to Noise:                   0   Calls to DNoise:              10
----------------------------------------------------------------------------
Shadow Ray Tests:              2800   Succeeded:                     0
Bounding Queues:              61600
Queue Resets:                  5600   Queue Resizes:                 0
----------------------------------------------------------------------------
Render Statistics (Partial Image Rendered)
Image Resolution 200 x 200
----------------------------------------------------------------------------
Pixels:              600   Samples:            4200
Rays:               4200   Saved:                 0   Max Level: 1/5
----------------------------------------------------------------------------
Ray->Shape Intersection          Tests       Succeeded
----------------------------------------------------------------------------
CSG Intersection                109200               0
Plane                           252000          238860
Quadric                          42000            8097
Sphere                          403200               0
Bounding Box                     33600               0
Light Buffer                     69321           48769
----------------------------------------------------------------------------
Calls to Noise:                   0   Calls to DNoise:              10
----------------------------------------------------------------------------
Shadow Ray Tests:              4200   Succeeded:                     0
Bounding Queues:              92400
Queue Resets:                  8400   Queue Resizes:                 0
----------------------------------------------------------------------------
Render Statistics (Partial Image Rendered)
Image Resolution 200 x 200
----------------------------------------------------------------------------
Pixels:              800   Samples:            5600
Rays:               5600   Saved:                 0   Max Level: 1/5
----------------------------------------------------------------------------
Ray->Shape Intersection          Tests       Succeeded
----------------------------------------------------------------------------
CSG Intersection                145600               0
Plane                           336000          318300
Quadric                          56000           10763
Sphere                          537600               0
Bounding Box                     44800               0
Light Buffer                     92857           65073
----------------------------------------------------------------------------
Calls to Noise:                   0   Calls to DNoise:              10
----------------------------------------------------------------------------
Shadow Ray Tests:              5600   Succeeded:                     0
Bounding Queues:             123200
Queue Resets:                 11200   Queue Resizes:                 0
----------------------------------------------------------------------------
Render Statistics (Partial Image Rendered)
Image Resolution 200 x 200
----------------------------------------------------------------------------
Pixels:             1000   Samples:            7000
Rays:               7000   Saved:                 0   Max Level: 1/5
----------------------------------------------------------------------------
Ray->Shape Intersection          Tests       Succeeded
----------------------------------------------------------------------------
CSG Intersection                182000               0
Plane                           420000          397668
Quadric                          70000           13417
Sphere                          672000               0
Bounding Box                     56000               0
Light Buffer                    116555           81395
----------------------------------------------------------------------------
Calls to Noise:                   0   Calls to DNoise:              10
----------------------------------------------------------------------------
Shadow Ray Tests:              7000   Succeeded:                     0
Bounding Queues:             154000
Queue Resets:                 14000   Queue Resizes:                 0
----------------------------------------------------------------------------
Render Statistics (Partial Image Rendered)
Image Resolution 200 x 200
----------------------------------------------------------------------------
Pixels:             1200   Samples:            8400
Rays:               8400   Saved:                 0   Max Level: 1/5
----------------------------------------------------------------------------
Ray->Shape Intersection          Tests       Succeeded
----------------------------------------------------------------------------
CSG Intersection                218400               0
Plane                           504000          476916
Quadric                          84000           16048
Sphere                          806400               0
Bounding Box                     67200               0
Light Buffer                    140478           97742
----------------------------------------------------------------------------
Calls to Noise:                   0   Calls to DNoise:              10
----------------------------------------------------------------------------
Shadow Ray Tests:              8400   Succeeded:                     0
Bounding Queues:             184800
Queue Resets:                 16800   Queue Resizes:                 0
----------------------------------------------------------------------------
Render Statistics (Partial Image Rendered)
Image Resolution 200 x 200
----------------------------------------------------------------------------
Pixels:             1400   Samples:            9800
Rays:               9800   Saved:                 0   Max Level: 1/5
----------------------------------------------------------------------------
Ray->Shape Intersection          Tests       Succeeded
----------------------------------------------------------------------------
CSG Intersection                254800               0
Plane                           588000          556104
Quadric                          98000           18664
Sphere                          940800               0
Bounding Box                     78400               0
Light Buffer                    164554          114106
----------------------------------------------------------------------------
Calls to Noise:                   0   Calls to DNoise:              10
----------------------------------------------------------------------------
Shadow Ray Tests:              9800   Succeeded:                     0
Bounding Queues:             215600
Queue Resets:                 19600   Queue Resizes:                 0
----------------------------------------------------------------------------
Render Statistics (Partial Image Rendered)
Image Resolution 200 x 200
----------------------------------------------------------------------------
Pixels:             1600   Samples:           11200
Rays:              11200   Saved:                 0   Max Level: 1/5
----------------------------------------------------------------------------
Ray->Shape Intersection          Tests       Succeeded
----------------------------------------------------------------------------
CSG Intersection                291200               0
Plane                           672000          635204
Quadric                         112000           21262
Sphere                         1075200               0
Bounding Box                     89600               0
Light Buffer                    188828          130492
----------------------------------------------------------------------------
Calls to Noise:                   0   Calls to DNoise:              10
----------------------------------------------------------------------------
Shadow Ray Tests:             11200   Succeeded:                     0
Bounding Queues:             246400
Queue Resets:                 22400   Queue Resizes:                 0
----------------------------------------------------------------------------
Render Statistics (Partial Image Rendered)
Image Resolution 200 x 200
----------------------------------------------------------------------------
Pixels:             1800   Samples:           12600
Rays:              12600   Saved:                 0   Max Level: 1/5
----------------------------------------------------------------------------
Ray->Shape Intersection          Tests       Succeeded
----------------------------------------------------------------------------
CSG Intersection                327600               0
Plane                           756000          714200
Quadric                         126000           23849
Sphere                         1209600               0
Bounding Box                    100800               0
Light Buffer                    213318          146902
----------------------------------------------------------------------------
Calls to Noise:                   0   Calls to DNoise:              10
----------------------------------------------------------------------------
Shadow Ray Tests:             12600   Succeeded:                     0
Bounding Queues:             277200
Queue Resets:                 25200   Queue Resizes:                 0
----------------------------------------------------------------------------
Render Statistics (Partial Image Rendered)
Image Resolution 200 x 200
----------------------------------------------------------------------------
Pixels:             2000   Samples:           14000
Rays:              14000   Saved:                 0   Max Level: 1/5
----------------------------------------------------------------------------
Ray->Shape Intersection          Tests       Succeeded
----------------------------------------------------------------------------
CSG Intersection                364000               0
Plane                           840000          793108
Quadric                         140000           26419
Sphere                         1344000               0
Bounding Box                    112000               0
Light Buffer                    238006          163334
----------------------------------------------------------------------------
Calls to Noise:                   0   Calls to DNoise:              10
----------------------------------------------------------------------------
Shadow Ray Tests:             14000   Succeeded:                     0
Bounding Queues:             308000
Queue Resets:                 28000   Queue Resizes:                 0
----------------------------------------------------------------------------
Render Statistics (Partial Image Rendered)
Image Resolution 200 x 200
----------------------------------------------------------------------------
Pixels:             2200   Samples:           15400
Rays:              15400   Saved:                 0   Max Level: 1/5
----------------------------------------------------------------------------
Ray->Shape Intersection          Tests       Succeeded
----------------------------------------------------------------------------
CSG Intersection                400400               0
Plane                           924000          871972
Quadric                         154000           28973
Sphere                         1478400               0
Bounding Box                    123200               0
Light Buffer                    262829          179781
----------------------------------------------------------------------------
Calls to Noise:                   0   Calls to DNoise:              10
----------------------------------------------------------------------------
Shadow Ray Tests:             15400   Succeeded:                     0
Bounding Queues:             338800
Queue Resets:                 30800   Queue Resizes:                 0
----------------------------------------------------------------------------
Render Statistics (Partial Image Rendered)
Image Resolution 200 x 200
----------------------------------------------------------------------------
Pixels:             2400   Samples:           16800
Rays:              16800   Saved:                 0   Max Level: 1/5
----------------------------------------------------------------------------
Ray->Shape Intersection          Tests       Succeeded
----------------------------------------------------------------------------
CSG Intersection                436800               0
Plane                          1008000          950716
Quadric                         168000           31512
Sphere                         1612800               0
Bounding Box                    134400               0
Light Buffer                    287877          196253
----------------------------------------------------------------------------
Calls to Noise:                   0   Calls to DNoise:              10
----------------------------------------------------------------------------
Shadow Ray Tests:             16800   Succeeded:                     0
Bounding Queues:             369600
Queue Resets:                 33600   Queue Resizes:                 0
----------------------------------------------------------------------------
Render Statistics (Partial Image Rendered)
Image Resolution 200 x 200
----------------------------------------------------------------------------
Pixels:             2600   Samples:           18200
Rays:              18200   Saved:                 0   Max Level: 1/5
----------------------------------------------------------------------------
Ray->Shape Intersection          Tests       Succeeded
----------------------------------------------------------------------------
CSG Intersection                473200               0
Plane                          1092000         1029376
Quadric                         182000           34036
Sphere                         1747200               0
Bounding Box                    145600               0
Light Buffer                    313141          212749
----------------------------------------------------------------------------
Calls to Noise:                   0   Calls to DNoise:              10
----------------------------------------------------------------------------
Shadow Ray Tests:             18200   Succeeded:                     0
Bounding Queues:             400400
Queue Resets:                 36400   Queue Resizes:                 0
----------------------------------------------------------------------------
Render Statistics (Partial Image Rendered)
Image Resolution 200 x 200
----------------------------------------------------------------------------
Pixels:             2800   Samples:           19600
Rays:              19600   Saved:                 0   Max Level: 1/5
----------------------------------------------------------------------------
Ray->Shape Intersection          Tests       Succeeded
----------------------------------------------------------------------------
CSG Intersection                509600               0
Plane                          1176000         1107956
Quadric                         196000           36540
Sphere                         1881600               0
Bounding Box                    156800               0
Light Buffer                    338558          229262
----------------------------------------------------------------------------
Calls to Noise:                   0   Calls to DNoise:              10
----------------------------------------------------------------------------
Shadow Ray Tests:             19600   Succeeded:                     0
Bounding Queues:             431200
Queue Resets:                 39200   Queue Resizes:                 0
----------------------------------------------------------------------------
Render Statistics (Partial Image Rendered)
Image Resolution 200 x 200
----------------------------------------------------------------------------
Pixels:             3000   Samples:           21000
Rays:              21000   Saved:                 0   Max Level: 1/5
----------------------------------------------------------------------------
Ray->Shape Intersection          Tests       Succeeded
----------------------------------------------------------------------------
CSG Intersection                546000               0
Plane                          1260000         1186440
Quadric                         210000           39029
Sphere                         2016000               0
Bounding Box                    168000               0
Light Buffer                    364209          245801
----------------------------------------------------------------------------
Calls to Noise:                   0   Calls to DNoise:              10
----------------------------------------------------------------------------
Shadow Ray Tests:             21000   Succeeded:                     0
Bounding Queues:             462000
Queue Resets:                 42000   Queue Resizes:                 0
----------------------------------------------------------------------------
Render Statistics (Partial Image Rendered)
Image Resolution 200 x 200
----------------------------------------------------------------------------
Pixels:             3200   Samples:           22400
Rays:              22400   Saved:                 0   Max Level: 1/5
----------------------------------------------------------------------------
Ray->Shape Intersection          Tests       Succeeded
----------------------------------------------------------------------------
CSG Intersection                582400               0
Plane                          1344000         1264836
Quadric                         224000           41503
Sphere                         2150400               0
Bounding Box                    179200               0
Light Buffer                    390040          262360
----------------------------------------------------------------------------
Calls to Noise:                   0   Calls to DNoise:              10
----------------------------------------------------------------------------
Shadow Ray Tests:             22400   Succeeded:                     0
Bounding Queues:             492800
Queue Resets:                 44800   Queue Resizes:                 0
----------------------------------------------------------------------------
Render Statistics (Partial Image Rendered)
Image Resolution 200 x 200
----------------------------------------------------------------------------
Pixels:             3400   Samples:           23800
Rays:              23800   Saved:                 0   Max Level: 1/5
----------------------------------------------------------------------------
Ray->Shape Intersection          Tests       Succeeded
----------------------------------------------------------------------------
CSG Intersection                618800               0
Plane                          1428000         1343156
Quadric                         238000           43969
Sphere                         2284800               0
Bounding Box                    190400               0
Light Buffer                    416051          278939
----------------------------------------------------------------------------
Calls to Noise:                   0   Calls to DNoise:              10
----------------------------------------------------------------------------
Shadow Ray Tests:             23800   Succeeded:                     0
Bounding Queues:             523600
Queue Resets:                 47600   Queue Resizes:                 0
----------------------------------------------------------------------------
Render Statistics (Partial Image Rendered)
Image Resolution 200 x 200
----------------------------------------------------------------------------
Pixels:             3600   Samples:           25200
Rays:              25200   Saved:                 0   Max Level: 1/5
----------------------------------------------------------------------------
Ray->Shape Intersection          Tests       Succeeded
----------------------------------------------------------------------------
CSG Intersection                655200               0
Plane                          1512000         1421384
Quadric                         252000           46410
Sphere                         2419200               0
Bounding Box                    201600               0
Light Buffer                    442269          295541
----------------------------------------------------------------------------
Calls to Noise:                   0   Calls to DNoise:              10
----------------------------------------------------------------------------
Shadow Ray Tests:             25200   Succeeded:                     0
Bounding Queues:             554400
Queue Resets:                 50400   Queue Resizes:                 0
----------------------------------------------------------------------------
Render Statistics (Partial Image Rendered)
Image Resolution 200 x 200
----------------------------------------------------------------------------
Pixels:             3800   Samples:           26600
Rays:              26600   Saved:                 0   Max Level: 1/5
----------------------------------------------------------------------------
Ray->Shape Intersection          Tests       Succeeded
----------------------------------------------------------------------------
CSG Intersection                691600               0
Plane                          1596000         1499552
Quadric                         266000           48842
Sphere                         2553600               0
Bounding Box                    212800               0
Light Buffer                    468640          312160
----------------------------------------------------------------------------
Calls to Noise:                   0   Calls to DNoise:              10
----------------------------------------------------------------------------
Shadow Ray Tests:             26600   Succeeded:                     0
Bounding Queues:             585200
Queue Resets:                 53200   Queue Resizes:                 0
----------------------------------------------------------------------------
Render Statistics (Partial Image Rendered)
Image Resolution 200 x 200
----------------------------------------------------------------------------
Pixels:             4000   Samples:           28000
Rays:              28000   Saved:                 0   Max Level: 1/5
----------------------------------------------------------------------------
Ray->Shape Intersection          Tests       Succeeded
----------------------------------------------------------------------------
CSG Intersection                728000               0
Plane                          1680000         1577604
Quadric                         280000           51264
Sphere                         2688000               0
Bounding Box                    224000               0
Light Buffer                    495245          328805
----------------------------------------------------------------------------
Calls to Noise:                   0   Calls to DNoise:              10
----------------------------------------------------------------------------
Shadow Ray Tests:             28000   Succeeded:                     0
Bounding Queues:             616000
Queue Resets:                 56000   Queue Resizes:                 0
----------------------------------------------------------------------------
Render Statistics (Partial Image Rendered)
Image Resolution 200 x 200
----------------------------------------------------------------------------
Pixels:             4200   Samples:           29400
Rays:              29400   Saved:                 0   Max Level: 1/5
----------------------------------------------------------------------------
Ray->Shape Intersection          Tests       Succeeded
----------------------------------------------------------------------------
CSG Intersection                764400               0
Plane                          1764000         1655572
Quadric                         294000           53667
Sphere                         2822400               0
Bounding Box                    235224               2
Light Buffer                    522012          345468
----------------------------------------------------------------------------
Calls to Noise:                   0   Calls to DNoise:              10
----------------------------------------------------------------------------
Shadow Ray Tests:             29400   Succeeded:                     0
Bounding Queues:             646802
Queue Resets:                 58800   Queue Resizes:                 0
----------------------------------------------------------------------------
Render Statistics (Partial Image Rendered)
Image Resolution 200 x 200
----------------------------------------------------------------------------
Pixels:             4400   Samples:           30800
Rays:              30800   Saved:                 0   Max Level: 1/5
----------------------------------------------------------------------------
Ray->Shape Intersection          Tests       Succeeded
----------------------------------------------------------------------------
CSG Intersection                800800               0
Plane                          1848000         1733436
Quadric                         308000           56057
Sphere                         2956800               0
Bounding Box                    247096              58
Light Buffer                    549031          362159
----------------------------------------------------------------------------
Calls to Noise:                   0   Calls to DNoise:              10
----------------------------------------------------------------------------
Shadow Ray Tests:             30800   Succeeded:                     0
Bounding Queues:             677658
Queue Resets:                 61600   Queue Resizes:                 0
----------------------------------------------------------------------------
Render Statistics (Partial Image Rendered)
Image Resolution 200 x 200
----------------------------------------------------------------------------
Pixels:             4600   Samples:           32200
Rays:              32200   Saved:                 0   Max Level: 1/5
----------------------------------------------------------------------------
Ray->Shape Intersection          Tests       Succeeded
----------------------------------------------------------------------------
CSG Intersection                837200               0
Plane                          1932000         1811240
Quadric                         322000           58426
Sphere                         3091200               0
Bounding Box                    260624             252
Light Buffer                    576176          378864
----------------------------------------------------------------------------
Calls to Noise:                   0   Calls to DNoise:              10
----------------------------------------------------------------------------
Shadow Ray Tests:             32200   Succeeded:                     0
Bounding Queues:             708652
Queue Resets:                 64400   Queue Resizes:                 0
----------------------------------------------------------------------------
Render Statistics (Partial Image Rendered)
Image Resolution 200 x 200
----------------------------------------------------------------------------
Pixels:             4800   Samples:           33600
Rays:              33600   Saved:                 0   Max Level: 1/5
----------------------------------------------------------------------------
Ray->Shape Intersection          Tests       Succeeded
----------------------------------------------------------------------------
CSG Intersection                873600               0
Plane                          2016000         1888944
Quadric                         336000           60786
Sphere                         3225600               0
Bounding Box                    276192             626
Light Buffer                    603555          395595
----------------------------------------------------------------------------
Calls to Noise:                   0   Calls to DNoise:              10
----------------------------------------------------------------------------
Shadow Ray Tests:             33600   Succeeded:                     0
Bounding Queues:             739826
Queue Resets:                 67200   Queue Resizes:                 0
----------------------------------------------------------------------------
Render Statistics (Partial Image Rendered)
Image Resolution 200 x 200
----------------------------------------------------------------------------
Pixels:             5000   Samples:           35012
Rays:              35017   Saved:                 0   Max Level: 2/5
----------------------------------------------------------------------------
Ray->Shape Intersection          Tests       Succeeded
----------------------------------------------------------------------------
CSG Intersection                910474              27
CSG Union                           15              12
Plane                          2101140         1967399
Quadric                         350165           63170
Sphere                         3361584              11
Bounding Box                    295234            1454
Light Buffer                    631559          412585
----------------------------------------------------------------------------
Calls to Noise:                  10   Calls to DNoise:              16
----------------------------------------------------------------------------
Shadow Ray Tests:             35016   Succeeded:                     0
Reflected Rays:                   5
Bounding Queues:             771818
Queue Resets:                 70033   Queue Resizes:                 0
----------------------------------------------------------------------------
Render Statistics (Partial Image Rendered)
Image Resolution 200 x 200
----------------------------------------------------------------------------
Pixels:             5200   Samples:           36436
Rays:              36474   Saved:                 0   Max Level: 2/5
----------------------------------------------------------------------------
Ray->Shape Intersection          Tests       Succeeded
----------------------------------------------------------------------------
CSG Intersection                948582             236
CSG Union                           99              84
Plane                          2189340         2047821
Quadric                         364725           65642
Sphere                         3501360             147
Bounding Box                    318654            2930
Light Buffer                    661321          430368
----------------------------------------------------------------------------
Calls to Noise:                  30   Calls to DNoise:              28
----------------------------------------------------------------------------
Shadow Ray Tests:             36471   Succeeded:                     0
Reflected Rays:                  38
Bounding Queues:             805328
Queue Resets:                 72945   Queue Resizes:                 0
----------------------------------------------------------------------------
Render Statistics (Partial Image Rendered)
Image Resolution 200 x 200
----------------------------------------------------------------------------
Pixels:             5400   Samples:           37908
Rays:              37998   Saved:                 0   Max Level: 3/5
----------------------------------------------------------------------------
Ray->Shape Intersection          Tests       Succeeded
----------------------------------------------------------------------------
CSG Intersection                988286             574
CSG Union                          208             174
Plane                          2281300         2130590
Quadric                         379870           68277
Sphere                         3646809             643
Bounding Box                    346748            5036
Light Buffer                    692745          448956
----------------------------------------------------------------------------
Calls to Noise:                 153   Calls to DNoise:             172
----------------------------------------------------------------------------
Shadow Ray Tests:             37976   Succeeded:                     0
Reflected Rays:                  90
Bounding Queues:             840772
Queue Resets:                 75974   Queue Resizes:                 0
----------------------------------------------------------------------------
Render Statistics (Partial Image Rendered)
Image Resolution 200 x 200
----------------------------------------------------------------------------
Pixels:             5600   Samples:           39436
Rays:              39691   Saved:                 0   Max Level: 3/5
----------------------------------------------------------------------------
Ray->Shape Intersection          Tests       Succeeded
----------------------------------------------------------------------------
CSG Intersection               1032957            1951
CSG Union                          703             649
Plane                          2385910         2221234
Quadric                         396480           71391
Sphere                         3806481            2049
Bounding Box                    382599            8174
Light Buffer                    730019          470233
----------------------------------------------------------------------------
Calls to Noise:                 581   Calls to DNoise:             688
----------------------------------------------------------------------------
Shadow Ray Tests:             39978   Succeeded:                     1
Reflected Rays:                 255
Bounding Queues:             880516
Queue Resets:                 79296   Queue Resizes:                 0
----------------------------------------------------------------------------
Render Statistics (Partial Image Rendered)
Image Resolution 200 x 200
----------------------------------------------------------------------------
Pixels:             5800   Samples:           40968
Rays:              41458   Saved:                 0   Max Level: 5/5
----------------------------------------------------------------------------
Ray->Shape Intersection          Tests       Succeeded
----------------------------------------------------------------------------
Box                                  5               5
CSG Intersection               1081212            4965
CSG Union                         1925            1864
Plane                          2500831         2321637
Quadric                         413751           74804
Sphere                         3972706            4246
Bounding Box                    424001           12402
Light Buffer                    769555          492383
----------------------------------------------------------------------------
Calls to Noise:                1069   Calls to DNoise:            1276
----------------------------------------------------------------------------
Shadow Ray Tests:             43317   Succeeded:                    11
Reflected Rays:                 490
Bounding Queues:             922614
Queue Resets:                 82730   Queue Resizes:                 0
----------------------------------------------------------------------------
Render Statistics (Partial Image Rendered)
Image Resolution 200 x 200
----------------------------------------------------------------------------
Pixels:             6000   Samples:           42472
Rays:              43126   Saved:                 0   Max Level: 5/5
----------------------------------------------------------------------------
Ray->Shape Intersection          Tests       Succeeded
----------------------------------------------------------------------------
Box                                  6               6
CSG Intersection               1124338            6156
CSG Union                         2479            2402
Plane                          2601661         2409320
Quadric                         430201           78172
Sphere                         4129831            6366
Bounding Box                    463329           16538
Light Buffer                    804732          512496
----------------------------------------------------------------------------
Calls to Noise:                1511   Calls to DNoise:            1822
----------------------------------------------------------------------------
Shadow Ray Tests:             46467   Succeeded:                    32
Reflected Rays:                 654
Bounding Queues:             962414
Queue Resets:                 85963   Queue Resizes:                 0
----------------------------------------------------------------------------
Render Statistics (Partial Image Rendered)
Image Resolution 200 x 200
----------------------------------------------------------------------------
Pixels:             6200   Samples:           44092
Rays:              44899   Saved:                 0   Max Level: 5/5
----------------------------------------------------------------------------
Ray->Shape Intersection          Tests       Succeeded
----------------------------------------------------------------------------
Box                                  6               6
CSG Intersection               1174466           10116
CSG Union                         4694            4600
Plane                          2723527         2517617
Quadric                         447953           81811
Sphere                         4295325            8379
Bounding Box                    506454           21048
Light Buffer                    841860          533793
----------------------------------------------------------------------------
Calls to Noise:                2037   Calls to DNoise:            2548
----------------------------------------------------------------------------
Shadow Ray Tests:             49802   Succeeded:                    39
Reflected Rays:                 807
Bounding Queues:            1004840
Queue Resets:                 89400   Queue Resizes:                 0
----------------------------------------------------------------------------
Render Statistics (Partial Image Rendered)
Image Resolution 200 x 200
----------------------------------------------------------------------------
Pixels:             6400   Samples:           45892
Rays:              47224   Saved:                 0   Max Level: 5/5
----------------------------------------------------------------------------
Ray->Shape Intersection          Tests       Succeeded
----------------------------------------------------------------------------
Box                                  6               6
CSG Intersection               1235458           13546
CSG Union                         7621            7415
Plane                          2872107         2638547
Quadric                         471770           87692
Sphere                         4503279           11114
Bounding Box                    566014           28596
Light Buffer                    891170          561109
----------------------------------------------------------------------------
Calls to Noise:                3818   Calls to DNoise:            4522
----------------------------------------------------------------------------
Shadow Ray Tests:             53783   Succeeded:                    56
Reflected Rays:                1332
Bounding Queues:            1060066
Queue Resets:                 93704   Queue Resizes:                 0
----------------------------------------------------------------------------
Render Statistics (Partial Image Rendered)
Image Resolution 200 x 200
----------------------------------------------------------------------------
Pixels:             6600   Samples:           47648
Rays:              49730   Saved:                 2   Max Level: 5/5
----------------------------------------------------------------------------
Ray->Shape Intersection          Tests       Succeeded
----------------------------------------------------------------------------
Box                                 32              32
Cone/Cylinder                       35               3
CSG Intersection               1299459           17170
CSG Union                        10756           10212
Plane                          3027329         2758611
Quadric                         497031           94556
Sphere                         4722938           14556
Bounding Box                    634448           38235
Light Buffer                    946784          591102
----------------------------------------------------------------------------
Calls to Noise:                5700   Calls to DNoise:            7246
----------------------------------------------------------------------------
Shadow Ray Tests:             57848   Succeeded:                    95
Reflected Rays:                2082
Bounding Queues:            1119955
Queue Resets:                 98229   Queue Resizes:                 0
----------------------------------------------------------------------------
Render Statistics (Partial Image Rendered)
Image Resolution 200 x 200
----------------------------------------------------------------------------
Pixels:             6800   Samples:           49458
Rays:              52473   Saved:                 4   Max Level: 5/5
----------------------------------------------------------------------------
Ray->Shape Intersection          Tests       Succeeded
----------------------------------------------------------------------------
Box                                112             112
Cone/Cylinder                       53               7
CSG Intersection               1368251           20617
CSG Union                        15666           14334
Plane                          3197198         2889552
Quadric                         525819          102234
Sphere                         4959294           17486
Bounding Box                    710274           49579
Light Buffer                   1005872          623206
----------------------------------------------------------------------------
Calls to Noise:                8687   Calls to DNoise:           10498
----------------------------------------------------------------------------
Shadow Ray Tests:             62181   Succeeded:                   186
Reflected Rays:                3015
Bounding Queues:            1185483
Queue Resets:                103102   Queue Resizes:                 0
----------------------------------------------------------------------------
