000 (371.014.000) 12/08 15:23:44 Job submitted from host: <128.104.190.61:58455?addrs=128.104.190.61-58455>
...
001 (371.014.000) 12/08 15:23:49 Job executing on host: <128.104.190.42:38951?addrs=128.104.190.42-38951>
...
006 (371.014.000) 12/08 15:23:58 Image size of job updated: 82212
	26  -  MemoryUsage of job (MB)
	25836  -  ResidentSetSize of job (KB)
...
006 (371.014.000) 12/08 15:28:59 Image size of job updated: 2265180
	443  -  MemoryUsage of job (MB)
	452892  -  ResidentSetSize of job (KB)
...
006 (371.014.000) 12/08 15:34:00 Image size of job updated: 2265180
	449  -  MemoryUsage of job (MB)
	459036  -  ResidentSetSize of job (KB)
...
006 (371.014.000) 12/08 15:39:00 Image size of job updated: 2265180
	455  -  MemoryUsage of job (MB)
	465180  -  ResidentSetSize of job (KB)
...
006 (371.014.000) 12/08 15:44:01 Image size of job updated: 2266244
	456  -  MemoryUsage of job (MB)
	466300  -  ResidentSetSize of job (KB)
...
006 (371.014.000) 12/08 15:49:02 Image size of job updated: 2267036
	459  -  MemoryUsage of job (MB)
	469160  -  ResidentSetSize of job (KB)
...
006 (371.014.000) 12/08 15:54:02 Image size of job updated: 2267828
	459  -  MemoryUsage of job (MB)
	469968  -  ResidentSetSize of job (KB)
...
006 (371.014.000) 12/08 15:59:02 Image size of job updated: 2268620
	460  -  MemoryUsage of job (MB)
	470768  -  ResidentSetSize of job (KB)
...
006 (371.014.000) 12/08 16:04:03 Image size of job updated: 2269544
	461  -  MemoryUsage of job (MB)
	471592  -  ResidentSetSize of job (KB)
...
006 (371.014.000) 12/08 16:09:04 Image size of job updated: 2270336
	462  -  MemoryUsage of job (MB)
	472400  -  ResidentSetSize of job (KB)
...
006 (371.014.000) 12/08 16:14:04 Image size of job updated: 2271128
	463  -  MemoryUsage of job (MB)
	473204  -  ResidentSetSize of job (KB)
...
006 (371.014.000) 12/08 16:19:05 Image size of job updated: 2271920
	463  -  MemoryUsage of job (MB)
	474016  -  ResidentSetSize of job (KB)
...
006 (371.014.000) 12/08 16:24:06 Image size of job updated: 2272712
	464  -  MemoryUsage of job (MB)
	474836  -  ResidentSetSize of job (KB)
...
006 (371.014.000) 12/08 16:29:06 Image size of job updated: 2273372
	465  -  MemoryUsage of job (MB)
	475480  -  ResidentSetSize of job (KB)
...
006 (371.014.000) 12/08 16:34:06 Image size of job updated: 2274164
	466  -  MemoryUsage of job (MB)
	476260  -  ResidentSetSize of job (KB)
...
006 (371.014.000) 12/08 16:39:07 Image size of job updated: 2274956
	466  -  MemoryUsage of job (MB)
	477092  -  ResidentSetSize of job (KB)
...
006 (371.014.000) 12/08 16:44:08 Image size of job updated: 2275880
	467  -  MemoryUsage of job (MB)
	477908  -  ResidentSetSize of job (KB)
...
006 (371.014.000) 12/08 16:49:08 Image size of job updated: 2276672
	468  -  MemoryUsage of job (MB)
	478728  -  ResidentSetSize of job (KB)
...
006 (371.014.000) 12/08 16:54:08 Image size of job updated: 2277464
	469  -  MemoryUsage of job (MB)
	479528  -  ResidentSetSize of job (KB)
...
006 (371.014.000) 12/08 16:59:09 Image size of job updated: 2278256
	470  -  MemoryUsage of job (MB)
	480340  -  ResidentSetSize of job (KB)
...
006 (371.014.000) 12/08 17:04:09 Image size of job updated: 2282216
	475  -  MemoryUsage of job (MB)
	486360  -  ResidentSetSize of job (KB)
...
006 (371.014.000) 12/08 17:09:09 Image size of job updated: 2283008
	476  -  MemoryUsage of job (MB)
	487192  -  ResidentSetSize of job (KB)
...
006 (371.014.000) 12/08 17:14:10 Image size of job updated: 2283932
	477  -  MemoryUsage of job (MB)
	488016  -  ResidentSetSize of job (KB)
...
006 (371.014.000) 12/08 17:19:11 Image size of job updated: 2284724
	478  -  MemoryUsage of job (MB)
	488852  -  ResidentSetSize of job (KB)
...
006 (371.014.000) 12/08 17:24:11 Image size of job updated: 2285516
	479  -  MemoryUsage of job (MB)
	489656  -  ResidentSetSize of job (KB)
...
006 (371.014.000) 12/08 17:29:11 Image size of job updated: 2286308
	479  -  MemoryUsage of job (MB)
	490492  -  ResidentSetSize of job (KB)
...
006 (371.014.000) 12/08 17:34:12 Image size of job updated: 2287100
	480  -  MemoryUsage of job (MB)
	491256  -  ResidentSetSize of job (KB)
...
006 (371.014.000) 12/08 17:39:13 Image size of job updated: 2287760
	481  -  MemoryUsage of job (MB)
	491952  -  ResidentSetSize of job (KB)
...
006 (371.014.000) 12/08 17:44:13 Image size of job updated: 2288684
	482  -  MemoryUsage of job (MB)
	492780  -  ResidentSetSize of job (KB)
...
006 (371.014.000) 12/08 17:49:13 Image size of job updated: 2289476
	483  -  MemoryUsage of job (MB)
	493620  -  ResidentSetSize of job (KB)
...
006 (371.014.000) 12/08 17:54:14 Image size of job updated: 2290268
	484  -  MemoryUsage of job (MB)
	494608  -  ResidentSetSize of job (KB)
...
006 (371.014.000) 12/08 17:59:14 Image size of job updated: 2291192
	485  -  MemoryUsage of job (MB)
	495652  -  ResidentSetSize of job (KB)
...
006 (371.014.000) 12/08 18:04:14 Image size of job updated: 2291984
	485  -  MemoryUsage of job (MB)
	496488  -  ResidentSetSize of job (KB)
...
006 (371.014.000) 12/08 18:09:15 Image size of job updated: 2292776
	486  -  MemoryUsage of job (MB)
	497328  -  ResidentSetSize of job (KB)
...
006 (371.014.000) 12/08 18:14:16 Image size of job updated: 2293700
	487  -  MemoryUsage of job (MB)
	498172  -  ResidentSetSize of job (KB)
...
006 (371.014.000) 12/08 18:16:40 Image size of job updated: 2294096
	487  -  MemoryUsage of job (MB)
	498172  -  ResidentSetSize of job (KB)
...
005 (371.014.000) 12/08 18:16:40 Job terminated.
	(1) Normal termination (return value 0)
		Usr 0 02:52:34, Sys 0 00:00:02  -  Run Remote Usage
		Usr 0 00:00:00, Sys 0 00:00:00  -  Run Local Usage
		Usr 0 02:52:34, Sys 0 00:00:02  -  Total Remote Usage
		Usr 0 00:00:00, Sys 0 00:00:00  -  Total Local Usage
	0  -  Run Bytes Sent By Job
	0  -  Run Bytes Received By Job
	0  -  Total Bytes Sent By Job
	0  -  Total Bytes Received By Job
	Partitionable Resources :    Usage  Request Allocated
	   Cpus                 :                 1         1
	   Disk (KB)            :      175      175  12100224
	   Memory (MB)          :      487        1      2012
...
