000 (368.008.000) 12/07 15:15:16 Job submitted from host: <128.104.190.61:58455?addrs=128.104.190.61-58455>
...
001 (368.008.000) 12/07 15:15:17 Job executing on host: <128.104.190.42:38951?addrs=128.104.190.42-38951>
...
006 (368.008.000) 12/07 15:15:25 Image size of job updated: 93240
	26  -  MemoryUsage of job (MB)
	25880  -  ResidentSetSize of job (KB)
...
006 (368.008.000) 12/07 15:20:25 Image size of job updated: 2269912
	1016  -  MemoryUsage of job (MB)
	1040220  -  ResidentSetSize of job (KB)
...
006 (368.008.000) 12/07 15:25:26 Image size of job updated: 2273176
	1019  -  MemoryUsage of job (MB)
	1043436  -  ResidentSetSize of job (KB)
...
006 (368.008.000) 12/07 15:30:27 Image size of job updated: 2273704
	1020  -  MemoryUsage of job (MB)
	1043976  -  ResidentSetSize of job (KB)
...
006 (368.008.000) 12/07 15:35:27 Image size of job updated: 2274100
	1020  -  MemoryUsage of job (MB)
	1044464  -  ResidentSetSize of job (KB)
...
006 (368.008.000) 12/07 15:40:27 Image size of job updated: 2274100
	1021  -  MemoryUsage of job (MB)
	1044520  -  ResidentSetSize of job (KB)
...
006 (368.008.000) 12/07 15:45:28 Image size of job updated: 2274100
	1021  -  MemoryUsage of job (MB)
	1044564  -  ResidentSetSize of job (KB)
...
006 (368.008.000) 12/07 15:50:28 Image size of job updated: 2274100
	1021  -  MemoryUsage of job (MB)
	1044628  -  ResidentSetSize of job (KB)
...
006 (368.008.000) 12/07 15:55:28 Image size of job updated: 2274232
	1021  -  MemoryUsage of job (MB)
	1044760  -  ResidentSetSize of job (KB)
...
006 (368.008.000) 12/07 16:05:30 Image size of job updated: 2274496
	1021  -  MemoryUsage of job (MB)
	1044988  -  ResidentSetSize of job (KB)
...
006 (368.008.000) 12/07 16:15:30 Image size of job updated: 2274496
	1021  -  MemoryUsage of job (MB)
	1044992  -  ResidentSetSize of job (KB)
...
006 (368.008.000) 12/07 16:25:31 Image size of job updated: 2274632
	1021  -  MemoryUsage of job (MB)
	1045340  -  ResidentSetSize of job (KB)
...
006 (368.008.000) 12/07 16:30:31 Image size of job updated: 2274632
	1021  -  MemoryUsage of job (MB)
	1045344  -  ResidentSetSize of job (KB)
...
006 (368.008.000) 12/07 16:35:32 Image size of job updated: 2274632
	1021  -  MemoryUsage of job (MB)
	1045420  -  ResidentSetSize of job (KB)
...
006 (368.008.000) 12/07 16:40:33 Image size of job updated: 2274764
	1021  -  MemoryUsage of job (MB)
	1045452  -  ResidentSetSize of job (KB)
...
006 (368.008.000) 12/07 16:45:33 Image size of job updated: 2274764
	1021  -  MemoryUsage of job (MB)
	1045456  -  ResidentSetSize of job (KB)
...
006 (368.008.000) 12/07 16:55:35 Image size of job updated: 2274764
	1021  -  MemoryUsage of job (MB)
	1045460  -  ResidentSetSize of job (KB)
...
006 (368.008.000) 12/07 17:00:35 Image size of job updated: 2275292
	1022  -  MemoryUsage of job (MB)
	1046028  -  ResidentSetSize of job (KB)
...
006 (368.008.000) 12/07 17:05:35 Image size of job updated: 2275292
	1022  -  MemoryUsage of job (MB)
	1046032  -  ResidentSetSize of job (KB)
...
006 (368.008.000) 12/07 17:30:39 Image size of job updated: 2275432
	1022  -  MemoryUsage of job (MB)
	1046168  -  ResidentSetSize of job (KB)
...
006 (368.008.000) 12/07 17:35:39 Image size of job updated: 2275432
	1022  -  MemoryUsage of job (MB)
	1046176  -  ResidentSetSize of job (KB)
...
006 (368.008.000) 12/07 17:40:39 Image size of job updated: 2275432
	1022  -  MemoryUsage of job (MB)
	1046184  -  ResidentSetSize of job (KB)
...
006 (368.008.000) 12/07 18:00:41 Image size of job updated: 2275432
	1022  -  MemoryUsage of job (MB)
	1046188  -  ResidentSetSize of job (KB)
...
006 (368.008.000) 12/07 18:05:42 Image size of job updated: 2275960
	1023  -  MemoryUsage of job (MB)
	1046712  -  ResidentSetSize of job (KB)
...
006 (368.008.000) 12/07 18:10:42 Image size of job updated: 2275960
	1023  -  MemoryUsage of job (MB)
	1046716  -  ResidentSetSize of job (KB)
...
006 (368.008.000) 12/07 18:20:43 Image size of job updated: 2275960
	1023  -  MemoryUsage of job (MB)
	1046720  -  ResidentSetSize of job (KB)
...
006 (368.008.000) 12/07 19:05:46 Image size of job updated: 2276092
	1023  -  MemoryUsage of job (MB)
	1046812  -  ResidentSetSize of job (KB)
...
006 (368.008.000) 12/07 19:10:47 Image size of job updated: 2276224
	1023  -  MemoryUsage of job (MB)
	1046968  -  ResidentSetSize of job (KB)
...
006 (368.008.000) 12/07 19:15:48 Image size of job updated: 2276356
	1023  -  MemoryUsage of job (MB)
	1047036  -  ResidentSetSize of job (KB)
...
006 (368.008.000) 12/07 19:20:48 Image size of job updated: 2276488
	1023  -  MemoryUsage of job (MB)
	1047224  -  ResidentSetSize of job (KB)
...
006 (368.008.000) 12/07 19:30:49 Image size of job updated: 2276620
	1023  -  MemoryUsage of job (MB)
	1047364  -  ResidentSetSize of job (KB)
...
005 (368.008.000) 12/07 19:36:21 Job terminated.
	(1) Normal termination (return value 0)
		Usr 0 04:20:40, Sys 0 00:00:02  -  Run Remote Usage
		Usr 0 00:00:00, Sys 0 00:00:00  -  Run Local Usage
		Usr 0 04:20:40, Sys 0 00:00:02  -  Total Remote Usage
		Usr 0 00:00:00, Sys 0 00:00:00  -  Total Local Usage
	0  -  Run Bytes Sent By Job
	0  -  Run Bytes Received By Job
	0  -  Total Bytes Sent By Job
	0  -  Total Bytes Received By Job
	Partitionable Resources :    Usage  Request Allocated
	   Cpus                 :                 1         1
	   Disk (KB)            :      175      175  12112497
	   Memory (MB)          :     1023        1      2012
...
