000 (363.007.000) 12/04 13:22:52 Job submitted from host: <128.104.190.61:58455?addrs=128.104.190.61-58455>
...
001 (363.007.000) 12/04 13:22:58 Job executing on host: <128.104.190.58:56194?addrs=128.104.190.58-56194>
...
006 (363.007.000) 12/04 13:23:06 Image size of job updated: 175
	4  -  MemoryUsage of job (MB)
	3764  -  ResidentSetSize of job (KB)
...
006 (363.007.000) 12/04 13:28:06 Image size of job updated: 2241956
	84  -  MemoryUsage of job (MB)
	85620  -  ResidentSetSize of job (KB)
...
006 (363.007.000) 12/04 13:33:07 Image size of job updated: 2242868
	87  -  MemoryUsage of job (MB)
	88660  -  ResidentSetSize of job (KB)
...
006 (363.007.000) 12/04 13:38:08 Image size of job updated: 2244036
	91  -  MemoryUsage of job (MB)
	92348  -  ResidentSetSize of job (KB)
...
006 (363.007.000) 12/04 13:43:08 Image size of job updated: 2244724
	93  -  MemoryUsage of job (MB)
	95224  -  ResidentSetSize of job (KB)
...
006 (363.007.000) 12/04 13:48:08 Image size of job updated: 2244856
	94  -  MemoryUsage of job (MB)
	95548  -  ResidentSetSize of job (KB)
...
006 (363.007.000) 12/04 13:58:09 Image size of job updated: 2244856
	96  -  MemoryUsage of job (MB)
	97596  -  ResidentSetSize of job (KB)
...
006 (363.007.000) 12/04 14:08:10 Image size of job updated: 2244856
	96  -  MemoryUsage of job (MB)
	97876  -  ResidentSetSize of job (KB)
...
006 (363.007.000) 12/04 14:43:13 Image size of job updated: 2244856
	98  -  MemoryUsage of job (MB)
	99924  -  ResidentSetSize of job (KB)
...
006 (363.007.000) 12/04 15:23:18 Image size of job updated: 2244856
	100  -  MemoryUsage of job (MB)
	101972  -  ResidentSetSize of job (KB)
...
006 (363.007.000) 12/04 15:28:18 Image size of job updated: 2244988
	100  -  MemoryUsage of job (MB)
	101972  -  ResidentSetSize of job (KB)
...
006 (363.007.000) 12/04 15:53:21 Image size of job updated: 2246944
	132  -  MemoryUsage of job (MB)
	134688  -  ResidentSetSize of job (KB)
...
006 (363.007.000) 12/04 15:58:22 Image size of job updated: 2247076
	132  -  MemoryUsage of job (MB)
	134688  -  ResidentSetSize of job (KB)
...
005 (363.007.000) 12/04 16:40:45 Job terminated.
	(1) Normal termination (return value 0)
		Usr 0 03:17:22, Sys 0 00:00:00  -  Run Remote Usage
		Usr 0 00:00:00, Sys 0 00:00:00  -  Run Local Usage
		Usr 0 03:17:22, Sys 0 00:00:00  -  Total Remote Usage
		Usr 0 00:00:00, Sys 0 00:00:00  -  Total Local Usage
	0  -  Run Bytes Sent By Job
	0  -  Run Bytes Received By Job
	0  -  Total Bytes Sent By Job
	0  -  Total Bytes Received By Job
	Partitionable Resources :    Usage  Request Allocated
	   Cpus                 :                 1         1
	   Disk (KB)            :      175      175 111269420
	   Memory (MB)          :      132        1      2002
...
