000 (363.021.000) 12/04 13:22:52 Job submitted from host: <128.104.190.61:58455?addrs=128.104.190.61-58455>
...
001 (363.021.000) 12/04 13:22:58 Job executing on host: <128.104.190.42:38951?addrs=128.104.190.42-38951>
...
006 (363.021.000) 12/04 13:23:07 Image size of job updated: 216284
	65  -  MemoryUsage of job (MB)
	66184  -  ResidentSetSize of job (KB)
...
006 (363.021.000) 12/04 13:28:08 Image size of job updated: 2256816
	115  -  MemoryUsage of job (MB)
	116972  -  ResidentSetSize of job (KB)
...
006 (363.021.000) 12/04 13:33:08 Image size of job updated: 2256816
	115  -  MemoryUsage of job (MB)
	117000  -  ResidentSetSize of job (KB)
...
006 (363.021.000) 12/04 13:38:08 Image size of job updated: 2258136
	116  -  MemoryUsage of job (MB)
	118400  -  ResidentSetSize of job (KB)
...
006 (363.021.000) 12/04 13:43:09 Image size of job updated: 2258136
	116  -  MemoryUsage of job (MB)
	118484  -  ResidentSetSize of job (KB)
...
006 (363.021.000) 12/04 13:48:09 Image size of job updated: 2258268
	116  -  MemoryUsage of job (MB)
	118528  -  ResidentSetSize of job (KB)
...
006 (363.021.000) 12/04 13:53:09 Image size of job updated: 2258268
	116  -  MemoryUsage of job (MB)
	118532  -  ResidentSetSize of job (KB)
...
006 (363.021.000) 12/04 13:58:10 Image size of job updated: 2258268
	116  -  MemoryUsage of job (MB)
	118544  -  ResidentSetSize of job (KB)
...
006 (363.021.000) 12/04 14:03:11 Image size of job updated: 2259080
	117  -  MemoryUsage of job (MB)
	119552  -  ResidentSetSize of job (KB)
...
006 (363.021.000) 12/04 14:08:11 Image size of job updated: 2259212
	117  -  MemoryUsage of job (MB)
	119648  -  ResidentSetSize of job (KB)
...
006 (363.021.000) 12/04 15:13:17 Image size of job updated: 2259212
	117  -  MemoryUsage of job (MB)
	119652  -  ResidentSetSize of job (KB)
...
006 (363.021.000) 12/04 15:38:20 Image size of job updated: 2259212
	117  -  MemoryUsage of job (MB)
	119664  -  ResidentSetSize of job (KB)
...
006 (363.021.000) 12/04 15:43:21 Image size of job updated: 2259212
	117  -  MemoryUsage of job (MB)
	119668  -  ResidentSetSize of job (KB)
...
006 (363.021.000) 12/04 15:48:21 Image size of job updated: 2259212
	117  -  MemoryUsage of job (MB)
	119676  -  ResidentSetSize of job (KB)
...
005 (363.021.000) 12/04 15:51:13 Job terminated.
	(1) Normal termination (return value 0)
		Usr 0 02:28:09, Sys 0 00:00:01  -  Run Remote Usage
		Usr 0 00:00:00, Sys 0 00:00:00  -  Run Local Usage
		Usr 0 02:28:09, Sys 0 00:00:01  -  Total Remote Usage
		Usr 0 00:00:00, Sys 0 00:00:00  -  Total Local Usage
	0  -  Run Bytes Sent By Job
	0  -  Run Bytes Received By Job
	0  -  Total Bytes Sent By Job
	0  -  Total Bytes Received By Job
	Partitionable Resources :    Usage  Request Allocated
	   Cpus                 :                 1         1
	   Disk (KB)            :      175      175  12112338
	   Memory (MB)          :      117        1      2012
...
