000 (363.000.000) 12/04 13:22:52 Job submitted from host: <128.104.190.61:58455?addrs=128.104.190.61-58455>
...
001 (363.000.000) 12/04 13:22:57 Job executing on host: <128.104.190.58:56194?addrs=128.104.190.58-56194>
...
006 (363.000.000) 12/04 13:23:06 Image size of job updated: 72172
	14  -  MemoryUsage of job (MB)
	13660  -  ResidentSetSize of job (KB)
...
006 (363.000.000) 12/04 13:28:07 Image size of job updated: 2241468
	85  -  MemoryUsage of job (MB)
	86940  -  ResidentSetSize of job (KB)
...
006 (363.000.000) 12/04 13:33:07 Image size of job updated: 2241600
	85  -  MemoryUsage of job (MB)
	86940  -  ResidentSetSize of job (KB)
...
006 (363.000.000) 12/04 13:38:08 Image size of job updated: 2241600
	86  -  MemoryUsage of job (MB)
	87204  -  ResidentSetSize of job (KB)
...
006 (363.000.000) 12/04 13:43:09 Image size of job updated: 2241864
	86  -  MemoryUsage of job (MB)
	87512  -  ResidentSetSize of job (KB)
...
006 (363.000.000) 12/04 13:48:09 Image size of job updated: 2241996
	86  -  MemoryUsage of job (MB)
	87836  -  ResidentSetSize of job (KB)
...
006 (363.000.000) 12/04 14:28:13 Image size of job updated: 2242128
	86  -  MemoryUsage of job (MB)
	87836  -  ResidentSetSize of job (KB)
...
006 (363.000.000) 12/04 15:58:23 Image size of job updated: 2242128
	87  -  MemoryUsage of job (MB)
	88116  -  ResidentSetSize of job (KB)
...
005 (363.000.000) 12/04 16:21:36 Job terminated.
	(1) Normal termination (return value 0)
		Usr 0 02:58:25, Sys 0 00:00:01  -  Run Remote Usage
		Usr 0 00:00:00, Sys 0 00:00:00  -  Run Local Usage
		Usr 0 02:58:25, Sys 0 00:00:01  -  Total Remote Usage
		Usr 0 00:00:00, Sys 0 00:00:00  -  Total Local Usage
	0  -  Run Bytes Sent By Job
	0  -  Run Bytes Received By Job
	0  -  Total Bytes Sent By Job
	0  -  Total Bytes Received By Job
	Partitionable Resources :    Usage  Request Allocated
	   Cpus                 :                 1         1
	   Disk (KB)            :      175      175 111269420
	   Memory (MB)          :       87        1      2002
...
