000 (363.009.000) 12/04 13:22:52 Job submitted from host: <128.104.190.61:58455?addrs=128.104.190.61-58455>
...
001 (363.009.000) 12/04 13:22:58 Job executing on host: <128.104.190.42:38951?addrs=128.104.190.42-38951>
...
006 (363.009.000) 12/04 13:23:06 Image size of job updated: 216204
	65  -  MemoryUsage of job (MB)
	66256  -  ResidentSetSize of job (KB)
...
006 (363.009.000) 12/04 13:28:06 Image size of job updated: 2252588
	505  -  MemoryUsage of job (MB)
	516704  -  ResidentSetSize of job (KB)
...
006 (363.009.000) 12/04 13:33:07 Image size of job updated: 2253520
	506  -  MemoryUsage of job (MB)
	518104  -  ResidentSetSize of job (KB)
...
006 (363.009.000) 12/04 13:38:07 Image size of job updated: 2253784
	507  -  MemoryUsage of job (MB)
	518516  -  ResidentSetSize of job (KB)
...
006 (363.009.000) 12/04 14:08:10 Image size of job updated: 2253784
	507  -  MemoryUsage of job (MB)
	518540  -  ResidentSetSize of job (KB)
...
005 (363.009.000) 12/04 16:43:53 Job terminated.
	(1) Normal termination (return value 0)
		Usr 0 03:20:41, Sys 0 00:00:00  -  Run Remote Usage
		Usr 0 00:00:00, Sys 0 00:00:00  -  Run Local Usage
		Usr 0 03:20:41, Sys 0 00:00:00  -  Total Remote Usage
		Usr 0 00:00:00, Sys 0 00:00:00  -  Total Local Usage
	0  -  Run Bytes Sent By Job
	0  -  Run Bytes Received By Job
	0  -  Total Bytes Sent By Job
	0  -  Total Bytes Received By Job
	Partitionable Resources :    Usage  Request Allocated
	   Cpus                 :                 1         1
	   Disk (KB)            :      175      175  12112338
	   Memory (MB)          :      507        1      2012
...
