000 (365.001.000) 12/05 11:45:19 Job submitted from host: <128.104.190.61:58455?addrs=128.104.190.61-58455>
...
001 (365.001.000) 12/05 11:45:19 Job executing on host: <128.104.190.58:56194?addrs=128.104.190.58-56194>
...
006 (365.001.000) 12/05 11:45:28 Image size of job updated: 72148
	14  -  MemoryUsage of job (MB)
	13864  -  ResidentSetSize of job (KB)
...
006 (365.001.000) 12/05 11:50:29 Image size of job updated: 2251640
	96  -  MemoryUsage of job (MB)
	97428  -  ResidentSetSize of job (KB)
...
006 (365.001.000) 12/05 12:00:29 Image size of job updated: 2251772
	96  -  MemoryUsage of job (MB)
	97428  -  ResidentSetSize of job (KB)
...
006 (365.001.000) 12/05 12:10:30 Image size of job updated: 2252468
	97  -  MemoryUsage of job (MB)
	98324  -  ResidentSetSize of job (KB)
...
006 (365.001.000) 12/05 12:15:30 Image size of job updated: 2252996
	97  -  MemoryUsage of job (MB)
	98852  -  ResidentSetSize of job (KB)
...
006 (365.001.000) 12/05 12:20:31 Image size of job updated: 2253392
	98  -  MemoryUsage of job (MB)
	99380  -  ResidentSetSize of job (KB)
...
006 (365.001.000) 12/05 12:25:32 Image size of job updated: 2253524
	98  -  MemoryUsage of job (MB)
	99380  -  ResidentSetSize of job (KB)
...
006 (365.001.000) 12/05 12:30:32 Image size of job updated: 2253788
	98  -  MemoryUsage of job (MB)
	99644  -  ResidentSetSize of job (KB)
...
006 (365.001.000) 12/05 12:35:33 Image size of job updated: 2253920
	98  -  MemoryUsage of job (MB)
	99644  -  ResidentSetSize of job (KB)
...
006 (365.001.000) 12/05 12:40:34 Image size of job updated: 2254052
	98  -  MemoryUsage of job (MB)
	99908  -  ResidentSetSize of job (KB)
...
006 (365.001.000) 12/05 12:45:34 Image size of job updated: 2254184
	98  -  MemoryUsage of job (MB)
	99908  -  ResidentSetSize of job (KB)
...
006 (365.001.000) 12/05 12:50:34 Image size of job updated: 2254320
	98  -  MemoryUsage of job (MB)
	100172  -  ResidentSetSize of job (KB)
...
006 (365.001.000) 12/05 12:55:35 Image size of job updated: 2254452
	98  -  MemoryUsage of job (MB)
	100172  -  ResidentSetSize of job (KB)
...
006 (365.001.000) 12/05 13:00:36 Image size of job updated: 2254452
	99  -  MemoryUsage of job (MB)
	100436  -  ResidentSetSize of job (KB)
...
006 (365.001.000) 12/05 13:05:36 Image size of job updated: 2254584
	99  -  MemoryUsage of job (MB)
	100436  -  ResidentSetSize of job (KB)
...
006 (365.001.000) 12/05 13:10:37 Image size of job updated: 2254944
	99  -  MemoryUsage of job (MB)
	100696  -  ResidentSetSize of job (KB)
...
006 (365.001.000) 12/05 13:15:38 Image size of job updated: 2254944
	99  -  MemoryUsage of job (MB)
	100960  -  ResidentSetSize of job (KB)
...
006 (365.001.000) 12/05 13:20:38 Image size of job updated: 2255104
	99  -  MemoryUsage of job (MB)
	100960  -  ResidentSetSize of job (KB)
...
006 (365.001.000) 12/05 13:30:40 Image size of job updated: 2255236
	99  -  MemoryUsage of job (MB)
	101224  -  ResidentSetSize of job (KB)
...
006 (365.001.000) 12/05 13:35:40 Image size of job updated: 2255368
	99  -  MemoryUsage of job (MB)
	101224  -  ResidentSetSize of job (KB)
...
006 (365.001.000) 12/05 13:45:41 Image size of job updated: 2255500
	99  -  MemoryUsage of job (MB)
	101224  -  ResidentSetSize of job (KB)
...
006 (365.001.000) 12/05 13:50:42 Image size of job updated: 2255632
	100  -  MemoryUsage of job (MB)
	101488  -  ResidentSetSize of job (KB)
...
006 (365.001.000) 12/05 14:00:42 Image size of job updated: 2255896
	100  -  MemoryUsage of job (MB)
	102024  -  ResidentSetSize of job (KB)
...
006 (365.001.000) 12/05 14:10:43 Image size of job updated: 2256028
	100  -  MemoryUsage of job (MB)
	102024  -  ResidentSetSize of job (KB)
...
006 (365.001.000) 12/05 14:25:45 Image size of job updated: 2256028
	100  -  MemoryUsage of job (MB)
	102288  -  ResidentSetSize of job (KB)
...
006 (365.001.000) 12/05 14:35:45 Image size of job updated: 2256160
	100  -  MemoryUsage of job (MB)
	102288  -  ResidentSetSize of job (KB)
...
006 (365.001.000) 12/05 15:00:48 Image size of job updated: 2256292
	101  -  MemoryUsage of job (MB)
	102552  -  ResidentSetSize of job (KB)
...
006 (365.001.000) 12/05 15:10:48 Image size of job updated: 2256424
	101  -  MemoryUsage of job (MB)
	102552  -  ResidentSetSize of job (KB)
...
006 (365.001.000) 12/05 15:15:49 Image size of job updated: 2256556
	101  -  MemoryUsage of job (MB)
	102816  -  ResidentSetSize of job (KB)
...
006 (365.001.000) 12/05 15:20:49 Image size of job updated: 2256688
	101  -  MemoryUsage of job (MB)
	102816  -  ResidentSetSize of job (KB)
...
006 (365.001.000) 12/05 15:25:49 Image size of job updated: 2256688
	103  -  MemoryUsage of job (MB)
	104864  -  ResidentSetSize of job (KB)
...
006 (365.001.000) 12/05 15:30:50 Image size of job updated: 2256820
	103  -  MemoryUsage of job (MB)
	104864  -  ResidentSetSize of job (KB)
...
006 (365.001.000) 12/05 15:35:51 Image size of job updated: 2256820
	103  -  MemoryUsage of job (MB)
	105120  -  ResidentSetSize of job (KB)
...
006 (365.001.000) 12/05 15:40:51 Image size of job updated: 2256952
	103  -  MemoryUsage of job (MB)
	105120  -  ResidentSetSize of job (KB)
...
006 (365.001.000) 12/05 15:49:06 Image size of job updated: 2257084
	103  -  MemoryUsage of job (MB)
	105120  -  ResidentSetSize of job (KB)
...
005 (365.001.000) 12/05 15:49:07 Job terminated.
	(1) Normal termination (return value 0)
		Usr 0 04:03:03, Sys 0 00:00:00  -  Run Remote Usage
		Usr 0 00:00:00, Sys 0 00:00:00  -  Run Local Usage
		Usr 0 04:03:03, Sys 0 00:00:00  -  Total Remote Usage
		Usr 0 00:00:00, Sys 0 00:00:00  -  Total Local Usage
	0  -  Run Bytes Sent By Job
	0  -  Run Bytes Received By Job
	0  -  Total Bytes Sent By Job
	0  -  Total Bytes Received By Job
	Partitionable Resources :    Usage  Request Allocated
	   Cpus                 :                 1         1
	   Disk (KB)            :      175      175 111269383
	   Memory (MB)          :      103        1      2002
...
