000 (370.018.000) 12/07 16:02:23 Job submitted from host: <128.104.190.61:58455?addrs=128.104.190.61-58455>
...
001 (370.018.000) 12/07 16:02:25 Job executing on host: <128.104.190.16:14003?addrs=128.104.190.16-14003>
...
006 (370.018.000) 12/07 16:02:33 Image size of job updated: 72344
	15  -  MemoryUsage of job (MB)
	14696  -  ResidentSetSize of job (KB)
...
006 (370.018.000) 12/07 16:07:33 Image size of job updated: 2246584
	127  -  MemoryUsage of job (MB)
	129120  -  ResidentSetSize of job (KB)
...
006 (370.018.000) 12/07 16:12:33 Image size of job updated: 2246584
	127  -  MemoryUsage of job (MB)
	129172  -  ResidentSetSize of job (KB)
...
006 (370.018.000) 12/07 16:17:34 Image size of job updated: 2246716
	129  -  MemoryUsage of job (MB)
	131244  -  ResidentSetSize of job (KB)
...
006 (370.018.000) 12/07 16:22:34 Image size of job updated: 2246716
	129  -  MemoryUsage of job (MB)
	131256  -  ResidentSetSize of job (KB)
...
006 (370.018.000) 12/07 16:27:34 Image size of job updated: 2246716
	129  -  MemoryUsage of job (MB)
	131280  -  ResidentSetSize of job (KB)
...
006 (370.018.000) 12/07 16:32:35 Image size of job updated: 2246716
	131  -  MemoryUsage of job (MB)
	133352  -  ResidentSetSize of job (KB)
...
006 (370.018.000) 12/07 16:37:36 Image size of job updated: 2246716
	131  -  MemoryUsage of job (MB)
	133376  -  ResidentSetSize of job (KB)
...
006 (370.018.000) 12/07 16:42:36 Image size of job updated: 2247112
	133  -  MemoryUsage of job (MB)
	135908  -  ResidentSetSize of job (KB)
...
006 (370.018.000) 12/07 16:47:36 Image size of job updated: 2247112
	133  -  MemoryUsage of job (MB)
	135960  -  ResidentSetSize of job (KB)
...
006 (370.018.000) 12/07 16:52:37 Image size of job updated: 2247244
	133  -  MemoryUsage of job (MB)
	135972  -  ResidentSetSize of job (KB)
...
006 (370.018.000) 12/07 16:57:37 Image size of job updated: 2247244
	133  -  MemoryUsage of job (MB)
	135988  -  ResidentSetSize of job (KB)
...
006 (370.018.000) 12/07 17:02:37 Image size of job updated: 2247244
	133  -  MemoryUsage of job (MB)
	136004  -  ResidentSetSize of job (KB)
...
006 (370.018.000) 12/07 17:07:38 Image size of job updated: 2247244
	133  -  MemoryUsage of job (MB)
	136012  -  ResidentSetSize of job (KB)
...
006 (370.018.000) 12/07 17:17:39 Image size of job updated: 2247244
	133  -  MemoryUsage of job (MB)
	136020  -  ResidentSetSize of job (KB)
...
006 (370.018.000) 12/07 17:22:39 Image size of job updated: 2247508
	134  -  MemoryUsage of job (MB)
	136268  -  ResidentSetSize of job (KB)
...
006 (370.018.000) 12/07 17:27:40 Image size of job updated: 2247508
	134  -  MemoryUsage of job (MB)
	136356  -  ResidentSetSize of job (KB)
...
006 (370.018.000) 12/07 17:52:42 Image size of job updated: 2247508
	134  -  MemoryUsage of job (MB)
	136360  -  ResidentSetSize of job (KB)
...
006 (370.018.000) 12/07 18:17:45 Image size of job updated: 2247508
	136  -  MemoryUsage of job (MB)
	138408  -  ResidentSetSize of job (KB)
...
006 (370.018.000) 12/07 19:02:49 Image size of job updated: 2247508
	136  -  MemoryUsage of job (MB)
	138412  -  ResidentSetSize of job (KB)
...
006 (370.018.000) 12/07 19:27:52 Image size of job updated: 2247508
	136  -  MemoryUsage of job (MB)
	138416  -  ResidentSetSize of job (KB)
...
006 (370.018.000) 12/07 19:37:52 Image size of job updated: 2247640
	136  -  MemoryUsage of job (MB)
	138424  -  ResidentSetSize of job (KB)
...
006 (370.018.000) 12/07 19:47:54 Image size of job updated: 2247640
	136  -  MemoryUsage of job (MB)
	138428  -  ResidentSetSize of job (KB)
...
006 (370.018.000) 12/07 19:52:54 Image size of job updated: 2247640
	136  -  MemoryUsage of job (MB)
	138440  -  ResidentSetSize of job (KB)
...
006 (370.018.000) 12/07 19:57:55 Image size of job updated: 2247640
	138  -  MemoryUsage of job (MB)
	140488  -  ResidentSetSize of job (KB)
...
006 (370.018.000) 12/07 20:22:58 Image size of job updated: 2247640
	138  -  MemoryUsage of job (MB)
	140496  -  ResidentSetSize of job (KB)
...
006 (370.018.000) 12/07 20:38:00 Image size of job updated: 2247640
	138  -  MemoryUsage of job (MB)
	140512  -  ResidentSetSize of job (KB)
...
006 (370.018.000) 12/07 20:53:01 Image size of job updated: 2247640
	138  -  MemoryUsage of job (MB)
	140520  -  ResidentSetSize of job (KB)
...
006 (370.018.000) 12/07 20:58:02 Image size of job updated: 2247640
	140  -  MemoryUsage of job (MB)
	142568  -  ResidentSetSize of job (KB)
...
006 (370.018.000) 12/07 21:08:03 Image size of job updated: 2247640
	140  -  MemoryUsage of job (MB)
	142580  -  ResidentSetSize of job (KB)
...
005 (370.018.000) 12/07 21:08:13 Job terminated.
	(1) Normal termination (return value 0)
		Usr 0 05:05:27, Sys 0 00:00:03  -  Run Remote Usage
		Usr 0 00:00:00, Sys 0 00:00:00  -  Run Local Usage
		Usr 0 05:05:27, Sys 0 00:00:03  -  Total Remote Usage
		Usr 0 00:00:00, Sys 0 00:00:00  -  Total Local Usage
	0  -  Run Bytes Sent By Job
	0  -  Run Bytes Received By Job
	0  -  Total Bytes Sent By Job
	0  -  Total Bytes Received By Job
	Partitionable Resources :    Usage  Request Allocated
	   Cpus                 :                 1         1
	   Disk (KB)            :      175      175  12112527
	   Memory (MB)          :      140        1      2012
...
