000 (364.015.000) 12/04 18:34:30 Job submitted from host: <128.104.190.61:58455?addrs=128.104.190.61-58455>
...
001 (364.015.000) 12/04 18:34:35 Job executing on host: <128.104.190.42:38951?addrs=128.104.190.42-38951>
...
006 (364.015.000) 12/04 18:34:43 Image size of job updated: 72740
	15  -  MemoryUsage of job (MB)
	14980  -  ResidentSetSize of job (KB)
...
006 (364.015.000) 12/04 18:38:29 Image size of job updated: 2261224
	15  -  MemoryUsage of job (MB)
	14980  -  ResidentSetSize of job (KB)
...
005 (364.015.000) 12/04 18:38:30 Job terminated.
	(1) Normal termination (return value 0)
		Usr 0 00:03:43, Sys 0 00:00:00  -  Run Remote Usage
		Usr 0 00:00:00, Sys 0 00:00:00  -  Run Local Usage
		Usr 0 00:03:43, Sys 0 00:00:00  -  Total Remote Usage
		Usr 0 00:00:00, Sys 0 00:00:00  -  Total Local Usage
	0  -  Run Bytes Sent By Job
	0  -  Run Bytes Received By Job
	0  -  Total Bytes Sent By Job
	0  -  Total Bytes Received By Job
	Partitionable Resources :    Usage  Request Allocated
	   Cpus                 :                 1         1
	   Disk (KB)            :      175      175  12112339
	   Memory (MB)          :       15        1      2012
...
