000 (363.011.000) 12/04 13:22:52 Job submitted from host: <128.104.190.61:58455?addrs=128.104.190.61-58455>
...
001 (363.011.000) 12/04 13:22:58 Job executing on host: <128.104.190.42:38951?addrs=128.104.190.42-38951>
...
006 (363.011.000) 12/04 13:23:06 Image size of job updated: 2245516
	91  -  MemoryUsage of job (MB)
	92652  -  ResidentSetSize of job (KB)
...
006 (363.011.000) 12/04 13:28:06 Image size of job updated: 2285800
	142  -  MemoryUsage of job (MB)
	145160  -  ResidentSetSize of job (KB)
...
006 (363.011.000) 12/04 13:33:07 Image size of job updated: 2286084
	151  -  MemoryUsage of job (MB)
	153740  -  ResidentSetSize of job (KB)
...
006 (363.011.000) 12/04 13:38:07 Image size of job updated: 2287272
	152  -  MemoryUsage of job (MB)
	155176  -  ResidentSetSize of job (KB)
...
006 (363.011.000) 12/04 13:43:07 Image size of job updated: 2287404
	152  -  MemoryUsage of job (MB)
	155300  -  ResidentSetSize of job (KB)
...
006 (363.011.000) 12/04 13:48:08 Image size of job updated: 2287536
	156  -  MemoryUsage of job (MB)
	159568  -  ResidentSetSize of job (KB)
...
006 (363.011.000) 12/04 13:53:09 Image size of job updated: 2287536
	156  -  MemoryUsage of job (MB)
	159672  -  ResidentSetSize of job (KB)
...
006 (363.011.000) 12/04 13:58:09 Image size of job updated: 2287800
	157  -  MemoryUsage of job (MB)
	159912  -  ResidentSetSize of job (KB)
...
006 (363.011.000) 12/04 14:03:09 Image size of job updated: 2287932
	157  -  MemoryUsage of job (MB)
	160048  -  ResidentSetSize of job (KB)
...
006 (363.011.000) 12/04 14:08:10 Image size of job updated: 2287932
	157  -  MemoryUsage of job (MB)
	160332  -  ResidentSetSize of job (KB)
...
006 (363.011.000) 12/04 14:18:11 Image size of job updated: 2288216
	161  -  MemoryUsage of job (MB)
	164656  -  ResidentSetSize of job (KB)
...
006 (363.011.000) 12/04 14:23:11 Image size of job updated: 2288216
	161  -  MemoryUsage of job (MB)
	164768  -  ResidentSetSize of job (KB)
...
006 (363.011.000) 12/04 14:28:12 Image size of job updated: 2288216
	161  -  MemoryUsage of job (MB)
	164816  -  ResidentSetSize of job (KB)
...
006 (363.011.000) 12/04 14:38:13 Image size of job updated: 2288216
	161  -  MemoryUsage of job (MB)
	164840  -  ResidentSetSize of job (KB)
...
006 (363.011.000) 12/04 14:43:13 Image size of job updated: 2288744
	162  -  MemoryUsage of job (MB)
	165228  -  ResidentSetSize of job (KB)
...
006 (363.011.000) 12/04 14:48:14 Image size of job updated: 2288876
	162  -  MemoryUsage of job (MB)
	165412  -  ResidentSetSize of job (KB)
...
006 (363.011.000) 12/04 14:53:14 Image size of job updated: 2288876
	162  -  MemoryUsage of job (MB)
	165464  -  ResidentSetSize of job (KB)
...
006 (363.011.000) 12/04 14:58:14 Image size of job updated: 2289008
	162  -  MemoryUsage of job (MB)
	165572  -  ResidentSetSize of job (KB)
...
006 (363.011.000) 12/04 15:03:15 Image size of job updated: 2289008
	162  -  MemoryUsage of job (MB)
	165636  -  ResidentSetSize of job (KB)
...
006 (363.011.000) 12/04 15:08:16 Image size of job updated: 2289008
	162  -  MemoryUsage of job (MB)
	165640  -  ResidentSetSize of job (KB)
...
006 (363.011.000) 12/04 15:13:16 Image size of job updated: 2289152
	162  -  MemoryUsage of job (MB)
	165688  -  ResidentSetSize of job (KB)
...
006 (363.011.000) 12/04 15:18:17 Image size of job updated: 2289152
	162  -  MemoryUsage of job (MB)
	165728  -  ResidentSetSize of job (KB)
...
006 (363.011.000) 12/04 15:23:18 Image size of job updated: 2289284
	163  -  MemoryUsage of job (MB)
	166004  -  ResidentSetSize of job (KB)
...
006 (363.011.000) 12/04 15:28:18 Image size of job updated: 2289284
	163  -  MemoryUsage of job (MB)
	166028  -  ResidentSetSize of job (KB)
...
006 (363.011.000) 12/04 15:33:18 Image size of job updated: 2289284
	163  -  MemoryUsage of job (MB)
	166032  -  ResidentSetSize of job (KB)
...
006 (363.011.000) 12/04 15:38:19 Image size of job updated: 2289416
	163  -  MemoryUsage of job (MB)
	166064  -  ResidentSetSize of job (KB)
...
006 (363.011.000) 12/04 15:43:20 Image size of job updated: 2289416
	163  -  MemoryUsage of job (MB)
	166116  -  ResidentSetSize of job (KB)
...
006 (363.011.000) 12/04 15:48:20 Image size of job updated: 2290208
	163  -  MemoryUsage of job (MB)
	166896  -  ResidentSetSize of job (KB)
...
006 (363.011.000) 12/04 15:53:20 Image size of job updated: 2290472
	164  -  MemoryUsage of job (MB)
	167192  -  ResidentSetSize of job (KB)
...
006 (363.011.000) 12/04 15:58:21 Image size of job updated: 2290604
	164  -  MemoryUsage of job (MB)
	167280  -  ResidentSetSize of job (KB)
...
006 (363.011.000) 12/04 16:03:21 Image size of job updated: 2290604
	164  -  MemoryUsage of job (MB)
	167292  -  ResidentSetSize of job (KB)
...
006 (363.011.000) 12/04 16:08:21 Image size of job updated: 2290736
	164  -  MemoryUsage of job (MB)
	167436  -  ResidentSetSize of job (KB)
...
006 (363.011.000) 12/04 16:13:22 Image size of job updated: 2290868
	164  -  MemoryUsage of job (MB)
	167592  -  ResidentSetSize of job (KB)
...
006 (363.011.000) 12/04 16:23:23 Image size of job updated: 2290868
	166  -  MemoryUsage of job (MB)
	169672  -  ResidentSetSize of job (KB)
...
006 (363.011.000) 12/04 16:27:24 Image size of job updated: 2291000
	166  -  MemoryUsage of job (MB)
	169672  -  ResidentSetSize of job (KB)
...
005 (363.011.000) 12/04 16:27:24 Job terminated.
	(1) Normal termination (return value 0)
		Usr 0 03:04:12, Sys 0 00:00:00  -  Run Remote Usage
		Usr 0 00:00:00, Sys 0 00:00:00  -  Run Local Usage
		Usr 0 03:04:12, Sys 0 00:00:00  -  Total Remote Usage
		Usr 0 00:00:00, Sys 0 00:00:00  -  Total Local Usage
	0  -  Run Bytes Sent By Job
	0  -  Run Bytes Received By Job
	0  -  Total Bytes Sent By Job
	0  -  Total Bytes Received By Job
	Partitionable Resources :    Usage  Request Allocated
	   Cpus                 :                 1         1
	   Disk (KB)            :      175      175  12112338
	   Memory (MB)          :      166        1      2012
...
