000 (363.020.000) 12/04 13:22:52 Job submitted from host: <128.104.190.61:58455?addrs=128.104.190.61-58455>
...
001 (363.020.000) 12/04 13:22:58 Job executing on host: <128.104.190.42:38951?addrs=128.104.190.42-38951>
...
006 (363.020.000) 12/04 13:23:07 Image size of job updated: 2246584
	91  -  MemoryUsage of job (MB)
	92668  -  ResidentSetSize of job (KB)
...
006 (363.020.000) 12/04 13:28:08 Image size of job updated: 2249448
	95  -  MemoryUsage of job (MB)
	96504  -  ResidentSetSize of job (KB)
...
006 (363.020.000) 12/04 13:33:08 Image size of job updated: 2262024
	109  -  MemoryUsage of job (MB)
	111560  -  ResidentSetSize of job (KB)
...
006 (363.020.000) 12/04 13:38:08 Image size of job updated: 2262420
	110  -  MemoryUsage of job (MB)
	112108  -  ResidentSetSize of job (KB)
...
006 (363.020.000) 12/04 13:43:09 Image size of job updated: 2264028
	112  -  MemoryUsage of job (MB)
	114040  -  ResidentSetSize of job (KB)
...
006 (363.020.000) 12/04 13:48:10 Image size of job updated: 2264028
	112  -  MemoryUsage of job (MB)
	114200  -  ResidentSetSize of job (KB)
...
006 (363.020.000) 12/04 13:53:10 Image size of job updated: 2264028
	112  -  MemoryUsage of job (MB)
	114208  -  ResidentSetSize of job (KB)
...
006 (363.020.000) 12/04 13:58:10 Image size of job updated: 2264028
	114  -  MemoryUsage of job (MB)
	116272  -  ResidentSetSize of job (KB)
...
006 (363.020.000) 12/04 14:23:13 Image size of job updated: 2264160
	114  -  MemoryUsage of job (MB)
	116328  -  ResidentSetSize of job (KB)
...
006 (363.020.000) 12/04 14:38:14 Image size of job updated: 2264160
	114  -  MemoryUsage of job (MB)
	116340  -  ResidentSetSize of job (KB)
...
006 (363.020.000) 12/04 15:03:18 Image size of job updated: 2264160
	114  -  MemoryUsage of job (MB)
	116400  -  ResidentSetSize of job (KB)
...
005 (363.020.000) 12/04 15:57:05 Job terminated.
	(1) Normal termination (return value 0)
		Usr 0 02:33:54, Sys 0 00:00:02  -  Run Remote Usage
		Usr 0 00:00:00, Sys 0 00:00:00  -  Run Local Usage
		Usr 0 02:33:54, Sys 0 00:00:02  -  Total Remote Usage
		Usr 0 00:00:00, Sys 0 00:00:00  -  Total Local Usage
	0  -  Run Bytes Sent By Job
	0  -  Run Bytes Received By Job
	0  -  Total Bytes Sent By Job
	0  -  Total Bytes Received By Job
	Partitionable Resources :    Usage  Request Allocated
	   Cpus                 :                 1         1
	   Disk (KB)            :      175      175  12112338
	   Memory (MB)          :      114        1      2012
...
