000 (364.008.000) 12/04 18:34:30 Job submitted from host: <128.104.190.61:58455?addrs=128.104.190.61-58455>
...
001 (364.008.000) 12/04 18:34:35 Job executing on host: <128.104.190.42:38951?addrs=128.104.190.42-38951>
...
006 (364.008.000) 12/04 18:34:43 Image size of job updated: 93244
	25  -  MemoryUsage of job (MB)
	24836  -  ResidentSetSize of job (KB)
...
006 (364.008.000) 12/04 18:39:43 Image size of job updated: 2270848
	1016  -  MemoryUsage of job (MB)
	1039744  -  ResidentSetSize of job (KB)
...
006 (364.008.000) 12/04 18:44:43 Image size of job updated: 2273700
	1019  -  MemoryUsage of job (MB)
	1042600  -  ResidentSetSize of job (KB)
...
006 (364.008.000) 12/04 18:49:43 Image size of job updated: 2274500
	1019  -  MemoryUsage of job (MB)
	1043456  -  ResidentSetSize of job (KB)
...
006 (364.008.000) 12/04 18:54:44 Image size of job updated: 2274896
	1020  -  MemoryUsage of job (MB)
	1043964  -  ResidentSetSize of job (KB)
...
006 (364.008.000) 12/04 18:59:44 Image size of job updated: 2275028
	1020  -  MemoryUsage of job (MB)
	1044128  -  ResidentSetSize of job (KB)
...
006 (364.008.000) 12/04 19:04:44 Image size of job updated: 2275164
	1020  -  MemoryUsage of job (MB)
	1044256  -  ResidentSetSize of job (KB)
...
006 (364.008.000) 12/04 19:09:45 Image size of job updated: 2275296
	1020  -  MemoryUsage of job (MB)
	1044416  -  ResidentSetSize of job (KB)
...
006 (364.008.000) 12/04 19:14:46 Image size of job updated: 2275560
	1021  -  MemoryUsage of job (MB)
	1044612  -  ResidentSetSize of job (KB)
...
006 (364.008.000) 12/04 19:24:47 Image size of job updated: 2275560
	1021  -  MemoryUsage of job (MB)
	1044724  -  ResidentSetSize of job (KB)
...
006 (364.008.000) 12/04 19:34:48 Image size of job updated: 2275692
	1021  -  MemoryUsage of job (MB)
	1044852  -  ResidentSetSize of job (KB)
...
006 (364.008.000) 12/04 19:44:49 Image size of job updated: 2276352
	1021  -  MemoryUsage of job (MB)
	1045444  -  ResidentSetSize of job (KB)
...
006 (364.008.000) 12/04 20:04:51 Image size of job updated: 2276484
	1022  -  MemoryUsage of job (MB)
	1045576  -  ResidentSetSize of job (KB)
...
006 (364.008.000) 12/04 20:24:52 Image size of job updated: 2277012
	1022  -  MemoryUsage of job (MB)
	1046100  -  ResidentSetSize of job (KB)
...
006 (364.008.000) 12/04 20:29:53 Image size of job updated: 2277012
	1022  -  MemoryUsage of job (MB)
	1046112  -  ResidentSetSize of job (KB)
...
006 (364.008.000) 12/04 20:59:55 Image size of job updated: 2277276
	1022  -  MemoryUsage of job (MB)
	1046328  -  ResidentSetSize of job (KB)
...
006 (364.008.000) 12/04 21:04:56 Image size of job updated: 2277276
	1022  -  MemoryUsage of job (MB)
	1046396  -  ResidentSetSize of job (KB)
...
006 (364.008.000) 12/04 21:09:57 Image size of job updated: 2277540
	1023  -  MemoryUsage of job (MB)
	1046608  -  ResidentSetSize of job (KB)
...
006 (364.008.000) 12/04 21:14:57 Image size of job updated: 2277672
	1023  -  MemoryUsage of job (MB)
	1046744  -  ResidentSetSize of job (KB)
...
005 (364.008.000) 12/04 21:18:07 Job terminated.
	(1) Normal termination (return value 0)
		Usr 0 02:43:23, Sys 0 00:00:01  -  Run Remote Usage
		Usr 0 00:00:00, Sys 0 00:00:00  -  Run Local Usage
		Usr 0 02:43:23, Sys 0 00:00:01  -  Total Remote Usage
		Usr 0 00:00:00, Sys 0 00:00:00  -  Total Local Usage
	0  -  Run Bytes Sent By Job
	0  -  Run Bytes Received By Job
	0  -  Total Bytes Sent By Job
	0  -  Total Bytes Received By Job
	Partitionable Resources :    Usage  Request Allocated
	   Cpus                 :                 1         1
	   Disk (KB)            :      175      175  12112339
	   Memory (MB)          :     1023        1      2012
...
