000 (363.010.000) 12/04 13:22:52 Job submitted from host: <128.104.190.61:58455?addrs=128.104.190.61-58455>
...
001 (363.010.000) 12/04 13:22:58 Job executing on host: <128.104.190.42:38951?addrs=128.104.190.42-38951>
...
006 (363.010.000) 12/04 13:23:06 Image size of job updated: 2239256
	83  -  MemoryUsage of job (MB)
	84084  -  ResidentSetSize of job (KB)
...
006 (363.010.000) 12/04 13:28:06 Image size of job updated: 2249408
	267  -  MemoryUsage of job (MB)
	272648  -  ResidentSetSize of job (KB)
...
006 (363.010.000) 12/04 13:33:07 Image size of job updated: 2249408
	267  -  MemoryUsage of job (MB)
	272676  -  ResidentSetSize of job (KB)
...
006 (363.010.000) 12/04 13:38:08 Image size of job updated: 2250068
	268  -  MemoryUsage of job (MB)
	273524  -  ResidentSetSize of job (KB)
...
006 (363.010.000) 12/04 13:43:08 Image size of job updated: 2250068
	268  -  MemoryUsage of job (MB)
	273528  -  ResidentSetSize of job (KB)
...
006 (363.010.000) 12/04 13:48:09 Image size of job updated: 2250200
	268  -  MemoryUsage of job (MB)
	273568  -  ResidentSetSize of job (KB)
...
006 (363.010.000) 12/04 13:53:10 Image size of job updated: 2250200
	268  -  MemoryUsage of job (MB)
	273580  -  ResidentSetSize of job (KB)
...
006 (363.010.000) 12/04 13:58:10 Image size of job updated: 2250332
	268  -  MemoryUsage of job (MB)
	273872  -  ResidentSetSize of job (KB)
...
006 (363.010.000) 12/04 14:03:10 Image size of job updated: 2250332
	268  -  MemoryUsage of job (MB)
	273880  -  ResidentSetSize of job (KB)
...
006 (363.010.000) 12/04 14:08:11 Image size of job updated: 2250332
	268  -  MemoryUsage of job (MB)
	273896  -  ResidentSetSize of job (KB)
...
006 (363.010.000) 12/04 14:13:12 Image size of job updated: 2250464
	268  -  MemoryUsage of job (MB)
	273956  -  ResidentSetSize of job (KB)
...
006 (363.010.000) 12/04 14:18:12 Image size of job updated: 2250464
	268  -  MemoryUsage of job (MB)
	273968  -  ResidentSetSize of job (KB)
...
006 (363.010.000) 12/04 14:23:12 Image size of job updated: 2250464
	268  -  MemoryUsage of job (MB)
	273980  -  ResidentSetSize of job (KB)
...
006 (363.010.000) 12/04 14:33:14 Image size of job updated: 2250464
	268  -  MemoryUsage of job (MB)
	273996  -  ResidentSetSize of job (KB)
...
006 (363.010.000) 12/04 14:53:16 Image size of job updated: 2250464
	268  -  MemoryUsage of job (MB)
	274000  -  ResidentSetSize of job (KB)
...
006 (363.010.000) 12/04 14:58:16 Image size of job updated: 2250464
	268  -  MemoryUsage of job (MB)
	274028  -  ResidentSetSize of job (KB)
...
006 (363.010.000) 12/04 15:38:21 Image size of job updated: 2250464
	268  -  MemoryUsage of job (MB)
	274160  -  ResidentSetSize of job (KB)
...
005 (363.010.000) 12/04 15:58:29 Job terminated.
	(1) Normal termination (return value 0)
		Usr 0 02:35:26, Sys 0 00:00:00  -  Run Remote Usage
		Usr 0 00:00:00, Sys 0 00:00:00  -  Run Local Usage
		Usr 0 02:35:26, Sys 0 00:00:00  -  Total Remote Usage
		Usr 0 00:00:00, Sys 0 00:00:00  -  Total Local Usage
	0  -  Run Bytes Sent By Job
	0  -  Run Bytes Received By Job
	0  -  Total Bytes Sent By Job
	0  -  Total Bytes Received By Job
	Partitionable Resources :    Usage  Request Allocated
	   Cpus                 :                 1         1
	   Disk (KB)            :      175      175  12112338
	   Memory (MB)          :      268        1      2012
...
