000 (371.010.000) 12/08 15:23:44 Job submitted from host: <128.104.190.61:58455?addrs=128.104.190.61-58455>
...
001 (371.010.000) 12/08 15:23:49 Job executing on host: <128.104.190.42:38951?addrs=128.104.190.42-38951>
...
006 (371.010.000) 12/08 15:23:58 Image size of job updated: 82212
	26  -  MemoryUsage of job (MB)
	25856  -  ResidentSetSize of job (KB)
...
006 (371.010.000) 12/08 15:28:59 Image size of job updated: 2247092
	265  -  MemoryUsage of job (MB)
	271320  -  ResidentSetSize of job (KB)
...
006 (371.010.000) 12/08 15:34:00 Image size of job updated: 2247092
	265  -  MemoryUsage of job (MB)
	271356  -  ResidentSetSize of job (KB)
...
006 (371.010.000) 12/08 15:39:00 Image size of job updated: 2262960
	281  -  MemoryUsage of job (MB)
	287284  -  ResidentSetSize of job (KB)
...
006 (371.010.000) 12/08 15:44:00 Image size of job updated: 2288040
	306  -  MemoryUsage of job (MB)
	312508  -  ResidentSetSize of job (KB)
...
006 (371.010.000) 12/08 15:49:02 Image size of job updated: 2313912
	331  -  MemoryUsage of job (MB)
	338652  -  ResidentSetSize of job (KB)
...
006 (371.010.000) 12/08 15:54:02 Image size of job updated: 2339520
	356  -  MemoryUsage of job (MB)
	364124  -  ResidentSetSize of job (KB)
...
006 (371.010.000) 12/08 15:59:02 Image size of job updated: 2364732
	381  -  MemoryUsage of job (MB)
	389452  -  ResidentSetSize of job (KB)
...
006 (371.010.000) 12/08 16:04:03 Image size of job updated: 2389812
	405  -  MemoryUsage of job (MB)
	414516  -  ResidentSetSize of job (KB)
...
006 (371.010.000) 12/08 16:09:04 Image size of job updated: 2415156
	430  -  MemoryUsage of job (MB)
	440004  -  ResidentSetSize of job (KB)
...
006 (371.010.000) 12/08 16:14:04 Image size of job updated: 2440500
	455  -  MemoryUsage of job (MB)
	465228  -  ResidentSetSize of job (KB)
...
006 (371.010.000) 12/08 16:19:04 Image size of job updated: 2465580
	479  -  MemoryUsage of job (MB)
	490380  -  ResidentSetSize of job (KB)
...
006 (371.010.000) 12/08 16:24:05 Image size of job updated: 2490660
	504  -  MemoryUsage of job (MB)
	515420  -  ResidentSetSize of job (KB)
...
006 (371.010.000) 12/08 16:29:06 Image size of job updated: 2515740
	528  -  MemoryUsage of job (MB)
	540476  -  ResidentSetSize of job (KB)
...
006 (371.010.000) 12/08 16:34:06 Image size of job updated: 2540820
	553  -  MemoryUsage of job (MB)
	565528  -  ResidentSetSize of job (KB)
...
006 (371.010.000) 12/08 16:39:06 Image size of job updated: 2565636
	577  -  MemoryUsage of job (MB)
	590348  -  ResidentSetSize of job (KB)
...
006 (371.010.000) 12/08 16:44:06 Image size of job updated: 2590716
	601  -  MemoryUsage of job (MB)
	615404  -  ResidentSetSize of job (KB)
...
006 (371.010.000) 12/08 16:49:07 Image size of job updated: 2615796
	626  -  MemoryUsage of job (MB)
	640584  -  ResidentSetSize of job (KB)
...
006 (371.010.000) 12/08 16:54:08 Image size of job updated: 2640744
	650  -  MemoryUsage of job (MB)
	665528  -  ResidentSetSize of job (KB)
...
006 (371.010.000) 12/08 16:59:08 Image size of job updated: 2665824
	675  -  MemoryUsage of job (MB)
	690604  -  ResidentSetSize of job (KB)
...
006 (371.010.000) 12/08 17:04:08 Image size of job updated: 2690640
	699  -  MemoryUsage of job (MB)
	715380  -  ResidentSetSize of job (KB)
...
006 (371.010.000) 12/08 17:09:09 Image size of job updated: 2716512
	724  -  MemoryUsage of job (MB)
	741184  -  ResidentSetSize of job (KB)
...
006 (371.010.000) 12/08 17:14:10 Image size of job updated: 2741460
	749  -  MemoryUsage of job (MB)
	766276  -  ResidentSetSize of job (KB)
...
006 (371.010.000) 12/08 17:19:10 Image size of job updated: 2766408
	773  -  MemoryUsage of job (MB)
	791152  -  ResidentSetSize of job (KB)
...
006 (371.010.000) 12/08 17:24:10 Image size of job updated: 2790960
	797  -  MemoryUsage of job (MB)
	815680  -  ResidentSetSize of job (KB)
...
006 (371.010.000) 12/08 17:29:11 Image size of job updated: 2815644
	821  -  MemoryUsage of job (MB)
	840508  -  ResidentSetSize of job (KB)
...
006 (371.010.000) 12/08 17:34:12 Image size of job updated: 2841252
	846  -  MemoryUsage of job (MB)
	866000  -  ResidentSetSize of job (KB)
...
006 (371.010.000) 12/08 17:39:12 Image size of job updated: 2866200
	871  -  MemoryUsage of job (MB)
	890976  -  ResidentSetSize of job (KB)
...
006 (371.010.000) 12/08 17:44:12 Image size of job updated: 2891148
	895  -  MemoryUsage of job (MB)
	915864  -  ResidentSetSize of job (KB)
...
006 (371.010.000) 12/08 17:49:13 Image size of job updated: 2915964
	919  -  MemoryUsage of job (MB)
	940736  -  ResidentSetSize of job (KB)
...
006 (371.010.000) 12/08 17:54:14 Image size of job updated: 2941044
	944  -  MemoryUsage of job (MB)
	965792  -  ResidentSetSize of job (KB)
...
006 (371.010.000) 12/08 17:59:14 Image size of job updated: 2966388
	968  -  MemoryUsage of job (MB)
	991196  -  ResidentSetSize of job (KB)
...
006 (371.010.000) 12/08 18:04:15 Image size of job updated: 2991204
	993  -  MemoryUsage of job (MB)
	1016028  -  ResidentSetSize of job (KB)
...
006 (371.010.000) 12/08 18:09:16 Image size of job updated: 3016284
	1017  -  MemoryUsage of job (MB)
	1041060  -  ResidentSetSize of job (KB)
...
006 (371.010.000) 12/08 18:14:16 Image size of job updated: 3041364
	1042  -  MemoryUsage of job (MB)
	1066112  -  ResidentSetSize of job (KB)
...
006 (371.010.000) 12/08 18:19:16 Image size of job updated: 3066180
	1066  -  MemoryUsage of job (MB)
	1091024  -  ResidentSetSize of job (KB)
...
006 (371.010.000) 12/08 18:24:17 Image size of job updated: 3091260
	1090  -  MemoryUsage of job (MB)
	1116024  -  ResidentSetSize of job (KB)
...
006 (371.010.000) 12/08 18:29:18 Image size of job updated: 3115944
	1114  -  MemoryUsage of job (MB)
	1140736  -  ResidentSetSize of job (KB)
...
006 (371.010.000) 12/08 18:34:18 Image size of job updated: 3141024
	1139  -  MemoryUsage of job (MB)
	1165740  -  ResidentSetSize of job (KB)
...
006 (371.010.000) 12/08 18:39:18 Image size of job updated: 3165972
	1163  -  MemoryUsage of job (MB)
	1190640  -  ResidentSetSize of job (KB)
...
006 (371.010.000) 12/08 18:44:18 Image size of job updated: 3190656
	1187  -  MemoryUsage of job (MB)
	1215420  -  ResidentSetSize of job (KB)
...
006 (371.010.000) 12/08 18:49:19 Image size of job updated: 3215736
	1212  -  MemoryUsage of job (MB)
	1240480  -  ResidentSetSize of job (KB)
...
006 (371.010.000) 12/08 18:54:20 Image size of job updated: 3240948
	1237  -  MemoryUsage of job (MB)
	1265752  -  ResidentSetSize of job (KB)
...
006 (371.010.000) 12/08 18:59:21 Image size of job updated: 3266028
	1261  -  MemoryUsage of job (MB)
	1290864  -  ResidentSetSize of job (KB)
...
006 (371.010.000) 12/08 19:04:21 Image size of job updated: 3290976
	1285  -  MemoryUsage of job (MB)
	1315796  -  ResidentSetSize of job (KB)
...
006 (371.010.000) 12/08 19:09:21 Image size of job updated: 3316056
	1310  -  MemoryUsage of job (MB)
	1340816  -  ResidentSetSize of job (KB)
...
006 (371.010.000) 12/08 19:14:22 Image size of job updated: 3341268
	1335  -  MemoryUsage of job (MB)
	1366128  -  ResidentSetSize of job (KB)
...
006 (371.010.000) 12/08 19:19:23 Image size of job updated: 3366744
	1359  -  MemoryUsage of job (MB)
	1391556  -  ResidentSetSize of job (KB)
...
006 (371.010.000) 12/08 19:24:24 Image size of job updated: 3392088
	1384  -  MemoryUsage of job (MB)
	1416904  -  ResidentSetSize of job (KB)
...
006 (371.010.000) 12/08 19:29:24 Image size of job updated: 3417432
	1409  -  MemoryUsage of job (MB)
	1442252  -  ResidentSetSize of job (KB)
...
006 (371.010.000) 12/08 19:34:24 Image size of job updated: 3442776
	1434  -  MemoryUsage of job (MB)
	1467520  -  ResidentSetSize of job (KB)
...
006 (371.010.000) 12/08 19:39:25 Image size of job updated: 3467856
	1458  -  MemoryUsage of job (MB)
	1492700  -  ResidentSetSize of job (KB)
...
006 (371.010.000) 12/08 19:44:26 Image size of job updated: 3492804
	1483  -  MemoryUsage of job (MB)
	1517580  -  ResidentSetSize of job (KB)
...
006 (371.010.000) 12/08 19:49:26 Image size of job updated: 3517884
	1507  -  MemoryUsage of job (MB)
	1542704  -  ResidentSetSize of job (KB)
...
006 (371.010.000) 12/08 19:54:27 Image size of job updated: 3543228
	1532  -  MemoryUsage of job (MB)
	1567944  -  ResidentSetSize of job (KB)
...
006 (371.010.000) 12/08 19:59:28 Image size of job updated: 3568176
	1556  -  MemoryUsage of job (MB)
	1592900  -  ResidentSetSize of job (KB)
...
006 (371.010.000) 12/08 20:04:28 Image size of job updated: 3593256
	1581  -  MemoryUsage of job (MB)
	1618060  -  ResidentSetSize of job (KB)
...
006 (371.010.000) 12/08 20:09:28 Image size of job updated: 3618336
	1605  -  MemoryUsage of job (MB)
	1643116  -  ResidentSetSize of job (KB)
...
006 (371.010.000) 12/08 20:14:29 Image size of job updated: 3643548
	1630  -  MemoryUsage of job (MB)
	1668352  -  ResidentSetSize of job (KB)
...
006 (371.010.000) 12/08 20:19:30 Image size of job updated: 3668496
	1654  -  MemoryUsage of job (MB)
	1693248  -  ResidentSetSize of job (KB)
...
006 (371.010.000) 12/08 20:24:30 Image size of job updated: 3693180
	1678  -  MemoryUsage of job (MB)
	1717896  -  ResidentSetSize of job (KB)
...
006 (371.010.000) 12/08 20:29:31 Image size of job updated: 3717864
	1702  -  MemoryUsage of job (MB)
	1742612  -  ResidentSetSize of job (KB)
...
006 (371.010.000) 12/08 20:34:32 Image size of job updated: 3742944
	1727  -  MemoryUsage of job (MB)
	1767704  -  ResidentSetSize of job (KB)
...
006 (371.010.000) 12/08 20:39:32 Image size of job updated: 3768156
	1751  -  MemoryUsage of job (MB)
	1792932  -  ResidentSetSize of job (KB)
...
006 (371.010.000) 12/08 20:44:32 Image size of job updated: 3793104
	1776  -  MemoryUsage of job (MB)
	1817892  -  ResidentSetSize of job (KB)
...
006 (371.010.000) 12/08 20:49:33 Image size of job updated: 3819636
	1802  -  MemoryUsage of job (MB)
	1844292  -  ResidentSetSize of job (KB)
...
006 (371.010.000) 12/08 20:54:34 Image size of job updated: 3844848
	1826  -  MemoryUsage of job (MB)
	1869592  -  ResidentSetSize of job (KB)
...
006 (371.010.000) 12/08 20:59:34 Image size of job updated: 3869796
	1851  -  MemoryUsage of job (MB)
	1894512  -  ResidentSetSize of job (KB)
...
006 (371.010.000) 12/08 21:04:34 Image size of job updated: 3895008
	1875  -  MemoryUsage of job (MB)
	1919672  -  ResidentSetSize of job (KB)
...
006 (371.010.000) 12/08 21:09:34 Image size of job updated: 3919824
	1900  -  MemoryUsage of job (MB)
	1944612  -  ResidentSetSize of job (KB)
...
006 (371.010.000) 12/08 21:14:35 Image size of job updated: 3944904
	1924  -  MemoryUsage of job (MB)
	1969644  -  ResidentSetSize of job (KB)
...
006 (371.010.000) 12/08 21:19:37 Image size of job updated: 3969984
	1948  -  MemoryUsage of job (MB)
	1994748  -  ResidentSetSize of job (KB)
...
006 (371.010.000) 12/08 21:24:37 Image size of job updated: 3994800
	1973  -  MemoryUsage of job (MB)
	2019592  -  ResidentSetSize of job (KB)
...
006 (371.010.000) 12/08 21:29:37 Image size of job updated: 4019352
	1997  -  MemoryUsage of job (MB)
	2044100  -  ResidentSetSize of job (KB)
...
006 (371.010.000) 12/08 21:34:38 Image size of job updated: 4044036
	2021  -  MemoryUsage of job (MB)
	2068864  -  ResidentSetSize of job (KB)
...
006 (371.010.000) 12/08 21:39:39 Image size of job updated: 4069644
	2046  -  MemoryUsage of job (MB)
	2094400  -  ResidentSetSize of job (KB)
...
006 (371.010.000) 12/08 21:44:39 Image size of job updated: 4094988
	2071  -  MemoryUsage of job (MB)
	2119756  -  ResidentSetSize of job (KB)
...
006 (371.010.000) 12/08 21:49:39 Image size of job updated: 4120068
	2095  -  MemoryUsage of job (MB)
	2144816  -  ResidentSetSize of job (KB)
...
006 (371.010.000) 12/08 21:54:40 Image size of job updated: 4144884
	2119  -  MemoryUsage of job (MB)
	2169644  -  ResidentSetSize of job (KB)
...
006 (371.010.000) 12/08 21:59:41 Image size of job updated: 4169700
	2144  -  MemoryUsage of job (MB)
	2194496  -  ResidentSetSize of job (KB)
...
006 (371.010.000) 12/08 22:04:41 Image size of job updated: 4194384
	2168  -  MemoryUsage of job (MB)
	2219144  -  ResidentSetSize of job (KB)
...
006 (371.010.000) 12/08 22:09:42 Image size of job updated: 4219596
	2192  -  MemoryUsage of job (MB)
	2244424  -  ResidentSetSize of job (KB)
...
006 (371.010.000) 12/08 22:14:43 Image size of job updated: 4245072
	2217  -  MemoryUsage of job (MB)
	2269816  -  ResidentSetSize of job (KB)
...
006 (371.010.000) 12/08 22:19:44 Image size of job updated: 4270152
	2242  -  MemoryUsage of job (MB)
	2294900  -  ResidentSetSize of job (KB)
...
006 (371.010.000) 12/08 22:24:44 Image size of job updated: 4295232
	2266  -  MemoryUsage of job (MB)
	2320032  -  ResidentSetSize of job (KB)
...
006 (371.010.000) 12/08 22:29:44 Image size of job updated: 4320840
	2291  -  MemoryUsage of job (MB)
	2345592  -  ResidentSetSize of job (KB)
...
006 (371.010.000) 12/08 22:34:45 Image size of job updated: 4346448
	2316  -  MemoryUsage of job (MB)
	2371296  -  ResidentSetSize of job (KB)
...
006 (371.010.000) 12/08 22:39:46 Image size of job updated: 4372188
	2341  -  MemoryUsage of job (MB)
	2396912  -  ResidentSetSize of job (KB)
...
006 (371.010.000) 12/08 22:44:46 Image size of job updated: 4397532
	2366  -  MemoryUsage of job (MB)
	2422260  -  ResidentSetSize of job (KB)
...
006 (371.010.000) 12/08 22:49:47 Image size of job updated: 4422876
	2391  -  MemoryUsage of job (MB)
	2447592  -  ResidentSetSize of job (KB)
...
006 (371.010.000) 12/08 22:54:48 Image size of job updated: 4448352
	2416  -  MemoryUsage of job (MB)
	2473060  -  ResidentSetSize of job (KB)
...
006 (371.010.000) 12/08 22:59:48 Image size of job updated: 4473564
	2440  -  MemoryUsage of job (MB)
	2498300  -  ResidentSetSize of job (KB)
...
006 (371.010.000) 12/08 23:04:48 Image size of job updated: 4499436
	2466  -  MemoryUsage of job (MB)
	2524228  -  ResidentSetSize of job (KB)
...
006 (371.010.000) 12/08 23:09:50 Image size of job updated: 4525440
	2491  -  MemoryUsage of job (MB)
	2550180  -  ResidentSetSize of job (KB)
...
006 (371.010.000) 12/08 23:14:50 Image size of job updated: 4551576
	2516  -  MemoryUsage of job (MB)
	2576272  -  ResidentSetSize of job (KB)
...
006 (371.010.000) 12/08 23:19:50 Image size of job updated: 4577712
	2542  -  MemoryUsage of job (MB)
	2602492  -  ResidentSetSize of job (KB)
...
006 (371.010.000) 12/08 23:24:51 Image size of job updated: 4604244
	2568  -  MemoryUsage of job (MB)
	2628916  -  ResidentSetSize of job (KB)
...
006 (371.010.000) 12/08 23:29:52 Image size of job updated: 4630512
	2593  -  MemoryUsage of job (MB)
	2655176  -  ResidentSetSize of job (KB)
...
006 (371.010.000) 12/08 23:34:52 Image size of job updated: 4656252
	2619  -  MemoryUsage of job (MB)
	2681004  -  ResidentSetSize of job (KB)
...
006 (371.010.000) 12/08 23:39:52 Image size of job updated: 4682388
	2644  -  MemoryUsage of job (MB)
	2707172  -  ResidentSetSize of job (KB)
...
006 (371.010.000) 12/08 23:44:53 Image size of job updated: 4708524
	2670  -  MemoryUsage of job (MB)
	2733324  -  ResidentSetSize of job (KB)
...
006 (371.010.000) 12/08 23:49:54 Image size of job updated: 4734528
	2695  -  MemoryUsage of job (MB)
	2759340  -  ResidentSetSize of job (KB)
...
006 (371.010.000) 12/08 23:54:54 Image size of job updated: 4760400
	2720  -  MemoryUsage of job (MB)
	2785140  -  ResidentSetSize of job (KB)
...
006 (371.010.000) 12/08 23:59:55 Image size of job updated: 4786272
	2746  -  MemoryUsage of job (MB)
	2811076  -  ResidentSetSize of job (KB)
...
006 (371.010.000) 12/09 00:04:56 Image size of job updated: 4812672
	2771  -  MemoryUsage of job (MB)
	2837460  -  ResidentSetSize of job (KB)
...
006 (371.010.000) 12/09 00:09:56 Image size of job updated: 4838940
	2797  -  MemoryUsage of job (MB)
	2863604  -  ResidentSetSize of job (KB)
...
006 (371.010.000) 12/09 00:14:56 Image size of job updated: 4865208
	2823  -  MemoryUsage of job (MB)
	2890064  -  ResidentSetSize of job (KB)
...
006 (371.010.000) 12/09 00:19:58 Image size of job updated: 4891608
	2848  -  MemoryUsage of job (MB)
	2916304  -  ResidentSetSize of job (KB)
...
006 (371.010.000) 12/09 00:24:58 Image size of job updated: 4918140
	2874  -  MemoryUsage of job (MB)
	2942876  -  ResidentSetSize of job (KB)
...
006 (371.010.000) 12/09 00:29:58 Image size of job updated: 4944672
	2900  -  MemoryUsage of job (MB)
	2969384  -  ResidentSetSize of job (KB)
...
006 (371.010.000) 12/09 00:34:59 Image size of job updated: 4970940
	2926  -  MemoryUsage of job (MB)
	2995672  -  ResidentSetSize of job (KB)
...
006 (371.010.000) 12/09 00:40:00 Image size of job updated: 4997208
	2952  -  MemoryUsage of job (MB)
	3021956  -  ResidentSetSize of job (KB)
...
006 (371.010.000) 12/09 00:45:00 Image size of job updated: 5023872
	2978  -  MemoryUsage of job (MB)
	3048700  -  ResidentSetSize of job (KB)
...
006 (371.010.000) 12/09 00:50:01 Image size of job updated: 5050404
	3004  -  MemoryUsage of job (MB)
	3075200  -  ResidentSetSize of job (KB)
...
006 (371.010.000) 12/09 00:55:02 Image size of job updated: 5076804
	3029  -  MemoryUsage of job (MB)
	3101580  -  ResidentSetSize of job (KB)
...
006 (371.010.000) 12/09 01:00:02 Image size of job updated: 5102676
	3055  -  MemoryUsage of job (MB)
	3127448  -  ResidentSetSize of job (KB)
...
006 (371.010.000) 12/09 01:05:02 Image size of job updated: 5129472
	3081  -  MemoryUsage of job (MB)
	3154216  -  ResidentSetSize of job (KB)
...
006 (371.010.000) 12/09 01:10:03 Image size of job updated: 5156004
	3107  -  MemoryUsage of job (MB)
	3180768  -  ResidentSetSize of job (KB)
...
006 (371.010.000) 12/09 01:15:04 Image size of job updated: 5183460
	3134  -  MemoryUsage of job (MB)
	3208232  -  ResidentSetSize of job (KB)
...
006 (371.010.000) 12/09 01:20:04 Image size of job updated: 5209596
	3159  -  MemoryUsage of job (MB)
	3234388  -  ResidentSetSize of job (KB)
...
006 (371.010.000) 12/09 01:25:04 Image size of job updated: 5235996
	3185  -  MemoryUsage of job (MB)
	3260776  -  ResidentSetSize of job (KB)
...
006 (371.010.000) 12/09 01:30:05 Image size of job updated: 5261076
	3209  -  MemoryUsage of job (MB)
	3285844  -  ResidentSetSize of job (KB)
...
006 (371.010.000) 12/09 01:35:05 Image size of job updated: 5287212
	3235  -  MemoryUsage of job (MB)
	3312056  -  ResidentSetSize of job (KB)
...
006 (371.010.000) 12/09 01:40:05 Image size of job updated: 5313744
	3261  -  MemoryUsage of job (MB)
	3338452  -  ResidentSetSize of job (KB)
...
006 (371.010.000) 12/09 01:45:06 Image size of job updated: 5339616
	3286  -  MemoryUsage of job (MB)
	3364392  -  ResidentSetSize of job (KB)
...
006 (371.010.000) 12/09 01:50:07 Image size of job updated: 5365752
	3311  -  MemoryUsage of job (MB)
	3390444  -  ResidentSetSize of job (KB)
...
006 (371.010.000) 12/09 01:55:07 Image size of job updated: 5392020
	3337  -  MemoryUsage of job (MB)
	3416724  -  ResidentSetSize of job (KB)
...
006 (371.010.000) 12/09 02:00:08 Image size of job updated: 5419740
	3364  -  MemoryUsage of job (MB)
	3444428  -  ResidentSetSize of job (KB)
...
006 (371.010.000) 12/09 02:05:09 Image size of job updated: 5445876
	3390  -  MemoryUsage of job (MB)
	3470632  -  ResidentSetSize of job (KB)
...
006 (371.010.000) 12/09 02:10:09 Image size of job updated: 5470560
	3414  -  MemoryUsage of job (MB)
	3495392  -  ResidentSetSize of job (KB)
...
006 (371.010.000) 12/09 02:15:09 Image size of job updated: 5496828
	3440  -  MemoryUsage of job (MB)
	3521612  -  ResidentSetSize of job (KB)
...
006 (371.010.000) 12/09 02:20:10 Image size of job updated: 5523360
	3466  -  MemoryUsage of job (MB)
	3548196  -  ResidentSetSize of job (KB)
...
006 (371.010.000) 12/09 02:25:10 Image size of job updated: 5551080
	3493  -  MemoryUsage of job (MB)
	3575884  -  ResidentSetSize of job (KB)
...
006 (371.010.000) 12/09 02:30:10 Image size of job updated: 5578140
	3519  -  MemoryUsage of job (MB)
	3602892  -  ResidentSetSize of job (KB)
...
006 (371.010.000) 12/09 02:35:11 Image size of job updated: 5604144
	3544  -  MemoryUsage of job (MB)
	3628840  -  ResidentSetSize of job (KB)
...
006 (371.010.000) 12/09 02:40:12 Image size of job updated: 5630280
	3570  -  MemoryUsage of job (MB)
	3655092  -  ResidentSetSize of job (KB)
...
006 (371.010.000) 12/09 02:45:12 Image size of job updated: 5656020
	3595  -  MemoryUsage of job (MB)
	3680864  -  ResidentSetSize of job (KB)
...
006 (371.010.000) 12/09 02:50:13 Image size of job updated: 5682420
	3621  -  MemoryUsage of job (MB)
	3707176  -  ResidentSetSize of job (KB)
...
006 (371.010.000) 12/09 02:55:14 Image size of job updated: 5708424
	3646  -  MemoryUsage of job (MB)
	3733152  -  ResidentSetSize of job (KB)
...
006 (371.010.000) 12/09 03:00:14 Image size of job updated: 5734296
	3672  -  MemoryUsage of job (MB)
	3759108  -  ResidentSetSize of job (KB)
...
006 (371.010.000) 12/09 03:05:14 Image size of job updated: 5760300
	3697  -  MemoryUsage of job (MB)
	3785096  -  ResidentSetSize of job (KB)
...
006 (371.010.000) 12/09 03:10:15 Image size of job updated: 5786568
	3722  -  MemoryUsage of job (MB)
	3811292  -  ResidentSetSize of job (KB)
...
006 (371.010.000) 12/09 03:15:15 Image size of job updated: 5812572
	3748  -  MemoryUsage of job (MB)
	3837412  -  ResidentSetSize of job (KB)
...
006 (371.010.000) 12/09 03:20:15 Image size of job updated: 5838576
	3773  -  MemoryUsage of job (MB)
	3863300  -  ResidentSetSize of job (KB)
...
006 (371.010.000) 12/09 03:25:15 Image size of job updated: 5864316
	3798  -  MemoryUsage of job (MB)
	3889068  -  ResidentSetSize of job (KB)
...
006 (371.010.000) 12/09 03:30:16 Image size of job updated: 5890056
	3824  -  MemoryUsage of job (MB)
	3914808  -  ResidentSetSize of job (KB)
...
006 (371.010.000) 12/09 03:35:17 Image size of job updated: 5915796
	3849  -  MemoryUsage of job (MB)
	3940524  -  ResidentSetSize of job (KB)
...
006 (371.010.000) 12/09 03:40:18 Image size of job updated: 5941932
	3874  -  MemoryUsage of job (MB)
	3966608  -  ResidentSetSize of job (KB)
...
006 (371.010.000) 12/09 03:45:18 Image size of job updated: 5967936
	3900  -  MemoryUsage of job (MB)
	3992624  -  ResidentSetSize of job (KB)
...
006 (371.010.000) 12/09 03:50:18 Image size of job updated: 5994072
	3925  -  MemoryUsage of job (MB)
	4018880  -  ResidentSetSize of job (KB)
...
006 (371.010.000) 12/09 03:55:19 Image size of job updated: 6020208
	3951  -  MemoryUsage of job (MB)
	4044940  -  ResidentSetSize of job (KB)
...
006 (371.010.000) 12/09 04:00:19 Image size of job updated: 6046608
	3976  -  MemoryUsage of job (MB)
	4071380  -  ResidentSetSize of job (KB)
...
006 (371.010.000) 12/09 04:05:19 Image size of job updated: 6073272
	4003  -  MemoryUsage of job (MB)
	4098076  -  ResidentSetSize of job (KB)
...
006 (371.010.000) 12/09 04:10:20 Image size of job updated: 6099672
	4028  -  MemoryUsage of job (MB)
	4124476  -  ResidentSetSize of job (KB)
...
006 (371.010.000) 12/09 04:15:21 Image size of job updated: 6126072
	4054  -  MemoryUsage of job (MB)
	4150768  -  ResidentSetSize of job (KB)
...
006 (371.010.000) 12/09 04:20:21 Image size of job updated: 6152736
	4080  -  MemoryUsage of job (MB)
	4177524  -  ResidentSetSize of job (KB)
...
006 (371.010.000) 12/09 04:25:22 Image size of job updated: 6179136
	4106  -  MemoryUsage of job (MB)
	4203960  -  ResidentSetSize of job (KB)
...
006 (371.010.000) 12/09 04:30:23 Image size of job updated: 6205536
	4132  -  MemoryUsage of job (MB)
	4230288  -  ResidentSetSize of job (KB)
...
006 (371.010.000) 12/09 04:35:23 Image size of job updated: 6232068
	4157  -  MemoryUsage of job (MB)
	4256752  -  ResidentSetSize of job (KB)
...
006 (371.010.000) 12/09 04:40:23 Image size of job updated: 6258732
	4184  -  MemoryUsage of job (MB)
	4283436  -  ResidentSetSize of job (KB)
...
006 (371.010.000) 12/09 04:45:24 Image size of job updated: 6285132
	4209  -  MemoryUsage of job (MB)
	4309984  -  ResidentSetSize of job (KB)
...
006 (371.010.000) 12/09 04:50:24 Image size of job updated: 6311400
	4235  -  MemoryUsage of job (MB)
	4336168  -  ResidentSetSize of job (KB)
...
006 (371.010.000) 12/09 04:55:24 Image size of job updated: 6337932
	4261  -  MemoryUsage of job (MB)
	4362764  -  ResidentSetSize of job (KB)
...
006 (371.010.000) 12/09 05:00:25 Image size of job updated: 6364860
	4287  -  MemoryUsage of job (MB)
	4389684  -  ResidentSetSize of job (KB)
...
006 (371.010.000) 12/09 05:05:26 Image size of job updated: 6391656
	4313  -  MemoryUsage of job (MB)
	4416416  -  ResidentSetSize of job (KB)
...
006 (371.010.000) 12/09 05:10:26 Image size of job updated: 6417528
	4339  -  MemoryUsage of job (MB)
	4442292  -  ResidentSetSize of job (KB)
...
006 (371.010.000) 12/09 05:15:26 Image size of job updated: 6443532
	4364  -  MemoryUsage of job (MB)
	4468388  -  ResidentSetSize of job (KB)
...
006 (371.010.000) 12/09 05:20:27 Image size of job updated: 6469800
	4390  -  MemoryUsage of job (MB)
	4494560  -  ResidentSetSize of job (KB)
...
006 (371.010.000) 12/09 05:25:27 Image size of job updated: 6496200
	4415  -  MemoryUsage of job (MB)
	4520928  -  ResidentSetSize of job (KB)
...
006 (371.010.000) 12/09 05:30:27 Image size of job updated: 6522204
	4441  -  MemoryUsage of job (MB)
	4546912  -  ResidentSetSize of job (KB)
...
006 (371.010.000) 12/09 05:35:28 Image size of job updated: 6548736
	4467  -  MemoryUsage of job (MB)
	4573476  -  ResidentSetSize of job (KB)
...
006 (371.010.000) 12/09 05:40:29 Image size of job updated: 6575268
	4493  -  MemoryUsage of job (MB)
	4600024  -  ResidentSetSize of job (KB)
...
006 (371.010.000) 12/09 05:45:29 Image size of job updated: 6601932
	4519  -  MemoryUsage of job (MB)
	4626692  -  ResidentSetSize of job (KB)
...
006 (371.010.000) 12/09 05:50:29 Image size of job updated: 6628464
	4545  -  MemoryUsage of job (MB)
	4653116  -  ResidentSetSize of job (KB)
...
006 (371.010.000) 12/09 05:55:30 Image size of job updated: 6654600
	4570  -  MemoryUsage of job (MB)
	4679412  -  ResidentSetSize of job (KB)
...
006 (371.010.000) 12/09 06:00:30 Image size of job updated: 6680736
	4596  -  MemoryUsage of job (MB)
	4705568  -  ResidentSetSize of job (KB)
...
006 (371.010.000) 12/09 06:05:30 Image size of job updated: 6707268
	4622  -  MemoryUsage of job (MB)
	4732012  -  ResidentSetSize of job (KB)
...
006 (371.010.000) 12/09 06:10:31 Image size of job updated: 6733536
	4647  -  MemoryUsage of job (MB)
	4758380  -  ResidentSetSize of job (KB)
...
006 (371.010.000) 12/09 06:15:32 Image size of job updated: 6760200
	4673  -  MemoryUsage of job (MB)
	4784904  -  ResidentSetSize of job (KB)
...
006 (371.010.000) 12/09 06:20:32 Image size of job updated: 6786600
	4699  -  MemoryUsage of job (MB)
	4811368  -  ResidentSetSize of job (KB)
...
006 (371.010.000) 12/09 06:25:32 Image size of job updated: 6813924
	4726  -  MemoryUsage of job (MB)
	4838632  -  ResidentSetSize of job (KB)
...
006 (371.010.000) 12/09 06:30:33 Image size of job updated: 6840852
	4752  -  MemoryUsage of job (MB)
	4865492  -  ResidentSetSize of job (KB)
...
006 (371.010.000) 12/09 06:35:33 Image size of job updated: 6867648
	4778  -  MemoryUsage of job (MB)
	4892296  -  ResidentSetSize of job (KB)
...
006 (371.010.000) 12/09 06:40:33 Image size of job updated: 6894444
	4804  -  MemoryUsage of job (MB)
	4919244  -  ResidentSetSize of job (KB)
...
006 (371.010.000) 12/09 06:45:33 Image size of job updated: 6921108
	4830  -  MemoryUsage of job (MB)
	4945824  -  ResidentSetSize of job (KB)
...
006 (371.010.000) 12/09 06:50:34 Image size of job updated: 6948036
	4857  -  MemoryUsage of job (MB)
	4972752  -  ResidentSetSize of job (KB)
...
006 (371.010.000) 12/09 06:55:35 Image size of job updated: 6974964
	4883  -  MemoryUsage of job (MB)
	4999600  -  ResidentSetSize of job (KB)
...
006 (371.010.000) 12/09 07:00:35 Image size of job updated: 7002288
	4910  -  MemoryUsage of job (MB)
	5026968  -  ResidentSetSize of job (KB)
...
006 (371.010.000) 12/09 07:05:35 Image size of job updated: 7029216
	4936  -  MemoryUsage of job (MB)
	5054080  -  ResidentSetSize of job (KB)
...
006 (371.010.000) 12/09 07:10:36 Image size of job updated: 7056012
	4962  -  MemoryUsage of job (MB)
	5080856  -  ResidentSetSize of job (KB)
...
006 (371.010.000) 12/09 07:15:37 Image size of job updated: 7083072
	4989  -  MemoryUsage of job (MB)
	5107828  -  ResidentSetSize of job (KB)
...
006 (371.010.000) 12/09 07:20:37 Image size of job updated: 7110264
	5015  -  MemoryUsage of job (MB)
	5135076  -  ResidentSetSize of job (KB)
...
006 (371.010.000) 12/09 07:25:38 Image size of job updated: 7138380
	5043  -  MemoryUsage of job (MB)
	5163096  -  ResidentSetSize of job (KB)
...
006 (371.010.000) 12/09 07:30:39 Image size of job updated: 7165308
	5069  -  MemoryUsage of job (MB)
	5190008  -  ResidentSetSize of job (KB)
...
006 (371.010.000) 12/09 07:35:39 Image size of job updated: 7192236
	5095  -  MemoryUsage of job (MB)
	5217004  -  ResidentSetSize of job (KB)
...
006 (371.010.000) 12/09 07:40:39 Image size of job updated: 7219164
	5122  -  MemoryUsage of job (MB)
	5243944  -  ResidentSetSize of job (KB)
...
006 (371.010.000) 12/09 07:45:40 Image size of job updated: 7245960
	5148  -  MemoryUsage of job (MB)
	5270652  -  ResidentSetSize of job (KB)
...
006 (371.010.000) 12/09 07:50:41 Image size of job updated: 7273284
	5174  -  MemoryUsage of job (MB)
	5298072  -  ResidentSetSize of job (KB)
...
006 (371.010.000) 12/09 07:55:41 Image size of job updated: 7300476
	5201  -  MemoryUsage of job (MB)
	5325308  -  ResidentSetSize of job (KB)
...
006 (371.010.000) 12/09 08:00:42 Image size of job updated: 7327272
	5227  -  MemoryUsage of job (MB)
	5352116  -  ResidentSetSize of job (KB)
...
006 (371.010.000) 12/09 08:05:43 Image size of job updated: 7354200
	5253  -  MemoryUsage of job (MB)
	5379036  -  ResidentSetSize of job (KB)
...
006 (371.010.000) 12/09 08:10:43 Image size of job updated: 7381260
	5280  -  MemoryUsage of job (MB)
	5406024  -  ResidentSetSize of job (KB)
...
006 (371.010.000) 12/09 08:15:43 Image size of job updated: 7408320
	5306  -  MemoryUsage of job (MB)
	5433036  -  ResidentSetSize of job (KB)
...
006 (371.010.000) 12/09 08:20:44 Image size of job updated: 7435644
	5333  -  MemoryUsage of job (MB)
	5460360  -  ResidentSetSize of job (KB)
...
006 (371.010.000) 12/09 08:25:44 Image size of job updated: 7462704
	5359  -  MemoryUsage of job (MB)
	5487404  -  ResidentSetSize of job (KB)
...
006 (371.010.000) 12/09 08:30:44 Image size of job updated: 7489896
	5386  -  MemoryUsage of job (MB)
	5514732  -  ResidentSetSize of job (KB)
...
006 (371.010.000) 12/09 08:35:45 Image size of job updated: 7517088
	5412  -  MemoryUsage of job (MB)
	5541872  -  ResidentSetSize of job (KB)
...
006 (371.010.000) 12/09 08:40:46 Image size of job updated: 7544544
	5439  -  MemoryUsage of job (MB)
	5569260  -  ResidentSetSize of job (KB)
...
006 (371.010.000) 12/09 08:45:46 Image size of job updated: 7572132
	5466  -  MemoryUsage of job (MB)
	5596976  -  ResidentSetSize of job (KB)
...
006 (371.010.000) 12/09 08:50:46 Image size of job updated: 7599324
	5493  -  MemoryUsage of job (MB)
	5624148  -  ResidentSetSize of job (KB)
...
006 (371.010.000) 12/09 08:55:47 Image size of job updated: 7626384
	5519  -  MemoryUsage of job (MB)
	5651148  -  ResidentSetSize of job (KB)
...
006 (371.010.000) 12/09 09:00:47 Image size of job updated: 7653444
	5546  -  MemoryUsage of job (MB)
	5678188  -  ResidentSetSize of job (KB)
...
006 (371.010.000) 12/09 09:03:18 Image size of job updated: 7667040
	5546  -  MemoryUsage of job (MB)
	5678188  -  ResidentSetSize of job (KB)
...
005 (371.010.000) 12/09 09:03:18 Job terminated.
	(1) Normal termination (return value 0)
		Usr 0 17:39:09, Sys 0 00:00:10  -  Run Remote Usage
		Usr 0 00:00:00, Sys 0 00:00:00  -  Run Local Usage
		Usr 0 17:39:09, Sys 0 00:00:10  -  Total Remote Usage
		Usr 0 00:00:00, Sys 0 00:00:00  -  Total Local Usage
	0  -  Run Bytes Sent By Job
	0  -  Run Bytes Received By Job
	0  -  Total Bytes Sent By Job
	0  -  Total Bytes Received By Job
	Partitionable Resources :    Usage  Request Allocated
	   Cpus                 :                 1         1
	   Disk (KB)            :      175      175  12100224
	   Memory (MB)          :     5546        1      2012
...
