000 (365.017.000) 12/05 11:45:19 Job submitted from host: <128.104.190.61:58455?addrs=128.104.190.61-58455>
...
001 (365.017.000) 12/05 11:45:20 Job executing on host: <128.104.190.42:38951?addrs=128.104.190.42-38951>
...
006 (365.017.000) 12/05 11:45:29 Image size of job updated: 72716
	15  -  MemoryUsage of job (MB)
	14720  -  ResidentSetSize of job (KB)
...
006 (365.017.000) 12/05 11:50:30 Image size of job updated: 2248272
	102  -  MemoryUsage of job (MB)
	103572  -  ResidentSetSize of job (KB)
...
006 (365.017.000) 12/05 11:55:31 Image size of job updated: 2248576
	112  -  MemoryUsage of job (MB)
	114076  -  ResidentSetSize of job (KB)
...
006 (365.017.000) 12/05 12:00:31 Image size of job updated: 2249244
	115  -  MemoryUsage of job (MB)
	117048  -  ResidentSetSize of job (KB)
...
006 (365.017.000) 12/05 12:05:31 Image size of job updated: 2249380
	115  -  MemoryUsage of job (MB)
	117100  -  ResidentSetSize of job (KB)
...
006 (365.017.000) 12/05 12:10:32 Image size of job updated: 2250604
	126  -  MemoryUsage of job (MB)
	128620  -  ResidentSetSize of job (KB)
...
006 (365.017.000) 12/05 12:15:33 Image size of job updated: 2251396
	129  -  MemoryUsage of job (MB)
	131412  -  ResidentSetSize of job (KB)
...
006 (365.017.000) 12/05 12:20:33 Image size of job updated: 2253264
	133  -  MemoryUsage of job (MB)
	135788  -  ResidentSetSize of job (KB)
...
006 (365.017.000) 12/05 12:25:33 Image size of job updated: 2253396
	133  -  MemoryUsage of job (MB)
	136024  -  ResidentSetSize of job (KB)
...
006 (365.017.000) 12/05 12:30:34 Image size of job updated: 2253528
	133  -  MemoryUsage of job (MB)
	136036  -  ResidentSetSize of job (KB)
...
006 (365.017.000) 12/05 12:35:35 Image size of job updated: 2253528
	133  -  MemoryUsage of job (MB)
	136080  -  ResidentSetSize of job (KB)
...
006 (365.017.000) 12/05 12:40:35 Image size of job updated: 2253528
	133  -  MemoryUsage of job (MB)
	136112  -  ResidentSetSize of job (KB)
...
006 (365.017.000) 12/05 12:45:35 Image size of job updated: 2253528
	133  -  MemoryUsage of job (MB)
	136136  -  ResidentSetSize of job (KB)
...
006 (365.017.000) 12/05 12:50:36 Image size of job updated: 2253528
	133  -  MemoryUsage of job (MB)
	136148  -  ResidentSetSize of job (KB)
...
006 (365.017.000) 12/05 13:25:39 Image size of job updated: 2253528
	133  -  MemoryUsage of job (MB)
	136152  -  ResidentSetSize of job (KB)
...
006 (365.017.000) 12/05 13:50:42 Image size of job updated: 2253528
	133  -  MemoryUsage of job (MB)
	136160  -  ResidentSetSize of job (KB)
...
006 (365.017.000) 12/05 14:15:44 Image size of job updated: 2253660
	133  -  MemoryUsage of job (MB)
	136164  -  ResidentSetSize of job (KB)
...
006 (365.017.000) 12/05 14:20:44 Image size of job updated: 2253660
	133  -  MemoryUsage of job (MB)
	136172  -  ResidentSetSize of job (KB)
...
006 (365.017.000) 12/05 14:25:44 Image size of job updated: 2253660
	133  -  MemoryUsage of job (MB)
	136184  -  ResidentSetSize of job (KB)
...
006 (365.017.000) 12/05 14:35:46 Image size of job updated: 2253660
	134  -  MemoryUsage of job (MB)
	136336  -  ResidentSetSize of job (KB)
...
006 (365.017.000) 12/05 14:55:48 Image size of job updated: 2253660
	134  -  MemoryUsage of job (MB)
	136340  -  ResidentSetSize of job (KB)
...
005 (365.017.000) 12/05 14:56:13 Job terminated.
	(1) Normal termination (return value 0)
		Usr 0 03:10:48, Sys 0 00:00:00  -  Run Remote Usage
		Usr 0 00:00:00, Sys 0 00:00:00  -  Run Local Usage
		Usr 0 03:10:48, Sys 0 00:00:00  -  Total Remote Usage
		Usr 0 00:00:00, Sys 0 00:00:00  -  Total Local Usage
	0  -  Run Bytes Sent By Job
	0  -  Run Bytes Received By Job
	0  -  Total Bytes Sent By Job
	0  -  Total Bytes Received By Job
	Partitionable Resources :    Usage  Request Allocated
	   Cpus                 :                 1         1
	   Disk (KB)            :      175      175  12112297
	   Memory (MB)          :      134        1      2012
...
