000 (368.003.000) 12/07 15:15:16 Job submitted from host: <128.104.190.61:58455?addrs=128.104.190.61-58455>
...
001 (368.003.000) 12/07 15:15:17 Job executing on host: <128.104.190.58:56194?addrs=128.104.190.58-56194>
...
006 (368.003.000) 12/07 15:15:25 Image size of job updated: 93252
	14  -  MemoryUsage of job (MB)
	13700  -  ResidentSetSize of job (KB)
...
006 (368.003.000) 12/07 15:20:25 Image size of job updated: 2243124
	85  -  MemoryUsage of job (MB)
	86696  -  ResidentSetSize of job (KB)
...
006 (368.003.000) 12/07 15:40:26 Image size of job updated: 2243520
	85  -  MemoryUsage of job (MB)
	86884  -  ResidentSetSize of job (KB)
...
006 (368.003.000) 12/07 16:00:28 Image size of job updated: 2244180
	87  -  MemoryUsage of job (MB)
	88804  -  ResidentSetSize of job (KB)
...
006 (368.003.000) 12/07 17:05:35 Image size of job updated: 2244180
	88  -  MemoryUsage of job (MB)
	89496  -  ResidentSetSize of job (KB)
...
005 (368.003.000) 12/07 18:52:06 Job terminated.
	(1) Normal termination (return value 0)
		Usr 0 03:36:18, Sys 0 00:00:00  -  Run Remote Usage
		Usr 0 00:00:00, Sys 0 00:00:00  -  Run Local Usage
		Usr 0 03:36:18, Sys 0 00:00:00  -  Total Remote Usage
		Usr 0 00:00:00, Sys 0 00:00:00  -  Total Local Usage
	0  -  Run Bytes Sent By Job
	0  -  Run Bytes Received By Job
	0  -  Total Bytes Sent By Job
	0  -  Total Bytes Received By Job
	Partitionable Resources :    Usage  Request Allocated
	   Cpus                 :                 1         1
	   Disk (KB)            :      175      175 111219945
	   Memory (MB)          :       88        1      2002
...
