000 (364.019.000) 12/04 18:34:30 Job submitted from host: <128.104.190.61:58455?addrs=128.104.190.61-58455>
...
001 (364.019.000) 12/04 18:34:35 Job executing on host: <128.104.190.42:38951?addrs=128.104.190.42-38951>
...
006 (364.019.000) 12/04 18:34:44 Image size of job updated: 72368
	15  -  MemoryUsage of job (MB)
	14348  -  ResidentSetSize of job (KB)
...
006 (364.019.000) 12/04 18:39:45 Image size of job updated: 2243452
	124  -  MemoryUsage of job (MB)
	126172  -  ResidentSetSize of job (KB)
...
006 (364.019.000) 12/04 18:44:46 Image size of job updated: 2243452
	124  -  MemoryUsage of job (MB)
	126220  -  ResidentSetSize of job (KB)
...
006 (364.019.000) 12/04 18:49:46 Image size of job updated: 2243984
	124  -  MemoryUsage of job (MB)
	126956  -  ResidentSetSize of job (KB)
...
006 (364.019.000) 12/04 18:54:46 Image size of job updated: 2243984
	125  -  MemoryUsage of job (MB)
	127052  -  ResidentSetSize of job (KB)
...
006 (364.019.000) 12/04 19:09:48 Image size of job updated: 2243984
	125  -  MemoryUsage of job (MB)
	127060  -  ResidentSetSize of job (KB)
...
006 (364.019.000) 12/04 19:14:48 Image size of job updated: 2243984
	125  -  MemoryUsage of job (MB)
	127124  -  ResidentSetSize of job (KB)
...
006 (364.019.000) 12/04 19:29:50 Image size of job updated: 2244116
	125  -  MemoryUsage of job (MB)
	127336  -  ResidentSetSize of job (KB)
...
006 (364.019.000) 12/04 19:39:50 Image size of job updated: 2244116
	125  -  MemoryUsage of job (MB)
	127424  -  ResidentSetSize of job (KB)
...
006 (364.019.000) 12/04 19:44:51 Image size of job updated: 2244116
	125  -  MemoryUsage of job (MB)
	127448  -  ResidentSetSize of job (KB)
...
006 (364.019.000) 12/04 19:49:52 Image size of job updated: 2244116
	125  -  MemoryUsage of job (MB)
	127460  -  ResidentSetSize of job (KB)
...
006 (364.019.000) 12/04 20:19:54 Image size of job updated: 2244116
	125  -  MemoryUsage of job (MB)
	127464  -  ResidentSetSize of job (KB)
...
006 (364.019.000) 12/04 20:24:55 Image size of job updated: 2244116
	125  -  MemoryUsage of job (MB)
	127472  -  ResidentSetSize of job (KB)
...
005 (364.019.000) 12/04 21:01:37 Job terminated.
	(1) Normal termination (return value 0)
		Usr 0 02:26:53, Sys 0 00:00:00  -  Run Remote Usage
		Usr 0 00:00:00, Sys 0 00:00:00  -  Run Local Usage
		Usr 0 02:26:53, Sys 0 00:00:00  -  Total Remote Usage
		Usr 0 00:00:00, Sys 0 00:00:00  -  Total Local Usage
	0  -  Run Bytes Sent By Job
	0  -  Run Bytes Received By Job
	0  -  Total Bytes Sent By Job
	0  -  Total Bytes Received By Job
	Partitionable Resources :    Usage  Request Allocated
	   Cpus                 :                 1         1
	   Disk (KB)            :      175      175  12112339
	   Memory (MB)          :      125        1      2012
...
