000 (365.008.000) 12/05 11:45:19 Job submitted from host: <128.104.190.61:58455?addrs=128.104.190.61-58455>
...
001 (365.008.000) 12/05 11:45:20 Job executing on host: <128.104.190.42:38951?addrs=128.104.190.42-38951>
...
006 (365.008.000) 12/05 11:45:28 Image size of job updated: 93240
	25  -  MemoryUsage of job (MB)
	25500  -  ResidentSetSize of job (KB)
...
006 (365.008.000) 12/05 11:50:28 Image size of job updated: 2270812
	1016  -  MemoryUsage of job (MB)
	1039424  -  ResidentSetSize of job (KB)
...
006 (365.008.000) 12/05 11:55:29 Image size of job updated: 2273944
	1019  -  MemoryUsage of job (MB)
	1042616  -  ResidentSetSize of job (KB)
...
006 (365.008.000) 12/05 12:00:30 Image size of job updated: 2274604
	1019  -  MemoryUsage of job (MB)
	1043208  -  ResidentSetSize of job (KB)
...
006 (365.008.000) 12/05 12:05:30 Image size of job updated: 2274868
	1020  -  MemoryUsage of job (MB)
	1043820  -  ResidentSetSize of job (KB)
...
006 (365.008.000) 12/05 12:10:30 Image size of job updated: 2275000
	1020  -  MemoryUsage of job (MB)
	1043912  -  ResidentSetSize of job (KB)
...
006 (365.008.000) 12/05 12:15:31 Image size of job updated: 2275268
	1020  -  MemoryUsage of job (MB)
	1044208  -  ResidentSetSize of job (KB)
...
006 (365.008.000) 12/05 12:25:32 Image size of job updated: 2275532
	1020  -  MemoryUsage of job (MB)
	1044404  -  ResidentSetSize of job (KB)
...
006 (365.008.000) 12/05 12:30:32 Image size of job updated: 2275532
	1020  -  MemoryUsage of job (MB)
	1044408  -  ResidentSetSize of job (KB)
...
006 (365.008.000) 12/05 12:35:33 Image size of job updated: 2275532
	1021  -  MemoryUsage of job (MB)
	1044512  -  ResidentSetSize of job (KB)
...
006 (365.008.000) 12/05 12:40:34 Image size of job updated: 2275664
	1021  -  MemoryUsage of job (MB)
	1044644  -  ResidentSetSize of job (KB)
...
006 (365.008.000) 12/05 12:55:35 Image size of job updated: 2276324
	1021  -  MemoryUsage of job (MB)
	1045232  -  ResidentSetSize of job (KB)
...
006 (365.008.000) 12/05 13:15:37 Image size of job updated: 2276456
	1022  -  MemoryUsage of job (MB)
	1045684  -  ResidentSetSize of job (KB)
...
006 (365.008.000) 12/05 13:35:40 Image size of job updated: 2276992
	1022  -  MemoryUsage of job (MB)
	1046232  -  ResidentSetSize of job (KB)
...
006 (365.008.000) 12/05 14:10:44 Image size of job updated: 2277256
	1022  -  MemoryUsage of job (MB)
	1046476  -  ResidentSetSize of job (KB)
...
006 (365.008.000) 12/05 14:15:44 Image size of job updated: 2277520
	1023  -  MemoryUsage of job (MB)
	1046716  -  ResidentSetSize of job (KB)
...
006 (365.008.000) 12/05 14:20:45 Image size of job updated: 2277520
	1023  -  MemoryUsage of job (MB)
	1046820  -  ResidentSetSize of job (KB)
...
006 (365.008.000) 12/05 14:25:46 Image size of job updated: 2277652
	1023  -  MemoryUsage of job (MB)
	1046860  -  ResidentSetSize of job (KB)
...
005 (365.008.000) 12/05 14:26:23 Job terminated.
	(1) Normal termination (return value 0)
		Usr 0 02:40:45, Sys 0 00:00:00  -  Run Remote Usage
		Usr 0 00:00:00, Sys 0 00:00:00  -  Run Local Usage
		Usr 0 02:40:45, Sys 0 00:00:00  -  Total Remote Usage
		Usr 0 00:00:00, Sys 0 00:00:00  -  Total Local Usage
	0  -  Run Bytes Sent By Job
	0  -  Run Bytes Received By Job
	0  -  Total Bytes Sent By Job
	0  -  Total Bytes Received By Job
	Partitionable Resources :    Usage  Request Allocated
	   Cpus                 :                 1         1
	   Disk (KB)            :      175      175  12112297
	   Memory (MB)          :     1023        1      2012
...
