000 (369.016.000) 12/07 15:37:24 Job submitted from host: <128.104.190.61:58455?addrs=128.104.190.61-58455>
...
001 (369.016.000) 12/07 15:37:25 Job executing on host: <128.104.190.42:38951?addrs=128.104.190.42-38951>
...
006 (369.016.000) 12/07 15:37:34 Image size of job updated: 175
	4  -  MemoryUsage of job (MB)
	3716  -  ResidentSetSize of job (KB)
...
006 (369.016.000) 12/07 15:42:35 Image size of job updated: 2241444
	86  -  MemoryUsage of job (MB)
	87052  -  ResidentSetSize of job (KB)
...
006 (369.016.000) 12/07 15:57:36 Image size of job updated: 2241576
	86  -  MemoryUsage of job (MB)
	87120  -  ResidentSetSize of job (KB)
...
006 (369.016.000) 12/07 16:02:37 Image size of job updated: 2243424
	87  -  MemoryUsage of job (MB)
	88896  -  ResidentSetSize of job (KB)
...
006 (369.016.000) 12/07 16:07:37 Image size of job updated: 2266788
	110  -  MemoryUsage of job (MB)
	112284  -  ResidentSetSize of job (KB)
...
006 (369.016.000) 12/07 16:12:37 Image size of job updated: 2289360
	132  -  MemoryUsage of job (MB)
	134868  -  ResidentSetSize of job (KB)
...
006 (369.016.000) 12/07 16:17:38 Image size of job updated: 2312724
	155  -  MemoryUsage of job (MB)
	158120  -  ResidentSetSize of job (KB)
...
006 (369.016.000) 12/07 16:22:38 Image size of job updated: 2335164
	177  -  MemoryUsage of job (MB)
	180676  -  ResidentSetSize of job (KB)
...
006 (369.016.000) 12/07 16:27:38 Image size of job updated: 2357868
	199  -  MemoryUsage of job (MB)
	203356  -  ResidentSetSize of job (KB)
...
006 (369.016.000) 12/07 16:32:39 Image size of job updated: 2380968
	222  -  MemoryUsage of job (MB)
	226692  -  ResidentSetSize of job (KB)
...
006 (369.016.000) 12/07 16:37:40 Image size of job updated: 2404200
	244  -  MemoryUsage of job (MB)
	249832  -  ResidentSetSize of job (KB)
...
006 (369.016.000) 12/07 16:42:40 Image size of job updated: 2426508
	266  -  MemoryUsage of job (MB)
	272144  -  ResidentSetSize of job (KB)
...
006 (369.016.000) 12/07 16:47:41 Image size of job updated: 2449212
	288  -  MemoryUsage of job (MB)
	294892  -  ResidentSetSize of job (KB)
...
006 (369.016.000) 12/07 16:52:42 Image size of job updated: 2472048
	311  -  MemoryUsage of job (MB)
	317688  -  ResidentSetSize of job (KB)
...
006 (369.016.000) 12/07 16:57:42 Image size of job updated: 2494356
	332  -  MemoryUsage of job (MB)
	339916  -  ResidentSetSize of job (KB)
...
006 (369.016.000) 12/07 17:02:42 Image size of job updated: 2517324
	355  -  MemoryUsage of job (MB)
	362972  -  ResidentSetSize of job (KB)
...
006 (369.016.000) 12/07 17:07:43 Image size of job updated: 2540028
	377  -  MemoryUsage of job (MB)
	385652  -  ResidentSetSize of job (KB)
...
006 (369.016.000) 12/07 17:12:44 Image size of job updated: 2562864
	400  -  MemoryUsage of job (MB)
	408632  -  ResidentSetSize of job (KB)
...
006 (369.016.000) 12/07 17:17:44 Image size of job updated: 2585304
	421  -  MemoryUsage of job (MB)
	430924  -  ResidentSetSize of job (KB)
...
006 (369.016.000) 12/07 17:22:45 Image size of job updated: 2608272
	444  -  MemoryUsage of job (MB)
	453988  -  ResidentSetSize of job (KB)
...
006 (369.016.000) 12/07 17:27:46 Image size of job updated: 2630844
	466  -  MemoryUsage of job (MB)
	476436  -  ResidentSetSize of job (KB)
...
006 (369.016.000) 12/07 17:32:46 Image size of job updated: 2653680
	488  -  MemoryUsage of job (MB)
	499340  -  ResidentSetSize of job (KB)
...
006 (369.016.000) 12/07 17:37:46 Image size of job updated: 2675988
	510  -  MemoryUsage of job (MB)
	521616  -  ResidentSetSize of job (KB)
...
006 (369.016.000) 12/07 17:42:47 Image size of job updated: 2698824
	532  -  MemoryUsage of job (MB)
	544460  -  ResidentSetSize of job (KB)
...
006 (369.016.000) 12/07 17:47:48 Image size of job updated: 2721264
	554  -  MemoryUsage of job (MB)
	566964  -  ResidentSetSize of job (KB)
...
006 (369.016.000) 12/07 17:52:48 Image size of job updated: 2743836
	576  -  MemoryUsage of job (MB)
	589472  -  ResidentSetSize of job (KB)
...
006 (369.016.000) 12/07 17:57:49 Image size of job updated: 2766408
	598  -  MemoryUsage of job (MB)
	611972  -  ResidentSetSize of job (KB)
...
006 (369.016.000) 12/07 18:02:50 Image size of job updated: 2789112
	620  -  MemoryUsage of job (MB)
	634832  -  ResidentSetSize of job (KB)
...
006 (369.016.000) 12/07 18:07:50 Image size of job updated: 2811948
	643  -  MemoryUsage of job (MB)
	657540  -  ResidentSetSize of job (KB)
...
006 (369.016.000) 12/07 18:12:50 Image size of job updated: 2834652
	665  -  MemoryUsage of job (MB)
	680296  -  ResidentSetSize of job (KB)
...
006 (369.016.000) 12/07 18:17:52 Image size of job updated: 2857356
	687  -  MemoryUsage of job (MB)
	702876  -  ResidentSetSize of job (KB)
...
006 (369.016.000) 12/07 18:22:52 Image size of job updated: 2880192
	709  -  MemoryUsage of job (MB)
	725800  -  ResidentSetSize of job (KB)
...
006 (369.016.000) 12/07 18:27:52 Image size of job updated: 2902500
	731  -  MemoryUsage of job (MB)
	748196  -  ResidentSetSize of job (KB)
...
006 (369.016.000) 12/07 18:32:53 Image size of job updated: 2925864
	754  -  MemoryUsage of job (MB)
	771392  -  ResidentSetSize of job (KB)
...
006 (369.016.000) 12/07 18:37:54 Image size of job updated: 2948304
	776  -  MemoryUsage of job (MB)
	793740  -  ResidentSetSize of job (KB)
...
006 (369.016.000) 12/07 18:42:54 Image size of job updated: 2970612
	798  -  MemoryUsage of job (MB)
	816344  -  ResidentSetSize of job (KB)
...
006 (369.016.000) 12/07 18:47:54 Image size of job updated: 2994108
	821  -  MemoryUsage of job (MB)
	839764  -  ResidentSetSize of job (KB)
...
006 (369.016.000) 12/07 18:52:55 Image size of job updated: 3016152
	842  -  MemoryUsage of job (MB)
	861880  -  ResidentSetSize of job (KB)
...
006 (369.016.000) 12/07 18:57:55 Image size of job updated: 3039780
	865  -  MemoryUsage of job (MB)
	885408  -  ResidentSetSize of job (KB)
...
006 (369.016.000) 12/07 19:02:55 Image size of job updated: 3062880
	888  -  MemoryUsage of job (MB)
	908568  -  ResidentSetSize of job (KB)
...
006 (369.016.000) 12/07 19:07:56 Image size of job updated: 3087300
	912  -  MemoryUsage of job (MB)
	932912  -  ResidentSetSize of job (KB)
...
006 (369.016.000) 12/07 19:12:57 Image size of job updated: 3111852
	936  -  MemoryUsage of job (MB)
	957580  -  ResidentSetSize of job (KB)
...
006 (369.016.000) 12/07 19:17:57 Image size of job updated: 3135744
	959  -  MemoryUsage of job (MB)
	981424  -  ResidentSetSize of job (KB)
...
006 (369.016.000) 12/07 19:22:57 Image size of job updated: 3159636
	982  -  MemoryUsage of job (MB)
	1005136  -  ResidentSetSize of job (KB)
...
006 (369.016.000) 12/07 19:27:58 Image size of job updated: 3183792
	1006  -  MemoryUsage of job (MB)
	1029496  -  ResidentSetSize of job (KB)
...
006 (369.016.000) 12/07 19:32:58 Image size of job updated: 3208608
	1030  -  MemoryUsage of job (MB)
	1054292  -  ResidentSetSize of job (KB)
...
006 (369.016.000) 12/07 19:37:58 Image size of job updated: 3232368
	1053  -  MemoryUsage of job (MB)
	1078088  -  ResidentSetSize of job (KB)
...
006 (369.016.000) 12/07 19:42:59 Image size of job updated: 3262332
	1083  -  MemoryUsage of job (MB)
	1108080  -  ResidentSetSize of job (KB)
...
006 (369.016.000) 12/07 19:48:00 Image size of job updated: 3293088
	1112  -  MemoryUsage of job (MB)
	1138680  -  ResidentSetSize of job (KB)
...
006 (369.016.000) 12/07 19:49:25 Image size of job updated: 3302196
	1112  -  MemoryUsage of job (MB)
	1138680  -  ResidentSetSize of job (KB)
...
005 (369.016.000) 12/07 19:49:25 Job terminated.
	(1) Normal termination (return value 0)
		Usr 0 04:11:44, Sys 0 00:00:02  -  Run Remote Usage
		Usr 0 00:00:00, Sys 0 00:00:00  -  Run Local Usage
		Usr 0 04:11:44, Sys 0 00:00:02  -  Total Remote Usage
		Usr 0 00:00:00, Sys 0 00:00:00  -  Total Local Usage
	0  -  Run Bytes Sent By Job
	0  -  Run Bytes Received By Job
	0  -  Total Bytes Sent By Job
	0  -  Total Bytes Received By Job
	Partitionable Resources :    Usage  Request Allocated
	   Cpus                 :                 1         1
	   Disk (KB)            :      175      175  12112469
	   Memory (MB)          :     1112        1      2012
...
