000 (363.002.000) 12/04 13:22:52 Job submitted from host: <128.104.190.61:58455?addrs=128.104.190.61-58455>
...
001 (363.002.000) 12/04 13:22:58 Job executing on host: <128.104.190.58:56194?addrs=128.104.190.58-56194>
...
006 (363.002.000) 12/04 13:23:06 Image size of job updated: 72172
	14  -  MemoryUsage of job (MB)
	13920  -  ResidentSetSize of job (KB)
...
006 (363.002.000) 12/04 13:28:06 Image size of job updated: 2254140
	405  -  MemoryUsage of job (MB)
	414480  -  ResidentSetSize of job (KB)
...
006 (363.002.000) 12/04 13:33:06 Image size of job updated: 2254404
	487  -  MemoryUsage of job (MB)
	498600  -  ResidentSetSize of job (KB)
...
006 (363.002.000) 12/04 13:48:08 Image size of job updated: 2255064
	516  -  MemoryUsage of job (MB)
	527948  -  ResidentSetSize of job (KB)
...
006 (363.002.000) 12/04 13:53:09 Image size of job updated: 2255856
	529  -  MemoryUsage of job (MB)
	541016  -  ResidentSetSize of job (KB)
...
006 (363.002.000) 12/04 14:03:10 Image size of job updated: 2256384
	531  -  MemoryUsage of job (MB)
	543644  -  ResidentSetSize of job (KB)
...
006 (363.002.000) 12/04 14:08:10 Image size of job updated: 2256384
	541  -  MemoryUsage of job (MB)
	553884  -  ResidentSetSize of job (KB)
...
006 (363.002.000) 12/04 16:23:25 Image size of job updated: 2256384
	542  -  MemoryUsage of job (MB)
	554112  -  ResidentSetSize of job (KB)
...
005 (363.002.000) 12/04 17:08:59 Job terminated.
	(1) Normal termination (return value 0)
		Usr 0 03:45:45, Sys 0 00:00:00  -  Run Remote Usage
		Usr 0 00:00:00, Sys 0 00:00:00  -  Run Local Usage
		Usr 0 03:45:45, Sys 0 00:00:00  -  Total Remote Usage
		Usr 0 00:00:00, Sys 0 00:00:00  -  Total Local Usage
	0  -  Run Bytes Sent By Job
	0  -  Run Bytes Received By Job
	0  -  Total Bytes Sent By Job
	0  -  Total Bytes Received By Job
	Partitionable Resources :    Usage  Request Allocated
	   Cpus                 :                 1         1
	   Disk (KB)            :      175      175 111269420
	   Memory (MB)          :      542        1      2002
...
