000 (365.016.000) 12/05 11:45:19 Job submitted from host: <128.104.190.61:58455?addrs=128.104.190.61-58455>
...
001 (365.016.000) 12/05 11:45:20 Job executing on host: <128.104.190.42:38951?addrs=128.104.190.42-38951>
...
006 (365.016.000) 12/05 11:45:29 Image size of job updated: 72716
	15  -  MemoryUsage of job (MB)
	15172  -  ResidentSetSize of job (KB)
...
006 (365.016.000) 12/05 11:50:30 Image size of job updated: 2243836
	88  -  MemoryUsage of job (MB)
	89976  -  ResidentSetSize of job (KB)
...
006 (365.016.000) 12/05 11:55:31 Image size of job updated: 2243968
	88  -  MemoryUsage of job (MB)
	90088  -  ResidentSetSize of job (KB)
...
006 (365.016.000) 12/05 12:00:31 Image size of job updated: 2244364
	89  -  MemoryUsage of job (MB)
	90676  -  ResidentSetSize of job (KB)
...
006 (365.016.000) 12/05 12:35:35 Image size of job updated: 2244364
	89  -  MemoryUsage of job (MB)
	90684  -  ResidentSetSize of job (KB)
...
006 (365.016.000) 12/05 12:45:36 Image size of job updated: 2244364
	89  -  MemoryUsage of job (MB)
	90704  -  ResidentSetSize of job (KB)
...
006 (365.016.000) 12/05 13:25:40 Image size of job updated: 2244496
	89  -  MemoryUsage of job (MB)
	90828  -  ResidentSetSize of job (KB)
...
006 (365.016.000) 12/05 13:30:42 Image size of job updated: 2244496
	89  -  MemoryUsage of job (MB)
	90844  -  ResidentSetSize of job (KB)
...
006 (365.016.000) 12/05 13:35:42 Image size of job updated: 2244628
	89  -  MemoryUsage of job (MB)
	90868  -  ResidentSetSize of job (KB)
...
005 (365.016.000) 12/05 14:00:32 Job terminated.
	(1) Normal termination (return value 0)
		Usr 0 02:15:01, Sys 0 00:00:00  -  Run Remote Usage
		Usr 0 00:00:00, Sys 0 00:00:00  -  Run Local Usage
		Usr 0 02:15:01, Sys 0 00:00:00  -  Total Remote Usage
		Usr 0 00:00:00, Sys 0 00:00:00  -  Total Local Usage
	0  -  Run Bytes Sent By Job
	0  -  Run Bytes Received By Job
	0  -  Total Bytes Sent By Job
	0  -  Total Bytes Received By Job
	Partitionable Resources :    Usage  Request Allocated
	   Cpus                 :                 1         1
	   Disk (KB)            :      175      175  12112297
	   Memory (MB)          :       89        1      2012
...
