000 (370.014.000) 12/07 16:02:23 Job submitted from host: <128.104.190.61:58455?addrs=128.104.190.61-58455>
...
001 (370.014.000) 12/07 16:02:24 Job executing on host: <128.104.190.16:14003?addrs=128.104.190.16-14003>
...
006 (370.014.000) 12/07 16:02:33 Image size of job updated: 72600
	15  -  MemoryUsage of job (MB)
	14968  -  ResidentSetSize of job (KB)
...
006 (370.014.000) 12/07 16:07:34 Image size of job updated: 2262652
	287  -  MemoryUsage of job (MB)
	293680  -  ResidentSetSize of job (KB)
...
006 (370.014.000) 12/07 16:12:34 Image size of job updated: 2264436
	447  -  MemoryUsage of job (MB)
	457344  -  ResidentSetSize of job (KB)
...
006 (370.014.000) 12/07 16:17:35 Image size of job updated: 2264436
	449  -  MemoryUsage of job (MB)
	459392  -  ResidentSetSize of job (KB)
...
006 (370.014.000) 12/07 16:22:36 Image size of job updated: 2264436
	451  -  MemoryUsage of job (MB)
	461440  -  ResidentSetSize of job (KB)
...
006 (370.014.000) 12/07 16:27:36 Image size of job updated: 2264436
	453  -  MemoryUsage of job (MB)
	463488  -  ResidentSetSize of job (KB)
...
006 (370.014.000) 12/07 16:32:36 Image size of job updated: 2264436
	457  -  MemoryUsage of job (MB)
	467584  -  ResidentSetSize of job (KB)
...
006 (370.014.000) 12/07 16:37:37 Image size of job updated: 2264700
	458  -  MemoryUsage of job (MB)
	467976  -  ResidentSetSize of job (KB)
...
006 (370.014.000) 12/07 18:57:52 Image size of job updated: 2265108
	458  -  MemoryUsage of job (MB)
	468312  -  ResidentSetSize of job (KB)
...
005 (370.014.000) 12/07 20:37:13 Job terminated.
	(1) Normal termination (return value 0)
		Usr 0 04:34:26, Sys 0 00:00:06  -  Run Remote Usage
		Usr 0 00:00:00, Sys 0 00:00:00  -  Run Local Usage
		Usr 0 04:34:26, Sys 0 00:00:06  -  Total Remote Usage
		Usr 0 00:00:00, Sys 0 00:00:00  -  Total Local Usage
	0  -  Run Bytes Sent By Job
	0  -  Run Bytes Received By Job
	0  -  Total Bytes Sent By Job
	0  -  Total Bytes Received By Job
	Partitionable Resources :    Usage  Request Allocated
	   Cpus                 :                 1         1
	   Disk (KB)            :      175      175  12112527
	   Memory (MB)          :      458        1      2012
...
