000 (368.023.000) 12/07 15:15:16 Job submitted from host: <128.104.190.61:58455?addrs=128.104.190.61-58455>
...
001 (368.023.000) 12/07 15:15:17 Job executing on host: <128.104.190.42:38951?addrs=128.104.190.42-38951>
...
006 (368.023.000) 12/07 15:15:25 Image size of job updated: 82208
	26  -  MemoryUsage of job (MB)
	25992  -  ResidentSetSize of job (KB)
...
006 (368.023.000) 12/07 15:20:25 Image size of job updated: 2242944
	100  -  MemoryUsage of job (MB)
	101988  -  ResidentSetSize of job (KB)
...
006 (368.023.000) 12/07 15:30:26 Image size of job updated: 2243208
	101  -  MemoryUsage of job (MB)
	102436  -  ResidentSetSize of job (KB)
...
006 (368.023.000) 12/07 15:35:26 Image size of job updated: 2243208
	101  -  MemoryUsage of job (MB)
	102456  -  ResidentSetSize of job (KB)
...
006 (368.023.000) 12/07 15:45:27 Image size of job updated: 2243340
	101  -  MemoryUsage of job (MB)
	102492  -  ResidentSetSize of job (KB)
...
006 (368.023.000) 12/07 16:00:29 Image size of job updated: 2243340
	101  -  MemoryUsage of job (MB)
	102844  -  ResidentSetSize of job (KB)
...
006 (368.023.000) 12/07 17:15:37 Image size of job updated: 2243340
	101  -  MemoryUsage of job (MB)
	102852  -  ResidentSetSize of job (KB)
...
006 (368.023.000) 12/07 18:05:43 Image size of job updated: 2243340
	101  -  MemoryUsage of job (MB)
	102856  -  ResidentSetSize of job (KB)
...
006 (368.023.000) 12/07 18:35:46 Image size of job updated: 2243340
	101  -  MemoryUsage of job (MB)
	102860  -  ResidentSetSize of job (KB)
...
