000 (365.022.000) 12/05 11:45:19 Job submitted from host: <128.104.190.61:58455?addrs=128.104.190.61-58455>
...
001 (365.022.000) 12/05 11:45:20 Job executing on host: <128.104.190.42:38951?addrs=128.104.190.42-38951>
...
006 (365.022.000) 12/05 11:45:29 Image size of job updated: 175
	4  -  MemoryUsage of job (MB)
	3788  -  ResidentSetSize of job (KB)
...
006 (365.022.000) 12/05 11:50:30 Image size of job updated: 2246348
	98  -  MemoryUsage of job (MB)
	99332  -  ResidentSetSize of job (KB)
...
006 (365.022.000) 12/05 11:55:30 Image size of job updated: 2250740
	108  -  MemoryUsage of job (MB)
	110004  -  ResidentSetSize of job (KB)
...
006 (365.022.000) 12/05 12:00:30 Image size of job updated: 2251400
	109  -  MemoryUsage of job (MB)
	110896  -  ResidentSetSize of job (KB)
...
006 (365.022.000) 12/05 12:05:31 Image size of job updated: 2251400
	109  -  MemoryUsage of job (MB)
	110940  -  ResidentSetSize of job (KB)
...
006 (365.022.000) 12/05 12:30:34 Image size of job updated: 2251400
	109  -  MemoryUsage of job (MB)
	110944  -  ResidentSetSize of job (KB)
...
006 (365.022.000) 12/05 12:40:34 Image size of job updated: 2251532
	109  -  MemoryUsage of job (MB)
	111116  -  ResidentSetSize of job (KB)
...
006 (365.022.000) 12/05 12:45:35 Image size of job updated: 2251664
	109  -  MemoryUsage of job (MB)
	111192  -  ResidentSetSize of job (KB)
...
006 (365.022.000) 12/05 13:05:37 Image size of job updated: 2253104
	111  -  MemoryUsage of job (MB)
	112832  -  ResidentSetSize of job (KB)
...
006 (365.022.000) 12/05 13:10:38 Image size of job updated: 2253632
	111  -  MemoryUsage of job (MB)
	113360  -  ResidentSetSize of job (KB)
...
006 (365.022.000) 12/05 13:30:40 Image size of job updated: 2253764
	111  -  MemoryUsage of job (MB)
	113412  -  ResidentSetSize of job (KB)
...
006 (365.022.000) 12/05 13:35:41 Image size of job updated: 2253764
	111  -  MemoryUsage of job (MB)
	113444  -  ResidentSetSize of job (KB)
...
006 (365.022.000) 12/05 14:00:43 Image size of job updated: 2253896
	111  -  MemoryUsage of job (MB)
	113536  -  ResidentSetSize of job (KB)
...
005 (365.022.000) 12/05 14:19:08 Job terminated.
	(1) Normal termination (return value 0)
		Usr 0 02:33:30, Sys 0 00:00:00  -  Run Remote Usage
		Usr 0 00:00:00, Sys 0 00:00:00  -  Run Local Usage
		Usr 0 02:33:30, Sys 0 00:00:00  -  Total Remote Usage
		Usr 0 00:00:00, Sys 0 00:00:00  -  Total Local Usage
	0  -  Run Bytes Sent By Job
	0  -  Run Bytes Received By Job
	0  -  Total Bytes Sent By Job
	0  -  Total Bytes Received By Job
	Partitionable Resources :    Usage  Request Allocated
	   Cpus                 :                 1         1
	   Disk (KB)            :      175      175  12112297
	   Memory (MB)          :      111        1      2012
...
