warn: DRAM device capacity (8192 Mbytes) does not match the address range assigned (2048 Mbytes)
warn: Sockets disabled, not accepting gdb connections
info: Entering event queue @ 0.  Starting simulation...
info: Increasing stack size by one page.
info: Increasing stack size by one page.
info: Increasing stack size by one page.
info: Increasing stack size by one page.
info: Increasing stack size by one page.
info: Increasing stack size by one page.
info: Increasing stack size by one page.
info: Increasing stack size by one page.
info: Increasing stack size by one page.
info: Increasing stack size by one page.
info: Increasing stack size by one page.
info: Increasing stack size by one page.
info: Increasing stack size by one page.
warn: mremapping to new vaddr 0x3faa6000-0x3fad7000, adding 65536
warn: returning 0x3faa6000 as start
warn: mremapping to new vaddr 0x3fa44000-0x3fa75000, adding 65536
warn: returning 0x3fa44000 as start
warn: mremapping to new vaddr 0x3f9e2000-0x3fa13000, adding 65536
warn: returning 0x3f9e2000 as start
warn: mremapping to new vaddr 0x3f9a1000-0x3f9e2000, adding 65536
warn: returning 0x3f9a1000 as start
warn: mremapping to new vaddr 0x3f960000-0x3f9a1000, adding 65536
warn: returning 0x3f960000 as start
warn: mremapping to new vaddr 0x3f91f000-0x3f960000, adding 65536
warn: returning 0x3f91f000 as start
warn: mremapping to new vaddr 0x3f87d000-0x3f8ce000, adding 65536
warn: returning 0x3f87d000 as start
warn: mremapping to new vaddr 0x3f82c000-0x3f87d000, adding 65536
warn: returning 0x3f82c000 as start
warn: mremapping to new vaddr 0x3f7b9000-0x3f7ea000, adding 65536
warn: returning 0x3f7b9000 as start
warn: mremapping to new vaddr 0x3f778000-0x3f7b9000, adding 65536
warn: returning 0x3f778000 as start
warn: mremapping to new vaddr 0x3f727000-0x3f778000, adding 65536
warn: returning 0x3f727000 as start
warn: mremapping to new vaddr 0x3f6c6000-0x3f727000, adding 65536
warn: returning 0x3f6c6000 as start
warn: mremapping to new vaddr 0x3f655000-0x3f6c6000, adding 65536
warn: returning 0x3f655000 as start
warn: mremapping to new vaddr 0x3f5d4000-0x3f655000, adding 65536
warn: returning 0x3f5d4000 as start
warn: mremapping to new vaddr 0x3f543000-0x3f5d4000, adding 65536
warn: returning 0x3f543000 as start
warn: mremapping to new vaddr 0x3f4a2000-0x3f543000, adding 65536
warn: returning 0x3f4a2000 as start
warn: mremapping to new vaddr 0x3f3f1000-0x3f4a2000, adding 65536
warn: returning 0x3f3f1000 as start
warn: mremapping to new vaddr 0x3f330000-0x3f3f1000, adding 65536
warn: returning 0x3f330000 as start
warn: mremapping to new vaddr 0x3f21d000-0x3f2ee000, adding 65536
warn: returning 0x3f21d000 as start
warn: mremapping to new vaddr 0x3f13c000-0x3f21d000, adding 65536
warn: returning 0x3f13c000 as start
warn: mremapping to new vaddr 0x3f04b000-0x3f13c000, adding 65536
warn: returning 0x3f04b000 as start
warn: User mode does not have SPSR
warn: User mode does not have SPSR
info: Entering event queue @ 706066800500.  Starting simulation...
warn: mremapping to new vaddr 0x3ef4a000-0x3f04b000, adding 65536
warn: returning 0x3ef4a000 as start
warn: mremapping to new vaddr 0x3ee39000-0x3ef4a000, adding 65536
warn: returning 0x3ee39000 as start
warn: mremapping to new vaddr 0x3ed18000-0x3ee39000, adding 65536
warn: returning 0x3ed18000 as start
warn: mremapping to new vaddr 0x3ebe7000-0x3ed18000, adding 65536
warn: returning 0x3ebe7000 as start
warn: mremapping to new vaddr 0x3eaa6000-0x3ebe7000, adding 65536
warn: returning 0x3eaa6000 as start
warn: mremapping to new vaddr 0x3ea45000-0x3eaa6000, adding 65536
warn: returning 0x3ea45000 as start
warn: mremapping to new vaddr 0x3e8f4000-0x3ea45000, adding 65536
warn: returning 0x3e8f4000 as start
warn: mremapping to new vaddr 0x3e793000-0x3e8f4000, adding 65536
warn: returning 0x3e793000 as start
