000 (363.015.000) 12/04 13:22:52 Job submitted from host: <128.104.190.61:58455?addrs=128.104.190.61-58455>
...
001 (363.015.000) 12/04 13:22:58 Job executing on host: <128.104.190.42:38951?addrs=128.104.190.42-38951>
...
006 (363.015.000) 12/04 13:23:07 Image size of job updated: 2244004
	90  -  MemoryUsage of job (MB)
	92072  -  ResidentSetSize of job (KB)
...
006 (363.015.000) 12/04 13:26:56 Image size of job updated: 2261224
	90  -  MemoryUsage of job (MB)
	92072  -  ResidentSetSize of job (KB)
...
005 (363.015.000) 12/04 13:26:56 Job terminated.
	(1) Normal termination (return value 0)
		Usr 0 00:03:45, Sys 0 00:00:00  -  Run Remote Usage
		Usr 0 00:00:00, Sys 0 00:00:00  -  Run Local Usage
		Usr 0 00:03:45, Sys 0 00:00:00  -  Total Remote Usage
		Usr 0 00:00:00, Sys 0 00:00:00  -  Total Local Usage
	0  -  Run Bytes Sent By Job
	0  -  Run Bytes Received By Job
	0  -  Total Bytes Sent By Job
	0  -  Total Bytes Received By Job
	Partitionable Resources :    Usage  Request Allocated
	   Cpus                 :                 1         1
	   Disk (KB)            :      175      175  12112338
	   Memory (MB)          :       90        1      2012
...
