000 (364.012.000) 12/04 18:34:30 Job submitted from host: <128.104.190.61:58455?addrs=128.104.190.61-58455>
...
001 (364.012.000) 12/04 18:34:35 Job executing on host: <128.104.190.42:38951?addrs=128.104.190.42-38951>
...
006 (364.012.000) 12/04 18:34:43 Image size of job updated: 93240
	25  -  MemoryUsage of job (MB)
	25396  -  ResidentSetSize of job (KB)
...
006 (364.012.000) 12/04 18:39:43 Image size of job updated: 2258672
	104  -  MemoryUsage of job (MB)
	106268  -  ResidentSetSize of job (KB)
...
006 (364.012.000) 12/04 18:44:44 Image size of job updated: 2258672
	104  -  MemoryUsage of job (MB)
	106276  -  ResidentSetSize of job (KB)
...
006 (364.012.000) 12/04 18:49:45 Image size of job updated: 2258672
	104  -  MemoryUsage of job (MB)
	106312  -  ResidentSetSize of job (KB)
...
006 (364.012.000) 12/04 18:54:45 Image size of job updated: 2259340
	105  -  MemoryUsage of job (MB)
	107164  -  ResidentSetSize of job (KB)
...
006 (364.012.000) 12/04 18:59:45 Image size of job updated: 2259868
	106  -  MemoryUsage of job (MB)
	107832  -  ResidentSetSize of job (KB)
...
006 (364.012.000) 12/04 19:09:46 Image size of job updated: 2259868
	106  -  MemoryUsage of job (MB)
	107880  -  ResidentSetSize of job (KB)
...
006 (364.012.000) 12/04 19:19:47 Image size of job updated: 2259868
	106  -  MemoryUsage of job (MB)
	107892  -  ResidentSetSize of job (KB)
...
006 (364.012.000) 12/04 19:44:50 Image size of job updated: 2260528
	106  -  MemoryUsage of job (MB)
	108500  -  ResidentSetSize of job (KB)
...
006 (364.012.000) 12/04 20:04:52 Image size of job updated: 2260660
	107  -  MemoryUsage of job (MB)
	108744  -  ResidentSetSize of job (KB)
...
006 (364.012.000) 12/04 20:14:54 Image size of job updated: 2260792
	107  -  MemoryUsage of job (MB)
	108872  -  ResidentSetSize of job (KB)
...
006 (364.012.000) 12/04 20:24:54 Image size of job updated: 2261056
	107  -  MemoryUsage of job (MB)
	109124  -  ResidentSetSize of job (KB)
...
006 (364.012.000) 12/04 20:29:55 Image size of job updated: 2261056
	107  -  MemoryUsage of job (MB)
	109128  -  ResidentSetSize of job (KB)
...
006 (364.012.000) 12/04 20:39:55 Image size of job updated: 2261056
	107  -  MemoryUsage of job (MB)
	109156  -  ResidentSetSize of job (KB)
...
006 (364.012.000) 12/04 20:44:56 Image size of job updated: 2261056
	107  -  MemoryUsage of job (MB)
	109168  -  ResidentSetSize of job (KB)
...
006 (364.012.000) 12/04 20:49:57 Image size of job updated: 2261188
	107  -  MemoryUsage of job (MB)
	109256  -  ResidentSetSize of job (KB)
...
006 (364.012.000) 12/04 20:59:57 Image size of job updated: 2261468
	107  -  MemoryUsage of job (MB)
	109456  -  ResidentSetSize of job (KB)
...
006 (364.012.000) 12/04 21:04:58 Image size of job updated: 2261468
	108  -  MemoryUsage of job (MB)
	109580  -  ResidentSetSize of job (KB)
...
006 (364.012.000) 12/04 21:09:58 Image size of job updated: 2261604
	108  -  MemoryUsage of job (MB)
	109712  -  ResidentSetSize of job (KB)
...
006 (364.012.000) 12/04 21:14:58 Image size of job updated: 2262000
	108  -  MemoryUsage of job (MB)
	110060  -  ResidentSetSize of job (KB)
...
006 (364.012.000) 12/04 21:19:59 Image size of job updated: 2262564
	109  -  MemoryUsage of job (MB)
	110736  -  ResidentSetSize of job (KB)
...
006 (364.012.000) 12/04 21:25:00 Image size of job updated: 2262696
	109  -  MemoryUsage of job (MB)
	110800  -  ResidentSetSize of job (KB)
...
006 (364.012.000) 12/04 21:30:00 Image size of job updated: 2262828
	109  -  MemoryUsage of job (MB)
	110960  -  ResidentSetSize of job (KB)
...
006 (364.012.000) 12/04 21:35:00 Image size of job updated: 2263840
	110  -  MemoryUsage of job (MB)
	112012  -  ResidentSetSize of job (KB)
...
006 (364.012.000) 12/04 21:40:01 Image size of job updated: 2264236
	110  -  MemoryUsage of job (MB)
	112344  -  ResidentSetSize of job (KB)
...
006 (364.012.000) 12/04 21:45:01 Image size of job updated: 2264236
	110  -  MemoryUsage of job (MB)
	112348  -  ResidentSetSize of job (KB)
...
006 (364.012.000) 12/04 21:50:01 Image size of job updated: 2264660
	111  -  MemoryUsage of job (MB)
	112784  -  ResidentSetSize of job (KB)
...
006 (364.012.000) 12/04 21:51:56 Image size of job updated: 2264792
	111  -  MemoryUsage of job (MB)
	112784  -  ResidentSetSize of job (KB)
...
005 (364.012.000) 12/04 21:51:56 Job terminated.
	(1) Normal termination (return value 0)
		Usr 0 03:17:04, Sys 0 00:00:00  -  Run Remote Usage
		Usr 0 00:00:00, Sys 0 00:00:00  -  Run Local Usage
		Usr 0 03:17:04, Sys 0 00:00:00  -  Total Remote Usage
		Usr 0 00:00:00, Sys 0 00:00:00  -  Total Local Usage
	0  -  Run Bytes Sent By Job
	0  -  Run Bytes Received By Job
	0  -  Total Bytes Sent By Job
	0  -  Total Bytes Received By Job
	Partitionable Resources :    Usage  Request Allocated
	   Cpus                 :                 1         1
	   Disk (KB)            :      175      175  12112339
	   Memory (MB)          :      111        1      2012
...
