000 (369.001.000) 12/07 15:37:24 Job submitted from host: <128.104.190.61:58455?addrs=128.104.190.61-58455>
...
001 (369.001.000) 12/07 15:37:24 Job executing on host: <128.104.190.42:38951?addrs=128.104.190.42-38951>
...
006 (369.001.000) 12/07 15:37:33 Image size of job updated: 93240
	28  -  MemoryUsage of job (MB)
	28364  -  ResidentSetSize of job (KB)
...
006 (369.001.000) 12/07 15:42:34 Image size of job updated: 2249356
	93  -  MemoryUsage of job (MB)
	94292  -  ResidentSetSize of job (KB)
...
006 (369.001.000) 12/07 15:47:34 Image size of job updated: 2249356
	93  -  MemoryUsage of job (MB)
	94340  -  ResidentSetSize of job (KB)
...
006 (369.001.000) 12/07 15:52:34 Image size of job updated: 2249356
	93  -  MemoryUsage of job (MB)
	94364  -  ResidentSetSize of job (KB)
...
006 (369.001.000) 12/07 15:57:35 Image size of job updated: 2249488
	93  -  MemoryUsage of job (MB)
	94396  -  ResidentSetSize of job (KB)
...
006 (369.001.000) 12/07 16:02:36 Image size of job updated: 2249788
	93  -  MemoryUsage of job (MB)
	94668  -  ResidentSetSize of job (KB)
...
006 (369.001.000) 12/07 16:07:36 Image size of job updated: 2253616
	97  -  MemoryUsage of job (MB)
	98596  -  ResidentSetSize of job (KB)
...
006 (369.001.000) 12/07 16:12:37 Image size of job updated: 2322004
	164  -  MemoryUsage of job (MB)
	167060  -  ResidentSetSize of job (KB)
...
006 (369.001.000) 12/07 16:17:38 Image size of job updated: 2389588
	230  -  MemoryUsage of job (MB)
	234572  -  ResidentSetSize of job (KB)
...
006 (369.001.000) 12/07 16:22:38 Image size of job updated: 2455324
	294  -  MemoryUsage of job (MB)
	300252  -  ResidentSetSize of job (KB)
...
006 (369.001.000) 12/07 16:27:38 Image size of job updated: 2521720
	359  -  MemoryUsage of job (MB)
	366620  -  ResidentSetSize of job (KB)
...
006 (369.001.000) 12/07 16:32:39 Image size of job updated: 2588248
	423  -  MemoryUsage of job (MB)
	433120  -  ResidentSetSize of job (KB)
...
006 (369.001.000) 12/07 16:37:40 Image size of job updated: 2654908
	489  -  MemoryUsage of job (MB)
	499760  -  ResidentSetSize of job (KB)
...
006 (369.001.000) 12/07 16:42:40 Image size of job updated: 2721856
	554  -  MemoryUsage of job (MB)
	566932  -  ResidentSetSize of job (KB)
...
006 (369.001.000) 12/07 16:47:41 Image size of job updated: 2788120
	619  -  MemoryUsage of job (MB)
	633052  -  ResidentSetSize of job (KB)
...
006 (369.001.000) 12/07 16:52:42 Image size of job updated: 2854516
	684  -  MemoryUsage of job (MB)
	699556  -  ResidentSetSize of job (KB)
...
006 (369.001.000) 12/07 16:57:42 Image size of job updated: 2921308
	749  -  MemoryUsage of job (MB)
	766288  -  ResidentSetSize of job (KB)
...
006 (369.001.000) 12/07 17:02:42 Image size of job updated: 2987440
	813  -  MemoryUsage of job (MB)
	832476  -  ResidentSetSize of job (KB)
...
006 (369.001.000) 12/07 17:07:43 Image size of job updated: 3053836
	878  -  MemoryUsage of job (MB)
	898700  -  ResidentSetSize of job (KB)
...
006 (369.001.000) 12/07 17:12:43 Image size of job updated: 3119836
	943  -  MemoryUsage of job (MB)
	964816  -  ResidentSetSize of job (KB)
...
006 (369.001.000) 12/07 17:17:43 Image size of job updated: 3186232
	1007  -  MemoryUsage of job (MB)
	1031108  -  ResidentSetSize of job (KB)
...
006 (369.001.000) 12/07 17:22:44 Image size of job updated: 3253024
	1073  -  MemoryUsage of job (MB)
	1098060  -  ResidentSetSize of job (KB)
...
006 (369.001.000) 12/07 17:27:45 Image size of job updated: 3319420
	1138  -  MemoryUsage of job (MB)
	1164332  -  ResidentSetSize of job (KB)
...
006 (369.001.000) 12/07 17:32:45 Image size of job updated: 3385816
	1202  -  MemoryUsage of job (MB)
	1230752  -  ResidentSetSize of job (KB)
...
006 (369.001.000) 12/07 17:37:46 Image size of job updated: 3452088
	1267  -  MemoryUsage of job (MB)
	1296960  -  ResidentSetSize of job (KB)
...
006 (369.001.000) 12/07 17:42:47 Image size of job updated: 3517824
	1331  -  MemoryUsage of job (MB)
	1362768  -  ResidentSetSize of job (KB)
...
006 (369.001.000) 12/07 17:47:47 Image size of job updated: 3583824
	1396  -  MemoryUsage of job (MB)
	1428760  -  ResidentSetSize of job (KB)
...
006 (369.001.000) 12/07 17:52:47 Image size of job updated: 3649692
	1460  -  MemoryUsage of job (MB)
	1494744  -  ResidentSetSize of job (KB)
...
006 (369.001.000) 12/07 17:57:48 Image size of job updated: 3716484
	1525  -  MemoryUsage of job (MB)
	1561444  -  ResidentSetSize of job (KB)
...
006 (369.001.000) 12/07 18:02:49 Image size of job updated: 3783540
	1591  -  MemoryUsage of job (MB)
	1628516  -  ResidentSetSize of job (KB)
...
006 (369.001.000) 12/07 18:07:49 Image size of job updated: 3848352
	1654  -  MemoryUsage of job (MB)
	1693380  -  ResidentSetSize of job (KB)
...
006 (369.001.000) 12/07 18:12:50 Image size of job updated: 3914352
	1718  -  MemoryUsage of job (MB)
	1759220  -  ResidentSetSize of job (KB)
...
006 (369.001.000) 12/07 18:17:51 Image size of job updated: 3980616
	1783  -  MemoryUsage of job (MB)
	1825608  -  ResidentSetSize of job (KB)
...
006 (369.001.000) 12/07 18:22:51 Image size of job updated: 4047804
	1849  -  MemoryUsage of job (MB)
	1892780  -  ResidentSetSize of job (KB)
...
006 (369.001.000) 12/07 18:27:51 Image size of job updated: 4114596
	1916  -  MemoryUsage of job (MB)
	1961544  -  ResidentSetSize of job (KB)
...
006 (369.001.000) 12/07 18:32:52 Image size of job updated: 4181668
	1982  -  MemoryUsage of job (MB)
	2028612  -  ResidentSetSize of job (KB)
...
006 (369.001.000) 12/07 18:37:53 Image size of job updated: 4248460
	2047  -  MemoryUsage of job (MB)
	2095528  -  ResidentSetSize of job (KB)
...
006 (369.001.000) 12/07 18:42:53 Image size of job updated: 4315120
	2112  -  MemoryUsage of job (MB)
	2162140  -  ResidentSetSize of job (KB)
...
006 (369.001.000) 12/07 18:47:54 Image size of job updated: 4382176
	2177  -  MemoryUsage of job (MB)
	2229132  -  ResidentSetSize of job (KB)
...
006 (369.001.000) 12/07 18:52:55 Image size of job updated: 4449100
	2243  -  MemoryUsage of job (MB)
	2296192  -  ResidentSetSize of job (KB)
...
006 (369.001.000) 12/07 18:57:55 Image size of job updated: 4515892
	2308  -  MemoryUsage of job (MB)
	2362844  -  ResidentSetSize of job (KB)
...
006 (369.001.000) 12/07 19:02:55 Image size of job updated: 4582948
	2374  -  MemoryUsage of job (MB)
	2430108  -  ResidentSetSize of job (KB)
...
006 (369.001.000) 12/07 19:07:56 Image size of job updated: 4650136
	2439  -  MemoryUsage of job (MB)
	2497196  -  ResidentSetSize of job (KB)
...
006 (369.001.000) 12/07 19:12:57 Image size of job updated: 4718380
	2506  -  MemoryUsage of job (MB)
	2565424  -  ResidentSetSize of job (KB)
...
006 (369.001.000) 12/07 19:17:57 Image size of job updated: 4789924
	2576  -  MemoryUsage of job (MB)
	2637000  -  ResidentSetSize of job (KB)
...
006 (369.001.000) 12/07 19:22:58 Image size of job updated: 4861996
	2646  -  MemoryUsage of job (MB)
	2709164  -  ResidentSetSize of job (KB)
...
006 (369.001.000) 12/07 19:27:59 Image size of job updated: 4936972
	2719  -  MemoryUsage of job (MB)
	2784076  -  ResidentSetSize of job (KB)
...
006 (369.001.000) 12/07 19:32:59 Image size of job updated: 5012872
	2793  -  MemoryUsage of job (MB)
	2859916  -  ResidentSetSize of job (KB)
...
006 (369.001.000) 12/07 19:37:59 Image size of job updated: 5091676
	2870  -  MemoryUsage of job (MB)
	2938664  -  ResidentSetSize of job (KB)
...
006 (369.001.000) 12/07 19:43:00 Image size of job updated: 5173648
	2950  -  MemoryUsage of job (MB)
	3020576  -  ResidentSetSize of job (KB)
...
006 (369.001.000) 12/07 19:48:01 Image size of job updated: 5252716
	3028  -  MemoryUsage of job (MB)
	3099824  -  ResidentSetSize of job (KB)
...
006 (369.001.000) 12/07 19:53:01 Image size of job updated: 5341568
	3114  -  MemoryUsage of job (MB)
	3188628  -  ResidentSetSize of job (KB)
...
006 (369.001.000) 12/07 19:58:02 Image size of job updated: 5430404
	3201  -  MemoryUsage of job (MB)
	3277264  -  ResidentSetSize of job (KB)
...
006 (369.001.000) 12/07 20:03:03 Image size of job updated: 5516624
	3285  -  MemoryUsage of job (MB)
	3363748  -  ResidentSetSize of job (KB)
...
006 (369.001.000) 12/07 20:08:03 Image size of job updated: 5595692
	3363  -  MemoryUsage of job (MB)
	3442772  -  ResidentSetSize of job (KB)
...
006 (369.001.000) 12/07 20:13:03 Image size of job updated: 5685188
	3450  -  MemoryUsage of job (MB)
	3532196  -  ResidentSetSize of job (KB)
...
006 (369.001.000) 12/07 20:18:04 Image size of job updated: 5769008
	3532  -  MemoryUsage of job (MB)
	3616076  -  ResidentSetSize of job (KB)
...
006 (369.001.000) 12/07 20:23:04 Image size of job updated: 5859164
	3620  -  MemoryUsage of job (MB)
	3706168  -  ResidentSetSize of job (KB)
...
006 (369.001.000) 12/07 20:28:04 Image size of job updated: 5965556
	3724  -  MemoryUsage of job (MB)
	3812728  -  ResidentSetSize of job (KB)
...
006 (369.001.000) 12/07 20:33:05 Image size of job updated: 6077360
	3833  -  MemoryUsage of job (MB)
	3924416  -  ResidentSetSize of job (KB)
...
006 (369.001.000) 12/07 20:38:06 Image size of job updated: 6188768
	3942  -  MemoryUsage of job (MB)
	4035760  -  ResidentSetSize of job (KB)
...
006 (369.001.000) 12/07 20:43:06 Image size of job updated: 6299384
	4050  -  MemoryUsage of job (MB)
	4146472  -  ResidentSetSize of job (KB)
...
006 (369.001.000) 12/07 20:48:06 Image size of job updated: 6410264
	4158  -  MemoryUsage of job (MB)
	4257308  -  ResidentSetSize of job (KB)
...
006 (369.001.000) 12/07 20:53:07 Image size of job updated: 6521804
	4267  -  MemoryUsage of job (MB)
	4368808  -  ResidentSetSize of job (KB)
...
006 (369.001.000) 12/07 20:58:08 Image size of job updated: 6634268
	4377  -  MemoryUsage of job (MB)
	4481492  -  ResidentSetSize of job (KB)
...
006 (369.001.000) 12/07 21:03:08 Image size of job updated: 6746204
	4486  -  MemoryUsage of job (MB)
	4593208  -  ResidentSetSize of job (KB)
...
006 (369.001.000) 12/07 21:08:08 Image size of job updated: 6860252
	4597  -  MemoryUsage of job (MB)
	4707312  -  ResidentSetSize of job (KB)
...
006 (369.001.000) 12/07 21:13:09 Image size of job updated: 6975752
	4710  -  MemoryUsage of job (MB)
	4822912  -  ResidentSetSize of job (KB)
...
006 (369.001.000) 12/07 21:18:09 Image size of job updated: 7091252
	4823  -  MemoryUsage of job (MB)
	4938368  -  ResidentSetSize of job (KB)
...
006 (369.001.000) 12/07 21:23:09 Image size of job updated: 7209812
	4939  -  MemoryUsage of job (MB)
	5056960  -  ResidentSetSize of job (KB)
...
006 (369.001.000) 12/07 21:28:10 Image size of job updated: 7328612
	5055  -  MemoryUsage of job (MB)
	5175788  -  ResidentSetSize of job (KB)
...
006 (369.001.000) 12/07 21:33:11 Image size of job updated: 7446620
	5170  -  MemoryUsage of job (MB)
	5293764  -  ResidentSetSize of job (KB)
...
006 (369.001.000) 12/07 21:38:11 Image size of job updated: 7565304
	5286  -  MemoryUsage of job (MB)
	5412540  -  ResidentSetSize of job (KB)
...
006 (369.001.000) 12/07 21:43:11 Image size of job updated: 7683972
	5402  -  MemoryUsage of job (MB)
	5531196  -  ResidentSetSize of job (KB)
...
006 (369.001.000) 12/07 21:48:12 Image size of job updated: 7802508
	5518  -  MemoryUsage of job (MB)
	5649684  -  ResidentSetSize of job (KB)
...
006 (369.001.000) 12/07 21:53:12 Image size of job updated: 7921440
	5634  -  MemoryUsage of job (MB)
	5768708  -  ResidentSetSize of job (KB)
...
006 (369.001.000) 12/07 21:58:12 Image size of job updated: 8040108
	5750  -  MemoryUsage of job (MB)
	5887748  -  ResidentSetSize of job (KB)
...
006 (369.001.000) 12/07 22:03:13 Image size of job updated: 8159964
	5867  -  MemoryUsage of job (MB)
	6007580  -  ResidentSetSize of job (KB)
...
006 (369.001.000) 12/07 22:08:14 Image size of job updated: 8279292
	5984  -  MemoryUsage of job (MB)
	6127144  -  ResidentSetSize of job (KB)
...
006 (369.001.000) 12/07 22:13:14 Image size of job updated: 8401260
	6103  -  MemoryUsage of job (MB)
	6248932  -  ResidentSetSize of job (KB)
...
006 (369.001.000) 12/07 22:18:14 Image size of job updated: 8524548
	6223  -  MemoryUsage of job (MB)
	6372280  -  ResidentSetSize of job (KB)
...
006 (369.001.000) 12/07 22:23:15 Image size of job updated: 8647440
	6344  -  MemoryUsage of job (MB)
	6495292  -  ResidentSetSize of job (KB)
...
006 (369.001.000) 12/07 22:28:16 Image size of job updated: 8769540
	6463  -  MemoryUsage of job (MB)
	6617176  -  ResidentSetSize of job (KB)
...
006 (369.001.000) 12/07 22:33:16 Image size of job updated: 8892696
	6583  -  MemoryUsage of job (MB)
	6740312  -  ResidentSetSize of job (KB)
...
006 (369.001.000) 12/07 22:38:16 Image size of job updated: 9014144
	6702  -  MemoryUsage of job (MB)
	6862044  -  ResidentSetSize of job (KB)
...
006 (369.001.000) 12/07 22:43:18 Image size of job updated: 9136112
	6821  -  MemoryUsage of job (MB)
	6983944  -  ResidentSetSize of job (KB)
...
006 (369.001.000) 12/07 22:48:18 Image size of job updated: 9258344
	6940  -  MemoryUsage of job (MB)
	7106120  -  ResidentSetSize of job (KB)
...
006 (369.001.000) 12/07 22:53:18 Image size of job updated: 9380448
	7059  -  MemoryUsage of job (MB)
	7228200  -  ResidentSetSize of job (KB)
...
006 (369.001.000) 12/07 22:58:18 Image size of job updated: 9503868
	7180  -  MemoryUsage of job (MB)
	7351560  -  ResidentSetSize of job (KB)
...
006 (369.001.000) 12/07 23:03:19 Image size of job updated: 9631384
	7304  -  MemoryUsage of job (MB)
	7479184  -  ResidentSetSize of job (KB)
...
006 (369.001.000) 12/07 23:08:20 Image size of job updated: 9758500
	7428  -  MemoryUsage of job (MB)
	7606088  -  ResidentSetSize of job (KB)
...
006 (369.001.000) 12/07 23:13:21 Image size of job updated: 9884692
	7552  -  MemoryUsage of job (MB)
	7732432  -  ResidentSetSize of job (KB)
...
006 (369.001.000) 12/07 23:18:21 Image size of job updated: 10012336
	7676  -  MemoryUsage of job (MB)
	7859948  -  ResidentSetSize of job (KB)
...
006 (369.001.000) 12/07 23:19:21 Image size of job updated: 10037812
	7676  -  MemoryUsage of job (MB)
	7859948  -  ResidentSetSize of job (KB)
...
005 (369.001.000) 12/07 23:19:21 Job terminated.
	(1) Normal termination (return value 0)
		Usr 0 07:41:08, Sys 0 00:00:11  -  Run Remote Usage
		Usr 0 00:00:00, Sys 0 00:00:00  -  Run Local Usage
		Usr 0 07:41:08, Sys 0 00:00:11  -  Total Remote Usage
		Usr 0 00:00:00, Sys 0 00:00:00  -  Total Local Usage
	0  -  Run Bytes Sent By Job
	0  -  Run Bytes Received By Job
	0  -  Total Bytes Sent By Job
	0  -  Total Bytes Received By Job
	Partitionable Resources :    Usage  Request Allocated
	   Cpus                 :                 1         1
	   Disk (KB)            :      175      175  12112469
	   Memory (MB)          :     7676        1      2012
...
