000 (363.017.000) 12/04 13:22:52 Job submitted from host: <128.104.190.61:58455?addrs=128.104.190.61-58455>
...
001 (363.017.000) 12/04 13:22:58 Job executing on host: <128.104.190.42:38951?addrs=128.104.190.42-38951>
...
006 (363.017.000) 12/04 13:23:07 Image size of job updated: 216480
	65  -  MemoryUsage of job (MB)
	66428  -  ResidentSetSize of job (KB)
...
006 (363.017.000) 12/04 13:28:08 Image size of job updated: 2248296
	104  -  MemoryUsage of job (MB)
	105660  -  ResidentSetSize of job (KB)
...
006 (363.017.000) 12/04 13:33:08 Image size of job updated: 2249128
	114  -  MemoryUsage of job (MB)
	116732  -  ResidentSetSize of job (KB)
...
006 (363.017.000) 12/04 13:38:08 Image size of job updated: 2249260
	115  -  MemoryUsage of job (MB)
	117060  -  ResidentSetSize of job (KB)
...
006 (363.017.000) 12/04 13:43:09 Image size of job updated: 2249680
	115  -  MemoryUsage of job (MB)
	117400  -  ResidentSetSize of job (KB)
...
006 (363.017.000) 12/04 13:48:10 Image size of job updated: 2250744
	126  -  MemoryUsage of job (MB)
	128768  -  ResidentSetSize of job (KB)
...
006 (363.017.000) 12/04 13:53:10 Image size of job updated: 2251668
	129  -  MemoryUsage of job (MB)
	131776  -  ResidentSetSize of job (KB)
...
006 (363.017.000) 12/04 13:58:10 Image size of job updated: 2253260
	133  -  MemoryUsage of job (MB)
	135700  -  ResidentSetSize of job (KB)
...
006 (363.017.000) 12/04 14:03:11 Image size of job updated: 2253524
	133  -  MemoryUsage of job (MB)
	135904  -  ResidentSetSize of job (KB)
...
006 (363.017.000) 12/04 14:08:12 Image size of job updated: 2253524
	133  -  MemoryUsage of job (MB)
	135908  -  ResidentSetSize of job (KB)
...
006 (363.017.000) 12/04 14:13:12 Image size of job updated: 2253524
	133  -  MemoryUsage of job (MB)
	135960  -  ResidentSetSize of job (KB)
...
006 (363.017.000) 12/04 14:18:13 Image size of job updated: 2253524
	133  -  MemoryUsage of job (MB)
	135988  -  ResidentSetSize of job (KB)
...
006 (363.017.000) 12/04 14:23:14 Image size of job updated: 2253656
	133  -  MemoryUsage of job (MB)
	136012  -  ResidentSetSize of job (KB)
...
006 (363.017.000) 12/04 14:28:15 Image size of job updated: 2253656
	133  -  MemoryUsage of job (MB)
	136032  -  ResidentSetSize of job (KB)
...
006 (363.017.000) 12/04 14:33:15 Image size of job updated: 2253656
	133  -  MemoryUsage of job (MB)
	136044  -  ResidentSetSize of job (KB)
...
006 (363.017.000) 12/04 15:28:21 Image size of job updated: 2253656
	133  -  MemoryUsage of job (MB)
	136048  -  ResidentSetSize of job (KB)
...
006 (363.017.000) 12/04 16:23:26 Image size of job updated: 2253656
	133  -  MemoryUsage of job (MB)
	136184  -  ResidentSetSize of job (KB)
...
005 (363.017.000) 12/04 16:31:34 Job terminated.
	(1) Normal termination (return value 0)
		Usr 0 03:08:25, Sys 0 00:00:00  -  Run Remote Usage
		Usr 0 00:00:00, Sys 0 00:00:00  -  Run Local Usage
		Usr 0 03:08:25, Sys 0 00:00:00  -  Total Remote Usage
		Usr 0 00:00:00, Sys 0 00:00:00  -  Total Local Usage
	0  -  Run Bytes Sent By Job
	0  -  Run Bytes Received By Job
	0  -  Total Bytes Sent By Job
	0  -  Total Bytes Received By Job
	Partitionable Resources :    Usage  Request Allocated
	   Cpus                 :                 1         1
	   Disk (KB)            :      175      175  12112338
	   Memory (MB)          :      133        1      2012
...
