000 (363.013.000) 12/04 13:22:52 Job submitted from host: <128.104.190.61:58455?addrs=128.104.190.61-58455>
...
001 (363.013.000) 12/04 13:22:58 Job executing on host: <128.104.190.42:38951?addrs=128.104.190.42-38951>
...
006 (363.013.000) 12/04 13:23:07 Image size of job updated: 2254308
	99  -  MemoryUsage of job (MB)
	100944  -  ResidentSetSize of job (KB)
...
006 (363.013.000) 12/04 13:28:08 Image size of job updated: 2267428
	120  -  MemoryUsage of job (MB)
	122212  -  ResidentSetSize of job (KB)
...
006 (363.013.000) 12/04 13:33:09 Image size of job updated: 2267696
	128  -  MemoryUsage of job (MB)
	130624  -  ResidentSetSize of job (KB)
...
006 (363.013.000) 12/04 13:38:09 Image size of job updated: 2268488
	133  -  MemoryUsage of job (MB)
	135744  -  ResidentSetSize of job (KB)
...
006 (363.013.000) 12/04 13:43:09 Image size of job updated: 2268776
	133  -  MemoryUsage of job (MB)
	135956  -  ResidentSetSize of job (KB)
...
006 (363.013.000) 12/04 13:48:10 Image size of job updated: 2268776
	133  -  MemoryUsage of job (MB)
	135968  -  ResidentSetSize of job (KB)
...
006 (363.013.000) 12/04 13:53:11 Image size of job updated: 2268776
	133  -  MemoryUsage of job (MB)
	136068  -  ResidentSetSize of job (KB)
...
006 (363.013.000) 12/04 13:58:11 Image size of job updated: 2268936
	136  -  MemoryUsage of job (MB)
	138344  -  ResidentSetSize of job (KB)
...
006 (363.013.000) 12/04 14:03:11 Image size of job updated: 2269068
	136  -  MemoryUsage of job (MB)
	138388  -  ResidentSetSize of job (KB)
...
006 (363.013.000) 12/04 14:13:12 Image size of job updated: 2269068
	136  -  MemoryUsage of job (MB)
	138480  -  ResidentSetSize of job (KB)
...
006 (363.013.000) 12/04 14:18:12 Image size of job updated: 2269068
	138  -  MemoryUsage of job (MB)
	140528  -  ResidentSetSize of job (KB)
...
006 (363.013.000) 12/04 14:23:13 Image size of job updated: 2269068
	138  -  MemoryUsage of job (MB)
	140532  -  ResidentSetSize of job (KB)
...
006 (363.013.000) 12/04 14:28:14 Image size of job updated: 2269200
	138  -  MemoryUsage of job (MB)
	140556  -  ResidentSetSize of job (KB)
...
006 (363.013.000) 12/04 14:33:15 Image size of job updated: 2269200
	138  -  MemoryUsage of job (MB)
	140580  -  ResidentSetSize of job (KB)
...
006 (363.013.000) 12/04 14:38:15 Image size of job updated: 2269200
	140  -  MemoryUsage of job (MB)
	142676  -  ResidentSetSize of job (KB)
...
006 (363.013.000) 12/04 14:43:16 Image size of job updated: 2269200
	140  -  MemoryUsage of job (MB)
	142696  -  ResidentSetSize of job (KB)
...
006 (363.013.000) 12/04 14:48:17 Image size of job updated: 2269332
	140  -  MemoryUsage of job (MB)
	142832  -  ResidentSetSize of job (KB)
...
006 (363.013.000) 12/04 14:53:17 Image size of job updated: 2269472
	140  -  MemoryUsage of job (MB)
	142956  -  ResidentSetSize of job (KB)
...
006 (363.013.000) 12/04 14:58:17 Image size of job updated: 2269752
	140  -  MemoryUsage of job (MB)
	143212  -  ResidentSetSize of job (KB)
...
006 (363.013.000) 12/04 15:03:18 Image size of job updated: 2270032
	143  -  MemoryUsage of job (MB)
	145472  -  ResidentSetSize of job (KB)
...
006 (363.013.000) 12/04 15:08:18 Image size of job updated: 2270032
	143  -  MemoryUsage of job (MB)
	145560  -  ResidentSetSize of job (KB)
...
006 (363.013.000) 12/04 15:13:18 Image size of job updated: 2270164
	143  -  MemoryUsage of job (MB)
	145684  -  ResidentSetSize of job (KB)
...
006 (363.013.000) 12/04 15:18:19 Image size of job updated: 2270444
	143  -  MemoryUsage of job (MB)
	145884  -  ResidentSetSize of job (KB)
...
006 (363.013.000) 12/04 15:23:20 Image size of job updated: 2270444
	145  -  MemoryUsage of job (MB)
	148028  -  ResidentSetSize of job (KB)
...
006 (363.013.000) 12/04 15:38:21 Image size of job updated: 2270444
	145  -  MemoryUsage of job (MB)
	148092  -  ResidentSetSize of job (KB)
...
006 (363.013.000) 12/04 15:48:21 Image size of job updated: 2270588
	145  -  MemoryUsage of job (MB)
	148140  -  ResidentSetSize of job (KB)
...
006 (363.013.000) 12/04 15:53:23 Image size of job updated: 2270588
	145  -  MemoryUsage of job (MB)
	148144  -  ResidentSetSize of job (KB)
...
006 (363.013.000) 12/04 15:58:23 Image size of job updated: 2270588
	147  -  MemoryUsage of job (MB)
	150496  -  ResidentSetSize of job (KB)
...
006 (363.013.000) 12/04 16:08:24 Image size of job updated: 2270588
	147  -  MemoryUsage of job (MB)
	150520  -  ResidentSetSize of job (KB)
...
006 (363.013.000) 12/04 16:18:25 Image size of job updated: 2270588
	147  -  MemoryUsage of job (MB)
	150524  -  ResidentSetSize of job (KB)
...
006 (363.013.000) 12/04 16:23:26 Image size of job updated: 2270588
	148  -  MemoryUsage of job (MB)
	150560  -  ResidentSetSize of job (KB)
...
006 (363.013.000) 12/04 16:28:27 Image size of job updated: 2270588
	150  -  MemoryUsage of job (MB)
	152620  -  ResidentSetSize of job (KB)
...
005 (363.013.000) 12/04 16:30:13 Job terminated.
	(1) Normal termination (return value 0)
		Usr 0 03:07:11, Sys 0 00:00:02  -  Run Remote Usage
		Usr 0 00:00:00, Sys 0 00:00:00  -  Run Local Usage
		Usr 0 03:07:11, Sys 0 00:00:02  -  Total Remote Usage
		Usr 0 00:00:00, Sys 0 00:00:00  -  Total Local Usage
	0  -  Run Bytes Sent By Job
	0  -  Run Bytes Received By Job
	0  -  Total Bytes Sent By Job
	0  -  Total Bytes Received By Job
	Partitionable Resources :    Usage  Request Allocated
	   Cpus                 :                 1         1
	   Disk (KB)            :      175      175  12112338
	   Memory (MB)          :      150        1      2012
...
