000 (365.012.000) 12/05 11:45:19 Job submitted from host: <128.104.190.61:58455?addrs=128.104.190.61-58455>
...
001 (365.012.000) 12/05 11:45:20 Job executing on host: <128.104.190.42:38951?addrs=128.104.190.42-38951>
...
006 (365.012.000) 12/05 11:45:28 Image size of job updated: 81816
	26  -  MemoryUsage of job (MB)
	25828  -  ResidentSetSize of job (KB)
...
006 (365.012.000) 12/05 11:50:28 Image size of job updated: 2258832
	106  -  MemoryUsage of job (MB)
	107588  -  ResidentSetSize of job (KB)
...
006 (365.012.000) 12/05 11:55:29 Image size of job updated: 2258832
	106  -  MemoryUsage of job (MB)
	107596  -  ResidentSetSize of job (KB)
...
006 (365.012.000) 12/05 12:00:30 Image size of job updated: 2258832
	106  -  MemoryUsage of job (MB)
	107628  -  ResidentSetSize of job (KB)
...
006 (365.012.000) 12/05 12:05:30 Image size of job updated: 2259512
	107  -  MemoryUsage of job (MB)
	108572  -  ResidentSetSize of job (KB)
...
006 (365.012.000) 12/05 12:10:30 Image size of job updated: 2260040
	107  -  MemoryUsage of job (MB)
	109092  -  ResidentSetSize of job (KB)
...
006 (365.012.000) 12/05 12:20:32 Image size of job updated: 2260172
	107  -  MemoryUsage of job (MB)
	109172  -  ResidentSetSize of job (KB)
...
006 (365.012.000) 12/05 12:30:32 Image size of job updated: 2260172
	107  -  MemoryUsage of job (MB)
	109188  -  ResidentSetSize of job (KB)
...
006 (365.012.000) 12/05 12:45:34 Image size of job updated: 2260172
	107  -  MemoryUsage of job (MB)
	109208  -  ResidentSetSize of job (KB)
...
006 (365.012.000) 12/05 12:55:35 Image size of job updated: 2260700
	108  -  MemoryUsage of job (MB)
	110084  -  ResidentSetSize of job (KB)
...
006 (365.012.000) 12/05 13:05:36 Image size of job updated: 2260700
	108  -  MemoryUsage of job (MB)
	110092  -  ResidentSetSize of job (KB)
...
006 (365.012.000) 12/05 13:15:37 Image size of job updated: 2260832
	108  -  MemoryUsage of job (MB)
	110200  -  ResidentSetSize of job (KB)
...
006 (365.012.000) 12/05 13:25:38 Image size of job updated: 2260964
	108  -  MemoryUsage of job (MB)
	110288  -  ResidentSetSize of job (KB)
...
006 (365.012.000) 12/05 13:35:39 Image size of job updated: 2261360
	109  -  MemoryUsage of job (MB)
	110700  -  ResidentSetSize of job (KB)
...
006 (365.012.000) 12/05 13:50:41 Image size of job updated: 2261644
	109  -  MemoryUsage of job (MB)
	111024  -  ResidentSetSize of job (KB)
...
006 (365.012.000) 12/05 13:55:42 Image size of job updated: 2261644
	109  -  MemoryUsage of job (MB)
	111028  -  ResidentSetSize of job (KB)
...
006 (365.012.000) 12/05 14:00:42 Image size of job updated: 2261776
	109  -  MemoryUsage of job (MB)
	111132  -  ResidentSetSize of job (KB)
...
006 (365.012.000) 12/05 14:10:43 Image size of job updated: 2261908
	109  -  MemoryUsage of job (MB)
	111276  -  ResidentSetSize of job (KB)
...
006 (365.012.000) 12/05 14:15:44 Image size of job updated: 2262172
	109  -  MemoryUsage of job (MB)
	111572  -  ResidentSetSize of job (KB)
...
006 (365.012.000) 12/05 14:20:44 Image size of job updated: 2262304
	110  -  MemoryUsage of job (MB)
	111692  -  ResidentSetSize of job (KB)
...
006 (365.012.000) 12/05 14:25:44 Image size of job updated: 2262304
	110  -  MemoryUsage of job (MB)
	111708  -  ResidentSetSize of job (KB)
...
006 (365.012.000) 12/05 14:30:45 Image size of job updated: 2263628
	111  -  MemoryUsage of job (MB)
	112904  -  ResidentSetSize of job (KB)
...
006 (365.012.000) 12/05 14:35:46 Image size of job updated: 2263760
	111  -  MemoryUsage of job (MB)
	113140  -  ResidentSetSize of job (KB)
...
006 (365.012.000) 12/05 14:40:46 Image size of job updated: 2263892
	111  -  MemoryUsage of job (MB)
	113168  -  ResidentSetSize of job (KB)
...
006 (365.012.000) 12/05 14:45:46 Image size of job updated: 2265144
	112  -  MemoryUsage of job (MB)
	114432  -  ResidentSetSize of job (KB)
...
006 (365.012.000) 12/05 14:50:47 Image size of job updated: 2265568
	113  -  MemoryUsage of job (MB)
	114924  -  ResidentSetSize of job (KB)
...
006 (365.012.000) 12/05 14:55:48 Image size of job updated: 2265844
	113  -  MemoryUsage of job (MB)
	115156  -  ResidentSetSize of job (KB)
...
006 (365.012.000) 12/05 15:00:48 Image size of job updated: 2266004
	113  -  MemoryUsage of job (MB)
	115272  -  ResidentSetSize of job (KB)
...
006 (365.012.000) 12/05 15:05:06 Image size of job updated: 2266780
	113  -  MemoryUsage of job (MB)
	115272  -  ResidentSetSize of job (KB)
...
005 (365.012.000) 12/05 15:05:06 Job terminated.
	(1) Normal termination (return value 0)
		Usr 0 03:19:31, Sys 0 00:00:00  -  Run Remote Usage
		Usr 0 00:00:00, Sys 0 00:00:00  -  Run Local Usage
		Usr 0 03:19:31, Sys 0 00:00:00  -  Total Remote Usage
		Usr 0 00:00:00, Sys 0 00:00:00  -  Total Local Usage
	0  -  Run Bytes Sent By Job
	0  -  Run Bytes Received By Job
	0  -  Total Bytes Sent By Job
	0  -  Total Bytes Received By Job
	Partitionable Resources :    Usage  Request Allocated
	   Cpus                 :                 1         1
	   Disk (KB)            :      175      175  12112297
	   Memory (MB)          :      113        1      2012
...
