000 (370.020.000) 12/07 16:02:23 Job submitted from host: <128.104.190.61:58455?addrs=128.104.190.61-58455>
...
001 (370.020.000) 12/07 16:02:25 Job executing on host: <128.104.190.16:14003?addrs=128.104.190.16-14003>
...
006 (370.020.000) 12/07 16:02:33 Image size of job updated: 71760
	14  -  MemoryUsage of job (MB)
	13884  -  ResidentSetSize of job (KB)
...
006 (370.020.000) 12/07 16:07:33 Image size of job updated: 2245588
	90  -  MemoryUsage of job (MB)
	91904  -  ResidentSetSize of job (KB)
...
006 (370.020.000) 12/07 16:12:34 Image size of job updated: 2245744
	91  -  MemoryUsage of job (MB)
	92240  -  ResidentSetSize of job (KB)
...
006 (370.020.000) 12/07 16:17:35 Image size of job updated: 2258624
	106  -  MemoryUsage of job (MB)
	107572  -  ResidentSetSize of job (KB)
...
006 (370.020.000) 12/07 16:22:35 Image size of job updated: 2258888
	108  -  MemoryUsage of job (MB)
	109884  -  ResidentSetSize of job (KB)
...
006 (370.020.000) 12/07 16:32:36 Image size of job updated: 2259284
	108  -  MemoryUsage of job (MB)
	110408  -  ResidentSetSize of job (KB)
...
006 (370.020.000) 12/07 16:37:37 Image size of job updated: 2260364
	109  -  MemoryUsage of job (MB)
	111584  -  ResidentSetSize of job (KB)
...
006 (370.020.000) 12/07 16:42:37 Image size of job updated: 2260628
	110  -  MemoryUsage of job (MB)
	111932  -  ResidentSetSize of job (KB)
...
006 (370.020.000) 12/07 16:47:38 Image size of job updated: 2260760
	110  -  MemoryUsage of job (MB)
	111972  -  ResidentSetSize of job (KB)
...
006 (370.020.000) 12/07 16:52:39 Image size of job updated: 2260760
	110  -  MemoryUsage of job (MB)
	112008  -  ResidentSetSize of job (KB)
...
006 (370.020.000) 12/07 16:57:39 Image size of job updated: 2260760
	110  -  MemoryUsage of job (MB)
	112012  -  ResidentSetSize of job (KB)
...
006 (370.020.000) 12/07 17:02:39 Image size of job updated: 2260760
	110  -  MemoryUsage of job (MB)
	112024  -  ResidentSetSize of job (KB)
...
006 (370.020.000) 12/07 17:42:44 Image size of job updated: 2260760
	110  -  MemoryUsage of job (MB)
	112040  -  ResidentSetSize of job (KB)
...
006 (370.020.000) 12/07 17:47:44 Image size of job updated: 2260760
	110  -  MemoryUsage of job (MB)
	112056  -  ResidentSetSize of job (KB)
...
006 (370.020.000) 12/07 17:52:44 Image size of job updated: 2260760
	110  -  MemoryUsage of job (MB)
	112060  -  ResidentSetSize of job (KB)
...
006 (370.020.000) 12/07 18:17:48 Image size of job updated: 2260760
	110  -  MemoryUsage of job (MB)
	112068  -  ResidentSetSize of job (KB)
...
006 (370.020.000) 12/07 18:22:48 Image size of job updated: 2260760
	110  -  MemoryUsage of job (MB)
	112072  -  ResidentSetSize of job (KB)
...
006 (370.020.000) 12/07 20:02:58 Image size of job updated: 2260760
	110  -  MemoryUsage of job (MB)
	112076  -  ResidentSetSize of job (KB)
...
005 (370.020.000) 12/07 20:07:48 Job terminated.
	(1) Normal termination (return value 0)
		Usr 0 04:04:58, Sys 0 00:00:01  -  Run Remote Usage
		Usr 0 00:00:00, Sys 0 00:00:00  -  Run Local Usage
		Usr 0 04:04:58, Sys 0 00:00:01  -  Total Remote Usage
		Usr 0 00:00:00, Sys 0 00:00:00  -  Total Local Usage
	0  -  Run Bytes Sent By Job
	0  -  Run Bytes Received By Job
	0  -  Total Bytes Sent By Job
	0  -  Total Bytes Received By Job
	Partitionable Resources :    Usage  Request Allocated
	   Cpus                 :                 1         1
	   Disk (KB)            :      175      175  12112527
	   Memory (MB)          :      110        1      2012
...
