000 (368.017.000) 12/07 15:15:16 Job submitted from host: <128.104.190.61:58455?addrs=128.104.190.61-58455>
...
001 (368.017.000) 12/07 15:15:17 Job executing on host: <128.104.190.42:38951?addrs=128.104.190.42-38951>
...
006 (368.017.000) 12/07 15:15:26 Image size of job updated: 72716
	15  -  MemoryUsage of job (MB)
	15000  -  ResidentSetSize of job (KB)
...
006 (368.017.000) 12/07 15:20:27 Image size of job updated: 2247412
	101  -  MemoryUsage of job (MB)
	102476  -  ResidentSetSize of job (KB)
...
006 (368.017.000) 12/07 15:25:27 Image size of job updated: 2247552
	109  -  MemoryUsage of job (MB)
	110884  -  ResidentSetSize of job (KB)
...
006 (368.017.000) 12/07 15:30:27 Image size of job updated: 2248212
	111  -  MemoryUsage of job (MB)
	113652  -  ResidentSetSize of job (KB)
...
006 (368.017.000) 12/07 15:35:28 Image size of job updated: 2248344
	114  -  MemoryUsage of job (MB)
	115820  -  ResidentSetSize of job (KB)
...
006 (368.017.000) 12/07 15:40:29 Image size of job updated: 2248740
	122  -  MemoryUsage of job (MB)
	124552  -  ResidentSetSize of job (KB)
...
006 (368.017.000) 12/07 15:45:29 Image size of job updated: 2249428
	125  -  MemoryUsage of job (MB)
	127396  -  ResidentSetSize of job (KB)
...
006 (368.017.000) 12/07 15:50:30 Image size of job updated: 2249560
	125  -  MemoryUsage of job (MB)
	127532  -  ResidentSetSize of job (KB)
...
006 (368.017.000) 12/07 15:55:31 Image size of job updated: 2250484
	128  -  MemoryUsage of job (MB)
	130412  -  ResidentSetSize of job (KB)
...
006 (368.017.000) 12/07 16:00:31 Image size of job updated: 2251936
	130  -  MemoryUsage of job (MB)
	132260  -  ResidentSetSize of job (KB)
...
006 (368.017.000) 12/07 16:05:31 Image size of job updated: 2252068
	130  -  MemoryUsage of job (MB)
	132360  -  ResidentSetSize of job (KB)
...
006 (368.017.000) 12/07 16:10:32 Image size of job updated: 2252068
	130  -  MemoryUsage of job (MB)
	132472  -  ResidentSetSize of job (KB)
...
006 (368.017.000) 12/07 16:15:33 Image size of job updated: 2252200
	130  -  MemoryUsage of job (MB)
	132576  -  ResidentSetSize of job (KB)
...
006 (368.017.000) 12/07 16:25:34 Image size of job updated: 2252200
	132  -  MemoryUsage of job (MB)
	134624  -  ResidentSetSize of job (KB)
...
006 (368.017.000) 12/07 16:30:35 Image size of job updated: 2252200
	132  -  MemoryUsage of job (MB)
	134644  -  ResidentSetSize of job (KB)
...
006 (368.017.000) 12/07 16:35:35 Image size of job updated: 2252332
	132  -  MemoryUsage of job (MB)
	134684  -  ResidentSetSize of job (KB)
...
006 (368.017.000) 12/07 17:00:37 Image size of job updated: 2252332
	132  -  MemoryUsage of job (MB)
	134688  -  ResidentSetSize of job (KB)
...
006 (368.017.000) 12/07 18:35:48 Image size of job updated: 2252332
	133  -  MemoryUsage of job (MB)
	135276  -  ResidentSetSize of job (KB)
...
006 (368.017.000) 12/07 19:40:54 Image size of job updated: 2252332
	133  -  MemoryUsage of job (MB)
	135300  -  ResidentSetSize of job (KB)
...
